[1] Puma starting in cluster mode...
[1] * Puma version: 7.2.0 ("On The Corner")
[1] * Ruby version: ruby 4.0.2 (2026-03-17 revision d3da9fec82) +YJIT +MN +PRISM [x86_64-linux]
[1] *  Min threads: 3
[1] *  Max threads: 3
[1] *  Environment: production
[1] *   Master PID: 1
[1] *      Workers: 128
[1] *     Restarts: (✔) hot (✖) phased (✖) refork
[1] * Preloading application
[1] * Listening on http://0.0.0.0:8080
[1] Use Ctrl-C to stop
[1] ! WARNING: Detected `RUBY_MN_THREADS=1`
[1] ! This setting is known to cause performance regressions with Puma.
[1] ! Consider disabling this environment variable: https://github.com/puma/puma/issues/3720
[1] - Worker 0 (PID: 8) booted in 0.34s, phase: 0
[1] - Worker 1 (PID: 12) booted in 0.33s, phase: 0
[1] - Worker 2 (PID: 16) booted in 0.33s, phase: 0
[1] - Worker 3 (PID: 20) booted in 0.33s, phase: 0
[1] - Worker 4 (PID: 24) booted in 0.33s, phase: 0
[1] - Worker 5 (PID: 29) booted in 0.33s, phase: 0
[1] - Worker 6 (PID: 34) booted in 0.32s, phase: 0
[1] - Worker 7 (PID: 39) booted in 0.32s, phase: 0
[1] - Worker 8 (PID: 44) booted in 0.32s, phase: 0
[1] - Worker 9 (PID: 50) booted in 0.32s, phase: 0
[1] - Worker 10 (PID: 56) booted in 0.31s, phase: 0
[1] - Worker 11 (PID: 63) booted in 0.31s, phase: 0
[1] - Worker 12 (PID: 70) booted in 0.31s, phase: 0
[1] - Worker 13 (PID: 76) booted in 0.3s, phase: 0
[1] - Worker 14 (PID: 84) booted in 0.3s, phase: 0
[1] - Worker 15 (PID: 89) booted in 0.3s, phase: 0
[1] - Worker 16 (PID: 95) booted in 0.3s, phase: 0
[1] - Worker 17 (PID: 101) booted in 0.29s, phase: 0
[1] - Worker 18 (PID: 106) booted in 0.29s, phase: 0
[1] - Worker 19 (PID: 112) booted in 0.29s, phase: 0
[1] - Worker 20 (PID: 118) booted in 0.29s, phase: 0
[1] - Worker 21 (PID: 123) booted in 0.29s, phase: 0
[1] - Worker 22 (PID: 128) booted in 0.28s, phase: 0
[1] - Worker 23 (PID: 134) booted in 0.28s, phase: 0
[1] - Worker 24 (PID: 140) booted in 0.28s, phase: 0
[1] - Worker 25 (PID: 146) booted in 0.28s, phase: 0
[1] - Worker 26 (PID: 152) booted in 0.28s, phase: 0
[1] - Worker 27 (PID: 158) booted in 0.27s, phase: 0
[1] - Worker 28 (PID: 164) booted in 0.27s, phase: 0
[1] - Worker 29 (PID: 172) booted in 0.27s, phase: 0
[1] - Worker 30 (PID: 180) booted in 0.26s, phase: 0
[1] - Worker 31 (PID: 185) booted in 0.26s, phase: 0
[1] - Worker 32 (PID: 191) booted in 0.26s, phase: 0
[1] - Worker 33 (PID: 197) booted in 0.26s, phase: 0
[1] - Worker 34 (PID: 201) booted in 0.26s, phase: 0
[1] - Worker 35 (PID: 207) booted in 0.25s, phase: 0
[1] - Worker 36 (PID: 212) booted in 0.25s, phase: 0
[1] - Worker 37 (PID: 219) booted in 0.25s, phase: 0
[1] - Worker 38 (PID: 224) booted in 0.25s, phase: 0
[1] - Worker 39 (PID: 229) booted in 0.24s, phase: 0
[1] - Worker 40 (PID: 235) booted in 0.24s, phase: 0
[1] - Worker 41 (PID: 240) booted in 0.24s, phase: 0
[1] - Worker 42 (PID: 246) booted in 0.24s, phase: 0
[1] - Worker 43 (PID: 252) booted in 0.24s, phase: 0
[1] - Worker 44 (PID: 258) booted in 0.23s, phase: 0
[1] - Worker 45 (PID: 264) booted in 0.23s, phase: 0
[1] - Worker 46 (PID: 270) booted in 0.23s, phase: 0
[1] - Worker 47 (PID: 276) booted in 0.23s, phase: 0
[1] - Worker 48 (PID: 282) booted in 0.22s, phase: 0
[1] - Worker 49 (PID: 288) booted in 0.22s, phase: 0
[1] - Worker 50 (PID: 296) booted in 0.22s, phase: 0
[1] - Worker 51 (PID: 303) booted in 0.22s, phase: 0
[1] - Worker 52 (PID: 309) booted in 0.21s, phase: 0
[1] - Worker 53 (PID: 315) booted in 0.21s, phase: 0
[1] - Worker 54 (PID: 320) booted in 0.21s, phase: 0
[1] - Worker 55 (PID: 326) booted in 0.21s, phase: 0
[1] - Worker 56 (PID: 333) booted in 0.2s, phase: 0
[1] - Worker 57 (PID: 338) booted in 0.2s, phase: 0
[1] - Worker 58 (PID: 344) booted in 0.2s, phase: 0
[1] - Worker 59 (PID: 350) booted in 0.19s, phase: 0
[1] - Worker 60 (PID: 357) booted in 0.19s, phase: 0
[1] - Worker 61 (PID: 363) booted in 0.19s, phase: 0
[1] - Worker 62 (PID: 368) booted in 0.19s, phase: 0
[1] - Worker 63 (PID: 374) booted in 0.19s, phase: 0
[1] - Worker 64 (PID: 380) booted in 0.18s, phase: 0
[1] - Worker 65 (PID: 384) booted in 0.18s, phase: 0
[1] - Worker 66 (PID: 392) booted in 0.18s, phase: 0
[1] - Worker 67 (PID: 398) booted in 0.18s, phase: 0
[1] - Worker 68 (PID: 404) booted in 0.17s, phase: 0
[1] - Worker 69 (PID: 408) booted in 0.17s, phase: 0
[1] - Worker 70 (PID: 415) booted in 0.17s, phase: 0
[1] - Worker 71 (PID: 420) booted in 0.17s, phase: 0
[1] - Worker 72 (PID: 426) booted in 0.16s, phase: 0
[1] - Worker 73 (PID: 432) booted in 0.16s, phase: 0
[1] - Worker 74 (PID: 438) booted in 0.16s, phase: 0
[1] - Worker 75 (PID: 444) booted in 0.16s, phase: 0
[1] - Worker 76 (PID: 450) booted in 0.16s, phase: 0
[1] - Worker 77 (PID: 457) booted in 0.15s, phase: 0
[1] - Worker 78 (PID: 462) booted in 0.15s, phase: 0
[1] - Worker 79 (PID: 469) booted in 0.15s, phase: 0
[1] - Worker 80 (PID: 475) booted in 0.15s, phase: 0
[1] - Worker 81 (PID: 481) booted in 0.14s, phase: 0
[1] - Worker 82 (PID: 486) booted in 0.14s, phase: 0
[1] - Worker 83 (PID: 492) booted in 0.14s, phase: 0
[1] - Worker 84 (PID: 498) booted in 0.14s, phase: 0
[1] - Worker 85 (PID: 504) booted in 0.14s, phase: 0
[1] - Worker 86 (PID: 510) booted in 0.13s, phase: 0
[1] - Worker 87 (PID: 516) booted in 0.13s, phase: 0
[1] - Worker 88 (PID: 522) booted in 0.14s, phase: 0
[1] - Worker 89 (PID: 528) booted in 0.14s, phase: 0
[1] - Worker 90 (PID: 534) booted in 0.13s, phase: 0
[1] - Worker 91 (PID: 540) booted in 0.13s, phase: 0
[1] - Worker 92 (PID: 546) booted in 0.13s, phase: 0
[1] - Worker 93 (PID: 552) booted in 0.13s, phase: 0
[1] - Worker 94 (PID: 558) booted in 0.13s, phase: 0
[1] - Worker 95 (PID: 565) booted in 0.12s, phase: 0
[1] - Worker 96 (PID: 571) booted in 0.12s, phase: 0
[1] - Worker 97 (PID: 577) booted in 0.12s, phase: 0
[1] - Worker 98 (PID: 582) booted in 0.12s, phase: 0
[1] - Worker 99 (PID: 588) booted in 0.11s, phase: 0
[1] - Worker 100 (PID: 595) booted in 0.11s, phase: 0
[1] - Worker 101 (PID: 601) booted in 0.11s, phase: 0
[1] - Worker 102 (PID: 607) booted in 0.11s, phase: 0
[1] - Worker 103 (PID: 613) booted in 0.11s, phase: 0
[1] - Worker 104 (PID: 618) booted in 0.11s, phase: 0
[1] - Worker 105 (PID: 624) booted in 0.1s, phase: 0
[1] - Worker 106 (PID: 631) booted in 0.1s, phase: 0
[1] - Worker 107 (PID: 636) booted in 0.1s, phase: 0
[1] - Worker 108 (PID: 642) booted in 0.1s, phase: 0
[1] - Worker 109 (PID: 649) booted in 0.09s, phase: 0
[1] - Worker 110 (PID: 654) booted in 0.09s, phase: 0
[1] - Worker 111 (PID: 660) booted in 0.09s, phase: 0
[1] - Worker 112 (PID: 666) booted in 0.09s, phase: 0
[1] - Worker 113 (PID: 672) booted in 0.09s, phase: 0
[1] - Worker 114 (PID: 678) booted in 0.08s, phase: 0
[1] - Worker 115 (PID: 685) booted in 0.08s, phase: 0
[1] - Worker 116 (PID: 691) booted in 0.08s, phase: 0
[1] - Worker 117 (PID: 697) booted in 0.08s, phase: 0
[1] - Worker 118 (PID: 703) booted in 0.07s, phase: 0
[1] - Worker 119 (PID: 709) booted in 0.07s, phase: 0
[1] - Worker 120 (PID: 714) booted in 0.07s, phase: 0
[1] - Worker 121 (PID: 721) booted in 0.07s, phase: 0
[1] - Worker 122 (PID: 726) booted in 0.07s, phase: 0
[1] - Worker 123 (PID: 733) booted in 0.06s, phase: 0
[1] - Worker 124 (PID: 739) booted in 0.06s, phase: 0
[1] - Worker 125 (PID: 745) booted in 0.06s, phase: 0
[1] - Worker 126 (PID: 751) booted in 0.06s, phase: 0
[1] - Worker 127 (PID: 757) booted in 0.05s, phase: 0
