[1] Puma starting in cluster mode...
[1] * Puma version: 7.2.0 ("On The Corner")
[1] * Ruby version: ruby 4.0.2 (2026-03-17 revision d3da9fec82) +YJIT +MN +PRISM [x86_64-linux]
[1] *  Min threads: 4
[1] *  Max threads: 4
[1] *  Environment: production
[1] *   Master PID: 1
[1] *      Workers: 128
[1] *     Restarts: (✔) hot (✖) phased (✖) refork
[1] * Preloading application
[1] * Listening on http://0.0.0.0:8080
[1] Use Ctrl-C to stop
[1] ! WARNING: Detected `RUBY_MN_THREADS=1`
[1] ! This setting is known to cause performance regressions with Puma.
[1] ! Consider disabling this environment variable: https://github.com/puma/puma/issues/3720
[1] - Worker 0 (PID: 8) booted in 0.21s, phase: 0
[1] - Worker 1 (PID: 12) booted in 0.21s, phase: 0
[1] - Worker 2 (PID: 16) booted in 0.2s, phase: 0
[1] - Worker 3 (PID: 20) booted in 0.2s, phase: 0
[1] - Worker 4 (PID: 24) booted in 0.2s, phase: 0
[1] - Worker 5 (PID: 28) booted in 0.2s, phase: 0
[1] - Worker 6 (PID: 32) booted in 0.2s, phase: 0
[1] - Worker 7 (PID: 36) booted in 0.2s, phase: 0
[1] - Worker 8 (PID: 41) booted in 0.2s, phase: 0
[1] - Worker 9 (PID: 46) booted in 0.2s, phase: 0
[1] - Worker 10 (PID: 51) booted in 0.19s, phase: 0
[1] - Worker 11 (PID: 56) booted in 0.19s, phase: 0
[1] - Worker 12 (PID: 61) booted in 0.19s, phase: 0
[1] - Worker 13 (PID: 66) booted in 0.19s, phase: 0
[1] - Worker 14 (PID: 76) booted in 0.19s, phase: 0
[1] - Worker 15 (PID: 82) booted in 0.19s, phase: 0
[1] - Worker 16 (PID: 88) booted in 0.19s, phase: 0
[1] - Worker 17 (PID: 94) booted in 0.18s, phase: 0
[1] - Worker 18 (PID: 100) booted in 0.18s, phase: 0
[1] - Worker 19 (PID: 106) booted in 0.18s, phase: 0
[1] - Worker 20 (PID: 111) booted in 0.18s, phase: 0
[1] - Worker 21 (PID: 116) booted in 0.18s, phase: 0
[1] - Worker 22 (PID: 122) booted in 0.18s, phase: 0
[1] - Worker 23 (PID: 128) booted in 0.18s, phase: 0
[1] - Worker 24 (PID: 134) booted in 0.18s, phase: 0
[1] - Worker 25 (PID: 140) booted in 0.18s, phase: 0
[1] - Worker 26 (PID: 145) booted in 0.17s, phase: 0
[1] - Worker 27 (PID: 150) booted in 0.17s, phase: 0
[1] - Worker 28 (PID: 156) booted in 0.17s, phase: 0
[1] - Worker 29 (PID: 165) booted in 0.17s, phase: 0
[1] - Worker 30 (PID: 175) booted in 0.17s, phase: 0
[1] - Worker 31 (PID: 180) booted in 0.17s, phase: 0
[1] - Worker 32 (PID: 186) booted in 0.16s, phase: 0
[1] - Worker 33 (PID: 191) booted in 0.16s, phase: 0
[1] - Worker 34 (PID: 196) booted in 0.16s, phase: 0
[1] - Worker 35 (PID: 201) booted in 0.16s, phase: 0
[1] - Worker 36 (PID: 207) booted in 0.16s, phase: 0
[1] - Worker 37 (PID: 212) booted in 0.16s, phase: 0
[1] - Worker 38 (PID: 217) booted in 0.16s, phase: 0
[1] - Worker 39 (PID: 223) booted in 0.16s, phase: 0
[1] - Worker 40 (PID: 228) booted in 0.15s, phase: 0
[1] - Worker 41 (PID: 233) booted in 0.15s, phase: 0
[1] - Worker 42 (PID: 238) booted in 0.15s, phase: 0
[1] - Worker 43 (PID: 244) booted in 0.15s, phase: 0
[1] - Worker 44 (PID: 250) booted in 0.15s, phase: 0
[1] - Worker 45 (PID: 255) booted in 0.15s, phase: 0
[1] - Worker 46 (PID: 260) booted in 0.15s, phase: 0
[1] - Worker 47 (PID: 268) booted in 0.15s, phase: 0
[1] - Worker 48 (PID: 273) booted in 0.15s, phase: 0
[1] - Worker 49 (PID: 280) booted in 0.14s, phase: 0
[1] - Worker 50 (PID: 285) booted in 0.14s, phase: 0
[1] - Worker 51 (PID: 291) booted in 0.14s, phase: 0
[1] - Worker 52 (PID: 297) booted in 0.14s, phase: 0
[1] - Worker 53 (PID: 303) booted in 0.14s, phase: 0
[1] - Worker 54 (PID: 309) booted in 0.14s, phase: 0
[1] - Worker 55 (PID: 314) booted in 0.14s, phase: 0
[1] - Worker 56 (PID: 321) booted in 0.14s, phase: 0
[1] - Worker 57 (PID: 326) booted in 0.13s, phase: 0
[1] - Worker 58 (PID: 332) booted in 0.13s, phase: 0
[1] - Worker 59 (PID: 338) booted in 0.13s, phase: 0
[1] - Worker 60 (PID: 344) booted in 0.13s, phase: 0
[1] - Worker 61 (PID: 350) booted in 0.13s, phase: 0
[1] - Worker 62 (PID: 356) booted in 0.13s, phase: 0
[1] - Worker 63 (PID: 363) booted in 0.13s, phase: 0
[1] - Worker 64 (PID: 370) booted in 0.12s, phase: 0
[1] - Worker 65 (PID: 376) booted in 0.12s, phase: 0
[1] - Worker 66 (PID: 381) booted in 0.12s, phase: 0
[1] - Worker 67 (PID: 388) booted in 0.12s, phase: 0
[1] - Worker 68 (PID: 394) booted in 0.12s, phase: 0
[1] - Worker 69 (PID: 399) booted in 0.12s, phase: 0
[1] - Worker 70 (PID: 405) booted in 0.12s, phase: 0
[1] - Worker 71 (PID: 411) booted in 0.12s, phase: 0
[1] - Worker 72 (PID: 417) booted in 0.11s, phase: 0
[1] - Worker 73 (PID: 423) booted in 0.11s, phase: 0
[1] - Worker 74 (PID: 429) booted in 0.11s, phase: 0
[1] - Worker 75 (PID: 435) booted in 0.11s, phase: 0
[1] - Worker 76 (PID: 441) booted in 0.11s, phase: 0
[1] - Worker 77 (PID: 447) booted in 0.11s, phase: 0
[1] - Worker 78 (PID: 452) booted in 0.11s, phase: 0
[1] - Worker 79 (PID: 459) booted in 0.11s, phase: 0
[1] - Worker 80 (PID: 465) booted in 0.1s, phase: 0
[1] - Worker 81 (PID: 471) booted in 0.1s, phase: 0
[1] - Worker 82 (PID: 477) booted in 0.1s, phase: 0
[1] - Worker 83 (PID: 483) booted in 0.1s, phase: 0
[1] - Worker 84 (PID: 488) booted in 0.1s, phase: 0
[1] - Worker 85 (PID: 494) booted in 0.1s, phase: 0
[1] - Worker 86 (PID: 501) booted in 0.1s, phase: 0
[1] - Worker 87 (PID: 506) booted in 0.1s, phase: 0
[1] - Worker 88 (PID: 512) booted in 0.11s, phase: 0
[1] - Worker 89 (PID: 519) booted in 0.1s, phase: 0
[1] - Worker 90 (PID: 525) booted in 0.1s, phase: 0
[1] - Worker 91 (PID: 531) booted in 0.1s, phase: 0
[1] - Worker 92 (PID: 536) booted in 0.1s, phase: 0
[1] - Worker 93 (PID: 542) booted in 0.1s, phase: 0
[1] - Worker 94 (PID: 548) booted in 0.1s, phase: 0
[1] - Worker 95 (PID: 554) booted in 0.1s, phase: 0
[1] - Worker 96 (PID: 561) booted in 0.1s, phase: 0
[1] - Worker 97 (PID: 566) booted in 0.09s, phase: 0
[1] - Worker 98 (PID: 573) booted in 0.09s, phase: 0
[1] - Worker 99 (PID: 579) booted in 0.09s, phase: 0
[1] - Worker 100 (PID: 586) booted in 0.09s, phase: 0
[1] - Worker 101 (PID: 592) booted in 0.09s, phase: 0
[1] - Worker 102 (PID: 598) booted in 0.09s, phase: 0
[1] - Worker 103 (PID: 604) booted in 0.09s, phase: 0
[1] - Worker 104 (PID: 610) booted in 0.08s, phase: 0
[1] - Worker 105 (PID: 616) booted in 0.08s, phase: 0
[1] - Worker 106 (PID: 621) booted in 0.08s, phase: 0
[1] - Worker 107 (PID: 628) booted in 0.08s, phase: 0
[1] - Worker 108 (PID: 634) booted in 0.08s, phase: 0
[1] - Worker 109 (PID: 639) booted in 0.08s, phase: 0
[1] - Worker 110 (PID: 645) booted in 0.08s, phase: 0
[1] - Worker 111 (PID: 652) booted in 0.08s, phase: 0
[1] - Worker 112 (PID: 657) booted in 0.07s, phase: 0
[1] - Worker 113 (PID: 663) booted in 0.07s, phase: 0
[1] - Worker 114 (PID: 670) booted in 0.07s, phase: 0
[1] - Worker 115 (PID: 676) booted in 0.07s, phase: 0
[1] - Worker 116 (PID: 682) booted in 0.07s, phase: 0
[1] - Worker 117 (PID: 688) booted in 0.07s, phase: 0
[1] - Worker 118 (PID: 694) booted in 0.07s, phase: 0
[1] - Worker 119 (PID: 700) booted in 0.07s, phase: 0
[1] - Worker 120 (PID: 706) booted in 0.06s, phase: 0
[1] - Worker 121 (PID: 712) booted in 0.06s, phase: 0
[1] - Worker 122 (PID: 717) booted in 0.06s, phase: 0
[1] - Worker 123 (PID: 724) booted in 0.06s, phase: 0
[1] - Worker 124 (PID: 729) booted in 0.06s, phase: 0
[1] - Worker 125 (PID: 735) booted in 0.06s, phase: 0
[1] - Worker 126 (PID: 742) booted in 0.06s, phase: 0
[1] - Worker 127 (PID: 747) booted in 0.05s, phase: 0
