[1] Puma starting in cluster mode...
[1] * Puma version: 7.2.0 ("On The Corner")
[1] * Ruby version: ruby 4.0.2 (2026-03-17 revision d3da9fec82) +YJIT +MN +PRISM [x86_64-linux]
[1] *  Min threads: 4
[1] *  Max threads: 4
[1] *  Environment: production
[1] *   Master PID: 1
[1] *      Workers: 128
[1] *     Restarts: (✔) hot (✖) phased (✖) refork
[1] * Preloading application
[1] * Listening on http://0.0.0.0:8080
[1] Use Ctrl-C to stop
[1] ! WARNING: Detected `RUBY_MN_THREADS=1`
[1] ! This setting is known to cause performance regressions with Puma.
[1] ! Consider disabling this environment variable: https://github.com/puma/puma/issues/3720
[1] - Worker 0 (PID: 8) booted in 0.21s, phase: 0
[1] - Worker 1 (PID: 12) booted in 0.21s, phase: 0
[1] - Worker 2 (PID: 15) booted in 0.21s, phase: 0
[1] - Worker 3 (PID: 20) booted in 0.21s, phase: 0
[1] - Worker 4 (PID: 24) booted in 0.21s, phase: 0
[1] - Worker 5 (PID: 28) booted in 0.21s, phase: 0
[1] - Worker 6 (PID: 32) booted in 0.21s, phase: 0
[1] - Worker 7 (PID: 36) booted in 0.2s, phase: 0
[1] - Worker 8 (PID: 41) booted in 0.2s, phase: 0
[1] - Worker 9 (PID: 47) booted in 0.2s, phase: 0
[1] - Worker 10 (PID: 51) booted in 0.2s, phase: 0
[1] - Worker 11 (PID: 57) booted in 0.2s, phase: 0
[1] - Worker 12 (PID: 62) booted in 0.2s, phase: 0
[1] - Worker 13 (PID: 67) booted in 0.19s, phase: 0
[1] - Worker 14 (PID: 78) booted in 0.19s, phase: 0
[1] - Worker 15 (PID: 84) booted in 0.19s, phase: 0
[1] - Worker 16 (PID: 90) booted in 0.19s, phase: 0
[1] - Worker 17 (PID: 96) booted in 0.19s, phase: 0
[1] - Worker 18 (PID: 102) booted in 0.19s, phase: 0
[1] - Worker 19 (PID: 106) booted in 0.19s, phase: 0
[1] - Worker 20 (PID: 111) booted in 0.19s, phase: 0
[1] - Worker 21 (PID: 116) booted in 0.19s, phase: 0
[1] - Worker 22 (PID: 122) booted in 0.18s, phase: 0
[1] - Worker 23 (PID: 128) booted in 0.18s, phase: 0
[1] - Worker 24 (PID: 134) booted in 0.18s, phase: 0
[1] - Worker 25 (PID: 140) booted in 0.18s, phase: 0
[1] - Worker 26 (PID: 145) booted in 0.18s, phase: 0
[1] - Worker 27 (PID: 150) booted in 0.18s, phase: 0
[1] - Worker 28 (PID: 157) booted in 0.18s, phase: 0
[1] - Worker 29 (PID: 167) booted in 0.17s, phase: 0
[1] - Worker 30 (PID: 177) booted in 0.17s, phase: 0
[1] - Worker 31 (PID: 182) booted in 0.17s, phase: 0
[1] - Worker 32 (PID: 187) booted in 0.17s, phase: 0
[1] - Worker 33 (PID: 192) booted in 0.17s, phase: 0
[1] - Worker 34 (PID: 197) booted in 0.16s, phase: 0
[1] - Worker 35 (PID: 203) booted in 0.16s, phase: 0
[1] - Worker 36 (PID: 208) booted in 0.16s, phase: 0
[1] - Worker 37 (PID: 213) booted in 0.16s, phase: 0
[1] - Worker 38 (PID: 218) booted in 0.16s, phase: 0
[1] - Worker 39 (PID: 223) booted in 0.16s, phase: 0
[1] - Worker 40 (PID: 228) booted in 0.16s, phase: 0
[1] - Worker 41 (PID: 235) booted in 0.16s, phase: 0
[1] - Worker 42 (PID: 240) booted in 0.15s, phase: 0
[1] - Worker 43 (PID: 247) booted in 0.15s, phase: 0
[1] - Worker 44 (PID: 252) booted in 0.15s, phase: 0
[1] - Worker 45 (PID: 258) booted in 0.15s, phase: 0
[1] - Worker 46 (PID: 265) booted in 0.15s, phase: 0
[1] - Worker 47 (PID: 271) booted in 0.15s, phase: 0
[1] - Worker 48 (PID: 277) booted in 0.14s, phase: 0
[1] - Worker 49 (PID: 283) booted in 0.14s, phase: 0
[1] - Worker 50 (PID: 288) booted in 0.14s, phase: 0
[1] - Worker 51 (PID: 294) booted in 0.14s, phase: 0
[1] - Worker 52 (PID: 300) booted in 0.14s, phase: 0
[1] - Worker 53 (PID: 305) booted in 0.14s, phase: 0
[1] - Worker 54 (PID: 311) booted in 0.14s, phase: 0
[1] - Worker 55 (PID: 316) booted in 0.14s, phase: 0
[1] - Worker 56 (PID: 322) booted in 0.13s, phase: 0
[1] - Worker 57 (PID: 327) booted in 0.13s, phase: 0
[1] - Worker 58 (PID: 333) booted in 0.13s, phase: 0
[1] - Worker 59 (PID: 339) booted in 0.13s, phase: 0
[1] - Worker 60 (PID: 345) booted in 0.13s, phase: 0
[1] - Worker 61 (PID: 351) booted in 0.13s, phase: 0
[1] - Worker 62 (PID: 356) booted in 0.13s, phase: 0
[1] - Worker 63 (PID: 362) booted in 0.13s, phase: 0
[1] - Worker 64 (PID: 368) booted in 0.12s, phase: 0
[1] - Worker 65 (PID: 374) booted in 0.12s, phase: 0
[1] - Worker 66 (PID: 380) booted in 0.12s, phase: 0
[1] - Worker 67 (PID: 386) booted in 0.12s, phase: 0
[1] - Worker 68 (PID: 392) booted in 0.12s, phase: 0
[1] - Worker 69 (PID: 398) booted in 0.12s, phase: 0
[1] - Worker 70 (PID: 404) booted in 0.12s, phase: 0
[1] - Worker 71 (PID: 410) booted in 0.12s, phase: 0
[1] - Worker 72 (PID: 416) booted in 0.11s, phase: 0
[1] - Worker 73 (PID: 422) booted in 0.11s, phase: 0
[1] - Worker 74 (PID: 428) booted in 0.11s, phase: 0
[1] - Worker 75 (PID: 434) booted in 0.11s, phase: 0
[1] - Worker 76 (PID: 440) booted in 0.11s, phase: 0
[1] - Worker 77 (PID: 446) booted in 0.11s, phase: 0
[1] - Worker 78 (PID: 452) booted in 0.11s, phase: 0
[1] - Worker 79 (PID: 458) booted in 0.11s, phase: 0
[1] - Worker 80 (PID: 464) booted in 0.1s, phase: 0
[1] - Worker 81 (PID: 470) booted in 0.1s, phase: 0
[1] - Worker 82 (PID: 476) booted in 0.1s, phase: 0
[1] - Worker 83 (PID: 482) booted in 0.1s, phase: 0
[1] - Worker 84 (PID: 488) booted in 0.1s, phase: 0
[1] - Worker 85 (PID: 494) booted in 0.1s, phase: 0
[1] - Worker 86 (PID: 500) booted in 0.1s, phase: 0
[1] - Worker 87 (PID: 506) booted in 0.1s, phase: 0
[1] - Worker 88 (PID: 512) booted in 0.11s, phase: 0
[1] - Worker 89 (PID: 518) booted in 0.1s, phase: 0
[1] - Worker 90 (PID: 524) booted in 0.1s, phase: 0
[1] - Worker 91 (PID: 530) booted in 0.1s, phase: 0
[1] - Worker 92 (PID: 536) booted in 0.1s, phase: 0
[1] - Worker 93 (PID: 542) booted in 0.1s, phase: 0
[1] - Worker 94 (PID: 548) booted in 0.1s, phase: 0
[1] - Worker 95 (PID: 555) booted in 0.1s, phase: 0
[1] - Worker 96 (PID: 560) booted in 0.1s, phase: 0
[1] - Worker 97 (PID: 567) booted in 0.09s, phase: 0
[1] - Worker 98 (PID: 573) booted in 0.09s, phase: 0
[1] - Worker 99 (PID: 578) booted in 0.09s, phase: 0
[1] - Worker 100 (PID: 585) booted in 0.09s, phase: 0
[1] - Worker 101 (PID: 591) booted in 0.09s, phase: 0
[1] - Worker 102 (PID: 597) booted in 0.09s, phase: 0
[1] - Worker 103 (PID: 604) booted in 0.09s, phase: 0
[1] - Worker 104 (PID: 609) booted in 0.09s, phase: 0
[1] - Worker 105 (PID: 615) booted in 0.08s, phase: 0
[1] - Worker 106 (PID: 621) booted in 0.08s, phase: 0
[1] - Worker 107 (PID: 628) booted in 0.08s, phase: 0
[1] - Worker 108 (PID: 632) booted in 0.08s, phase: 0
[1] - Worker 109 (PID: 639) booted in 0.08s, phase: 0
[1] - Worker 110 (PID: 645) booted in 0.08s, phase: 0
[1] - Worker 111 (PID: 651) booted in 0.08s, phase: 0
[1] - Worker 112 (PID: 657) booted in 0.08s, phase: 0
[1] - Worker 113 (PID: 663) booted in 0.07s, phase: 0
[1] - Worker 114 (PID: 669) booted in 0.07s, phase: 0
[1] - Worker 115 (PID: 675) booted in 0.07s, phase: 0
[1] - Worker 116 (PID: 681) booted in 0.07s, phase: 0
[1] - Worker 117 (PID: 687) booted in 0.07s, phase: 0
[1] - Worker 118 (PID: 693) booted in 0.07s, phase: 0
[1] - Worker 119 (PID: 699) booted in 0.07s, phase: 0
[1] - Worker 120 (PID: 705) booted in 0.06s, phase: 0
[1] - Worker 121 (PID: 711) booted in 0.06s, phase: 0
[1] - Worker 122 (PID: 717) booted in 0.06s, phase: 0
[1] - Worker 123 (PID: 722) booted in 0.06s, phase: 0
[1] - Worker 124 (PID: 729) booted in 0.06s, phase: 0
[1] - Worker 125 (PID: 735) booted in 0.06s, phase: 0
[1] - Worker 126 (PID: 741) booted in 0.06s, phase: 0
[1] - Worker 127 (PID: 747) booted in 0.06s, phase: 0
