[1] Puma starting in cluster mode...
[1] * Puma version: 6.6.1 ("Return to Forever")
[1] * Ruby version: ruby 3.4.9 (2026-03-11 revision 76cca827ab) +YJIT +PRISM [x86_64-linux]
[1] *  Min threads: 4
[1] *  Max threads: 4
[1] *  Environment: production
[1] *   Master PID: 1
[1] *      Workers: 128
[1] *     Restarts: (✔) hot (✖) phased (✖) refork
[1] * Preloading application
[1] * Listening on http://0.0.0.0:8080
[1] Use Ctrl-C to stop
[1] - Worker 0 (PID: 8) booted in 0.2s, phase: 0
[1] - Worker 1 (PID: 11) booted in 0.2s, phase: 0
[1] - Worker 2 (PID: 18) booted in 0.2s, phase: 0
[1] - Worker 3 (PID: 27) booted in 0.2s, phase: 0
[1] - Worker 4 (PID: 41) booted in 0.2s, phase: 0
[1] - Worker 5 (PID: 51) booted in 0.2s, phase: 0
[1] - Worker 6 (PID: 62) booted in 0.2s, phase: 0
[1] - Worker 7 (PID: 73) booted in 0.2s, phase: 0
[1] - Worker 8 (PID: 85) booted in 0.2s, phase: 0
[1] - Worker 9 (PID: 98) booted in 0.19s, phase: 0
[1] - Worker 10 (PID: 111) booted in 0.19s, phase: 0
[1] - Worker 11 (PID: 122) booted in 0.19s, phase: 0
[1] - Worker 12 (PID: 133) booted in 0.19s, phase: 0
[1] - Worker 13 (PID: 147) booted in 0.19s, phase: 0
[1] - Worker 14 (PID: 170) booted in 0.19s, phase: 0
[1] - Worker 15 (PID: 175) booted in 0.18s, phase: 0
[1] - Worker 16 (PID: 186) booted in 0.18s, phase: 0
[1] - Worker 17 (PID: 195) booted in 0.18s, phase: 0
[1] - Worker 18 (PID: 205) booted in 0.18s, phase: 0
[1] - Worker 19 (PID: 219) booted in 0.18s, phase: 0
[1] - Worker 20 (PID: 231) booted in 0.18s, phase: 0
[1] - Worker 21 (PID: 241) booted in 0.18s, phase: 0
[1] - Worker 22 (PID: 251) booted in 0.18s, phase: 0
[1] - Worker 23 (PID: 264) booted in 0.18s, phase: 0
[1] - Worker 24 (PID: 273) booted in 0.18s, phase: 0
[1] - Worker 25 (PID: 284) booted in 0.17s, phase: 0
[1] - Worker 26 (PID: 298) booted in 0.17s, phase: 0
[1] - Worker 27 (PID: 311) booted in 0.17s, phase: 0
[1] - Worker 28 (PID: 323) booted in 0.17s, phase: 0
[1] - Worker 29 (PID: 344) booted in 0.17s, phase: 0
[1] - Worker 30 (PID: 361) booted in 0.17s, phase: 0
[1] - Worker 31 (PID: 367) booted in 0.17s, phase: 0
[1] - Worker 32 (PID: 371) booted in 0.17s, phase: 0
[1] - Worker 33 (PID: 383) booted in 0.16s, phase: 0
[1] - Worker 34 (PID: 391) booted in 0.16s, phase: 0
[1] - Worker 35 (PID: 399) booted in 0.16s, phase: 0
[1] - Worker 36 (PID: 411) booted in 0.16s, phase: 0
[1] - Worker 37 (PID: 421) booted in 0.16s, phase: 0
[1] - Worker 38 (PID: 435) booted in 0.16s, phase: 0
[1] - Worker 39 (PID: 447) booted in 0.16s, phase: 0
[1] - Worker 40 (PID: 459) booted in 0.16s, phase: 0
[1] - Worker 41 (PID: 470) booted in 0.15s, phase: 0
[1] - Worker 42 (PID: 479) booted in 0.15s, phase: 0
[1] - Worker 43 (PID: 491) booted in 0.15s, phase: 0
[1] - Worker 44 (PID: 501) booted in 0.15s, phase: 0
[1] - Worker 45 (PID: 515) booted in 0.15s, phase: 0
[1] - Worker 46 (PID: 526) booted in 0.15s, phase: 0
[1] - Worker 47 (PID: 537) booted in 0.15s, phase: 0
[1] - Worker 48 (PID: 550) booted in 0.15s, phase: 0
[1] - Worker 49 (PID: 562) booted in 0.14s, phase: 0
[1] - Worker 50 (PID: 571) booted in 0.14s, phase: 0
[1] - Worker 51 (PID: 584) booted in 0.14s, phase: 0
[1] - Worker 52 (PID: 613) booted in 0.14s, phase: 0
[1] - Worker 53 (PID: 631) booted in 0.14s, phase: 0
[1] - Worker 54 (PID: 637) booted in 0.14s, phase: 0
[1] - Worker 55 (PID: 647) booted in 0.13s, phase: 0
[1] - Worker 56 (PID: 658) booted in 0.13s, phase: 0
[1] - Worker 57 (PID: 666) booted in 0.13s, phase: 0
[1] - Worker 58 (PID: 679) booted in 0.13s, phase: 0
[1] - Worker 59 (PID: 693) booted in 0.13s, phase: 0
[1] - Worker 60 (PID: 703) booted in 0.13s, phase: 0
[1] - Worker 61 (PID: 714) booted in 0.13s, phase: 0
[1] - Worker 62 (PID: 727) booted in 0.13s, phase: 0
[1] - Worker 63 (PID: 739) booted in 0.12s, phase: 0
[1] - Worker 64 (PID: 751) booted in 0.12s, phase: 0
[1] - Worker 65 (PID: 764) booted in 0.12s, phase: 0
[1] - Worker 66 (PID: 774) booted in 0.12s, phase: 0
[1] - Worker 67 (PID: 787) booted in 0.12s, phase: 0
[1] - Worker 68 (PID: 799) booted in 0.12s, phase: 0
[1] - Worker 69 (PID: 815) booted in 0.12s, phase: 0
[1] - Worker 70 (PID: 825) booted in 0.12s, phase: 0
[1] - Worker 71 (PID: 835) booted in 0.12s, phase: 0
[1] - Worker 72 (PID: 856) booted in 0.11s, phase: 0
[1] - Worker 73 (PID: 868) booted in 0.11s, phase: 0
[1] - Worker 74 (PID: 881) booted in 0.11s, phase: 0
[1] - Worker 75 (PID: 895) booted in 0.11s, phase: 0
[1] - Worker 76 (PID: 907) booted in 0.11s, phase: 0
[1] - Worker 77 (PID: 910) booted in 0.11s, phase: 0
[1] - Worker 78 (PID: 923) booted in 0.1s, phase: 0
[1] - Worker 79 (PID: 931) booted in 0.1s, phase: 0
[1] - Worker 80 (PID: 944) booted in 0.1s, phase: 0
[1] - Worker 81 (PID: 955) booted in 0.1s, phase: 0
[1] - Worker 82 (PID: 970) booted in 0.1s, phase: 0
[1] - Worker 83 (PID: 980) booted in 0.1s, phase: 0
[1] - Worker 84 (PID: 994) booted in 0.1s, phase: 0
[1] - Worker 85 (PID: 1005) booted in 0.1s, phase: 0
[1] - Worker 86 (PID: 1018) booted in 0.09s, phase: 0
[1] - Worker 87 (PID: 1031) booted in 0.09s, phase: 0
[1] - Worker 88 (PID: 1043) booted in 0.09s, phase: 0
[1] - Worker 89 (PID: 1054) booted in 0.09s, phase: 0
[1] - Worker 90 (PID: 1064) booted in 0.09s, phase: 0
[1] - Worker 91 (PID: 1079) booted in 0.09s, phase: 0
[1] - Worker 92 (PID: 1091) booted in 0.09s, phase: 0
[1] - Worker 93 (PID: 1101) booted in 0.09s, phase: 0
[1] - Worker 94 (PID: 1113) booted in 0.08s, phase: 0
[1] - Worker 95 (PID: 1126) booted in 0.08s, phase: 0
[1] - Worker 96 (PID: 1138) booted in 0.08s, phase: 0
[1] - Worker 97 (PID: 1150) booted in 0.08s, phase: 0
[1] - Worker 98 (PID: 1159) booted in 0.08s, phase: 0
[1] - Worker 99 (PID: 1174) booted in 0.08s, phase: 0
[1] - Worker 100 (PID: 1183) booted in 0.08s, phase: 0
[1] - Worker 101 (PID: 1199) booted in 0.08s, phase: 0
[1] - Worker 102 (PID: 1208) booted in 0.08s, phase: 0
[1] - Worker 103 (PID: 1222) booted in 0.07s, phase: 0
[1] - Worker 104 (PID: 1235) booted in 0.07s, phase: 0
[1] - Worker 105 (PID: 1247) booted in 0.07s, phase: 0
[1] - Worker 106 (PID: 1259) booted in 0.07s, phase: 0
[1] - Worker 107 (PID: 1271) booted in 0.07s, phase: 0
[1] - Worker 108 (PID: 1283) booted in 0.07s, phase: 0
[1] - Worker 109 (PID: 1295) booted in 0.07s, phase: 0
[1] - Worker 110 (PID: 1307) booted in 0.07s, phase: 0
[1] - Worker 111 (PID: 1319) booted in 0.06s, phase: 0
[1] - Worker 112 (PID: 1330) booted in 0.06s, phase: 0
[1] - Worker 113 (PID: 1342) booted in 0.06s, phase: 0
[1] - Worker 114 (PID: 1355) booted in 0.06s, phase: 0
[1] - Worker 115 (PID: 1367) booted in 0.06s, phase: 0
[1] - Worker 116 (PID: 1378) booted in 0.06s, phase: 0
[1] - Worker 117 (PID: 1391) booted in 0.06s, phase: 0
[1] - Worker 118 (PID: 1400) booted in 0.06s, phase: 0
[1] - Worker 119 (PID: 1415) booted in 0.05s, phase: 0
[1] - Worker 120 (PID: 1427) booted in 0.05s, phase: 0
[1] - Worker 121 (PID: 1439) booted in 0.05s, phase: 0
[1] - Worker 122 (PID: 1451) booted in 0.05s, phase: 0
[1] - Worker 123 (PID: 1463) booted in 0.05s, phase: 0
[1] - Worker 124 (PID: 1475) booted in 0.05s, phase: 0
[1] - Worker 125 (PID: 1485) booted in 0.05s, phase: 0
[1] - Worker 126 (PID: 1499) booted in 0.05s, phase: 0
[1] - Worker 127 (PID: 1509) booted in 0.04s, phase: 0
