{"time":"2026-04-20T13:06:39.148880197Z","level":"INFO","msg":"Server started","http":":80"}
=> Booting Puma
=> Rails 8.1.3 application starting in production 
=> Run `bin/rails server --help` for more startup options
[14] Puma starting in cluster mode...
[14] * Puma version: 7.2.0 ("On The Corner")
[14] * Ruby version: ruby 4.0.2 (2026-03-17 revision d3da9fec82) +YJIT +MN +PRISM [x86_64-linux]
[14] *  Min threads: 3
[14] *  Max threads: 3
[14] *  Environment: production
[14] *   Master PID: 14
[14] *      Workers: 64
[14] *     Restarts: (✔) hot (✖) phased (✖) refork
[14] * Preloading application
[14] * Listening on http://0.0.0.0:8080
[14] Use Ctrl-C to stop
[14] ! WARNING: Detected `RUBY_MN_THREADS=1`
[14] ! This setting is known to cause performance regressions with Puma.
[14] ! Consider disabling this environment variable: https://github.com/puma/puma/issues/3720
[14] - Worker 0 (PID: 18) booted in 0.14s, phase: 0
[14] - Worker 1 (PID: 22) booted in 0.13s, phase: 0
[14] - Worker 2 (PID: 26) booted in 0.13s, phase: 0
[14] - Worker 3 (PID: 30) booted in 0.13s, phase: 0
[14] - Worker 4 (PID: 34) booted in 0.13s, phase: 0
[14] - Worker 5 (PID: 38) booted in 0.13s, phase: 0
[14] - Worker 6 (PID: 43) booted in 0.12s, phase: 0
[14] - Worker 7 (PID: 48) booted in 0.12s, phase: 0
[14] - Worker 8 (PID: 53) booted in 0.12s, phase: 0
[14] - Worker 9 (PID: 58) booted in 0.12s, phase: 0
[14] - Worker 10 (PID: 63) booted in 0.12s, phase: 0
[14] - Worker 11 (PID: 69) booted in 0.12s, phase: 0
[14] - Worker 12 (PID: 75) booted in 0.11s, phase: 0
[14] - Worker 13 (PID: 81) booted in 0.11s, phase: 0
[14] - Worker 14 (PID: 89) booted in 0.11s, phase: 0
[14] - Worker 15 (PID: 95) booted in 0.11s, phase: 0
[14] - Worker 16 (PID: 101) booted in 0.11s, phase: 0
[14] - Worker 17 (PID: 107) booted in 0.1s, phase: 0
[14] - Worker 18 (PID: 113) booted in 0.1s, phase: 0
[14] - Worker 19 (PID: 118) booted in 0.1s, phase: 0
[14] - Worker 20 (PID: 124) booted in 0.1s, phase: 0
[14] - Worker 21 (PID: 130) booted in 0.1s, phase: 0
[14] - Worker 22 (PID: 136) booted in 0.1s, phase: 0
[14] - Worker 23 (PID: 142) booted in 0.09s, phase: 0
[14] - Worker 24 (PID: 147) booted in 0.09s, phase: 0
[14] - Worker 25 (PID: 153) booted in 0.09s, phase: 0
[14] - Worker 26 (PID: 159) booted in 0.09s, phase: 0
[14] - Worker 27 (PID: 165) booted in 0.09s, phase: 0
[14] - Worker 28 (PID: 171) booted in 0.09s, phase: 0
[14] - Worker 29 (PID: 179) booted in 0.08s, phase: 0
[14] - Worker 30 (PID: 187) booted in 0.08s, phase: 0
[14] - Worker 31 (PID: 193) booted in 0.08s, phase: 0
[14] - Worker 32 (PID: 199) booted in 0.08s, phase: 0
[14] - Worker 33 (PID: 204) booted in 0.07s, phase: 0
[14] - Worker 34 (PID: 210) booted in 0.07s, phase: 0
[14] - Worker 35 (PID: 215) booted in 0.07s, phase: 0
[14] - Worker 36 (PID: 221) booted in 0.07s, phase: 0
[14] - Worker 37 (PID: 227) booted in 0.07s, phase: 0
[14] - Worker 38 (PID: 232) booted in 0.07s, phase: 0
[14] - Worker 39 (PID: 238) booted in 0.06s, phase: 0
[14] - Worker 40 (PID: 243) booted in 0.06s, phase: 0
[14] - Worker 41 (PID: 248) booted in 0.06s, phase: 0
[14] - Worker 42 (PID: 254) booted in 0.06s, phase: 0
[14] - Worker 43 (PID: 260) booted in 0.06s, phase: 0
[14] - Worker 44 (PID: 266) booted in 0.06s, phase: 0
[14] - Worker 45 (PID: 272) booted in 0.05s, phase: 0
[14] - Worker 46 (PID: 278) booted in 0.05s, phase: 0
[14] - Worker 47 (PID: 284) booted in 0.05s, phase: 0
[14] - Worker 48 (PID: 290) booted in 0.05s, phase: 0
[14] - Worker 49 (PID: 296) booted in 0.05s, phase: 0
[14] - Worker 50 (PID: 302) booted in 0.04s, phase: 0
[14] - Worker 51 (PID: 307) booted in 0.04s, phase: 0
[14] - Worker 52 (PID: 313) booted in 0.04s, phase: 0
[14] - Worker 53 (PID: 319) booted in 0.04s, phase: 0
[14] - Worker 54 (PID: 326) booted in 0.04s, phase: 0
[14] - Worker 55 (PID: 331) booted in 0.04s, phase: 0
[14] - Worker 56 (PID: 338) booted in 0.03s, phase: 0
[14] - Worker 57 (PID: 344) booted in 0.03s, phase: 0
[14] - Worker 58 (PID: 350) booted in 0.03s, phase: 0
[14] - Worker 59 (PID: 356) booted in 0.03s, phase: 0
[14] - Worker 60 (PID: 362) booted in 0.03s, phase: 0
[14] - Worker 61 (PID: 369) booted in 0.02s, phase: 0
[14] - Worker 62 (PID: 375) booted in 0.02s, phase: 0
[14] - Worker 63 (PID: 381) booted in 0.02s, phase: 0
