[1] Puma starting in cluster mode...
[1] * Puma version: 7.2.0 ("On The Corner")
[1] * Ruby version: ruby 4.0.2 (2026-03-17 revision d3da9fec82) +YJIT +MN +PRISM [x86_64-linux]
[1] *  Min threads: 4
[1] *  Max threads: 4
[1] *  Environment: production
[1] *   Master PID: 1
[1] *      Workers: 128
[1] *     Restarts: (✔) hot (✖) phased (✖) refork
[1] * Preloading application
[1] * Listening on http://0.0.0.0:8080
[1] Use Ctrl-C to stop
[1] ! WARNING: Detected `RUBY_MN_THREADS=1`
[1] ! This setting is known to cause performance regressions with Puma.
[1] ! Consider disabling this environment variable: https://github.com/puma/puma/issues/3720
[1] - Worker 0 (PID: 8) booted in 0.21s, phase: 0
[1] - Worker 1 (PID: 12) booted in 0.21s, phase: 0
[1] - Worker 2 (PID: 15) booted in 0.2s, phase: 0
[1] - Worker 3 (PID: 20) booted in 0.2s, phase: 0
[1] - Worker 4 (PID: 24) booted in 0.2s, phase: 0
[1] - Worker 5 (PID: 28) booted in 0.2s, phase: 0
[1] - Worker 6 (PID: 32) booted in 0.2s, phase: 0
[1] - Worker 7 (PID: 36) booted in 0.2s, phase: 0
[1] - Worker 8 (PID: 41) booted in 0.2s, phase: 0
[1] - Worker 9 (PID: 46) booted in 0.2s, phase: 0
[1] - Worker 10 (PID: 51) booted in 0.19s, phase: 0
[1] - Worker 11 (PID: 56) booted in 0.19s, phase: 0
[1] - Worker 12 (PID: 61) booted in 0.19s, phase: 0
[1] - Worker 13 (PID: 66) booted in 0.19s, phase: 0
[1] - Worker 14 (PID: 76) booted in 0.19s, phase: 0
[1] - Worker 15 (PID: 82) booted in 0.19s, phase: 0
[1] - Worker 16 (PID: 88) booted in 0.19s, phase: 0
[1] - Worker 17 (PID: 93) booted in 0.18s, phase: 0
[1] - Worker 18 (PID: 99) booted in 0.18s, phase: 0
[1] - Worker 19 (PID: 106) booted in 0.18s, phase: 0
[1] - Worker 20 (PID: 110) booted in 0.18s, phase: 0
[1] - Worker 21 (PID: 115) booted in 0.18s, phase: 0
[1] - Worker 22 (PID: 121) booted in 0.18s, phase: 0
[1] - Worker 23 (PID: 127) booted in 0.18s, phase: 0
[1] - Worker 24 (PID: 133) booted in 0.18s, phase: 0
[1] - Worker 25 (PID: 139) booted in 0.18s, phase: 0
[1] - Worker 26 (PID: 145) booted in 0.17s, phase: 0
[1] - Worker 27 (PID: 150) booted in 0.17s, phase: 0
[1] - Worker 28 (PID: 155) booted in 0.17s, phase: 0
[1] - Worker 29 (PID: 163) booted in 0.17s, phase: 0
[1] - Worker 30 (PID: 175) booted in 0.17s, phase: 0
[1] - Worker 31 (PID: 180) booted in 0.17s, phase: 0
[1] - Worker 32 (PID: 185) booted in 0.17s, phase: 0
[1] - Worker 33 (PID: 191) booted in 0.16s, phase: 0
[1] - Worker 34 (PID: 195) booted in 0.16s, phase: 0
[1] - Worker 35 (PID: 201) booted in 0.16s, phase: 0
[1] - Worker 36 (PID: 206) booted in 0.16s, phase: 0
[1] - Worker 37 (PID: 211) booted in 0.16s, phase: 0
[1] - Worker 38 (PID: 216) booted in 0.16s, phase: 0
[1] - Worker 39 (PID: 222) booted in 0.16s, phase: 0
[1] - Worker 40 (PID: 228) booted in 0.16s, phase: 0
[1] - Worker 41 (PID: 233) booted in 0.16s, phase: 0
[1] - Worker 42 (PID: 238) booted in 0.15s, phase: 0
[1] - Worker 43 (PID: 244) booted in 0.15s, phase: 0
[1] - Worker 44 (PID: 249) booted in 0.15s, phase: 0
[1] - Worker 45 (PID: 254) booted in 0.15s, phase: 0
[1] - Worker 46 (PID: 260) booted in 0.15s, phase: 0
[1] - Worker 47 (PID: 266) booted in 0.15s, phase: 0
[1] - Worker 48 (PID: 272) booted in 0.15s, phase: 0
[1] - Worker 49 (PID: 278) booted in 0.14s, phase: 0
[1] - Worker 50 (PID: 284) booted in 0.14s, phase: 0
[1] - Worker 51 (PID: 290) booted in 0.14s, phase: 0
[1] - Worker 52 (PID: 297) booted in 0.14s, phase: 0
[1] - Worker 53 (PID: 302) booted in 0.14s, phase: 0
[1] - Worker 54 (PID: 308) booted in 0.14s, phase: 0
[1] - Worker 55 (PID: 315) booted in 0.14s, phase: 0
[1] - Worker 56 (PID: 320) booted in 0.14s, phase: 0
[1] - Worker 57 (PID: 326) booted in 0.13s, phase: 0
[1] - Worker 58 (PID: 332) booted in 0.13s, phase: 0
[1] - Worker 59 (PID: 339) booted in 0.13s, phase: 0
[1] - Worker 60 (PID: 345) booted in 0.13s, phase: 0
[1] - Worker 61 (PID: 351) booted in 0.13s, phase: 0
[1] - Worker 62 (PID: 356) booted in 0.13s, phase: 0
[1] - Worker 63 (PID: 363) booted in 0.13s, phase: 0
[1] - Worker 64 (PID: 368) booted in 0.13s, phase: 0
[1] - Worker 65 (PID: 374) booted in 0.12s, phase: 0
[1] - Worker 66 (PID: 380) booted in 0.12s, phase: 0
[1] - Worker 67 (PID: 386) booted in 0.12s, phase: 0
[1] - Worker 68 (PID: 392) booted in 0.12s, phase: 0
[1] - Worker 69 (PID: 398) booted in 0.12s, phase: 0
[1] - Worker 70 (PID: 404) booted in 0.12s, phase: 0
[1] - Worker 71 (PID: 411) booted in 0.12s, phase: 0
[1] - Worker 72 (PID: 417) booted in 0.12s, phase: 0
[1] - Worker 73 (PID: 423) booted in 0.11s, phase: 0
[1] - Worker 74 (PID: 428) booted in 0.11s, phase: 0
[1] - Worker 75 (PID: 435) booted in 0.11s, phase: 0
[1] - Worker 76 (PID: 440) booted in 0.11s, phase: 0
[1] - Worker 77 (PID: 446) booted in 0.11s, phase: 0
[1] - Worker 78 (PID: 452) booted in 0.11s, phase: 0
[1] - Worker 79 (PID: 458) booted in 0.11s, phase: 0
[1] - Worker 80 (PID: 464) booted in 0.11s, phase: 0
[1] - Worker 81 (PID: 471) booted in 0.1s, phase: 0
[1] - Worker 82 (PID: 477) booted in 0.1s, phase: 0
[1] - Worker 83 (PID: 483) booted in 0.1s, phase: 0
[1] - Worker 84 (PID: 488) booted in 0.1s, phase: 0
[1] - Worker 85 (PID: 494) booted in 0.1s, phase: 0
[1] - Worker 86 (PID: 500) booted in 0.1s, phase: 0
[1] - Worker 87 (PID: 506) booted in 0.1s, phase: 0
[1] - Worker 88 (PID: 512) booted in 0.11s, phase: 0
[1] - Worker 89 (PID: 519) booted in 0.11s, phase: 0
[1] - Worker 90 (PID: 525) booted in 0.11s, phase: 0
[1] - Worker 91 (PID: 530) booted in 0.1s, phase: 0
[1] - Worker 92 (PID: 536) booted in 0.1s, phase: 0
[1] - Worker 93 (PID: 543) booted in 0.1s, phase: 0
[1] - Worker 94 (PID: 549) booted in 0.1s, phase: 0
[1] - Worker 95 (PID: 555) booted in 0.1s, phase: 0
[1] - Worker 96 (PID: 560) booted in 0.1s, phase: 0
[1] - Worker 97 (PID: 566) booted in 0.1s, phase: 0
[1] - Worker 98 (PID: 573) booted in 0.1s, phase: 0
[1] - Worker 99 (PID: 579) booted in 0.09s, phase: 0
[1] - Worker 100 (PID: 584) booted in 0.09s, phase: 0
[1] - Worker 101 (PID: 591) booted in 0.09s, phase: 0
[1] - Worker 102 (PID: 597) booted in 0.09s, phase: 0
[1] - Worker 103 (PID: 604) booted in 0.09s, phase: 0
[1] - Worker 104 (PID: 610) booted in 0.09s, phase: 0
[1] - Worker 105 (PID: 615) booted in 0.09s, phase: 0
[1] - Worker 106 (PID: 621) booted in 0.09s, phase: 0
[1] - Worker 107 (PID: 627) booted in 0.08s, phase: 0
[1] - Worker 108 (PID: 633) booted in 0.08s, phase: 0
[1] - Worker 109 (PID: 640) booted in 0.08s, phase: 0
[1] - Worker 110 (PID: 646) booted in 0.08s, phase: 0
[1] - Worker 111 (PID: 652) booted in 0.08s, phase: 0
[1] - Worker 112 (PID: 658) booted in 0.08s, phase: 0
[1] - Worker 113 (PID: 664) booted in 0.08s, phase: 0
[1] - Worker 114 (PID: 670) booted in 0.07s, phase: 0
[1] - Worker 115 (PID: 676) booted in 0.07s, phase: 0
[1] - Worker 116 (PID: 682) booted in 0.07s, phase: 0
[1] - Worker 117 (PID: 689) booted in 0.07s, phase: 0
[1] - Worker 118 (PID: 695) booted in 0.07s, phase: 0
[1] - Worker 119 (PID: 701) booted in 0.07s, phase: 0
[1] - Worker 120 (PID: 707) booted in 0.07s, phase: 0
[1] - Worker 121 (PID: 713) booted in 0.06s, phase: 0
[1] - Worker 122 (PID: 719) booted in 0.06s, phase: 0
[1] - Worker 123 (PID: 725) booted in 0.06s, phase: 0
[1] - Worker 124 (PID: 731) booted in 0.06s, phase: 0
[1] - Worker 125 (PID: 737) booted in 0.06s, phase: 0
[1] - Worker 126 (PID: 742) booted in 0.06s, phase: 0
[1] - Worker 127 (PID: 748) booted in 0.06s, phase: 0
