[1] Puma starting in cluster mode...
[1] * Puma version: 7.2.0 ("On The Corner")
[1] * Ruby version: ruby 4.0.2 (2026-03-17 revision d3da9fec82) +YJIT +MN +PRISM [x86_64-linux]
[1] *  Min threads: 4
[1] *  Max threads: 4
[1] *  Environment: production
[1] *   Master PID: 1
[1] *      Workers: 128
[1] *     Restarts: (✔) hot (✖) phased (✖) refork
[1] * Preloading application
[1] * Listening on http://0.0.0.0:8080
[1] Use Ctrl-C to stop
[1] ! WARNING: Detected `RUBY_MN_THREADS=1`
[1] ! This setting is known to cause performance regressions with Puma.
[1] ! Consider disabling this environment variable: https://github.com/puma/puma/issues/3720
[1] - Worker 0 (PID: 8) booted in 0.21s, phase: 0
[1] - Worker 1 (PID: 12) booted in 0.21s, phase: 0
[1] - Worker 2 (PID: 16) booted in 0.21s, phase: 0
[1] - Worker 3 (PID: 19) booted in 0.21s, phase: 0
[1] - Worker 4 (PID: 24) booted in 0.2s, phase: 0
[1] - Worker 5 (PID: 28) booted in 0.2s, phase: 0
[1] - Worker 6 (PID: 32) booted in 0.2s, phase: 0
[1] - Worker 7 (PID: 35) booted in 0.2s, phase: 0
[1] - Worker 8 (PID: 41) booted in 0.2s, phase: 0
[1] - Worker 9 (PID: 46) booted in 0.2s, phase: 0
[1] - Worker 10 (PID: 51) booted in 0.2s, phase: 0
[1] - Worker 11 (PID: 56) booted in 0.2s, phase: 0
[1] - Worker 12 (PID: 62) booted in 0.19s, phase: 0
[1] - Worker 13 (PID: 67) booted in 0.19s, phase: 0
[1] - Worker 14 (PID: 77) booted in 0.19s, phase: 0
[1] - Worker 15 (PID: 83) booted in 0.19s, phase: 0
[1] - Worker 16 (PID: 89) booted in 0.19s, phase: 0
[1] - Worker 17 (PID: 94) booted in 0.19s, phase: 0
[1] - Worker 18 (PID: 100) booted in 0.19s, phase: 0
[1] - Worker 19 (PID: 107) booted in 0.18s, phase: 0
[1] - Worker 20 (PID: 112) booted in 0.18s, phase: 0
[1] - Worker 21 (PID: 119) booted in 0.18s, phase: 0
[1] - Worker 22 (PID: 124) booted in 0.18s, phase: 0
[1] - Worker 23 (PID: 130) booted in 0.18s, phase: 0
[1] - Worker 24 (PID: 137) booted in 0.18s, phase: 0
[1] - Worker 25 (PID: 141) booted in 0.18s, phase: 0
[1] - Worker 26 (PID: 146) booted in 0.18s, phase: 0
[1] - Worker 27 (PID: 150) booted in 0.17s, phase: 0
[1] - Worker 28 (PID: 157) booted in 0.17s, phase: 0
[1] - Worker 29 (PID: 167) booted in 0.17s, phase: 0
[1] - Worker 30 (PID: 176) booted in 0.17s, phase: 0
[1] - Worker 31 (PID: 180) booted in 0.17s, phase: 0
[1] - Worker 32 (PID: 186) booted in 0.16s, phase: 0
[1] - Worker 33 (PID: 191) booted in 0.16s, phase: 0
[1] - Worker 34 (PID: 196) booted in 0.16s, phase: 0
[1] - Worker 35 (PID: 201) booted in 0.16s, phase: 0
[1] - Worker 36 (PID: 208) booted in 0.16s, phase: 0
[1] - Worker 37 (PID: 212) booted in 0.16s, phase: 0
[1] - Worker 38 (PID: 217) booted in 0.16s, phase: 0
[1] - Worker 39 (PID: 223) booted in 0.16s, phase: 0
[1] - Worker 40 (PID: 228) booted in 0.15s, phase: 0
[1] - Worker 41 (PID: 233) booted in 0.15s, phase: 0
[1] - Worker 42 (PID: 238) booted in 0.15s, phase: 0
[1] - Worker 43 (PID: 244) booted in 0.15s, phase: 0
[1] - Worker 44 (PID: 249) booted in 0.15s, phase: 0
[1] - Worker 45 (PID: 254) booted in 0.15s, phase: 0
[1] - Worker 46 (PID: 260) booted in 0.15s, phase: 0
[1] - Worker 47 (PID: 266) booted in 0.15s, phase: 0
[1] - Worker 48 (PID: 272) booted in 0.14s, phase: 0
[1] - Worker 49 (PID: 278) booted in 0.14s, phase: 0
[1] - Worker 50 (PID: 284) booted in 0.14s, phase: 0
[1] - Worker 51 (PID: 290) booted in 0.14s, phase: 0
[1] - Worker 52 (PID: 296) booted in 0.14s, phase: 0
[1] - Worker 53 (PID: 302) booted in 0.14s, phase: 0
[1] - Worker 54 (PID: 308) booted in 0.14s, phase: 0
[1] - Worker 55 (PID: 314) booted in 0.14s, phase: 0
[1] - Worker 56 (PID: 320) booted in 0.13s, phase: 0
[1] - Worker 57 (PID: 326) booted in 0.13s, phase: 0
[1] - Worker 58 (PID: 332) booted in 0.13s, phase: 0
[1] - Worker 59 (PID: 338) booted in 0.13s, phase: 0
[1] - Worker 60 (PID: 344) booted in 0.13s, phase: 0
[1] - Worker 61 (PID: 350) booted in 0.13s, phase: 0
[1] - Worker 62 (PID: 356) booted in 0.13s, phase: 0
[1] - Worker 63 (PID: 362) booted in 0.13s, phase: 0
[1] - Worker 64 (PID: 368) booted in 0.12s, phase: 0
[1] - Worker 65 (PID: 374) booted in 0.12s, phase: 0
[1] - Worker 66 (PID: 380) booted in 0.12s, phase: 0
[1] - Worker 67 (PID: 386) booted in 0.12s, phase: 0
[1] - Worker 68 (PID: 392) booted in 0.12s, phase: 0
[1] - Worker 69 (PID: 399) booted in 0.12s, phase: 0
[1] - Worker 70 (PID: 404) booted in 0.12s, phase: 0
[1] - Worker 71 (PID: 410) booted in 0.12s, phase: 0
[1] - Worker 72 (PID: 416) booted in 0.11s, phase: 0
[1] - Worker 73 (PID: 422) booted in 0.11s, phase: 0
[1] - Worker 74 (PID: 428) booted in 0.11s, phase: 0
[1] - Worker 75 (PID: 434) booted in 0.11s, phase: 0
[1] - Worker 76 (PID: 440) booted in 0.11s, phase: 0
[1] - Worker 77 (PID: 446) booted in 0.11s, phase: 0
[1] - Worker 78 (PID: 452) booted in 0.11s, phase: 0
[1] - Worker 79 (PID: 458) booted in 0.11s, phase: 0
[1] - Worker 80 (PID: 464) booted in 0.1s, phase: 0
[1] - Worker 81 (PID: 470) booted in 0.1s, phase: 0
[1] - Worker 82 (PID: 476) booted in 0.1s, phase: 0
[1] - Worker 83 (PID: 482) booted in 0.1s, phase: 0
[1] - Worker 84 (PID: 488) booted in 0.1s, phase: 0
[1] - Worker 85 (PID: 496) booted in 0.1s, phase: 0
[1] - Worker 86 (PID: 502) booted in 0.1s, phase: 0
[1] - Worker 87 (PID: 508) booted in 0.09s, phase: 0
[1] - Worker 88 (PID: 514) booted in 0.11s, phase: 0
[1] - Worker 89 (PID: 520) booted in 0.1s, phase: 0
[1] - Worker 90 (PID: 526) booted in 0.1s, phase: 0
[1] - Worker 91 (PID: 532) booted in 0.1s, phase: 0
[1] - Worker 92 (PID: 537) booted in 0.1s, phase: 0
[1] - Worker 93 (PID: 543) booted in 0.1s, phase: 0
[1] - Worker 94 (PID: 549) booted in 0.1s, phase: 0
[1] - Worker 95 (PID: 555) booted in 0.1s, phase: 0
[1] - Worker 96 (PID: 561) booted in 0.1s, phase: 0
[1] - Worker 97 (PID: 567) booted in 0.09s, phase: 0
[1] - Worker 98 (PID: 573) booted in 0.09s, phase: 0
[1] - Worker 99 (PID: 578) booted in 0.09s, phase: 0
[1] - Worker 100 (PID: 585) booted in 0.09s, phase: 0
[1] - Worker 101 (PID: 591) booted in 0.09s, phase: 0
[1] - Worker 102 (PID: 597) booted in 0.09s, phase: 0
[1] - Worker 103 (PID: 602) booted in 0.09s, phase: 0
[1] - Worker 104 (PID: 609) booted in 0.09s, phase: 0
[1] - Worker 105 (PID: 615) booted in 0.08s, phase: 0
[1] - Worker 106 (PID: 621) booted in 0.08s, phase: 0
[1] - Worker 107 (PID: 627) booted in 0.08s, phase: 0
[1] - Worker 108 (PID: 632) booted in 0.08s, phase: 0
[1] - Worker 109 (PID: 639) booted in 0.08s, phase: 0
[1] - Worker 110 (PID: 645) booted in 0.08s, phase: 0
[1] - Worker 111 (PID: 651) booted in 0.08s, phase: 0
[1] - Worker 112 (PID: 657) booted in 0.07s, phase: 0
[1] - Worker 113 (PID: 663) booted in 0.07s, phase: 0
[1] - Worker 114 (PID: 670) booted in 0.07s, phase: 0
[1] - Worker 115 (PID: 675) booted in 0.07s, phase: 0
[1] - Worker 116 (PID: 682) booted in 0.07s, phase: 0
[1] - Worker 117 (PID: 688) booted in 0.07s, phase: 0
[1] - Worker 118 (PID: 694) booted in 0.07s, phase: 0
[1] - Worker 119 (PID: 700) booted in 0.07s, phase: 0
[1] - Worker 120 (PID: 706) booted in 0.06s, phase: 0
[1] - Worker 121 (PID: 712) booted in 0.06s, phase: 0
[1] - Worker 122 (PID: 718) booted in 0.06s, phase: 0
[1] - Worker 123 (PID: 724) booted in 0.06s, phase: 0
[1] - Worker 124 (PID: 729) booted in 0.06s, phase: 0
[1] - Worker 125 (PID: 736) booted in 0.06s, phase: 0
[1] - Worker 126 (PID: 742) booted in 0.06s, phase: 0
[1] - Worker 127 (PID: 747) booted in 0.05s, phase: 0
