[1] Puma starting in cluster mode...
[1] * Puma version: 7.2.0 ("On The Corner")
[1] * Ruby version: ruby 4.0.2 (2026-03-17 revision d3da9fec82) +YJIT +MN +PRISM [x86_64-linux]
[1] *  Min threads: 4
[1] *  Max threads: 4
[1] *  Environment: production
[1] *   Master PID: 1
[1] *      Workers: 64
[1] *     Restarts: (✔) hot (✖) phased (✖) refork
[1] * Preloading application
[1] * Listening on http://0.0.0.0:8080
[1] Use Ctrl-C to stop
[1] ! WARNING: Detected `RUBY_MN_THREADS=1`
[1] ! This setting is known to cause performance regressions with Puma.
[1] ! Consider disabling this environment variable: https://github.com/puma/puma/issues/3720
[1] - Worker 0 (PID: 8) booted in 0.11s, phase: 0
[1] - Worker 1 (PID: 11) booted in 0.11s, phase: 0
[1] - Worker 2 (PID: 14) booted in 0.1s, phase: 0
[1] - Worker 4 (PID: 22) booted in 0.1s, phase: 0
[1] - Worker 3 (PID: 18) booted in 0.1s, phase: 0
[1] - Worker 5 (PID: 26) booted in 0.1s, phase: 0
[1] - Worker 6 (PID: 30) booted in 0.1s, phase: 0
[1] - Worker 7 (PID: 34) booted in 0.1s, phase: 0
[1] - Worker 8 (PID: 39) booted in 0.1s, phase: 0
[1] - Worker 9 (PID: 44) booted in 0.1s, phase: 0
[1] - Worker 10 (PID: 48) booted in 0.1s, phase: 0
[1] - Worker 11 (PID: 53) booted in 0.09s, phase: 0
[1] - Worker 12 (PID: 57) booted in 0.09s, phase: 0
[1] - Worker 13 (PID: 63) booted in 0.09s, phase: 0
[1] - Worker 14 (PID: 73) booted in 0.09s, phase: 0
[1] - Worker 15 (PID: 78) booted in 0.09s, phase: 0
[1] - Worker 16 (PID: 84) booted in 0.09s, phase: 0
[1] - Worker 17 (PID: 88) booted in 0.09s, phase: 0
[1] - Worker 18 (PID: 95) booted in 0.09s, phase: 0
[1] - Worker 19 (PID: 101) booted in 0.1s, phase: 0
[1] - Worker 20 (PID: 106) booted in 0.1s, phase: 0
[1] - Worker 21 (PID: 112) booted in 0.1s, phase: 0
[1] - Worker 22 (PID: 118) booted in 0.09s, phase: 0
[1] - Worker 23 (PID: 124) booted in 0.09s, phase: 0
[1] - Worker 24 (PID: 131) booted in 0.09s, phase: 0
[1] - Worker 25 (PID: 137) booted in 0.09s, phase: 0
[1] - Worker 26 (PID: 142) booted in 0.09s, phase: 0
[1] - Worker 27 (PID: 146) booted in 0.09s, phase: 0
[1] - Worker 28 (PID: 153) booted in 0.09s, phase: 0
[1] - Worker 29 (PID: 162) booted in 0.08s, phase: 0
[1] - Worker 30 (PID: 172) booted in 0.08s, phase: 0
[1] - Worker 31 (PID: 177) booted in 0.08s, phase: 0
[1] - Worker 32 (PID: 182) booted in 0.08s, phase: 0
[1] - Worker 33 (PID: 187) booted in 0.08s, phase: 0
[1] - Worker 34 (PID: 193) booted in 0.08s, phase: 0
[1] - Worker 35 (PID: 198) booted in 0.08s, phase: 0
[1] - Worker 36 (PID: 203) booted in 0.07s, phase: 0
[1] - Worker 37 (PID: 209) booted in 0.07s, phase: 0
[1] - Worker 38 (PID: 213) booted in 0.07s, phase: 0
[1] - Worker 39 (PID: 219) booted in 0.07s, phase: 0
[1] - Worker 40 (PID: 223) booted in 0.07s, phase: 0
[1] - Worker 41 (PID: 231) booted in 0.07s, phase: 0
[1] - Worker 42 (PID: 236) booted in 0.07s, phase: 0
[1] - Worker 43 (PID: 241) booted in 0.07s, phase: 0
[1] - Worker 44 (PID: 247) booted in 0.06s, phase: 0
[1] - Worker 45 (PID: 252) booted in 0.06s, phase: 0
[1] - Worker 46 (PID: 260) booted in 0.06s, phase: 0
[1] - Worker 47 (PID: 266) booted in 0.06s, phase: 0
[1] - Worker 48 (PID: 271) booted in 0.06s, phase: 0
[1] - Worker 49 (PID: 277) booted in 0.06s, phase: 0
[1] - Worker 50 (PID: 283) booted in 0.05s, phase: 0
[1] - Worker 51 (PID: 289) booted in 0.05s, phase: 0
[1] - Worker 52 (PID: 295) booted in 0.05s, phase: 0
[1] - Worker 53 (PID: 300) booted in 0.05s, phase: 0
[1] - Worker 54 (PID: 307) booted in 0.05s, phase: 0
[1] - Worker 55 (PID: 312) booted in 0.05s, phase: 0
[1] - Worker 56 (PID: 318) booted in 0.05s, phase: 0
[1] - Worker 57 (PID: 324) booted in 0.05s, phase: 0
[1] - Worker 58 (PID: 330) booted in 0.04s, phase: 0
[1] - Worker 59 (PID: 335) booted in 0.04s, phase: 0
[1] - Worker 60 (PID: 341) booted in 0.04s, phase: 0
[1] - Worker 61 (PID: 348) booted in 0.04s, phase: 0
[1] - Worker 62 (PID: 353) booted in 0.04s, phase: 0
[1] - Worker 63 (PID: 358) booted in 0.04s, phase: 0
