[1] Puma starting in cluster mode...
[1] * Puma version: 7.2.0 ("On The Corner")
[1] * Ruby version: ruby 4.0.2 (2026-03-17 revision d3da9fec82) +YJIT +MN +PRISM [x86_64-linux]
[1] *  Min threads: 4
[1] *  Max threads: 4
[1] *  Environment: production
[1] *   Master PID: 1
[1] *      Workers: 128
[1] *     Restarts: (✔) hot (✖) phased (✖) refork
[1] * Preloading application
[1] * Listening on http://0.0.0.0:8080
[1] Use Ctrl-C to stop
[1] ! WARNING: Detected `RUBY_MN_THREADS=1`
[1] ! This setting is known to cause performance regressions with Puma.
[1] ! Consider disabling this environment variable: https://github.com/puma/puma/issues/3720
[1] - Worker 0 (PID: 8) booted in 0.21s, phase: 0
[1] - Worker 1 (PID: 12) booted in 0.21s, phase: 0
[1] - Worker 2 (PID: 16) booted in 0.21s, phase: 0
[1] - Worker 3 (PID: 20) booted in 0.2s, phase: 0
[1] - Worker 4 (PID: 24) booted in 0.2s, phase: 0
[1] - Worker 5 (PID: 28) booted in 0.2s, phase: 0
[1] - Worker 6 (PID: 32) booted in 0.2s, phase: 0
[1] - Worker 7 (PID: 36) booted in 0.2s, phase: 0
[1] - Worker 8 (PID: 41) booted in 0.2s, phase: 0
[1] - Worker 9 (PID: 46) booted in 0.2s, phase: 0
[1] - Worker 10 (PID: 51) booted in 0.2s, phase: 0
[1] - Worker 11 (PID: 56) booted in 0.19s, phase: 0
[1] - Worker 12 (PID: 61) booted in 0.19s, phase: 0
[1] - Worker 13 (PID: 66) booted in 0.19s, phase: 0
[1] - Worker 14 (PID: 76) booted in 0.19s, phase: 0
[1] - Worker 15 (PID: 82) booted in 0.19s, phase: 0
[1] - Worker 16 (PID: 88) booted in 0.19s, phase: 0
[1] - Worker 17 (PID: 94) booted in 0.19s, phase: 0
[1] - Worker 18 (PID: 100) booted in 0.18s, phase: 0
[1] - Worker 19 (PID: 106) booted in 0.18s, phase: 0
[1] - Worker 20 (PID: 111) booted in 0.18s, phase: 0
[1] - Worker 21 (PID: 116) booted in 0.18s, phase: 0
[1] - Worker 22 (PID: 121) booted in 0.18s, phase: 0
[1] - Worker 23 (PID: 127) booted in 0.18s, phase: 0
[1] - Worker 24 (PID: 133) booted in 0.18s, phase: 0
[1] - Worker 25 (PID: 139) booted in 0.18s, phase: 0
[1] - Worker 26 (PID: 145) booted in 0.18s, phase: 0
[1] - Worker 27 (PID: 150) booted in 0.17s, phase: 0
[1] - Worker 28 (PID: 155) booted in 0.17s, phase: 0
[1] - Worker 29 (PID: 163) booted in 0.17s, phase: 0
[1] - Worker 30 (PID: 173) booted in 0.17s, phase: 0
[1] - Worker 31 (PID: 178) booted in 0.17s, phase: 0
[1] - Worker 32 (PID: 184) booted in 0.17s, phase: 0
[1] - Worker 33 (PID: 190) booted in 0.17s, phase: 0
[1] - Worker 34 (PID: 195) booted in 0.16s, phase: 0
[1] - Worker 35 (PID: 200) booted in 0.16s, phase: 0
[1] - Worker 36 (PID: 206) booted in 0.16s, phase: 0
[1] - Worker 37 (PID: 211) booted in 0.16s, phase: 0
[1] - Worker 38 (PID: 216) booted in 0.16s, phase: 0
[1] - Worker 39 (PID: 222) booted in 0.16s, phase: 0
[1] - Worker 40 (PID: 228) booted in 0.16s, phase: 0
[1] - Worker 41 (PID: 233) booted in 0.16s, phase: 0
[1] - Worker 42 (PID: 238) booted in 0.15s, phase: 0
[1] - Worker 43 (PID: 244) booted in 0.15s, phase: 0
[1] - Worker 44 (PID: 249) booted in 0.15s, phase: 0
[1] - Worker 45 (PID: 255) booted in 0.15s, phase: 0
[1] - Worker 46 (PID: 261) booted in 0.15s, phase: 0
[1] - Worker 47 (PID: 267) booted in 0.15s, phase: 0
[1] - Worker 48 (PID: 273) booted in 0.15s, phase: 0
[1] - Worker 49 (PID: 280) booted in 0.15s, phase: 0
[1] - Worker 50 (PID: 285) booted in 0.14s, phase: 0
[1] - Worker 51 (PID: 292) booted in 0.14s, phase: 0
[1] - Worker 52 (PID: 300) booted in 0.14s, phase: 0
[1] - Worker 53 (PID: 307) booted in 0.14s, phase: 0
[1] - Worker 54 (PID: 313) booted in 0.14s, phase: 0
[1] - Worker 55 (PID: 318) booted in 0.13s, phase: 0
[1] - Worker 56 (PID: 324) booted in 0.13s, phase: 0
[1] - Worker 57 (PID: 331) booted in 0.13s, phase: 0
[1] - Worker 58 (PID: 336) booted in 0.13s, phase: 0
[1] - Worker 59 (PID: 341) booted in 0.13s, phase: 0
[1] - Worker 60 (PID: 347) booted in 0.13s, phase: 0
[1] - Worker 61 (PID: 352) booted in 0.13s, phase: 0
[1] - Worker 62 (PID: 358) booted in 0.13s, phase: 0
[1] - Worker 63 (PID: 364) booted in 0.12s, phase: 0
[1] - Worker 64 (PID: 370) booted in 0.12s, phase: 0
[1] - Worker 65 (PID: 376) booted in 0.12s, phase: 0
[1] - Worker 66 (PID: 381) booted in 0.12s, phase: 0
[1] - Worker 67 (PID: 387) booted in 0.12s, phase: 0
[1] - Worker 68 (PID: 392) booted in 0.12s, phase: 0
[1] - Worker 69 (PID: 399) booted in 0.12s, phase: 0
[1] - Worker 70 (PID: 404) booted in 0.12s, phase: 0
[1] - Worker 71 (PID: 410) booted in 0.11s, phase: 0
[1] - Worker 72 (PID: 416) booted in 0.11s, phase: 0
[1] - Worker 73 (PID: 422) booted in 0.11s, phase: 0
[1] - Worker 74 (PID: 428) booted in 0.11s, phase: 0
[1] - Worker 75 (PID: 434) booted in 0.11s, phase: 0
[1] - Worker 76 (PID: 440) booted in 0.11s, phase: 0
[1] - Worker 77 (PID: 449) booted in 0.11s, phase: 0
[1] - Worker 78 (PID: 454) booted in 0.1s, phase: 0
[1] - Worker 79 (PID: 460) booted in 0.1s, phase: 0
[1] - Worker 80 (PID: 466) booted in 0.1s, phase: 0
[1] - Worker 81 (PID: 472) booted in 0.1s, phase: 0
[1] - Worker 82 (PID: 478) booted in 0.1s, phase: 0
[1] - Worker 83 (PID: 484) booted in 0.1s, phase: 0
[1] - Worker 84 (PID: 490) booted in 0.1s, phase: 0
[1] - Worker 85 (PID: 495) booted in 0.09s, phase: 0
[1] - Worker 86 (PID: 501) booted in 0.09s, phase: 0
[1] - Worker 87 (PID: 507) booted in 0.09s, phase: 0
[1] - Worker 88 (PID: 513) booted in 0.1s, phase: 0
[1] - Worker 89 (PID: 519) booted in 0.1s, phase: 0
[1] - Worker 90 (PID: 525) booted in 0.1s, phase: 0
[1] - Worker 91 (PID: 531) booted in 0.1s, phase: 0
[1] - Worker 92 (PID: 537) booted in 0.1s, phase: 0
[1] - Worker 93 (PID: 542) booted in 0.1s, phase: 0
[1] - Worker 94 (PID: 548) booted in 0.09s, phase: 0
[1] - Worker 95 (PID: 554) booted in 0.09s, phase: 0
[1] - Worker 96 (PID: 560) booted in 0.09s, phase: 0
[1] - Worker 97 (PID: 566) booted in 0.09s, phase: 0
[1] - Worker 98 (PID: 572) booted in 0.09s, phase: 0
[1] - Worker 99 (PID: 578) booted in 0.09s, phase: 0
[1] - Worker 100 (PID: 584) booted in 0.09s, phase: 0
[1] - Worker 101 (PID: 590) booted in 0.09s, phase: 0
[1] - Worker 102 (PID: 596) booted in 0.08s, phase: 0
[1] - Worker 103 (PID: 602) booted in 0.08s, phase: 0
[1] - Worker 104 (PID: 608) booted in 0.08s, phase: 0
[1] - Worker 105 (PID: 614) booted in 0.08s, phase: 0
[1] - Worker 106 (PID: 620) booted in 0.08s, phase: 0
[1] - Worker 107 (PID: 626) booted in 0.08s, phase: 0
[1] - Worker 108 (PID: 632) booted in 0.08s, phase: 0
[1] - Worker 109 (PID: 638) booted in 0.08s, phase: 0
[1] - Worker 110 (PID: 644) booted in 0.07s, phase: 0
[1] - Worker 111 (PID: 650) booted in 0.07s, phase: 0
[1] - Worker 112 (PID: 656) booted in 0.07s, phase: 0
[1] - Worker 113 (PID: 663) booted in 0.07s, phase: 0
[1] - Worker 114 (PID: 669) booted in 0.07s, phase: 0
[1] - Worker 115 (PID: 674) booted in 0.07s, phase: 0
[1] - Worker 116 (PID: 680) booted in 0.07s, phase: 0
[1] - Worker 117 (PID: 686) booted in 0.07s, phase: 0
[1] - Worker 118 (PID: 693) booted in 0.06s, phase: 0
[1] - Worker 119 (PID: 698) booted in 0.06s, phase: 0
[1] - Worker 120 (PID: 704) booted in 0.06s, phase: 0
[1] - Worker 121 (PID: 710) booted in 0.06s, phase: 0
[1] - Worker 122 (PID: 716) booted in 0.06s, phase: 0
[1] - Worker 123 (PID: 723) booted in 0.06s, phase: 0
[1] - Worker 124 (PID: 728) booted in 0.06s, phase: 0
[1] - Worker 125 (PID: 734) booted in 0.05s, phase: 0
[1] - Worker 126 (PID: 741) booted in 0.05s, phase: 0
[1] - Worker 127 (PID: 746) booted in 0.05s, phase: 0
