{"time":"2026-04-20T11:20:03.131064453Z","level":"INFO","msg":"Server started","http":":80"}
=> Booting Puma
=> Rails 8.1.3 application starting in production 
=> Run `bin/rails server --help` for more startup options
[13] Puma starting in cluster mode...
[13] * Puma version: 7.2.0 ("On The Corner")
[13] * Ruby version: ruby 4.0.2 (2026-03-17 revision d3da9fec82) +YJIT +MN +PRISM [x86_64-linux]
[13] *  Min threads: 3
[13] *  Max threads: 3
[13] *  Environment: production
[13] *   Master PID: 13
[13] *      Workers: 64
[13] *     Restarts: (✔) hot (✖) phased (✖) refork
[13] * Preloading application
[13] * Listening on http://0.0.0.0:8080
[13] Use Ctrl-C to stop
[13] ! WARNING: Detected `RUBY_MN_THREADS=1`
[13] ! This setting is known to cause performance regressions with Puma.
[13] ! Consider disabling this environment variable: https://github.com/puma/puma/issues/3720
[13] - Worker 0 (PID: 19) booted in 0.16s, phase: 0
[13] - Worker 1 (PID: 23) booted in 0.15s, phase: 0
[13] - Worker 2 (PID: 27) booted in 0.15s, phase: 0
[13] - Worker 3 (PID: 31) booted in 0.15s, phase: 0
[13] - Worker 4 (PID: 35) booted in 0.15s, phase: 0
[13] - Worker 5 (PID: 40) booted in 0.14s, phase: 0
[13] - Worker 6 (PID: 44) booted in 0.14s, phase: 0
[13] - Worker 7 (PID: 50) booted in 0.14s, phase: 0
[13] - Worker 8 (PID: 55) booted in 0.14s, phase: 0
[13] - Worker 9 (PID: 59) booted in 0.14s, phase: 0
[13] - Worker 10 (PID: 65) booted in 0.13s, phase: 0
[13] - Worker 11 (PID: 71) booted in 0.13s, phase: 0
[13] - Worker 12 (PID: 77) booted in 0.13s, phase: 0
[13] - Worker 13 (PID: 83) booted in 0.13s, phase: 0
[13] - Worker 14 (PID: 92) booted in 0.12s, phase: 0
[13] - Worker 15 (PID: 98) booted in 0.12s, phase: 0
[13] - Worker 16 (PID: 104) booted in 0.12s, phase: 0
[13] - Worker 17 (PID: 110) booted in 0.12s, phase: 0
[13] - Worker 18 (PID: 115) booted in 0.12s, phase: 0
[13] - Worker 19 (PID: 121) booted in 0.12s, phase: 0
[13] - Worker 20 (PID: 127) booted in 0.11s, phase: 0
[13] - Worker 21 (PID: 133) booted in 0.11s, phase: 0
[13] - Worker 22 (PID: 139) booted in 0.11s, phase: 0
[13] - Worker 23 (PID: 143) booted in 0.11s, phase: 0
[13] - Worker 24 (PID: 149) booted in 0.11s, phase: 0
[13] - Worker 25 (PID: 155) booted in 0.11s, phase: 0
[13] - Worker 26 (PID: 161) booted in 0.1s, phase: 0
[13] - Worker 27 (PID: 167) booted in 0.1s, phase: 0
[13] - Worker 28 (PID: 173) booted in 0.1s, phase: 0
[13] - Worker 29 (PID: 182) booted in 0.09s, phase: 0
[13] - Worker 30 (PID: 192) booted in 0.09s, phase: 0
[13] - Worker 31 (PID: 197) booted in 0.09s, phase: 0
[13] - Worker 32 (PID: 202) booted in 0.09s, phase: 0
[13] - Worker 33 (PID: 208) booted in 0.08s, phase: 0
[13] - Worker 34 (PID: 213) booted in 0.08s, phase: 0
[13] - Worker 35 (PID: 218) booted in 0.08s, phase: 0
[13] - Worker 36 (PID: 223) booted in 0.08s, phase: 0
[13] - Worker 37 (PID: 228) booted in 0.08s, phase: 0
[13] - Worker 38 (PID: 235) booted in 0.07s, phase: 0
[13] - Worker 39 (PID: 240) booted in 0.07s, phase: 0
[13] - Worker 40 (PID: 246) booted in 0.07s, phase: 0
[13] - Worker 41 (PID: 252) booted in 0.07s, phase: 0
[13] - Worker 42 (PID: 258) booted in 0.07s, phase: 0
[13] - Worker 43 (PID: 263) booted in 0.06s, phase: 0
[13] - Worker 44 (PID: 270) booted in 0.06s, phase: 0
[13] - Worker 45 (PID: 275) booted in 0.06s, phase: 0
[13] - Worker 46 (PID: 281) booted in 0.06s, phase: 0
[13] - Worker 47 (PID: 287) booted in 0.06s, phase: 0
[13] - Worker 48 (PID: 293) booted in 0.05s, phase: 0
[13] - Worker 49 (PID: 298) booted in 0.05s, phase: 0
[13] - Worker 50 (PID: 304) booted in 0.05s, phase: 0
[13] - Worker 51 (PID: 310) booted in 0.05s, phase: 0
[13] - Worker 52 (PID: 316) booted in 0.05s, phase: 0
[13] - Worker 53 (PID: 322) booted in 0.04s, phase: 0
[13] - Worker 54 (PID: 328) booted in 0.04s, phase: 0
[13] - Worker 55 (PID: 334) booted in 0.04s, phase: 0
[13] - Worker 56 (PID: 340) booted in 0.04s, phase: 0
[13] - Worker 57 (PID: 346) booted in 0.04s, phase: 0
[13] - Worker 58 (PID: 352) booted in 0.03s, phase: 0
[13] - Worker 59 (PID: 358) booted in 0.03s, phase: 0
[13] - Worker 60 (PID: 364) booted in 0.03s, phase: 0
[13] - Worker 61 (PID: 370) booted in 0.03s, phase: 0
[13] - Worker 62 (PID: 377) booted in 0.02s, phase: 0
[13] - Worker 63 (PID: 384) booted in 0.02s, phase: 0
