[1] Puma starting in cluster mode...
[1] * Puma version: 6.6.1 ("Return to Forever")
[1] * Ruby version: ruby 3.4.9 (2026-03-11 revision 76cca827ab) +YJIT +PRISM [x86_64-linux]
[1] *  Min threads: 4
[1] *  Max threads: 4
[1] *  Environment: production
[1] *   Master PID: 1
[1] *      Workers: 128
[1] *     Restarts: (✔) hot (✖) phased (✖) refork
[1] * Preloading application
[1] * Listening on http://0.0.0.0:8080
[1] Use Ctrl-C to stop
[1] - Worker 0 (PID: 8) booted in 0.2s, phase: 0
[1] - Worker 1 (PID: 11) booted in 0.2s, phase: 0
[1] - Worker 2 (PID: 18) booted in 0.2s, phase: 0
[1] - Worker 3 (PID: 25) booted in 0.2s, phase: 0
[1] - Worker 4 (PID: 36) booted in 0.2s, phase: 0
[1] - Worker 5 (PID: 49) booted in 0.19s, phase: 0
[1] - Worker 6 (PID: 69) booted in 0.19s, phase: 0
[1] - Worker 7 (PID: 79) booted in 0.19s, phase: 0
[1] - Worker 8 (PID: 87) booted in 0.19s, phase: 0
[1] - Worker 9 (PID: 99) booted in 0.19s, phase: 0
[1] - Worker 10 (PID: 108) booted in 0.19s, phase: 0
[1] - Worker 11 (PID: 123) booted in 0.19s, phase: 0
[1] - Worker 12 (PID: 137) booted in 0.19s, phase: 0
[1] - Worker 13 (PID: 151) booted in 0.18s, phase: 0
[1] - Worker 14 (PID: 172) booted in 0.18s, phase: 0
[1] - Worker 15 (PID: 176) booted in 0.18s, phase: 0
[1] - Worker 16 (PID: 185) booted in 0.18s, phase: 0
[1] - Worker 17 (PID: 195) booted in 0.18s, phase: 0
[1] - Worker 18 (PID: 206) booted in 0.18s, phase: 0
[1] - Worker 19 (PID: 219) booted in 0.18s, phase: 0
[1] - Worker 20 (PID: 230) booted in 0.18s, phase: 0
[1] - Worker 21 (PID: 242) booted in 0.18s, phase: 0
[1] - Worker 22 (PID: 254) booted in 0.17s, phase: 0
[1] - Worker 23 (PID: 262) booted in 0.17s, phase: 0
[1] - Worker 24 (PID: 274) booted in 0.17s, phase: 0
[1] - Worker 25 (PID: 286) booted in 0.17s, phase: 0
[1] - Worker 26 (PID: 299) booted in 0.17s, phase: 0
[1] - Worker 27 (PID: 307) booted in 0.17s, phase: 0
[1] - Worker 28 (PID: 318) booted in 0.17s, phase: 0
[1] - Worker 29 (PID: 344) booted in 0.16s, phase: 0
[1] - Worker 30 (PID: 359) booted in 0.16s, phase: 0
[1] - Worker 31 (PID: 367) booted in 0.16s, phase: 0
[1] - Worker 32 (PID: 371) booted in 0.16s, phase: 0
[1] - Worker 33 (PID: 379) booted in 0.16s, phase: 0
[1] - Worker 34 (PID: 391) booted in 0.16s, phase: 0
[1] - Worker 35 (PID: 399) booted in 0.16s, phase: 0
[1] - Worker 36 (PID: 411) booted in 0.16s, phase: 0
[1] - Worker 37 (PID: 423) booted in 0.16s, phase: 0
[1] - Worker 38 (PID: 435) booted in 0.15s, phase: 0
[1] - Worker 39 (PID: 447) booted in 0.15s, phase: 0
[1] - Worker 40 (PID: 459) booted in 0.15s, phase: 0
[1] - Worker 41 (PID: 470) booted in 0.15s, phase: 0
[1] - Worker 42 (PID: 480) booted in 0.15s, phase: 0
[1] - Worker 43 (PID: 490) booted in 0.15s, phase: 0
[1] - Worker 44 (PID: 502) booted in 0.15s, phase: 0
[1] - Worker 45 (PID: 512) booted in 0.15s, phase: 0
[1] - Worker 46 (PID: 525) booted in 0.14s, phase: 0
[1] - Worker 47 (PID: 530) booted in 0.14s, phase: 0
[1] - Worker 48 (PID: 547) booted in 0.14s, phase: 0
[1] - Worker 49 (PID: 558) booted in 0.14s, phase: 0
[1] - Worker 50 (PID: 569) booted in 0.14s, phase: 0
[1] - Worker 51 (PID: 582) booted in 0.14s, phase: 0
[1] - Worker 52 (PID: 595) booted in 0.13s, phase: 0
[1] - Worker 53 (PID: 627) booted in 0.13s, phase: 0
[1] - Worker 54 (PID: 640) booted in 0.13s, phase: 0
[1] - Worker 55 (PID: 649) booted in 0.13s, phase: 0
[1] - Worker 56 (PID: 658) booted in 0.13s, phase: 0
[1] - Worker 57 (PID: 666) booted in 0.13s, phase: 0
[1] - Worker 58 (PID: 679) booted in 0.13s, phase: 0
[1] - Worker 59 (PID: 690) booted in 0.13s, phase: 0
[1] - Worker 60 (PID: 704) booted in 0.12s, phase: 0
[1] - Worker 61 (PID: 714) booted in 0.12s, phase: 0
[1] - Worker 62 (PID: 727) booted in 0.12s, phase: 0
[1] - Worker 63 (PID: 738) booted in 0.12s, phase: 0
[1] - Worker 64 (PID: 750) booted in 0.12s, phase: 0
[1] - Worker 65 (PID: 771) booted in 0.12s, phase: 0
[1] - Worker 66 (PID: 786) booted in 0.12s, phase: 0
[1] - Worker 67 (PID: 790) booted in 0.12s, phase: 0
[1] - Worker 68 (PID: 803) booted in 0.11s, phase: 0
[1] - Worker 69 (PID: 810) booted in 0.11s, phase: 0
[1] - Worker 70 (PID: 824) booted in 0.11s, phase: 0
[1] - Worker 71 (PID: 834) booted in 0.11s, phase: 0
[1] - Worker 72 (PID: 844) booted in 0.11s, phase: 0
[1] - Worker 73 (PID: 859) booted in 0.11s, phase: 0
[1] - Worker 74 (PID: 874) booted in 0.11s, phase: 0
[1] - Worker 75 (PID: 887) booted in 0.11s, phase: 0
[1] - Worker 76 (PID: 905) booted in 0.1s, phase: 0
[1] - Worker 77 (PID: 916) booted in 0.1s, phase: 0
[1] - Worker 78 (PID: 924) booted in 0.1s, phase: 0
[1] - Worker 79 (PID: 935) booted in 0.1s, phase: 0
[1] - Worker 80 (PID: 945) booted in 0.1s, phase: 0
[1] - Worker 81 (PID: 958) booted in 0.1s, phase: 0
[1] - Worker 82 (PID: 968) booted in 0.1s, phase: 0
[1] - Worker 83 (PID: 983) booted in 0.1s, phase: 0
[1] - Worker 84 (PID: 991) booted in 0.09s, phase: 0
[1] - Worker 85 (PID: 1005) booted in 0.09s, phase: 0
[1] - Worker 86 (PID: 1017) booted in 0.09s, phase: 0
[1] - Worker 87 (PID: 1028) booted in 0.09s, phase: 0
[1] - Worker 88 (PID: 1041) booted in 0.09s, phase: 0
[1] - Worker 89 (PID: 1054) booted in 0.09s, phase: 0
[1] - Worker 90 (PID: 1063) booted in 0.09s, phase: 0
[1] - Worker 91 (PID: 1077) booted in 0.09s, phase: 0
[1] - Worker 92 (PID: 1087) booted in 0.08s, phase: 0
[1] - Worker 93 (PID: 1098) booted in 0.08s, phase: 0
[1] - Worker 94 (PID: 1112) booted in 0.08s, phase: 0
[1] - Worker 95 (PID: 1124) booted in 0.08s, phase: 0
[1] - Worker 96 (PID: 1134) booted in 0.08s, phase: 0
[1] - Worker 97 (PID: 1148) booted in 0.08s, phase: 0
[1] - Worker 98 (PID: 1160) booted in 0.08s, phase: 0
[1] - Worker 99 (PID: 1172) booted in 0.08s, phase: 0
[1] - Worker 100 (PID: 1184) booted in 0.08s, phase: 0
[1] - Worker 101 (PID: 1195) booted in 0.07s, phase: 0
[1] - Worker 102 (PID: 1210) booted in 0.07s, phase: 0
[1] - Worker 103 (PID: 1219) booted in 0.07s, phase: 0
[1] - Worker 104 (PID: 1234) booted in 0.07s, phase: 0
[1] - Worker 105 (PID: 1242) booted in 0.07s, phase: 0
[1] - Worker 106 (PID: 1255) booted in 0.07s, phase: 0
[1] - Worker 107 (PID: 1266) booted in 0.07s, phase: 0
[1] - Worker 108 (PID: 1277) booted in 0.07s, phase: 0
[1] - Worker 109 (PID: 1291) booted in 0.06s, phase: 0
[1] - Worker 110 (PID: 1305) booted in 0.06s, phase: 0
[1] - Worker 111 (PID: 1315) booted in 0.06s, phase: 0
[1] - Worker 112 (PID: 1331) booted in 0.06s, phase: 0
[1] - Worker 113 (PID: 1338) booted in 0.06s, phase: 0
[1] - Worker 114 (PID: 1354) booted in 0.06s, phase: 0
[1] - Worker 115 (PID: 1366) booted in 0.06s, phase: 0
[1] - Worker 116 (PID: 1379) booted in 0.06s, phase: 0
[1] - Worker 117 (PID: 1389) booted in 0.05s, phase: 0
[1] - Worker 118 (PID: 1401) booted in 0.05s, phase: 0
[1] - Worker 119 (PID: 1413) booted in 0.05s, phase: 0
[1] - Worker 120 (PID: 1424) booted in 0.05s, phase: 0
[1] - Worker 121 (PID: 1437) booted in 0.05s, phase: 0
[1] - Worker 122 (PID: 1448) booted in 0.05s, phase: 0
[1] - Worker 123 (PID: 1461) booted in 0.05s, phase: 0
[1] - Worker 124 (PID: 1473) booted in 0.05s, phase: 0
[1] - Worker 125 (PID: 1486) booted in 0.05s, phase: 0
[1] - Worker 126 (PID: 1495) booted in 0.04s, phase: 0
[1] - Worker 127 (PID: 1508) booted in 0.04s, phase: 0
