[1] Puma starting in cluster mode...
[1] * Puma version: 7.2.0 ("On The Corner")
[1] * Ruby version: ruby 4.0.2 (2026-03-17 revision d3da9fec82) +YJIT +MN +PRISM [x86_64-linux]
[1] *  Min threads: 3
[1] *  Max threads: 3
[1] *  Environment: production
[1] *   Master PID: 1
[1] *      Workers: 16
[1] *     Restarts: (✔) hot (✖) phased (✖) refork
[1] * Preloading application
[1] * Listening on http://0.0.0.0:8080
[1] Use Ctrl-C to stop
[1] ! WARNING: Detected `RUBY_MN_THREADS=1`
[1] ! This setting is known to cause performance regressions with Puma.
[1] ! Consider disabling this environment variable: https://github.com/puma/puma/issues/3720
[1] - Worker 0 (PID: 8) booted in 0.04s, phase: 0
[1] - Worker 1 (PID: 12) booted in 0.04s, phase: 0
[1] - Worker 2 (PID: 16) booted in 0.04s, phase: 0
[1] - Worker 3 (PID: 20) booted in 0.03s, phase: 0
[1] - Worker 4 (PID: 24) booted in 0.03s, phase: 0
[1] - Worker 5 (PID: 28) booted in 0.03s, phase: 0
[1] - Worker 6 (PID: 33) booted in 0.03s, phase: 0
[1] - Worker 7 (PID: 38) booted in 0.03s, phase: 0
[1] - Worker 8 (PID: 44) booted in 0.02s, phase: 0
[1] - Worker 9 (PID: 48) booted in 0.02s, phase: 0
[1] - Worker 10 (PID: 54) booted in 0.02s, phase: 0
[1] - Worker 11 (PID: 60) booted in 0.02s, phase: 0
[1] - Worker 12 (PID: 67) booted in 0.02s, phase: 0
[1] - Worker 13 (PID: 73) booted in 0.01s, phase: 0
[1] - Worker 14 (PID: 82) booted in 0.01s, phase: 0
[1] - Worker 15 (PID: 88) booted in 0.01s, phase: 0
