[1] Puma starting in cluster mode...
[1] * Puma version: 7.2.0 ("On The Corner")
[1] * Ruby version: ruby 4.0.2 (2026-03-17 revision d3da9fec82) +YJIT +MN +PRISM [x86_64-linux]
[1] *  Min threads: 3
[1] *  Max threads: 3
[1] *  Environment: production
[1] *   Master PID: 1
[1] *      Workers: 64
[1] *     Restarts: (✔) hot (✖) phased (✖) refork
[1] * Preloading application
[1] * Listening on http://0.0.0.0:8080
[1] Use Ctrl-C to stop
[1] ! WARNING: Detected `RUBY_MN_THREADS=1`
[1] ! This setting is known to cause performance regressions with Puma.
[1] ! Consider disabling this environment variable: https://github.com/puma/puma/issues/3720
[1] - Worker 0 (PID: 8) booted in 0.16s, phase: 0
[1] - Worker 1 (PID: 12) booted in 0.16s, phase: 0
[1] - Worker 2 (PID: 16) booted in 0.15s, phase: 0
[1] - Worker 3 (PID: 20) booted in 0.15s, phase: 0
[1] - Worker 4 (PID: 24) booted in 0.15s, phase: 0
[1] - Worker 5 (PID: 29) booted in 0.15s, phase: 0
[1] - Worker 6 (PID: 34) booted in 0.14s, phase: 0
[1] - Worker 7 (PID: 39) booted in 0.14s, phase: 0
[1] - Worker 8 (PID: 45) booted in 0.14s, phase: 0
[1] - Worker 9 (PID: 50) booted in 0.14s, phase: 0
[1] - Worker 10 (PID: 56) booted in 0.13s, phase: 0
[1] - Worker 11 (PID: 62) booted in 0.13s, phase: 0
[1] - Worker 12 (PID: 68) booted in 0.13s, phase: 0
[1] - Worker 13 (PID: 73) booted in 0.13s, phase: 0
[1] - Worker 14 (PID: 83) booted in 0.12s, phase: 0
[1] - Worker 15 (PID: 89) booted in 0.12s, phase: 0
[1] - Worker 16 (PID: 95) booted in 0.12s, phase: 0
[1] - Worker 17 (PID: 100) booted in 0.12s, phase: 0
[1] - Worker 18 (PID: 105) booted in 0.12s, phase: 0
[1] - Worker 19 (PID: 110) booted in 0.12s, phase: 0
[1] - Worker 20 (PID: 116) booted in 0.11s, phase: 0
[1] - Worker 21 (PID: 122) booted in 0.11s, phase: 0
[1] - Worker 22 (PID: 127) booted in 0.11s, phase: 0
[1] - Worker 23 (PID: 133) booted in 0.11s, phase: 0
[1] - Worker 24 (PID: 140) booted in 0.1s, phase: 0
[1] - Worker 25 (PID: 146) booted in 0.1s, phase: 0
[1] - Worker 26 (PID: 152) booted in 0.1s, phase: 0
[1] - Worker 27 (PID: 158) booted in 0.1s, phase: 0
[1] - Worker 28 (PID: 164) booted in 0.1s, phase: 0
[1] - Worker 29 (PID: 170) booted in 0.09s, phase: 0
[1] - Worker 30 (PID: 178) booted in 0.09s, phase: 0
[1] - Worker 31 (PID: 184) booted in 0.09s, phase: 0
[1] - Worker 32 (PID: 190) booted in 0.09s, phase: 0
[1] - Worker 33 (PID: 195) booted in 0.09s, phase: 0
[1] - Worker 34 (PID: 200) booted in 0.08s, phase: 0
[1] - Worker 35 (PID: 205) booted in 0.08s, phase: 0
[1] - Worker 36 (PID: 211) booted in 0.08s, phase: 0
[1] - Worker 37 (PID: 217) booted in 0.08s, phase: 0
[1] - Worker 38 (PID: 222) booted in 0.08s, phase: 0
[1] - Worker 39 (PID: 228) booted in 0.07s, phase: 0
[1] - Worker 40 (PID: 233) booted in 0.07s, phase: 0
[1] - Worker 41 (PID: 239) booted in 0.07s, phase: 0
[1] - Worker 42 (PID: 245) booted in 0.07s, phase: 0
[1] - Worker 43 (PID: 251) booted in 0.07s, phase: 0
[1] - Worker 44 (PID: 259) booted in 0.06s, phase: 0
[1] - Worker 45 (PID: 265) booted in 0.06s, phase: 0
[1] - Worker 46 (PID: 271) booted in 0.06s, phase: 0
[1] - Worker 47 (PID: 277) booted in 0.06s, phase: 0
[1] - Worker 48 (PID: 283) booted in 0.05s, phase: 0
[1] - Worker 49 (PID: 288) booted in 0.05s, phase: 0
[1] - Worker 50 (PID: 294) booted in 0.05s, phase: 0
[1] - Worker 51 (PID: 300) booted in 0.05s, phase: 0
[1] - Worker 52 (PID: 306) booted in 0.05s, phase: 0
[1] - Worker 53 (PID: 312) booted in 0.04s, phase: 0
[1] - Worker 54 (PID: 317) booted in 0.04s, phase: 0
[1] - Worker 55 (PID: 323) booted in 0.04s, phase: 0
[1] - Worker 56 (PID: 328) booted in 0.04s, phase: 0
[1] - Worker 57 (PID: 337) booted in 0.04s, phase: 0
[1] - Worker 58 (PID: 343) booted in 0.03s, phase: 0
[1] - Worker 59 (PID: 349) booted in 0.03s, phase: 0
[1] - Worker 60 (PID: 354) booted in 0.03s, phase: 0
[1] - Worker 61 (PID: 361) booted in 0.03s, phase: 0
[1] - Worker 62 (PID: 366) booted in 0.03s, phase: 0
[1] - Worker 63 (PID: 372) booted in 0.02s, phase: 0
