[1] Puma starting in cluster mode...
[1] * Puma version: 7.2.0 ("On The Corner")
[1] * Ruby version: ruby 4.0.2 (2026-03-17 revision d3da9fec82) +YJIT +MN +PRISM [x86_64-linux]
[1] *  Min threads: 3
[1] *  Max threads: 3
[1] *  Environment: production
[1] *   Master PID: 1
[1] *      Workers: 128
[1] *     Restarts: (✔) hot (✖) phased (✖) refork
[1] * Preloading application
[1] * Listening on http://0.0.0.0:8080
[1] Use Ctrl-C to stop
[1] ! WARNING: Detected `RUBY_MN_THREADS=1`
[1] ! This setting is known to cause performance regressions with Puma.
[1] ! Consider disabling this environment variable: https://github.com/puma/puma/issues/3720
[1] - Worker 0 (PID: 8) booted in 0.35s, phase: 0
[1] - Worker 1 (PID: 12) booted in 0.35s, phase: 0
[1] - Worker 2 (PID: 16) booted in 0.35s, phase: 0
[1] - Worker 3 (PID: 20) booted in 0.34s, phase: 0
[1] - Worker 4 (PID: 25) booted in 0.34s, phase: 0
[1] - Worker 5 (PID: 30) booted in 0.34s, phase: 0
[1] - Worker 6 (PID: 34) booted in 0.34s, phase: 0
[1] - Worker 7 (PID: 39) booted in 0.33s, phase: 0
[1] - Worker 8 (PID: 45) booted in 0.33s, phase: 0
[1] - Worker 9 (PID: 51) booted in 0.33s, phase: 0
[1] - Worker 10 (PID: 58) booted in 0.33s, phase: 0
[1] - Worker 11 (PID: 64) booted in 0.32s, phase: 0
[1] - Worker 12 (PID: 70) booted in 0.32s, phase: 0
[1] - Worker 13 (PID: 75) booted in 0.32s, phase: 0
[1] - Worker 14 (PID: 83) booted in 0.31s, phase: 0
[1] - Worker 15 (PID: 89) booted in 0.31s, phase: 0
[1] - Worker 16 (PID: 95) booted in 0.31s, phase: 0
[1] - Worker 17 (PID: 100) booted in 0.31s, phase: 0
[1] - Worker 18 (PID: 105) booted in 0.31s, phase: 0
[1] - Worker 19 (PID: 111) booted in 0.31s, phase: 0
[1] - Worker 20 (PID: 117) booted in 0.3s, phase: 0
[1] - Worker 21 (PID: 123) booted in 0.3s, phase: 0
[1] - Worker 22 (PID: 128) booted in 0.3s, phase: 0
[1] - Worker 23 (PID: 134) booted in 0.3s, phase: 0
[1] - Worker 24 (PID: 140) booted in 0.3s, phase: 0
[1] - Worker 25 (PID: 146) booted in 0.29s, phase: 0
[1] - Worker 26 (PID: 152) booted in 0.29s, phase: 0
[1] - Worker 27 (PID: 158) booted in 0.29s, phase: 0
[1] - Worker 28 (PID: 164) booted in 0.29s, phase: 0
[1] - Worker 29 (PID: 171) booted in 0.28s, phase: 0
[1] - Worker 30 (PID: 180) booted in 0.28s, phase: 0
[1] - Worker 31 (PID: 186) booted in 0.28s, phase: 0
[1] - Worker 32 (PID: 191) booted in 0.27s, phase: 0
[1] - Worker 33 (PID: 197) booted in 0.27s, phase: 0
[1] - Worker 34 (PID: 202) booted in 0.27s, phase: 0
[1] - Worker 35 (PID: 208) booted in 0.27s, phase: 0
[1] - Worker 36 (PID: 213) booted in 0.27s, phase: 0
[1] - Worker 37 (PID: 219) booted in 0.26s, phase: 0
[1] - Worker 38 (PID: 224) booted in 0.26s, phase: 0
[1] - Worker 39 (PID: 230) booted in 0.26s, phase: 0
[1] - Worker 40 (PID: 236) booted in 0.26s, phase: 0
[1] - Worker 41 (PID: 242) booted in 0.25s, phase: 0
[1] - Worker 42 (PID: 248) booted in 0.25s, phase: 0
[1] - Worker 43 (PID: 254) booted in 0.25s, phase: 0
[1] - Worker 44 (PID: 260) booted in 0.25s, phase: 0
[1] - Worker 45 (PID: 266) booted in 0.24s, phase: 0
[1] - Worker 46 (PID: 272) booted in 0.24s, phase: 0
[1] - Worker 47 (PID: 278) booted in 0.24s, phase: 0
[1] - Worker 48 (PID: 283) booted in 0.24s, phase: 0
[1] - Worker 49 (PID: 289) booted in 0.24s, phase: 0
[1] - Worker 50 (PID: 295) booted in 0.23s, phase: 0
[1] - Worker 51 (PID: 300) booted in 0.23s, phase: 0
[1] - Worker 52 (PID: 306) booted in 0.23s, phase: 0
[1] - Worker 53 (PID: 312) booted in 0.23s, phase: 0
[1] - Worker 54 (PID: 319) booted in 0.22s, phase: 0
[1] - Worker 55 (PID: 324) booted in 0.22s, phase: 0
[1] - Worker 56 (PID: 331) booted in 0.22s, phase: 0
[1] - Worker 57 (PID: 336) booted in 0.22s, phase: 0
[1] - Worker 58 (PID: 343) booted in 0.22s, phase: 0
[1] - Worker 59 (PID: 349) booted in 0.21s, phase: 0
[1] - Worker 60 (PID: 355) booted in 0.21s, phase: 0
[1] - Worker 61 (PID: 361) booted in 0.21s, phase: 0
[1] - Worker 62 (PID: 367) booted in 0.21s, phase: 0
[1] - Worker 63 (PID: 373) booted in 0.2s, phase: 0
[1] - Worker 64 (PID: 379) booted in 0.2s, phase: 0
[1] - Worker 65 (PID: 385) booted in 0.2s, phase: 0
[1] - Worker 66 (PID: 392) booted in 0.2s, phase: 0
[1] - Worker 67 (PID: 397) booted in 0.19s, phase: 0
[1] - Worker 68 (PID: 404) booted in 0.19s, phase: 0
[1] - Worker 69 (PID: 409) booted in 0.19s, phase: 0
[1] - Worker 70 (PID: 415) booted in 0.19s, phase: 0
[1] - Worker 71 (PID: 420) booted in 0.19s, phase: 0
[1] - Worker 72 (PID: 427) booted in 0.18s, phase: 0
[1] - Worker 73 (PID: 433) booted in 0.18s, phase: 0
[1] - Worker 74 (PID: 438) booted in 0.18s, phase: 0
[1] - Worker 75 (PID: 444) booted in 0.18s, phase: 0
[1] - Worker 76 (PID: 451) booted in 0.17s, phase: 0
[1] - Worker 77 (PID: 457) booted in 0.17s, phase: 0
[1] - Worker 78 (PID: 462) booted in 0.17s, phase: 0
[1] - Worker 79 (PID: 469) booted in 0.17s, phase: 0
[1] - Worker 80 (PID: 476) booted in 0.16s, phase: 0
[1] - Worker 81 (PID: 482) booted in 0.16s, phase: 0
[1] - Worker 82 (PID: 488) booted in 0.16s, phase: 0
[1] - Worker 83 (PID: 494) booted in 0.16s, phase: 0
[1] - Worker 84 (PID: 500) booted in 0.15s, phase: 0
[1] - Worker 85 (PID: 506) booted in 0.15s, phase: 0
[1] - Worker 86 (PID: 513) booted in 0.15s, phase: 0
[1] - Worker 87 (PID: 519) booted in 0.15s, phase: 0
[1] - Worker 88 (PID: 524) booted in 0.15s, phase: 0
[1] - Worker 89 (PID: 530) booted in 0.15s, phase: 0
[1] - Worker 90 (PID: 536) booted in 0.15s, phase: 0
[1] - Worker 91 (PID: 542) booted in 0.15s, phase: 0
[1] - Worker 92 (PID: 548) booted in 0.14s, phase: 0
[1] - Worker 93 (PID: 554) booted in 0.14s, phase: 0
[1] - Worker 94 (PID: 560) booted in 0.14s, phase: 0
[1] - Worker 95 (PID: 566) booted in 0.14s, phase: 0
[1] - Worker 96 (PID: 572) booted in 0.14s, phase: 0
[1] - Worker 97 (PID: 578) booted in 0.13s, phase: 0
[1] - Worker 98 (PID: 584) booted in 0.13s, phase: 0
[1] - Worker 99 (PID: 590) booted in 0.13s, phase: 0
[1] - Worker 100 (PID: 596) booted in 0.13s, phase: 0
[1] - Worker 101 (PID: 604) booted in 0.13s, phase: 0
[1] - Worker 102 (PID: 608) booted in 0.12s, phase: 0
[1] - Worker 103 (PID: 615) booted in 0.12s, phase: 0
[1] - Worker 104 (PID: 620) booted in 0.12s, phase: 0
[1] - Worker 105 (PID: 627) booted in 0.12s, phase: 0
[1] - Worker 106 (PID: 633) booted in 0.11s, phase: 0
[1] - Worker 107 (PID: 640) booted in 0.11s, phase: 0
[1] - Worker 108 (PID: 646) booted in 0.11s, phase: 0
[1] - Worker 109 (PID: 653) booted in 0.1s, phase: 0
[1] - Worker 110 (PID: 659) booted in 0.1s, phase: 0
[1] - Worker 111 (PID: 666) booted in 0.1s, phase: 0
[1] - Worker 112 (PID: 671) booted in 0.09s, phase: 0
[1] - Worker 113 (PID: 677) booted in 0.09s, phase: 0
[1] - Worker 114 (PID: 682) booted in 0.09s, phase: 0
[1] - Worker 115 (PID: 688) booted in 0.09s, phase: 0
[1] - Worker 116 (PID: 693) booted in 0.08s, phase: 0
[1] - Worker 117 (PID: 699) booted in 0.08s, phase: 0
[1] - Worker 118 (PID: 704) booted in 0.08s, phase: 0
[1] - Worker 119 (PID: 710) booted in 0.08s, phase: 0
[1] - Worker 120 (PID: 716) booted in 0.07s, phase: 0
[1] - Worker 121 (PID: 722) booted in 0.07s, phase: 0
[1] - Worker 122 (PID: 728) booted in 0.07s, phase: 0
[1] - Worker 123 (PID: 734) booted in 0.07s, phase: 0
[1] - Worker 124 (PID: 740) booted in 0.06s, phase: 0
[1] - Worker 125 (PID: 746) booted in 0.06s, phase: 0
[1] - Worker 126 (PID: 752) booted in 0.06s, phase: 0
[1] - Worker 127 (PID: 758) booted in 0.06s, phase: 0
