[1] Puma starting in cluster mode...
[1] * Puma version: 7.2.0 ("On The Corner")
[1] * Ruby version: ruby 4.0.2 (2026-03-17 revision d3da9fec82) +YJIT +MN +PRISM [x86_64-linux]
[1] *  Min threads: 4
[1] *  Max threads: 4
[1] *  Environment: production
[1] *   Master PID: 1
[1] *      Workers: 128
[1] *     Restarts: (✔) hot (✖) phased (✖) refork
[1] * Preloading application
[1] * Listening on http://0.0.0.0:8080
[1] Use Ctrl-C to stop
[1] ! WARNING: Detected `RUBY_MN_THREADS=1`
[1] ! This setting is known to cause performance regressions with Puma.
[1] ! Consider disabling this environment variable: https://github.com/puma/puma/issues/3720
[1] - Worker 0 (PID: 8) booted in 0.2s, phase: 0
[1] - Worker 1 (PID: 12) booted in 0.21s, phase: 0
[1] - Worker 2 (PID: 15) booted in 0.2s, phase: 0
[1] - Worker 3 (PID: 20) booted in 0.2s, phase: 0
[1] - Worker 4 (PID: 24) booted in 0.2s, phase: 0
[1] - Worker 5 (PID: 28) booted in 0.2s, phase: 0
[1] - Worker 6 (PID: 31) booted in 0.2s, phase: 0
[1] - Worker 7 (PID: 36) booted in 0.2s, phase: 0
[1] - Worker 8 (PID: 40) booted in 0.2s, phase: 0
[1] - Worker 9 (PID: 44) booted in 0.2s, phase: 0
[1] - Worker 10 (PID: 48) booted in 0.19s, phase: 0
[1] - Worker 11 (PID: 52) booted in 0.19s, phase: 0
[1] - Worker 12 (PID: 56) booted in 0.19s, phase: 0
[1] - Worker 13 (PID: 60) booted in 0.19s, phase: 0
[1] - Worker 14 (PID: 64) booted in 0.19s, phase: 0
[1] - Worker 15 (PID: 68) booted in 0.19s, phase: 0
[1] - Worker 16 (PID: 72) booted in 0.19s, phase: 0
[1] - Worker 17 (PID: 75) booted in 0.18s, phase: 0
[1] - Worker 18 (PID: 80) booted in 0.18s, phase: 0
[1] - Worker 19 (PID: 84) booted in 0.18s, phase: 0
[1] - Worker 20 (PID: 88) booted in 0.18s, phase: 0
[1] - Worker 21 (PID: 92) booted in 0.18s, phase: 0
[1] - Worker 22 (PID: 96) booted in 0.18s, phase: 0
[1] - Worker 23 (PID: 100) booted in 0.18s, phase: 0
[1] - Worker 24 (PID: 104) booted in 0.18s, phase: 0
[1] - Worker 25 (PID: 108) booted in 0.17s, phase: 0
[1] - Worker 26 (PID: 112) booted in 0.17s, phase: 0
[1] - Worker 27 (PID: 116) booted in 0.17s, phase: 0
[1] - Worker 28 (PID: 120) booted in 0.17s, phase: 0
[1] - Worker 29 (PID: 124) booted in 0.17s, phase: 0
[1] - Worker 30 (PID: 130) booted in 0.17s, phase: 0
[1] - Worker 31 (PID: 134) booted in 0.17s, phase: 0
[1] - Worker 32 (PID: 139) booted in 0.17s, phase: 0
[1] - Worker 33 (PID: 144) booted in 0.16s, phase: 0
[1] - Worker 34 (PID: 148) booted in 0.16s, phase: 0
[1] - Worker 35 (PID: 175) booted in 0.16s, phase: 0
[1] - Worker 37 (PID: 185) booted in 0.16s, phase: 0
[1] - Worker 36 (PID: 180) booted in 0.16s, phase: 0
[1] - Worker 38 (PID: 189) booted in 0.16s, phase: 0
[1] - Worker 39 (PID: 195) booted in 0.16s, phase: 0
[1] - Worker 40 (PID: 202) booted in 0.16s, phase: 0
[1] - Worker 41 (PID: 209) booted in 0.16s, phase: 0
[1] - Worker 42 (PID: 227) booted in 0.16s, phase: 0
[1] - Worker 43 (PID: 242) booted in 0.16s, phase: 0
[1] - Worker 44 (PID: 247) booted in 0.15s, phase: 0
[1] - Worker 45 (PID: 251) booted in 0.15s, phase: 0
[1] - Worker 46 (PID: 257) booted in 0.15s, phase: 0
[1] - Worker 47 (PID: 263) booted in 0.15s, phase: 0
[1] - Worker 48 (PID: 272) booted in 0.15s, phase: 0
[1] - Worker 49 (PID: 278) booted in 0.15s, phase: 0
[1] - Worker 50 (PID: 283) booted in 0.15s, phase: 0
[1] - Worker 51 (PID: 288) booted in 0.15s, phase: 0
[1] - Worker 52 (PID: 293) booted in 0.14s, phase: 0
[1] - Worker 53 (PID: 299) booted in 0.14s, phase: 0
[1] - Worker 54 (PID: 304) booted in 0.14s, phase: 0
[1] - Worker 55 (PID: 314) booted in 0.14s, phase: 0
[1] - Worker 56 (PID: 319) booted in 0.14s, phase: 0
[1] - Worker 57 (PID: 325) booted in 0.14s, phase: 0
[1] - Worker 58 (PID: 332) booted in 0.14s, phase: 0
[1] - Worker 59 (PID: 337) booted in 0.14s, phase: 0
[1] - Worker 60 (PID: 343) booted in 0.14s, phase: 0
[1] - Worker 61 (PID: 350) booted in 0.13s, phase: 0
[1] - Worker 62 (PID: 356) booted in 0.13s, phase: 0
[1] - Worker 63 (PID: 362) booted in 0.13s, phase: 0
[1] - Worker 64 (PID: 367) booted in 0.13s, phase: 0
[1] - Worker 65 (PID: 373) booted in 0.13s, phase: 0
[1] - Worker 66 (PID: 380) booted in 0.13s, phase: 0
[1] - Worker 67 (PID: 385) booted in 0.13s, phase: 0
[1] - Worker 68 (PID: 392) booted in 0.13s, phase: 0
[1] - Worker 69 (PID: 398) booted in 0.12s, phase: 0
[1] - Worker 70 (PID: 404) booted in 0.12s, phase: 0
[1] - Worker 71 (PID: 410) booted in 0.12s, phase: 0
[1] - Worker 72 (PID: 416) booted in 0.12s, phase: 0
[1] - Worker 73 (PID: 422) booted in 0.12s, phase: 0
[1] - Worker 74 (PID: 428) booted in 0.12s, phase: 0
[1] - Worker 75 (PID: 434) booted in 0.12s, phase: 0
[1] - Worker 76 (PID: 440) booted in 0.12s, phase: 0
[1] - Worker 77 (PID: 446) booted in 0.11s, phase: 0
[1] - Worker 78 (PID: 452) booted in 0.11s, phase: 0
[1] - Worker 79 (PID: 458) booted in 0.11s, phase: 0
[1] - Worker 80 (PID: 464) booted in 0.11s, phase: 0
[1] - Worker 81 (PID: 470) booted in 0.11s, phase: 0
[1] - Worker 82 (PID: 476) booted in 0.11s, phase: 0
[1] - Worker 83 (PID: 482) booted in 0.11s, phase: 0
[1] - Worker 84 (PID: 488) booted in 0.11s, phase: 0
[1] - Worker 85 (PID: 494) booted in 0.1s, phase: 0
[1] - Worker 86 (PID: 500) booted in 0.1s, phase: 0
[1] - Worker 87 (PID: 506) booted in 0.1s, phase: 0
[1] - Worker 88 (PID: 512) booted in 0.11s, phase: 0
[1] - Worker 89 (PID: 518) booted in 0.11s, phase: 0
[1] - Worker 90 (PID: 524) booted in 0.11s, phase: 0
[1] - Worker 91 (PID: 530) booted in 0.11s, phase: 0
[1] - Worker 92 (PID: 536) booted in 0.11s, phase: 0
[1] - Worker 93 (PID: 542) booted in 0.11s, phase: 0
[1] - Worker 94 (PID: 548) booted in 0.11s, phase: 0
[1] - Worker 95 (PID: 554) booted in 0.1s, phase: 0
[1] - Worker 96 (PID: 560) booted in 0.1s, phase: 0
[1] - Worker 97 (PID: 566) booted in 0.1s, phase: 0
[1] - Worker 98 (PID: 572) booted in 0.1s, phase: 0
[1] - Worker 99 (PID: 578) booted in 0.1s, phase: 0
[1] - Worker 100 (PID: 584) booted in 0.1s, phase: 0
[1] - Worker 101 (PID: 590) booted in 0.1s, phase: 0
[1] - Worker 102 (PID: 596) booted in 0.1s, phase: 0
[1] - Worker 103 (PID: 602) booted in 0.09s, phase: 0
[1] - Worker 104 (PID: 608) booted in 0.09s, phase: 0
[1] - Worker 105 (PID: 614) booted in 0.09s, phase: 0
[1] - Worker 106 (PID: 620) booted in 0.09s, phase: 0
[1] - Worker 107 (PID: 626) booted in 0.09s, phase: 0
[1] - Worker 108 (PID: 632) booted in 0.09s, phase: 0
[1] - Worker 109 (PID: 638) booted in 0.09s, phase: 0
[1] - Worker 110 (PID: 644) booted in 0.09s, phase: 0
[1] - Worker 111 (PID: 650) booted in 0.08s, phase: 0
[1] - Worker 112 (PID: 656) booted in 0.08s, phase: 0
[1] - Worker 113 (PID: 662) booted in 0.08s, phase: 0
[1] - Worker 114 (PID: 668) booted in 0.08s, phase: 0
[1] - Worker 115 (PID: 674) booted in 0.08s, phase: 0
[1] - Worker 116 (PID: 680) booted in 0.08s, phase: 0
[1] - Worker 117 (PID: 686) booted in 0.08s, phase: 0
[1] - Worker 118 (PID: 692) booted in 0.08s, phase: 0
[1] - Worker 119 (PID: 698) booted in 0.07s, phase: 0
[1] - Worker 120 (PID: 704) booted in 0.07s, phase: 0
[1] - Worker 121 (PID: 710) booted in 0.07s, phase: 0
[1] - Worker 122 (PID: 716) booted in 0.07s, phase: 0
[1] - Worker 123 (PID: 722) booted in 0.07s, phase: 0
[1] - Worker 124 (PID: 728) booted in 0.07s, phase: 0
[1] - Worker 125 (PID: 734) booted in 0.07s, phase: 0
[1] - Worker 126 (PID: 740) booted in 0.07s, phase: 0
[1] - Worker 127 (PID: 746) booted in 0.06s, phase: 0
