[2026-03-27 02:36:06 +0000] [1] [INFO] Starting gunicorn 23.0.0
[2026-03-27 02:36:06 +0000] [1] [INFO] Listening at: http://0.0.0.0:8080 (1)
[2026-03-27 02:36:06 +0000] [1] [INFO] Using worker: uvicorn.workers.UvicornWorker
[2026-03-27 02:36:06 +0000] [7] [INFO] Booting worker with pid: 7
[2026-03-27 02:36:06 +0000] [8] [INFO] Booting worker with pid: 8
[2026-03-27 02:36:06 +0000] [9] [INFO] Booting worker with pid: 9
[2026-03-27 02:36:06 +0000] [10] [INFO] Booting worker with pid: 10
[2026-03-27 02:36:07 +0000] [11] [INFO] Booting worker with pid: 11
[2026-03-27 02:36:07 +0000] [12] [INFO] Booting worker with pid: 12
[2026-03-27 02:36:07 +0000] [13] [INFO] Booting worker with pid: 13
[2026-03-27 02:36:07 +0000] [8] [INFO] Started server process [8]
[2026-03-27 02:36:07 +0000] [7] [INFO] Started server process [7]
[2026-03-27 02:36:07 +0000] [9] [INFO] Started server process [9]
[2026-03-27 02:36:07 +0000] [9] [INFO] Waiting for application startup.
[2026-03-27 02:36:07 +0000] [8] [INFO] Waiting for application startup.
[2026-03-27 02:36:07 +0000] [7] [INFO] Waiting for application startup.
[2026-03-27 02:36:07 +0000] [7] [INFO] Application startup complete.
[2026-03-27 02:36:07 +0000] [8] [INFO] Application startup complete.
[2026-03-27 02:36:07 +0000] [9] [INFO] Application startup complete.
[2026-03-27 02:36:07 +0000] [29] [INFO] Booting worker with pid: 29
[2026-03-27 02:36:07 +0000] [10] [INFO] Started server process [10]
[2026-03-27 02:36:07 +0000] [10] [INFO] Waiting for application startup.
[2026-03-27 02:36:07 +0000] [10] [INFO] Application startup complete.
[2026-03-27 02:36:07 +0000] [35] [INFO] Booting worker with pid: 35
[2026-03-27 02:36:07 +0000] [11] [INFO] Started server process [11]
[2026-03-27 02:36:07 +0000] [11] [INFO] Waiting for application startup.
[2026-03-27 02:36:07 +0000] [42] [INFO] Booting worker with pid: 42
[2026-03-27 02:36:07 +0000] [11] [INFO] Application startup complete.
[2026-03-27 02:36:07 +0000] [12] [INFO] Started server process [12]
[2026-03-27 02:36:07 +0000] [12] [INFO] Waiting for application startup.
[2026-03-27 02:36:07 +0000] [12] [INFO] Application startup complete.
[2026-03-27 02:36:07 +0000] [47] [INFO] Booting worker with pid: 47
[2026-03-27 02:36:07 +0000] [13] [INFO] Started server process [13]
[2026-03-27 02:36:07 +0000] [13] [INFO] Waiting for application startup.
[2026-03-27 02:36:07 +0000] [13] [INFO] Application startup complete.
[2026-03-27 02:36:07 +0000] [53] [INFO] Booting worker with pid: 53
[2026-03-27 02:36:07 +0000] [55] [INFO] Booting worker with pid: 55
[2026-03-27 02:36:07 +0000] [29] [INFO] Started server process [29]
[2026-03-27 02:36:07 +0000] [29] [INFO] Waiting for application startup.
[2026-03-27 02:36:07 +0000] [29] [INFO] Application startup complete.
[2026-03-27 02:36:07 +0000] [35] [INFO] Started server process [35]
[2026-03-27 02:36:07 +0000] [35] [INFO] Waiting for application startup.
[2026-03-27 02:36:07 +0000] [35] [INFO] Application startup complete.
[2026-03-27 02:36:07 +0000] [66] [INFO] Booting worker with pid: 66
[2026-03-27 02:36:07 +0000] [42] [INFO] Started server process [42]
[2026-03-27 02:36:07 +0000] [42] [INFO] Waiting for application startup.
[2026-03-27 02:36:07 +0000] [42] [INFO] Application startup complete.
[2026-03-27 02:36:07 +0000] [71] [INFO] Booting worker with pid: 71
[2026-03-27 02:36:07 +0000] [47] [INFO] Started server process [47]
[2026-03-27 02:36:07 +0000] [47] [INFO] Waiting for application startup.
[2026-03-27 02:36:07 +0000] [47] [INFO] Application startup complete.
[2026-03-27 02:36:07 +0000] [78] [INFO] Booting worker with pid: 78
[2026-03-27 02:36:07 +0000] [53] [INFO] Started server process [53]
[2026-03-27 02:36:07 +0000] [53] [INFO] Waiting for application startup.
[2026-03-27 02:36:07 +0000] [53] [INFO] Application startup complete.
[2026-03-27 02:36:07 +0000] [84] [INFO] Booting worker with pid: 84
[2026-03-27 02:36:07 +0000] [55] [INFO] Started server process [55]
[2026-03-27 02:36:07 +0000] [55] [INFO] Waiting for application startup.
[2026-03-27 02:36:07 +0000] [55] [INFO] Application startup complete.
[2026-03-27 02:36:07 +0000] [89] [INFO] Booting worker with pid: 89
[2026-03-27 02:36:07 +0000] [90] [INFO] Booting worker with pid: 90
[2026-03-27 02:36:07 +0000] [66] [INFO] Started server process [66]
[2026-03-27 02:36:07 +0000] [66] [INFO] Waiting for application startup.
[2026-03-27 02:36:07 +0000] [66] [INFO] Application startup complete.
[2026-03-27 02:36:07 +0000] [97] [INFO] Booting worker with pid: 97
[2026-03-27 02:36:07 +0000] [71] [INFO] Started server process [71]
[2026-03-27 02:36:07 +0000] [71] [INFO] Waiting for application startup.
[2026-03-27 02:36:07 +0000] [71] [INFO] Application startup complete.
[2026-03-27 02:36:07 +0000] [102] [INFO] Booting worker with pid: 102
[2026-03-27 02:36:08 +0000] [104] [INFO] Booting worker with pid: 104
[2026-03-27 02:36:08 +0000] [78] [INFO] Started server process [78]
[2026-03-27 02:36:08 +0000] [78] [INFO] Waiting for application startup.
[2026-03-27 02:36:08 +0000] [78] [INFO] Application startup complete.
[2026-03-27 02:36:08 +0000] [109] [INFO] Booting worker with pid: 109
[2026-03-27 02:36:08 +0000] [84] [INFO] Started server process [84]
[2026-03-27 02:36:08 +0000] [84] [INFO] Waiting for application startup.
[2026-03-27 02:36:08 +0000] [84] [INFO] Application startup complete.
[2026-03-27 02:36:08 +0000] [89] [INFO] Started server process [89]
[2026-03-27 02:36:08 +0000] [89] [INFO] Waiting for application startup.
[2026-03-27 02:36:08 +0000] [89] [INFO] Application startup complete.
[2026-03-27 02:36:08 +0000] [120] [INFO] Booting worker with pid: 120
[2026-03-27 02:36:08 +0000] [90] [INFO] Started server process [90]
[2026-03-27 02:36:08 +0000] [90] [INFO] Waiting for application startup.
[2026-03-27 02:36:08 +0000] [90] [INFO] Application startup complete.
[2026-03-27 02:36:08 +0000] [127] [INFO] Booting worker with pid: 127
[2026-03-27 02:36:08 +0000] [97] [INFO] Started server process [97]
[2026-03-27 02:36:08 +0000] [97] [INFO] Waiting for application startup.
[2026-03-27 02:36:08 +0000] [97] [INFO] Application startup complete.
[2026-03-27 02:36:08 +0000] [102] [INFO] Started server process [102]
[2026-03-27 02:36:08 +0000] [102] [INFO] Waiting for application startup.
[2026-03-27 02:36:08 +0000] [102] [INFO] Application startup complete.
[2026-03-27 02:36:08 +0000] [138] [INFO] Booting worker with pid: 138
[2026-03-27 02:36:08 +0000] [104] [INFO] Started server process [104]
[2026-03-27 02:36:08 +0000] [104] [INFO] Waiting for application startup.
[2026-03-27 02:36:08 +0000] [104] [INFO] Application startup complete.
[2026-03-27 02:36:08 +0000] [109] [INFO] Started server process [109]
[2026-03-27 02:36:08 +0000] [109] [INFO] Waiting for application startup.
[2026-03-27 02:36:08 +0000] [109] [INFO] Application startup complete.
[2026-03-27 02:36:08 +0000] [148] [INFO] Booting worker with pid: 148
[2026-03-27 02:36:08 +0000] [120] [INFO] Started server process [120]
[2026-03-27 02:36:08 +0000] [120] [INFO] Waiting for application startup.
[2026-03-27 02:36:08 +0000] [150] [INFO] Booting worker with pid: 150
[2026-03-27 02:36:08 +0000] [120] [INFO] Application startup complete.
[2026-03-27 02:36:08 +0000] [127] [INFO] Started server process [127]
[2026-03-27 02:36:08 +0000] [127] [INFO] Waiting for application startup.
[2026-03-27 02:36:08 +0000] [127] [INFO] Application startup complete.
[2026-03-27 02:36:08 +0000] [160] [INFO] Booting worker with pid: 160
[2026-03-27 02:36:08 +0000] [161] [INFO] Booting worker with pid: 161
[2026-03-27 02:36:08 +0000] [162] [INFO] Booting worker with pid: 162
[2026-03-27 02:36:08 +0000] [164] [INFO] Booting worker with pid: 164
[2026-03-27 02:36:08 +0000] [165] [INFO] Booting worker with pid: 165
[2026-03-27 02:36:08 +0000] [138] [INFO] Started server process [138]
[2026-03-27 02:36:08 +0000] [138] [INFO] Waiting for application startup.
[2026-03-27 02:36:08 +0000] [138] [INFO] Application startup complete.
[2026-03-27 02:36:08 +0000] [148] [INFO] Started server process [148]
[2026-03-27 02:36:08 +0000] [148] [INFO] Waiting for application startup.
[2026-03-27 02:36:08 +0000] [148] [INFO] Application startup complete.
[2026-03-27 02:36:08 +0000] [176] [INFO] Booting worker with pid: 176
[2026-03-27 02:36:08 +0000] [150] [INFO] Started server process [150]
[2026-03-27 02:36:08 +0000] [150] [INFO] Waiting for application startup.
[2026-03-27 02:36:08 +0000] [181] [INFO] Booting worker with pid: 181
[2026-03-27 02:36:08 +0000] [150] [INFO] Application startup complete.
[2026-03-27 02:36:08 +0000] [182] [INFO] Booting worker with pid: 182
[2026-03-27 02:36:08 +0000] [183] [INFO] Booting worker with pid: 183
[2026-03-27 02:36:08 +0000] [187] [INFO] Booting worker with pid: 187
[2026-03-27 02:36:08 +0000] [160] [INFO] Started server process [160]
[2026-03-27 02:36:08 +0000] [160] [INFO] Waiting for application startup.
[2026-03-27 02:36:08 +0000] [161] [INFO] Started server process [161]
[2026-03-27 02:36:08 +0000] [161] [INFO] Waiting for application startup.
[2026-03-27 02:36:08 +0000] [160] [INFO] Application startup complete.
[2026-03-27 02:36:08 +0000] [161] [INFO] Application startup complete.
[2026-03-27 02:36:08 +0000] [162] [INFO] Started server process [162]
[2026-03-27 02:36:08 +0000] [162] [INFO] Waiting for application startup.
[2026-03-27 02:36:08 +0000] [162] [INFO] Application startup complete.
[2026-03-27 02:36:08 +0000] [200] [INFO] Booting worker with pid: 200
[2026-03-27 02:36:08 +0000] [203] [INFO] Booting worker with pid: 203
[2026-03-27 02:36:08 +0000] [165] [INFO] Started server process [165]
[2026-03-27 02:36:08 +0000] [165] [INFO] Waiting for application startup.
[2026-03-27 02:36:08 +0000] [164] [INFO] Started server process [164]
[2026-03-27 02:36:08 +0000] [164] [INFO] Waiting for application startup.
[2026-03-27 02:36:08 +0000] [165] [INFO] Application startup complete.
[2026-03-27 02:36:08 +0000] [164] [INFO] Application startup complete.
[2026-03-27 02:36:08 +0000] [212] [INFO] Booting worker with pid: 212
[2026-03-27 02:36:08 +0000] [213] [INFO] Booting worker with pid: 213
[2026-03-27 02:36:08 +0000] [176] [INFO] Started server process [176]
[2026-03-27 02:36:08 +0000] [176] [INFO] Waiting for application startup.
[2026-03-27 02:36:08 +0000] [176] [INFO] Application startup complete.
[2026-03-27 02:36:08 +0000] [182] [INFO] Started server process [182]
[2026-03-27 02:36:08 +0000] [182] [INFO] Waiting for application startup.
[2026-03-27 02:36:08 +0000] [181] [INFO] Started server process [181]
[2026-03-27 02:36:08 +0000] [181] [INFO] Waiting for application startup.
[2026-03-27 02:36:08 +0000] [182] [INFO] Application startup complete.
[2026-03-27 02:36:08 +0000] [181] [INFO] Application startup complete.
[2026-03-27 02:36:09 +0000] [230] [INFO] Booting worker with pid: 230
[2026-03-27 02:36:09 +0000] [183] [INFO] Started server process [183]
[2026-03-27 02:36:09 +0000] [183] [INFO] Waiting for application startup.
[2026-03-27 02:36:09 +0000] [183] [INFO] Application startup complete.
[2026-03-27 02:36:09 +0000] [187] [INFO] Started server process [187]
[2026-03-27 02:36:09 +0000] [187] [INFO] Waiting for application startup.
[2026-03-27 02:36:09 +0000] [187] [INFO] Application startup complete.
[2026-03-27 02:36:09 +0000] [200] [INFO] Started server process [200]
[2026-03-27 02:36:09 +0000] [200] [INFO] Waiting for application startup.
[2026-03-27 02:36:09 +0000] [241] [INFO] Booting worker with pid: 241
[2026-03-27 02:36:09 +0000] [200] [INFO] Application startup complete.
[2026-03-27 02:36:09 +0000] [203] [INFO] Started server process [203]
[2026-03-27 02:36:09 +0000] [203] [INFO] Waiting for application startup.
[2026-03-27 02:36:09 +0000] [203] [INFO] Application startup complete.
[2026-03-27 02:36:09 +0000] [252] [INFO] Booting worker with pid: 252
[2026-03-27 02:36:09 +0000] [212] [INFO] Started server process [212]
[2026-03-27 02:36:09 +0000] [212] [INFO] Waiting for application startup.
[2026-03-27 02:36:09 +0000] [212] [INFO] Application startup complete.
[2026-03-27 02:36:09 +0000] [213] [INFO] Started server process [213]
[2026-03-27 02:36:09 +0000] [213] [INFO] Waiting for application startup.
[2026-03-27 02:36:09 +0000] [213] [INFO] Application startup complete.
[2026-03-27 02:36:09 +0000] [262] [INFO] Booting worker with pid: 262
[2026-03-27 02:36:09 +0000] [264] [INFO] Booting worker with pid: 264
[2026-03-27 02:36:09 +0000] [230] [INFO] Started server process [230]
[2026-03-27 02:36:09 +0000] [230] [INFO] Waiting for application startup.
[2026-03-27 02:36:09 +0000] [230] [INFO] Application startup complete.
[2026-03-27 02:36:09 +0000] [269] [INFO] Booting worker with pid: 269
[2026-03-27 02:36:09 +0000] [270] [INFO] Booting worker with pid: 270
[2026-03-27 02:36:09 +0000] [241] [INFO] Started server process [241]
[2026-03-27 02:36:09 +0000] [241] [INFO] Waiting for application startup.
[2026-03-27 02:36:09 +0000] [241] [INFO] Application startup complete.
[2026-03-27 02:36:09 +0000] [276] [INFO] Booting worker with pid: 276
[2026-03-27 02:36:09 +0000] [252] [INFO] Started server process [252]
[2026-03-27 02:36:09 +0000] [252] [INFO] Waiting for application startup.
[2026-03-27 02:36:09 +0000] [252] [INFO] Application startup complete.
[2026-03-27 02:36:09 +0000] [282] [INFO] Booting worker with pid: 282
[2026-03-27 02:36:09 +0000] [262] [INFO] Started server process [262]
[2026-03-27 02:36:09 +0000] [262] [INFO] Waiting for application startup.
[2026-03-27 02:36:09 +0000] [262] [INFO] Application startup complete.
[2026-03-27 02:36:09 +0000] [288] [INFO] Booting worker with pid: 288
[2026-03-27 02:36:09 +0000] [264] [INFO] Started server process [264]
[2026-03-27 02:36:09 +0000] [264] [INFO] Waiting for application startup.
[2026-03-27 02:36:09 +0000] [264] [INFO] Application startup complete.
[2026-03-27 02:36:09 +0000] [294] [INFO] Booting worker with pid: 294
[2026-03-27 02:36:09 +0000] [295] [INFO] Booting worker with pid: 295
[2026-03-27 02:36:09 +0000] [298] [INFO] Booting worker with pid: 298
[2026-03-27 02:36:09 +0000] [269] [INFO] Started server process [269]
[2026-03-27 02:36:09 +0000] [269] [INFO] Waiting for application startup.
[2026-03-27 02:36:09 +0000] [270] [INFO] Started server process [270]
[2026-03-27 02:36:09 +0000] [270] [INFO] Waiting for application startup.
[2026-03-27 02:36:09 +0000] [269] [INFO] Application startup complete.
[2026-03-27 02:36:09 +0000] [270] [INFO] Application startup complete.
[2026-03-27 02:36:09 +0000] [276] [INFO] Started server process [276]
[2026-03-27 02:36:09 +0000] [276] [INFO] Waiting for application startup.
[2026-03-27 02:36:09 +0000] [308] [INFO] Booting worker with pid: 308
[2026-03-27 02:36:09 +0000] [276] [INFO] Application startup complete.
[2026-03-27 02:36:09 +0000] [282] [INFO] Started server process [282]
[2026-03-27 02:36:09 +0000] [282] [INFO] Waiting for application startup.
[2026-03-27 02:36:09 +0000] [314] [INFO] Booting worker with pid: 314
[2026-03-27 02:36:09 +0000] [282] [INFO] Application startup complete.
[2026-03-27 02:36:09 +0000] [319] [INFO] Booting worker with pid: 319
[2026-03-27 02:36:09 +0000] [321] [INFO] Booting worker with pid: 321
[2026-03-27 02:36:09 +0000] [288] [INFO] Started server process [288]
[2026-03-27 02:36:09 +0000] [288] [INFO] Waiting for application startup.
[2026-03-27 02:36:09 +0000] [288] [INFO] Application startup complete.
[2026-03-27 02:36:09 +0000] [294] [INFO] Started server process [294]
[2026-03-27 02:36:09 +0000] [294] [INFO] Waiting for application startup.
[2026-03-27 02:36:09 +0000] [294] [INFO] Application startup complete.
[2026-03-27 02:36:09 +0000] [295] [INFO] Started server process [295]
[2026-03-27 02:36:09 +0000] [295] [INFO] Waiting for application startup.
[2026-03-27 02:36:09 +0000] [295] [INFO] Application startup complete.
[2026-03-27 02:36:09 +0000] [298] [INFO] Started server process [298]
[2026-03-27 02:36:09 +0000] [298] [INFO] Waiting for application startup.
[2026-03-27 02:36:09 +0000] [338] [INFO] Booting worker with pid: 338
[2026-03-27 02:36:09 +0000] [298] [INFO] Application startup complete.
[2026-03-27 02:36:09 +0000] [308] [INFO] Started server process [308]
[2026-03-27 02:36:09 +0000] [308] [INFO] Waiting for application startup.
[2026-03-27 02:36:09 +0000] [308] [INFO] Application startup complete.
[2026-03-27 02:36:10 +0000] [347] [INFO] Booting worker with pid: 347
[2026-03-27 02:36:10 +0000] [314] [INFO] Started server process [314]
[2026-03-27 02:36:10 +0000] [314] [INFO] Waiting for application startup.
[2026-03-27 02:36:10 +0000] [314] [INFO] Application startup complete.
[2026-03-27 02:36:10 +0000] [353] [INFO] Booting worker with pid: 353
[2026-03-27 02:36:10 +0000] [319] [INFO] Started server process [319]
[2026-03-27 02:36:10 +0000] [319] [INFO] Waiting for application startup.
[2026-03-27 02:36:10 +0000] [319] [INFO] Application startup complete.
[2026-03-27 02:36:10 +0000] [321] [INFO] Started server process [321]
[2026-03-27 02:36:10 +0000] [321] [INFO] Waiting for application startup.
[2026-03-27 02:36:10 +0000] [321] [INFO] Application startup complete.
[2026-03-27 02:36:10 +0000] [364] [INFO] Booting worker with pid: 364
[2026-03-27 02:36:10 +0000] [365] [INFO] Booting worker with pid: 365
[2026-03-27 02:36:10 +0000] [338] [INFO] Started server process [338]
[2026-03-27 02:36:10 +0000] [338] [INFO] Waiting for application startup.
[2026-03-27 02:36:10 +0000] [338] [INFO] Application startup complete.
[2026-03-27 02:36:10 +0000] [371] [INFO] Booting worker with pid: 371
[2026-03-27 02:36:10 +0000] [347] [INFO] Started server process [347]
[2026-03-27 02:36:10 +0000] [347] [INFO] Waiting for application startup.
[2026-03-27 02:36:10 +0000] [347] [INFO] Application startup complete.
[2026-03-27 02:36:10 +0000] [377] [INFO] Booting worker with pid: 377
[2026-03-27 02:36:10 +0000] [353] [INFO] Started server process [353]
[2026-03-27 02:36:10 +0000] [353] [INFO] Waiting for application startup.
[2026-03-27 02:36:10 +0000] [379] [INFO] Booting worker with pid: 379
[2026-03-27 02:36:10 +0000] [353] [INFO] Application startup complete.
[2026-03-27 02:36:10 +0000] [385] [INFO] Booting worker with pid: 385
[2026-03-27 02:36:10 +0000] [364] [INFO] Started server process [364]
[2026-03-27 02:36:10 +0000] [364] [INFO] Waiting for application startup.
[2026-03-27 02:36:10 +0000] [364] [INFO] Application startup complete.
[2026-03-27 02:36:10 +0000] [365] [INFO] Started server process [365]
[2026-03-27 02:36:10 +0000] [365] [INFO] Waiting for application startup.
[2026-03-27 02:36:10 +0000] [395] [INFO] Booting worker with pid: 395
[2026-03-27 02:36:10 +0000] [365] [INFO] Application startup complete.
[2026-03-27 02:36:10 +0000] [371] [INFO] Started server process [371]
[2026-03-27 02:36:10 +0000] [371] [INFO] Waiting for application startup.
[2026-03-27 02:36:10 +0000] [371] [INFO] Application startup complete.
[2026-03-27 02:36:10 +0000] [401] [INFO] Booting worker with pid: 401
[2026-03-27 02:36:10 +0000] [403] [INFO] Booting worker with pid: 403
[2026-03-27 02:36:10 +0000] [377] [INFO] Started server process [377]
[2026-03-27 02:36:10 +0000] [377] [INFO] Waiting for application startup.
[2026-03-27 02:36:10 +0000] [377] [INFO] Application startup complete.
[2026-03-27 02:36:10 +0000] [379] [INFO] Started server process [379]
[2026-03-27 02:36:10 +0000] [379] [INFO] Waiting for application startup.
[2026-03-27 02:36:10 +0000] [379] [INFO] Application startup complete.
[2026-03-27 02:36:10 +0000] [385] [INFO] Started server process [385]
[2026-03-27 02:36:10 +0000] [385] [INFO] Waiting for application startup.
[2026-03-27 02:36:10 +0000] [414] [INFO] Booting worker with pid: 414
[2026-03-27 02:36:10 +0000] [385] [INFO] Application startup complete.
[2026-03-27 02:36:10 +0000] [419] [INFO] Booting worker with pid: 419
[2026-03-27 02:36:10 +0000] [395] [INFO] Started server process [395]
[2026-03-27 02:36:10 +0000] [395] [INFO] Waiting for application startup.
[2026-03-27 02:36:10 +0000] [395] [INFO] Application startup complete.
[2026-03-27 02:36:10 +0000] [425] [INFO] Booting worker with pid: 425
[2026-03-27 02:36:10 +0000] [401] [INFO] Started server process [401]
[2026-03-27 02:36:10 +0000] [401] [INFO] Waiting for application startup.
[2026-03-27 02:36:10 +0000] [401] [INFO] Application startup complete.
[2026-03-27 02:36:10 +0000] [432] [INFO] Booting worker with pid: 432
[2026-03-27 02:36:10 +0000] [403] [INFO] Started server process [403]
[2026-03-27 02:36:10 +0000] [403] [INFO] Waiting for application startup.
[2026-03-27 02:36:10 +0000] [403] [INFO] Application startup complete.
[2026-03-27 02:36:10 +0000] [437] [INFO] Booting worker with pid: 437
[2026-03-27 02:36:10 +0000] [414] [INFO] Started server process [414]
[2026-03-27 02:36:10 +0000] [414] [INFO] Waiting for application startup.
[2026-03-27 02:36:10 +0000] [443] [INFO] Booting worker with pid: 443
[2026-03-27 02:36:10 +0000] [414] [INFO] Application startup complete.
[2026-03-27 02:36:11 +0000] [445] [INFO] Booting worker with pid: 445
[2026-03-27 02:36:11 +0000] [419] [INFO] Started server process [419]
[2026-03-27 02:36:11 +0000] [419] [INFO] Waiting for application startup.
[2026-03-27 02:36:11 +0000] [419] [INFO] Application startup complete.
[2026-03-27 02:36:11 +0000] [450] [INFO] Booting worker with pid: 450
[2026-03-27 02:36:11 +0000] [425] [INFO] Started server process [425]
[2026-03-27 02:36:11 +0000] [425] [INFO] Waiting for application startup.
[2026-03-27 02:36:11 +0000] [456] [INFO] Booting worker with pid: 456
[2026-03-27 02:36:11 +0000] [425] [INFO] Application startup complete.
[2026-03-27 02:36:11 +0000] [457] [INFO] Booting worker with pid: 457
[2026-03-27 02:36:11 +0000] [432] [INFO] Started server process [432]
[2026-03-27 02:36:11 +0000] [432] [INFO] Waiting for application startup.
[2026-03-27 02:36:11 +0000] [432] [INFO] Application startup complete.
[2026-03-27 02:36:11 +0000] [464] [INFO] Booting worker with pid: 464
[2026-03-27 02:36:11 +0000] [437] [INFO] Started server process [437]
[2026-03-27 02:36:11 +0000] [437] [INFO] Waiting for application startup.
[2026-03-27 02:36:11 +0000] [437] [INFO] Application startup complete.
[2026-03-27 02:36:11 +0000] [443] [INFO] Started server process [443]
[2026-03-27 02:36:11 +0000] [443] [INFO] Waiting for application startup.
[2026-03-27 02:36:11 +0000] [443] [INFO] Application startup complete.
[2026-03-27 02:36:11 +0000] [475] [INFO] Booting worker with pid: 475
[2026-03-27 02:36:11 +0000] [445] [INFO] Started server process [445]
[2026-03-27 02:36:11 +0000] [445] [INFO] Waiting for application startup.
[2026-03-27 02:36:11 +0000] [445] [INFO] Application startup complete.
[2026-03-27 02:36:11 +0000] [450] [INFO] Started server process [450]
[2026-03-27 02:36:11 +0000] [450] [INFO] Waiting for application startup.
[2026-03-27 02:36:11 +0000] [450] [INFO] Application startup complete.
[2026-03-27 02:36:11 +0000] [456] [INFO] Started server process [456]
[2026-03-27 02:36:11 +0000] [456] [INFO] Waiting for application startup.
[2026-03-27 02:36:11 +0000] [490] [INFO] Booting worker with pid: 490
[2026-03-27 02:36:11 +0000] [456] [INFO] Application startup complete.
[2026-03-27 02:36:11 +0000] [457] [INFO] Started server process [457]
[2026-03-27 02:36:11 +0000] [457] [INFO] Waiting for application startup.
[2026-03-27 02:36:11 +0000] [496] [INFO] Booting worker with pid: 496
[2026-03-27 02:36:11 +0000] [457] [INFO] Application startup complete.
[2026-03-27 02:36:11 +0000] [497] [INFO] Booting worker with pid: 497
[2026-03-27 02:36:11 +0000] [499] [INFO] Booting worker with pid: 499
[2026-03-27 02:36:11 +0000] [464] [INFO] Started server process [464]
[2026-03-27 02:36:11 +0000] [464] [INFO] Waiting for application startup.
[2026-03-27 02:36:11 +0000] [464] [INFO] Application startup complete.
[2026-03-27 02:36:11 +0000] [475] [INFO] Started server process [475]
[2026-03-27 02:36:11 +0000] [475] [INFO] Waiting for application startup.
[2026-03-27 02:36:11 +0000] [505] [INFO] Booting worker with pid: 505
[2026-03-27 02:36:11 +0000] [475] [INFO] Application startup complete.
[2026-03-27 02:36:11 +0000] [490] [INFO] Started server process [490]
[2026-03-27 02:36:11 +0000] [490] [INFO] Waiting for application startup.
[2026-03-27 02:36:11 +0000] [490] [INFO] Application startup complete.
[2026-03-27 02:36:11 +0000] [515] [INFO] Booting worker with pid: 515
[2026-03-27 02:36:11 +0000] [497] [INFO] Started server process [497]
[2026-03-27 02:36:11 +0000] [497] [INFO] Waiting for application startup.
[2026-03-27 02:36:11 +0000] [496] [INFO] Started server process [496]
[2026-03-27 02:36:11 +0000] [496] [INFO] Waiting for application startup.
[2026-03-27 02:36:11 +0000] [496] [INFO] Application startup complete.
[2026-03-27 02:36:11 +0000] [497] [INFO] Application startup complete.
[2026-03-27 02:36:11 +0000] [526] [INFO] Booting worker with pid: 526
[2026-03-27 02:36:11 +0000] [528] [INFO] Booting worker with pid: 528
[2026-03-27 02:36:11 +0000] [499] [INFO] Started server process [499]
[2026-03-27 02:36:11 +0000] [499] [INFO] Waiting for application startup.
[2026-03-27 02:36:11 +0000] [499] [INFO] Application startup complete.
[2026-03-27 02:36:11 +0000] [533] [INFO] Booting worker with pid: 533
[2026-03-27 02:36:11 +0000] [505] [INFO] Started server process [505]
[2026-03-27 02:36:11 +0000] [505] [INFO] Waiting for application startup.
[2026-03-27 02:36:11 +0000] [539] [INFO] Booting worker with pid: 539
[2026-03-27 02:36:11 +0000] [505] [INFO] Application startup complete.
[2026-03-27 02:36:11 +0000] [540] [INFO] Booting worker with pid: 540
[2026-03-27 02:36:11 +0000] [542] [INFO] Booting worker with pid: 542
[2026-03-27 02:36:11 +0000] [515] [INFO] Started server process [515]
[2026-03-27 02:36:11 +0000] [515] [INFO] Waiting for application startup.
[2026-03-27 02:36:11 +0000] [515] [INFO] Application startup complete.
[2026-03-27 02:36:12 +0000] [526] [INFO] Started server process [526]
[2026-03-27 02:36:12 +0000] [526] [INFO] Waiting for application startup.
[2026-03-27 02:36:12 +0000] [526] [INFO] Application startup complete.
[2026-03-27 02:36:12 +0000] [552] [INFO] Booting worker with pid: 552
[2026-03-27 02:36:12 +0000] [528] [INFO] Started server process [528]
[2026-03-27 02:36:12 +0000] [528] [INFO] Waiting for application startup.
[2026-03-27 02:36:12 +0000] [528] [INFO] Application startup complete.
[2026-03-27 02:36:12 +0000] [533] [INFO] Started server process [533]
[2026-03-27 02:36:12 +0000] [533] [INFO] Waiting for application startup.
[2026-03-27 02:36:12 +0000] [533] [INFO] Application startup complete.
[2026-03-27 02:36:12 +0000] [563] [INFO] Booting worker with pid: 563
[2026-03-27 02:36:12 +0000] [565] [INFO] Booting worker with pid: 565
[2026-03-27 02:36:12 +0000] [539] [INFO] Started server process [539]
[2026-03-27 02:36:12 +0000] [539] [INFO] Waiting for application startup.
[2026-03-27 02:36:12 +0000] [539] [INFO] Application startup complete.
[2026-03-27 02:36:12 +0000] [540] [INFO] Started server process [540]
[2026-03-27 02:36:12 +0000] [540] [INFO] Waiting for application startup.
[2026-03-27 02:36:12 +0000] [540] [INFO] Application startup complete.
[2026-03-27 02:36:12 +0000] [542] [INFO] Started server process [542]
[2026-03-27 02:36:12 +0000] [542] [INFO] Waiting for application startup.
[2026-03-27 02:36:12 +0000] [542] [INFO] Application startup complete.
[2026-03-27 02:36:12 +0000] [580] [INFO] Booting worker with pid: 580
[2026-03-27 02:36:12 +0000] [582] [INFO] Booting worker with pid: 582
[2026-03-27 02:36:12 +0000] [552] [INFO] Started server process [552]
[2026-03-27 02:36:12 +0000] [552] [INFO] Waiting for application startup.
[2026-03-27 02:36:12 +0000] [552] [INFO] Application startup complete.
[2026-03-27 02:36:12 +0000] [587] [INFO] Booting worker with pid: 587
[2026-03-27 02:36:12 +0000] [589] [INFO] Booting worker with pid: 589
[2026-03-27 02:36:12 +0000] [563] [INFO] Started server process [563]
[2026-03-27 02:36:12 +0000] [563] [INFO] Waiting for application startup.
[2026-03-27 02:36:12 +0000] [563] [INFO] Application startup complete.
[2026-03-27 02:36:12 +0000] [565] [INFO] Started server process [565]
[2026-03-27 02:36:12 +0000] [565] [INFO] Waiting for application startup.
[2026-03-27 02:36:12 +0000] [565] [INFO] Application startup complete.
[2026-03-27 02:36:12 +0000] [599] [INFO] Booting worker with pid: 599
[2026-03-27 02:36:12 +0000] [601] [INFO] Booting worker with pid: 601
[2026-03-27 02:36:12 +0000] [580] [INFO] Started server process [580]
[2026-03-27 02:36:12 +0000] [580] [INFO] Waiting for application startup.
[2026-03-27 02:36:12 +0000] [580] [INFO] Application startup complete.
[2026-03-27 02:36:12 +0000] [606] [INFO] Booting worker with pid: 606
[2026-03-27 02:36:12 +0000] [582] [INFO] Started server process [582]
[2026-03-27 02:36:12 +0000] [582] [INFO] Waiting for application startup.
[2026-03-27 02:36:12 +0000] [582] [INFO] Application startup complete.
[2026-03-27 02:36:12 +0000] [587] [INFO] Started server process [587]
[2026-03-27 02:36:12 +0000] [587] [INFO] Waiting for application startup.
[2026-03-27 02:36:12 +0000] [587] [INFO] Application startup complete.
[2026-03-27 02:36:12 +0000] [617] [INFO] Booting worker with pid: 617
[2026-03-27 02:36:12 +0000] [589] [INFO] Started server process [589]
[2026-03-27 02:36:12 +0000] [589] [INFO] Waiting for application startup.
[2026-03-27 02:36:12 +0000] [589] [INFO] Application startup complete.
[2026-03-27 02:36:12 +0000] [623] [INFO] Booting worker with pid: 623
[2026-03-27 02:36:12 +0000] [625] [INFO] Booting worker with pid: 625
[2026-03-27 02:36:12 +0000] [599] [INFO] Started server process [599]
[2026-03-27 02:36:12 +0000] [599] [INFO] Waiting for application startup.
[2026-03-27 02:36:12 +0000] [599] [INFO] Application startup complete.
[2026-03-27 02:36:12 +0000] [601] [INFO] Started server process [601]
[2026-03-27 02:36:12 +0000] [601] [INFO] Waiting for application startup.
[2026-03-27 02:36:12 +0000] [601] [INFO] Application startup complete.
[2026-03-27 02:36:12 +0000] [635] [INFO] Booting worker with pid: 635
[2026-03-27 02:36:12 +0000] [637] [INFO] Booting worker with pid: 637
[2026-03-27 02:36:12 +0000] [606] [INFO] Started server process [606]
[2026-03-27 02:36:12 +0000] [606] [INFO] Waiting for application startup.
[2026-03-27 02:36:12 +0000] [606] [INFO] Application startup complete.
[2026-03-27 02:36:12 +0000] [617] [INFO] Started server process [617]
[2026-03-27 02:36:12 +0000] [617] [INFO] Waiting for application startup.
[2026-03-27 02:36:12 +0000] [617] [INFO] Application startup complete.
[2026-03-27 02:36:12 +0000] [647] [INFO] Booting worker with pid: 647
[2026-03-27 02:36:12 +0000] [623] [INFO] Started server process [623]
[2026-03-27 02:36:12 +0000] [623] [INFO] Waiting for application startup.
[2026-03-27 02:36:12 +0000] [623] [INFO] Application startup complete.
[2026-03-27 02:36:13 +0000] [653] [INFO] Booting worker with pid: 653
[2026-03-27 02:36:13 +0000] [625] [INFO] Started server process [625]
[2026-03-27 02:36:13 +0000] [625] [INFO] Waiting for application startup.
[2026-03-27 02:36:13 +0000] [625] [INFO] Application startup complete.
[2026-03-27 02:36:13 +0000] [659] [INFO] Booting worker with pid: 659
[2026-03-27 02:36:13 +0000] [661] [INFO] Booting worker with pid: 661
[2026-03-27 02:36:13 +0000] [635] [INFO] Started server process [635]
[2026-03-27 02:36:13 +0000] [635] [INFO] Waiting for application startup.
[2026-03-27 02:36:13 +0000] [635] [INFO] Application startup complete.
[2026-03-27 02:36:13 +0000] [637] [INFO] Started server process [637]
[2026-03-27 02:36:13 +0000] [637] [INFO] Waiting for application startup.
[2026-03-27 02:36:13 +0000] [637] [INFO] Application startup complete.
[2026-03-27 02:36:13 +0000] [671] [INFO] Booting worker with pid: 671
[2026-03-27 02:36:13 +0000] [672] [INFO] Booting worker with pid: 672
[2026-03-27 02:36:13 +0000] [647] [INFO] Started server process [647]
[2026-03-27 02:36:13 +0000] [647] [INFO] Waiting for application startup.
[2026-03-27 02:36:13 +0000] [647] [INFO] Application startup complete.
[2026-03-27 02:36:13 +0000] [653] [INFO] Started server process [653]
[2026-03-27 02:36:13 +0000] [653] [INFO] Waiting for application startup.
[2026-03-27 02:36:13 +0000] [679] [INFO] Booting worker with pid: 679
[2026-03-27 02:36:13 +0000] [653] [INFO] Application startup complete.
[2026-03-27 02:36:13 +0000] [684] [INFO] Booting worker with pid: 684
[2026-03-27 02:36:13 +0000] [659] [INFO] Started server process [659]
[2026-03-27 02:36:13 +0000] [659] [INFO] Waiting for application startup.
[2026-03-27 02:36:13 +0000] [659] [INFO] Application startup complete.
[2026-03-27 02:36:13 +0000] [691] [INFO] Booting worker with pid: 691
[2026-03-27 02:36:13 +0000] [661] [INFO] Started server process [661]
[2026-03-27 02:36:13 +0000] [661] [INFO] Waiting for application startup.
[2026-03-27 02:36:13 +0000] [661] [INFO] Application startup complete.
[2026-03-27 02:36:13 +0000] [697] [INFO] Booting worker with pid: 697
[2026-03-27 02:36:13 +0000] [671] [INFO] Started server process [671]
[2026-03-27 02:36:13 +0000] [671] [INFO] Waiting for application startup.
[2026-03-27 02:36:13 +0000] [671] [INFO] Application startup complete.
[2026-03-27 02:36:13 +0000] [672] [INFO] Started server process [672]
[2026-03-27 02:36:13 +0000] [672] [INFO] Waiting for application startup.
[2026-03-27 02:36:13 +0000] [672] [INFO] Application startup complete.
[2026-03-27 02:36:13 +0000] [708] [INFO] Booting worker with pid: 708
[2026-03-27 02:36:13 +0000] [679] [INFO] Started server process [679]
[2026-03-27 02:36:13 +0000] [679] [INFO] Waiting for application startup.
[2026-03-27 02:36:13 +0000] [679] [INFO] Application startup complete.
[2026-03-27 02:36:13 +0000] [684] [INFO] Started server process [684]
[2026-03-27 02:36:13 +0000] [684] [INFO] Waiting for application startup.
[2026-03-27 02:36:13 +0000] [684] [INFO] Application startup complete.
[2026-03-27 02:36:13 +0000] [718] [INFO] Booting worker with pid: 718
[2026-03-27 02:36:13 +0000] [691] [INFO] Started server process [691]
[2026-03-27 02:36:13 +0000] [691] [INFO] Waiting for application startup.
[2026-03-27 02:36:13 +0000] [720] [INFO] Booting worker with pid: 720
[2026-03-27 02:36:13 +0000] [691] [INFO] Application startup complete.
[2026-03-27 02:36:13 +0000] [726] [INFO] Booting worker with pid: 726
[2026-03-27 02:36:13 +0000] [697] [INFO] Started server process [697]
[2026-03-27 02:36:13 +0000] [697] [INFO] Waiting for application startup.
[2026-03-27 02:36:13 +0000] [697] [INFO] Application startup complete.
[2026-03-27 02:36:13 +0000] [708] [INFO] Started server process [708]
[2026-03-27 02:36:13 +0000] [708] [INFO] Waiting for application startup.
[2026-03-27 02:36:13 +0000] [732] [INFO] Booting worker with pid: 732
[2026-03-27 02:36:13 +0000] [708] [INFO] Application startup complete.
[2026-03-27 02:36:13 +0000] [737] [INFO] Booting worker with pid: 737
[2026-03-27 02:36:13 +0000] [718] [INFO] Started server process [718]
[2026-03-27 02:36:13 +0000] [718] [INFO] Waiting for application startup.
[2026-03-27 02:36:13 +0000] [718] [INFO] Application startup complete.
[2026-03-27 02:36:13 +0000] [743] [INFO] Booting worker with pid: 743
[2026-03-27 02:36:13 +0000] [720] [INFO] Started server process [720]
[2026-03-27 02:36:13 +0000] [720] [INFO] Waiting for application startup.
[2026-03-27 02:36:13 +0000] [720] [INFO] Application startup complete.
[2026-03-27 02:36:13 +0000] [749] [INFO] Booting worker with pid: 749
[2026-03-27 02:36:14 +0000] [726] [INFO] Started server process [726]
[2026-03-27 02:36:14 +0000] [726] [INFO] Waiting for application startup.
[2026-03-27 02:36:14 +0000] [751] [INFO] Booting worker with pid: 751
[2026-03-27 02:36:14 +0000] [726] [INFO] Application startup complete.
[2026-03-27 02:36:14 +0000] [756] [INFO] Booting worker with pid: 756
[2026-03-27 02:36:14 +0000] [732] [INFO] Started server process [732]
[2026-03-27 02:36:14 +0000] [732] [INFO] Waiting for application startup.
[2026-03-27 02:36:14 +0000] [732] [INFO] Application startup complete.
[2026-03-27 02:36:14 +0000] [737] [INFO] Started server process [737]
[2026-03-27 02:36:14 +0000] [737] [INFO] Waiting for application startup.
[2026-03-27 02:36:14 +0000] [737] [INFO] Application startup complete.
[2026-03-27 02:36:14 +0000] [767] [INFO] Booting worker with pid: 767
[2026-03-27 02:36:14 +0000] [743] [INFO] Started server process [743]
[2026-03-27 02:36:14 +0000] [743] [INFO] Waiting for application startup.
[2026-03-27 02:36:14 +0000] [743] [INFO] Application startup complete.
[2026-03-27 02:36:14 +0000] [773] [INFO] Booting worker with pid: 773
[2026-03-27 02:36:14 +0000] [749] [INFO] Started server process [749]
[2026-03-27 02:36:14 +0000] [749] [INFO] Waiting for application startup.
[2026-03-27 02:36:14 +0000] [749] [INFO] Application startup complete.
[2026-03-27 02:36:14 +0000] [779] [INFO] Booting worker with pid: 779
[2026-03-27 02:36:14 +0000] [751] [INFO] Started server process [751]
[2026-03-27 02:36:14 +0000] [751] [INFO] Waiting for application startup.
[2026-03-27 02:36:14 +0000] [751] [INFO] Application startup complete.
[2026-03-27 02:36:14 +0000] [785] [INFO] Booting worker with pid: 785
[2026-03-27 02:36:14 +0000] [756] [INFO] Started server process [756]
[2026-03-27 02:36:14 +0000] [756] [INFO] Waiting for application startup.
[2026-03-27 02:36:14 +0000] [756] [INFO] Application startup complete.
[2026-03-27 02:36:14 +0000] [791] [INFO] Booting worker with pid: 791
[2026-03-27 02:36:14 +0000] [767] [INFO] Started server process [767]
[2026-03-27 02:36:14 +0000] [767] [INFO] Waiting for application startup.
[2026-03-27 02:36:14 +0000] [767] [INFO] Application startup complete.
[2026-03-27 02:36:14 +0000] [797] [INFO] Booting worker with pid: 797
[2026-03-27 02:36:14 +0000] [798] [INFO] Booting worker with pid: 798
[2026-03-27 02:36:14 +0000] [773] [INFO] Started server process [773]
[2026-03-27 02:36:14 +0000] [773] [INFO] Waiting for application startup.
[2026-03-27 02:36:14 +0000] [773] [INFO] Application startup complete.
[2026-03-27 02:36:14 +0000] [804] [INFO] Booting worker with pid: 804
[2026-03-27 02:36:14 +0000] [779] [INFO] Started server process [779]
[2026-03-27 02:36:14 +0000] [779] [INFO] Waiting for application startup.
[2026-03-27 02:36:14 +0000] [779] [INFO] Application startup complete.
[2026-03-27 02:36:14 +0000] [785] [INFO] Started server process [785]
[2026-03-27 02:36:14 +0000] [785] [INFO] Waiting for application startup.
[2026-03-27 02:36:14 +0000] [785] [INFO] Application startup complete.
[2026-03-27 02:36:14 +0000] [815] [INFO] Booting worker with pid: 815
[2026-03-27 02:36:14 +0000] [791] [INFO] Started server process [791]
[2026-03-27 02:36:14 +0000] [791] [INFO] Waiting for application startup.
[2026-03-27 02:36:14 +0000] [817] [INFO] Booting worker with pid: 817
[2026-03-27 02:36:14 +0000] [791] [INFO] Application startup complete.
[2026-03-27 02:36:14 +0000] [797] [INFO] Started server process [797]
[2026-03-27 02:36:14 +0000] [797] [INFO] Waiting for application startup.
[2026-03-27 02:36:14 +0000] [824] [INFO] Booting worker with pid: 824
[2026-03-27 02:36:14 +0000] [798] [INFO] Started server process [798]
[2026-03-27 02:36:14 +0000] [798] [INFO] Waiting for application startup.
[2026-03-27 02:36:14 +0000] [797] [INFO] Application startup complete.
[2026-03-27 02:36:14 +0000] [798] [INFO] Application startup complete.
[2026-03-27 02:36:14 +0000] [804] [INFO] Started server process [804]
[2026-03-27 02:36:14 +0000] [804] [INFO] Waiting for application startup.
[2026-03-27 02:36:14 +0000] [834] [INFO] Booting worker with pid: 834
[2026-03-27 02:36:14 +0000] [804] [INFO] Application startup complete.
[2026-03-27 02:36:14 +0000] [839] [INFO] Booting worker with pid: 839
[2026-03-27 02:36:14 +0000] [815] [INFO] Started server process [815]
[2026-03-27 02:36:14 +0000] [815] [INFO] Waiting for application startup.
[2026-03-27 02:36:14 +0000] [815] [INFO] Application startup complete.
[2026-03-27 02:36:14 +0000] [845] [INFO] Booting worker with pid: 845
[2026-03-27 02:36:14 +0000] [846] [INFO] Booting worker with pid: 846
[2026-03-27 02:36:15 +0000] [847] [INFO] Booting worker with pid: 847
[2026-03-27 02:36:15 +0000] [848] [INFO] Booting worker with pid: 848
[2026-03-27 02:36:15 +0000] [851] [INFO] Booting worker with pid: 851
[2026-03-27 02:36:15 +0000] [824] [INFO] Started server process [824]
[2026-03-27 02:36:15 +0000] [824] [INFO] Waiting for application startup.
[2026-03-27 02:36:15 +0000] [824] [INFO] Application startup complete.
[2026-03-27 02:36:15 +0000] [856] [INFO] Booting worker with pid: 856
[2026-03-27 02:36:15 +0000] [817] [INFO] Started server process [817]
[2026-03-27 02:36:15 +0000] [817] [INFO] Waiting for application startup.
[2026-03-27 02:36:15 +0000] [817] [INFO] Application startup complete.
[2026-03-27 02:36:15 +0000] [861] [INFO] Booting worker with pid: 861
[2026-03-27 02:36:15 +0000] [834] [INFO] Started server process [834]
[2026-03-27 02:36:15 +0000] [834] [INFO] Waiting for application startup.
[2026-03-27 02:36:15 +0000] [834] [INFO] Application startup complete.
[2026-03-27 02:36:15 +0000] [867] [INFO] Booting worker with pid: 867
[2026-03-27 02:36:15 +0000] [868] [INFO] Booting worker with pid: 868
[2026-03-27 02:36:15 +0000] [846] [INFO] Started server process [846]
[2026-03-27 02:36:15 +0000] [846] [INFO] Waiting for application startup.
[2026-03-27 02:36:15 +0000] [846] [INFO] Application startup complete.
[2026-03-27 02:36:15 +0000] [847] [INFO] Started server process [847]
[2026-03-27 02:36:15 +0000] [847] [INFO] Waiting for application startup.
[2026-03-27 02:36:15 +0000] [875] [INFO] Booting worker with pid: 875
[2026-03-27 02:36:15 +0000] [847] [INFO] Application startup complete.
[2026-03-27 02:36:15 +0000] [880] [INFO] Booting worker with pid: 880
[2026-03-27 02:36:15 +0000] [848] [INFO] Started server process [848]
[2026-03-27 02:36:15 +0000] [848] [INFO] Waiting for application startup.
[2026-03-27 02:36:15 +0000] [848] [INFO] Application startup complete.
[2026-03-27 02:36:15 +0000] [888] [INFO] Booting worker with pid: 888
[2026-03-27 02:36:15 +0000] [851] [INFO] Started server process [851]
[2026-03-27 02:36:15 +0000] [851] [INFO] Waiting for application startup.
[2026-03-27 02:36:15 +0000] [845] [INFO] Started server process [845]
[2026-03-27 02:36:15 +0000] [845] [INFO] Waiting for application startup.
[2026-03-27 02:36:15 +0000] [845] [INFO] Application startup complete.
[2026-03-27 02:36:15 +0000] [851] [INFO] Application startup complete.
[2026-03-27 02:36:15 +0000] [897] [INFO] Booting worker with pid: 897
[2026-03-27 02:36:15 +0000] [898] [INFO] Booting worker with pid: 898
[2026-03-27 02:36:15 +0000] [839] [INFO] Started server process [839]
[2026-03-27 02:36:15 +0000] [839] [INFO] Waiting for application startup.
[2026-03-27 02:36:15 +0000] [900] [INFO] Booting worker with pid: 900
[2026-03-27 02:36:15 +0000] [839] [INFO] Application startup complete.
[2026-03-27 02:36:15 +0000] [906] [INFO] Booting worker with pid: 906
[2026-03-27 02:36:15 +0000] [856] [INFO] Started server process [856]
[2026-03-27 02:36:15 +0000] [856] [INFO] Waiting for application startup.
[2026-03-27 02:36:15 +0000] [908] [INFO] Booting worker with pid: 908
[2026-03-27 02:36:15 +0000] [856] [INFO] Application startup complete.
[2026-03-27 02:36:15 +0000] [867] [INFO] Started server process [867]
[2026-03-27 02:36:15 +0000] [867] [INFO] Waiting for application startup.
[2026-03-27 02:36:16 +0000] [867] [INFO] Application startup complete.
[2026-03-27 02:36:16 +0000] [917] [INFO] Booting worker with pid: 917
[2026-03-27 02:36:16 +0000] [918] [INFO] Booting worker with pid: 918
[2026-03-27 02:36:16 +0000] [880] [INFO] Started server process [880]
[2026-03-27 02:36:16 +0000] [880] [INFO] Waiting for application startup.
[2026-03-27 02:36:16 +0000] [920] [INFO] Booting worker with pid: 920
[2026-03-27 02:36:16 +0000] [880] [INFO] Application startup complete.
[2026-03-27 02:36:16 +0000] [927] [INFO] Booting worker with pid: 927
[2026-03-27 02:36:16 +0000] [929] [INFO] Booting worker with pid: 929
[2026-03-27 02:36:16 +0000] [868] [INFO] Started server process [868]
[2026-03-27 02:36:16 +0000] [868] [INFO] Waiting for application startup.
[2026-03-27 02:36:16 +0000] [888] [INFO] Started server process [888]
[2026-03-27 02:36:16 +0000] [888] [INFO] Waiting for application startup.
[2026-03-27 02:36:16 +0000] [868] [INFO] Application startup complete.
[2026-03-27 02:36:16 +0000] [888] [INFO] Application startup complete.
[2026-03-27 02:36:16 +0000] [861] [INFO] Started server process [861]
[2026-03-27 02:36:16 +0000] [861] [INFO] Waiting for application startup.
[2026-03-27 02:36:16 +0000] [938] [INFO] Booting worker with pid: 938
[2026-03-27 02:36:16 +0000] [861] [INFO] Application startup complete.
[2026-03-27 02:36:16 +0000] [897] [INFO] Started server process [897]
[2026-03-27 02:36:16 +0000] [897] [INFO] Waiting for application startup.
[2026-03-27 02:36:16 +0000] [875] [INFO] Started server process [875]
[2026-03-27 02:36:16 +0000] [875] [INFO] Waiting for application startup.
[2026-03-27 02:36:16 +0000] [897] [INFO] Application startup complete.
[2026-03-27 02:36:16 +0000] [875] [INFO] Application startup complete.
[2026-03-27 02:36:16 +0000] [953] [INFO] Booting worker with pid: 953
[2026-03-27 02:36:16 +0000] [898] [INFO] Started server process [898]
[2026-03-27 02:36:16 +0000] [898] [INFO] Waiting for application startup.
[2026-03-27 02:36:16 +0000] [955] [INFO] Booting worker with pid: 955
[2026-03-27 02:36:16 +0000] [898] [INFO] Application startup complete.
[2026-03-27 02:36:16 +0000] [961] [INFO] Booting worker with pid: 961
[2026-03-27 02:36:16 +0000] [908] [INFO] Started server process [908]
[2026-03-27 02:36:16 +0000] [908] [INFO] Waiting for application startup.
[2026-03-27 02:36:16 +0000] [908] [INFO] Application startup complete.
[2026-03-27 02:36:16 +0000] [918] [INFO] Started server process [918]
[2026-03-27 02:36:16 +0000] [918] [INFO] Waiting for application startup.
[2026-03-27 02:36:16 +0000] [967] [INFO] Booting worker with pid: 967
[2026-03-27 02:36:16 +0000] [918] [INFO] Application startup complete.
[2026-03-27 02:36:16 +0000] [973] [INFO] Booting worker with pid: 973
[2026-03-27 02:36:16 +0000] [906] [INFO] Started server process [906]
[2026-03-27 02:36:16 +0000] [906] [INFO] Waiting for application startup.
[2026-03-27 02:36:16 +0000] [906] [INFO] Application startup complete.
[2026-03-27 02:36:16 +0000] [920] [INFO] Started server process [920]
[2026-03-27 02:36:16 +0000] [920] [INFO] Waiting for application startup.
[2026-03-27 02:36:16 +0000] [920] [INFO] Application startup complete.
[2026-03-27 02:36:16 +0000] [983] [INFO] Booting worker with pid: 983
[2026-03-27 02:36:16 +0000] [938] [INFO] Started server process [938]
[2026-03-27 02:36:16 +0000] [938] [INFO] Waiting for application startup.
[2026-03-27 02:36:16 +0000] [986] [INFO] Booting worker with pid: 986
[2026-03-27 02:36:16 +0000] [938] [INFO] Application startup complete.
[2026-03-27 02:36:16 +0000] [991] [INFO] Booting worker with pid: 991
[2026-03-27 02:36:16 +0000] [900] [INFO] Started server process [900]
[2026-03-27 02:36:16 +0000] [900] [INFO] Waiting for application startup.
[2026-03-27 02:36:16 +0000] [900] [INFO] Application startup complete.
[2026-03-27 02:36:16 +0000] [997] [INFO] Booting worker with pid: 997
[2026-03-27 02:36:16 +0000] [998] [INFO] Booting worker with pid: 998
[2026-03-27 02:36:16 +0000] [917] [INFO] Started server process [917]
[2026-03-27 02:36:16 +0000] [917] [INFO] Waiting for application startup.
[2026-03-27 02:36:16 +0000] [917] [INFO] Application startup complete.
[2026-03-27 02:36:16 +0000] [927] [INFO] Started server process [927]
[2026-03-27 02:36:16 +0000] [927] [INFO] Waiting for application startup.
[2026-03-27 02:36:16 +0000] [1004] [INFO] Booting worker with pid: 1004
[2026-03-27 02:36:17 +0000] [927] [INFO] Application startup complete.
[2026-03-27 02:36:17 +0000] [1009] [INFO] Booting worker with pid: 1009
[2026-03-27 02:36:17 +0000] [1010] [INFO] Booting worker with pid: 1010
[2026-03-27 02:36:17 +0000] [929] [INFO] Started server process [929]
[2026-03-27 02:36:17 +0000] [929] [INFO] Waiting for application startup.
[2026-03-27 02:36:17 +0000] [1012] [INFO] Booting worker with pid: 1012
[2026-03-27 02:36:17 +0000] [929] [INFO] Application startup complete.
[2026-03-27 02:36:17 +0000] [955] [INFO] Started server process [955]
[2026-03-27 02:36:17 +0000] [1019] [INFO] Booting worker with pid: 1019
[2026-03-27 02:36:17 +0000] [955] [INFO] Waiting for application startup.
[2026-03-27 02:36:17 +0000] [961] [INFO] Started server process [961]
[2026-03-27 02:36:17 +0000] [961] [INFO] Waiting for application startup.
[2026-03-27 02:36:17 +0000] [961] [INFO] Application startup complete.
[2026-03-27 02:36:17 +0000] [955] [INFO] Application startup complete.
[2026-03-27 02:36:17 +0000] [973] [INFO] Started server process [973]
[2026-03-27 02:36:17 +0000] [973] [INFO] Waiting for application startup.
[2026-03-27 02:36:17 +0000] [973] [INFO] Application startup complete.
[2026-03-27 02:36:17 +0000] [1033] [INFO] Booting worker with pid: 1033
[2026-03-27 02:36:17 +0000] [967] [INFO] Started server process [967]
[2026-03-27 02:36:17 +0000] [967] [INFO] Waiting for application startup.
[2026-03-27 02:36:17 +0000] [967] [INFO] Application startup complete.
[2026-03-27 02:36:17 +0000] [983] [INFO] Started server process [983]
[2026-03-27 02:36:17 +0000] [983] [INFO] Waiting for application startup.
[2026-03-27 02:36:17 +0000] [983] [INFO] Application startup complete.
[2026-03-27 02:36:17 +0000] [1045] [INFO] Booting worker with pid: 1045
[2026-03-27 02:36:17 +0000] [986] [INFO] Started server process [986]
[2026-03-27 02:36:17 +0000] [986] [INFO] Waiting for application startup.
[2026-03-27 02:36:17 +0000] [986] [INFO] Application startup complete.
[2026-03-27 02:36:17 +0000] [1050] [INFO] Booting worker with pid: 1050
[2026-03-27 02:36:17 +0000] [991] [INFO] Started server process [991]
[2026-03-27 02:36:17 +0000] [991] [INFO] Waiting for application startup.
[2026-03-27 02:36:17 +0000] [991] [INFO] Application startup complete.
[2026-03-27 02:36:17 +0000] [1057] [INFO] Booting worker with pid: 1057
[2026-03-27 02:36:17 +0000] [998] [INFO] Started server process [998]
[2026-03-27 02:36:17 +0000] [998] [INFO] Waiting for application startup.
[2026-03-27 02:36:17 +0000] [998] [INFO] Application startup complete.
[2026-03-27 02:36:17 +0000] [1062] [INFO] Booting worker with pid: 1062
[2026-03-27 02:36:17 +0000] [953] [INFO] Started server process [953]
[2026-03-27 02:36:17 +0000] [953] [INFO] Waiting for application startup.
[2026-03-27 02:36:17 +0000] [1064] [INFO] Booting worker with pid: 1064
[2026-03-27 02:36:17 +0000] [953] [INFO] Application startup complete.
[2026-03-27 02:36:17 +0000] [1009] [INFO] Started server process [1009]
[2026-03-27 02:36:17 +0000] [1009] [INFO] Waiting for application startup.
[2026-03-27 02:36:17 +0000] [1004] [INFO] Started server process [1004]
[2026-03-27 02:36:17 +0000] [1004] [INFO] Waiting for application startup.
[2026-03-27 02:36:17 +0000] [1004] [INFO] Application startup complete.
[2026-03-27 02:36:17 +0000] [1009] [INFO] Application startup complete.
[2026-03-27 02:36:17 +0000] [1079] [INFO] Booting worker with pid: 1079
[2026-03-27 02:36:17 +0000] [997] [INFO] Started server process [997]
[2026-03-27 02:36:17 +0000] [997] [INFO] Waiting for application startup.
[2026-03-27 02:36:17 +0000] [997] [INFO] Application startup complete.
[2026-03-27 02:36:17 +0000] [1012] [INFO] Started server process [1012]
[2026-03-27 02:36:17 +0000] [1012] [INFO] Waiting for application startup.
[2026-03-27 02:36:17 +0000] [1012] [INFO] Application startup complete.
[2026-03-27 02:36:17 +0000] [1010] [INFO] Started server process [1010]
[2026-03-27 02:36:17 +0000] [1010] [INFO] Waiting for application startup.
[2026-03-27 02:36:17 +0000] [1092] [INFO] Booting worker with pid: 1092
[2026-03-27 02:36:17 +0000] [1033] [INFO] Started server process [1033]
[2026-03-27 02:36:17 +0000] [1033] [INFO] Waiting for application startup.
[2026-03-27 02:36:17 +0000] [1010] [INFO] Application startup complete.
[2026-03-27 02:36:17 +0000] [1033] [INFO] Application startup complete.
[2026-03-27 02:36:17 +0000] [1101] [INFO] Booting worker with pid: 1101
[2026-03-27 02:36:17 +0000] [1103] [INFO] Booting worker with pid: 1103
[2026-03-27 02:36:17 +0000] [1050] [INFO] Started server process [1050]
[2026-03-27 02:36:17 +0000] [1050] [INFO] Waiting for application startup.
[2026-03-27 02:36:17 +0000] [1050] [INFO] Application startup complete.
[2026-03-27 02:36:17 +0000] [1109] [INFO] Booting worker with pid: 1109
[2026-03-27 02:36:18 +0000] [1019] [INFO] Started server process [1019]
[2026-03-27 02:36:18 +0000] [1019] [INFO] Waiting for application startup.
[2026-03-27 02:36:18 +0000] [1019] [INFO] Application startup complete.
[2026-03-27 02:36:18 +0000] [1114] [INFO] Booting worker with pid: 1114
[2026-03-27 02:36:18 +0000] [1115] [INFO] Booting worker with pid: 1115
[2026-03-27 02:36:18 +0000] [1117] [INFO] Booting worker with pid: 1117
[2026-03-27 02:36:18 +0000] [1064] [INFO] Started server process [1064]
[2026-03-27 02:36:18 +0000] [1064] [INFO] Waiting for application startup.
[2026-03-27 02:36:18 +0000] [1118] [INFO] Booting worker with pid: 1118
[2026-03-27 02:36:18 +0000] [1064] [INFO] Application startup complete.
[2026-03-27 02:36:18 +0000] [1079] [INFO] Started server process [1079]
[2026-03-27 02:36:18 +0000] [1079] [INFO] Waiting for application startup.
[2026-03-27 02:36:18 +0000] [1128] [INFO] Booting worker with pid: 1128
[2026-03-27 02:36:18 +0000] [1079] [INFO] Application startup complete.
[2026-03-27 02:36:18 +0000] [1045] [INFO] Started server process [1045]
[2026-03-27 02:36:18 +0000] [1045] [INFO] Waiting for application startup.
[2026-03-27 02:36:18 +0000] [1130] [INFO] Booting worker with pid: 1130
[2026-03-27 02:36:18 +0000] [1045] [INFO] Application startup complete.
[2026-03-27 02:36:18 +0000] [1135] [INFO] Booting worker with pid: 1135
[2026-03-27 02:36:18 +0000] [1092] [INFO] Started server process [1092]
[2026-03-27 02:36:18 +0000] [1092] [INFO] Waiting for application startup.
[2026-03-27 02:36:18 +0000] [1092] [INFO] Application startup complete.
[2026-03-27 02:36:18 +0000] [1057] [INFO] Started server process [1057]
[2026-03-27 02:36:18 +0000] [1057] [INFO] Waiting for application startup.
[2026-03-27 02:36:18 +0000] [1057] [INFO] Application startup complete.
[2026-03-27 02:36:18 +0000] [1147] [INFO] Booting worker with pid: 1147
[2026-03-27 02:36:18 +0000] [1062] [INFO] Started server process [1062]
[2026-03-27 02:36:18 +0000] [1062] [INFO] Waiting for application startup.
[2026-03-27 02:36:18 +0000] [1062] [INFO] Application startup complete.
[2026-03-27 02:36:18 +0000] [1101] [INFO] Started server process [1101]
[2026-03-27 02:36:18 +0000] [1101] [INFO] Waiting for application startup.
[2026-03-27 02:36:18 +0000] [1101] [INFO] Application startup complete.
[2026-03-27 02:36:18 +0000] [1157] [INFO] Booting worker with pid: 1157
[2026-03-27 02:36:18 +0000] [1103] [INFO] Started server process [1103]
[2026-03-27 02:36:18 +0000] [1103] [INFO] Waiting for application startup.
[2026-03-27 02:36:18 +0000] [1103] [INFO] Application startup complete.
[2026-03-27 02:36:18 +0000] [1163] [INFO] Booting worker with pid: 1163
[2026-03-27 02:36:18 +0000] [1165] [INFO] Booting worker with pid: 1165
[2026-03-27 02:36:18 +0000] [1114] [INFO] Started server process [1114]
[2026-03-27 02:36:18 +0000] [1114] [INFO] Waiting for application startup.
[2026-03-27 02:36:18 +0000] [1114] [INFO] Application startup complete.
[2026-03-27 02:36:18 +0000] [1170] [INFO] Booting worker with pid: 1170
[2026-03-27 02:36:18 +0000] [1109] [INFO] Started server process [1109]
[2026-03-27 02:36:18 +0000] [1109] [INFO] Waiting for application startup.
[2026-03-27 02:36:18 +0000] [1109] [INFO] Application startup complete.
[2026-03-27 02:36:18 +0000] [1115] [INFO] Started server process [1115]
[2026-03-27 02:36:18 +0000] [1115] [INFO] Waiting for application startup.
[2026-03-27 02:36:18 +0000] [1128] [INFO] Started server process [1128]
[2026-03-27 02:36:18 +0000] [1128] [INFO] Waiting for application startup.
[2026-03-27 02:36:18 +0000] [1115] [INFO] Application startup complete.
[2026-03-27 02:36:18 +0000] [1182] [INFO] Booting worker with pid: 1182
[2026-03-27 02:36:18 +0000] [1128] [INFO] Application startup complete.
[2026-03-27 02:36:18 +0000] [1118] [INFO] Started server process [1118]
[2026-03-27 02:36:18 +0000] [1118] [INFO] Waiting for application startup.
[2026-03-27 02:36:18 +0000] [1118] [INFO] Application startup complete.
[2026-03-27 02:36:18 +0000] [1192] [INFO] Booting worker with pid: 1192
[2026-03-27 02:36:18 +0000] [1193] [INFO] Booting worker with pid: 1193
[2026-03-27 02:36:18 +0000] [1196] [INFO] Booting worker with pid: 1196
[2026-03-27 02:36:18 +0000] [1117] [INFO] Started server process [1117]
[2026-03-27 02:36:18 +0000] [1117] [INFO] Waiting for application startup.
[2026-03-27 02:36:18 +0000] [1147] [INFO] Started server process [1147]
[2026-03-27 02:36:18 +0000] [1147] [INFO] Waiting for application startup.
[2026-03-27 02:36:18 +0000] [1117] [INFO] Application startup complete.
[2026-03-27 02:36:18 +0000] [1207] [INFO] Booting worker with pid: 1207
[2026-03-27 02:36:19 +0000] [1130] [INFO] Started server process [1130]
[2026-03-27 02:36:19 +0000] [1130] [INFO] Waiting for application startup.
[2026-03-27 02:36:19 +0000] [1147] [INFO] Application startup complete.
[2026-03-27 02:36:19 +0000] [1157] [INFO] Started server process [1157]
[2026-03-27 02:36:19 +0000] [1157] [INFO] Waiting for application startup.
[2026-03-27 02:36:19 +0000] [1130] [INFO] Application startup complete.
[2026-03-27 02:36:19 +0000] [1157] [INFO] Application startup complete.
[2026-03-27 02:36:19 +0000] [1217] [INFO] Booting worker with pid: 1217
[2026-03-27 02:36:19 +0000] [1135] [INFO] Started server process [1135]
[2026-03-27 02:36:19 +0000] [1135] [INFO] Waiting for application startup.
[2026-03-27 02:36:19 +0000] [1135] [INFO] Application startup complete.
[2026-03-27 02:36:19 +0000] [1165] [INFO] Started server process [1165]
[2026-03-27 02:36:19 +0000] [1165] [INFO] Waiting for application startup.
[2026-03-27 02:36:19 +0000] [1165] [INFO] Application startup complete.
[2026-03-27 02:36:19 +0000] [1227] [INFO] Booting worker with pid: 1227
[2026-03-27 02:36:19 +0000] [1230] [INFO] Booting worker with pid: 1230
[2026-03-27 02:36:19 +0000] [1170] [INFO] Started server process [1170]
[2026-03-27 02:36:19 +0000] [1170] [INFO] Waiting for application startup.
[2026-03-27 02:36:19 +0000] [1163] [INFO] Started server process [1163]
[2026-03-27 02:36:19 +0000] [1163] [INFO] Waiting for application startup.
[2026-03-27 02:36:19 +0000] [1170] [INFO] Application startup complete.
[2026-03-27 02:36:19 +0000] [1163] [INFO] Application startup complete.
[2026-03-27 02:36:19 +0000] [1240] [INFO] Booting worker with pid: 1240
[2026-03-27 02:36:19 +0000] [1182] [INFO] Started server process [1182]
[2026-03-27 02:36:19 +0000] [1182] [INFO] Waiting for application startup.
[2026-03-27 02:36:19 +0000] [1182] [INFO] Application startup complete.
[2026-03-27 02:36:19 +0000] [1192] [INFO] Started server process [1192]
[2026-03-27 02:36:19 +0000] [1192] [INFO] Waiting for application startup.
[2026-03-27 02:36:19 +0000] [1246] [INFO] Booting worker with pid: 1246
[2026-03-27 02:36:19 +0000] [1192] [INFO] Application startup complete.
[2026-03-27 02:36:19 +0000] [1251] [INFO] Booting worker with pid: 1251
[2026-03-27 02:36:19 +0000] [1252] [INFO] Booting worker with pid: 1252
[2026-03-27 02:36:19 +0000] [1253] [INFO] Booting worker with pid: 1253
[2026-03-27 02:36:19 +0000] [1254] [INFO] Booting worker with pid: 1254
[2026-03-27 02:36:19 +0000] [1207] [INFO] Started server process [1207]
[2026-03-27 02:36:19 +0000] [1207] [INFO] Waiting for application startup.
[2026-03-27 02:36:19 +0000] [1207] [INFO] Application startup complete.
[2026-03-27 02:36:19 +0000] [1196] [INFO] Started server process [1196]
[2026-03-27 02:36:19 +0000] [1196] [INFO] Waiting for application startup.
[2026-03-27 02:36:19 +0000] [1196] [INFO] Application startup complete.
[2026-03-27 02:36:19 +0000] [1265] [INFO] Booting worker with pid: 1265
[2026-03-27 02:36:19 +0000] [1266] [INFO] Booting worker with pid: 1266
[2026-03-27 02:36:19 +0000] [1267] [INFO] Booting worker with pid: 1267
[2026-03-27 02:36:19 +0000] [1269] [INFO] Booting worker with pid: 1269
[2026-03-27 02:36:19 +0000] [1217] [INFO] Started server process [1217]
[2026-03-27 02:36:19 +0000] [1217] [INFO] Waiting for application startup.
[2026-03-27 02:36:19 +0000] [1217] [INFO] Application startup complete.
[2026-03-27 02:36:19 +0000] [1230] [INFO] Started server process [1230]
[2026-03-27 02:36:19 +0000] [1230] [INFO] Waiting for application startup.
[2026-03-27 02:36:19 +0000] [1230] [INFO] Application startup complete.
[2026-03-27 02:36:19 +0000] [1279] [INFO] Booting worker with pid: 1279
[2026-03-27 02:36:19 +0000] [1227] [INFO] Started server process [1227]
[2026-03-27 02:36:19 +0000] [1227] [INFO] Waiting for application startup.
[2026-03-27 02:36:19 +0000] [1240] [INFO] Started server process [1240]
[2026-03-27 02:36:19 +0000] [1240] [INFO] Waiting for application startup.
[2026-03-27 02:36:19 +0000] [1227] [INFO] Application startup complete.
[2026-03-27 02:36:19 +0000] [1240] [INFO] Application startup complete.
[2026-03-27 02:36:19 +0000] [1246] [INFO] Started server process [1246]
[2026-03-27 02:36:19 +0000] [1246] [INFO] Waiting for application startup.
[2026-03-27 02:36:19 +0000] [1246] [INFO] Application startup complete.
[2026-03-27 02:36:19 +0000] [1296] [INFO] Booting worker with pid: 1296
[2026-03-27 02:36:19 +0000] [1193] [INFO] Started server process [1193]
[2026-03-27 02:36:19 +0000] [1193] [INFO] Waiting for application startup.
[2026-03-27 02:36:19 +0000] [1193] [INFO] Application startup complete.
[2026-03-27 02:36:19 +0000] [1252] [INFO] Started server process [1252]
[2026-03-27 02:36:19 +0000] [1252] [INFO] Waiting for application startup.
[2026-03-27 02:36:19 +0000] [1252] [INFO] Application startup complete.
[2026-03-27 02:36:19 +0000] [1254] [INFO] Started server process [1254]
[2026-03-27 02:36:19 +0000] [1254] [INFO] Waiting for application startup.
[2026-03-27 02:36:19 +0000] [1254] [INFO] Application startup complete.
[2026-03-27 02:36:19 +0000] [1311] [INFO] Booting worker with pid: 1311
[2026-03-27 02:36:19 +0000] [1251] [INFO] Started server process [1251]
[2026-03-27 02:36:19 +0000] [1251] [INFO] Waiting for application startup.
[2026-03-27 02:36:19 +0000] [1251] [INFO] Application startup complete.
[2026-03-27 02:36:19 +0000] [1318] [INFO] Booting worker with pid: 1318
[2026-03-27 02:36:19 +0000] [1253] [INFO] Started server process [1253]
[2026-03-27 02:36:19 +0000] [1253] [INFO] Waiting for application startup.
[2026-03-27 02:36:19 +0000] [1253] [INFO] Application startup complete.
[2026-03-27 02:36:20 +0000] [1265] [INFO] Started server process [1265]
[2026-03-27 02:36:20 +0000] [1265] [INFO] Waiting for application startup.
[2026-03-27 02:36:20 +0000] [1265] [INFO] Application startup complete.
[2026-03-27 02:36:20 +0000] [1269] [INFO] Started server process [1269]
[2026-03-27 02:36:20 +0000] [1269] [INFO] Waiting for application startup.
[2026-03-27 02:36:20 +0000] [1330] [INFO] Booting worker with pid: 1330
[2026-03-27 02:36:20 +0000] [1266] [INFO] Started server process [1266]
[2026-03-27 02:36:20 +0000] [1266] [INFO] Waiting for application startup.
[2026-03-27 02:36:20 +0000] [1269] [INFO] Application startup complete.
[2026-03-27 02:36:20 +0000] [1266] [INFO] Application startup complete.
[2026-03-27 02:36:20 +0000] [1340] [INFO] Booting worker with pid: 1340
[2026-03-27 02:36:20 +0000] [1267] [INFO] Started server process [1267]
[2026-03-27 02:36:20 +0000] [1267] [INFO] Waiting for application startup.
[2026-03-27 02:36:20 +0000] [1267] [INFO] Application startup complete.
[2026-03-27 02:36:20 +0000] [1279] [INFO] Started server process [1279]
[2026-03-27 02:36:20 +0000] [1279] [INFO] Waiting for application startup.
[2026-03-27 02:36:20 +0000] [1279] [INFO] Application startup complete.
[2026-03-27 02:36:20 +0000] [1296] [INFO] Started server process [1296]
[2026-03-27 02:36:20 +0000] [1296] [INFO] Waiting for application startup.
[2026-03-27 02:36:20 +0000] [1296] [INFO] Application startup complete.
[2026-03-27 02:36:20 +0000] [1355] [INFO] Booting worker with pid: 1355
[2026-03-27 02:36:20 +0000] [1311] [INFO] Started server process [1311]
[2026-03-27 02:36:20 +0000] [1311] [INFO] Waiting for application startup.
[2026-03-27 02:36:20 +0000] [1311] [INFO] Application startup complete.
[2026-03-27 02:36:20 +0000] [1318] [INFO] Started server process [1318]
[2026-03-27 02:36:20 +0000] [1318] [INFO] Waiting for application startup.
[2026-03-27 02:36:20 +0000] [1362] [INFO] Booting worker with pid: 1362
[2026-03-27 02:36:20 +0000] [1318] [INFO] Application startup complete.
[2026-03-27 02:36:20 +0000] [1330] [INFO] Started server process [1330]
[2026-03-27 02:36:20 +0000] [1330] [INFO] Waiting for application startup.
[2026-03-27 02:36:20 +0000] [1340] [INFO] Started server process [1340]
[2026-03-27 02:36:20 +0000] [1340] [INFO] Waiting for application startup.
[2026-03-27 02:36:20 +0000] [1330] [INFO] Application startup complete.
[2026-03-27 02:36:20 +0000] [1340] [INFO] Application startup complete.
[2026-03-27 02:36:20 +0000] [1377] [INFO] Booting worker with pid: 1377
[2026-03-27 02:36:20 +0000] [1355] [INFO] Started server process [1355]
[2026-03-27 02:36:20 +0000] [1355] [INFO] Waiting for application startup.
[2026-03-27 02:36:20 +0000] [1355] [INFO] Application startup complete.
[2026-03-27 02:36:20 +0000] [1383] [INFO] Booting worker with pid: 1383
[2026-03-27 02:36:20 +0000] [1384] [INFO] Booting worker with pid: 1384
[2026-03-27 02:36:20 +0000] [1362] [INFO] Started server process [1362]
[2026-03-27 02:36:20 +0000] [1362] [INFO] Waiting for application startup.
[2026-03-27 02:36:20 +0000] [1362] [INFO] Application startup complete.
[2026-03-27 02:36:20 +0000] [1390] [INFO] Booting worker with pid: 1390
[2026-03-27 02:36:20 +0000] [1391] [INFO] Booting worker with pid: 1391
[2026-03-27 02:36:20 +0000] [1377] [INFO] Started server process [1377]
[2026-03-27 02:36:20 +0000] [1377] [INFO] Waiting for application startup.
[2026-03-27 02:36:20 +0000] [1377] [INFO] Application startup complete.
[2026-03-27 02:36:20 +0000] [1397] [INFO] Booting worker with pid: 1397
[2026-03-27 02:36:20 +0000] [1383] [INFO] Started server process [1383]
[2026-03-27 02:36:20 +0000] [1383] [INFO] Waiting for application startup.
[2026-03-27 02:36:20 +0000] [1383] [INFO] Application startup complete.
[2026-03-27 02:36:20 +0000] [1403] [INFO] Booting worker with pid: 1403
[2026-03-27 02:36:20 +0000] [1384] [INFO] Started server process [1384]
[2026-03-27 02:36:20 +0000] [1384] [INFO] Waiting for application startup.
[2026-03-27 02:36:20 +0000] [1384] [INFO] Application startup complete.
[2026-03-27 02:36:20 +0000] [1409] [INFO] Booting worker with pid: 1409
[2026-03-27 02:36:20 +0000] [1390] [INFO] Started server process [1390]
[2026-03-27 02:36:20 +0000] [1390] [INFO] Waiting for application startup.
[2026-03-27 02:36:20 +0000] [1390] [INFO] Application startup complete.
[2026-03-27 02:36:20 +0000] [1415] [INFO] Booting worker with pid: 1415
[2026-03-27 02:36:20 +0000] [1391] [INFO] Started server process [1391]
[2026-03-27 02:36:20 +0000] [1391] [INFO] Waiting for application startup.
[2026-03-27 02:36:20 +0000] [1391] [INFO] Application startup complete.
[2026-03-27 02:36:20 +0000] [1421] [INFO] Booting worker with pid: 1421
[2026-03-27 02:36:20 +0000] [1397] [INFO] Started server process [1397]
[2026-03-27 02:36:20 +0000] [1397] [INFO] Waiting for application startup.
[2026-03-27 02:36:20 +0000] [1397] [INFO] Application startup complete.
[2026-03-27 02:36:20 +0000] [1427] [INFO] Booting worker with pid: 1427
[2026-03-27 02:36:21 +0000] [1429] [INFO] Booting worker with pid: 1429
[2026-03-27 02:36:21 +0000] [1403] [INFO] Started server process [1403]
[2026-03-27 02:36:21 +0000] [1403] [INFO] Waiting for application startup.
[2026-03-27 02:36:21 +0000] [1403] [INFO] Application startup complete.
[2026-03-27 02:36:21 +0000] [1409] [INFO] Started server process [1409]
[2026-03-27 02:36:21 +0000] [1409] [INFO] Waiting for application startup.
[2026-03-27 02:36:21 +0000] [1409] [INFO] Application startup complete.
[2026-03-27 02:36:21 +0000] [1440] [INFO] Booting worker with pid: 1440
[2026-03-27 02:36:21 +0000] [1415] [INFO] Started server process [1415]
[2026-03-27 02:36:21 +0000] [1415] [INFO] Waiting for application startup.
[2026-03-27 02:36:21 +0000] [1415] [INFO] Application startup complete.
[2026-03-27 02:36:21 +0000] [1445] [INFO] Booting worker with pid: 1445
[2026-03-27 02:36:21 +0000] [1421] [INFO] Started server process [1421]
[2026-03-27 02:36:21 +0000] [1421] [INFO] Waiting for application startup.
[2026-03-27 02:36:21 +0000] [1421] [INFO] Application startup complete.
[2026-03-27 02:36:21 +0000] [1451] [INFO] Booting worker with pid: 1451
[2026-03-27 02:36:21 +0000] [1452] [INFO] Booting worker with pid: 1452
[2026-03-27 02:36:21 +0000] [1454] [INFO] Booting worker with pid: 1454
[2026-03-27 02:36:21 +0000] [1427] [INFO] Started server process [1427]
[2026-03-27 02:36:21 +0000] [1427] [INFO] Waiting for application startup.
[2026-03-27 02:36:21 +0000] [1427] [INFO] Application startup complete.
[2026-03-27 02:36:21 +0000] [1429] [INFO] Started server process [1429]
[2026-03-27 02:36:21 +0000] [1429] [INFO] Waiting for application startup.
[2026-03-27 02:36:21 +0000] [1429] [INFO] Application startup complete.
[2026-03-27 02:36:21 +0000] [1464] [INFO] Booting worker with pid: 1464
[2026-03-27 02:36:21 +0000] [1440] [INFO] Started server process [1440]
[2026-03-27 02:36:21 +0000] [1440] [INFO] Waiting for application startup.
[2026-03-27 02:36:21 +0000] [1466] [INFO] Booting worker with pid: 1466
[2026-03-27 02:36:21 +0000] [1440] [INFO] Application startup complete.
[2026-03-27 02:36:21 +0000] [1445] [INFO] Started server process [1445]
[2026-03-27 02:36:21 +0000] [1445] [INFO] Waiting for application startup.
[2026-03-27 02:36:21 +0000] [1445] [INFO] Application startup complete.
[2026-03-27 02:36:21 +0000] [1476] [INFO] Booting worker with pid: 1476
[2026-03-27 02:36:21 +0000] [1451] [INFO] Started server process [1451]
[2026-03-27 02:36:21 +0000] [1451] [INFO] Waiting for application startup.
[2026-03-27 02:36:21 +0000] [1451] [INFO] Application startup complete.
[2026-03-27 02:36:21 +0000] [1452] [INFO] Started server process [1452]
[2026-03-27 02:36:21 +0000] [1452] [INFO] Waiting for application startup.
[2026-03-27 02:36:21 +0000] [1452] [INFO] Application startup complete.
[2026-03-27 02:36:21 +0000] [1487] [INFO] Booting worker with pid: 1487
[2026-03-27 02:36:21 +0000] [1454] [INFO] Started server process [1454]
[2026-03-27 02:36:21 +0000] [1454] [INFO] Waiting for application startup.
[2026-03-27 02:36:21 +0000] [1454] [INFO] Application startup complete.
[2026-03-27 02:36:21 +0000] [1493] [INFO] Booting worker with pid: 1493
[2026-03-27 02:36:21 +0000] [1464] [INFO] Started server process [1464]
[2026-03-27 02:36:21 +0000] [1464] [INFO] Waiting for application startup.
[2026-03-27 02:36:21 +0000] [1464] [INFO] Application startup complete.
[2026-03-27 02:36:21 +0000] [1499] [INFO] Booting worker with pid: 1499
[2026-03-27 02:36:21 +0000] [1466] [INFO] Started server process [1466]
[2026-03-27 02:36:21 +0000] [1466] [INFO] Waiting for application startup.
[2026-03-27 02:36:21 +0000] [1466] [INFO] Application startup complete.
[2026-03-27 02:36:21 +0000] [1505] [INFO] Booting worker with pid: 1505
[2026-03-27 02:36:21 +0000] [1476] [INFO] Started server process [1476]
[2026-03-27 02:36:21 +0000] [1476] [INFO] Waiting for application startup.
[2026-03-27 02:36:21 +0000] [1476] [INFO] Application startup complete.
[2026-03-27 02:36:21 +0000] [1487] [INFO] Started server process [1487]
[2026-03-27 02:36:21 +0000] [1487] [INFO] Waiting for application startup.
[2026-03-27 02:36:21 +0000] [1487] [INFO] Application startup complete.
[2026-03-27 02:36:21 +0000] [1516] [INFO] Booting worker with pid: 1516
[2026-03-27 02:36:21 +0000] [1517] [INFO] Booting worker with pid: 1517
[2026-03-27 02:36:21 +0000] [1493] [INFO] Started server process [1493]
[2026-03-27 02:36:21 +0000] [1493] [INFO] Waiting for application startup.
[2026-03-27 02:36:21 +0000] [1493] [INFO] Application startup complete.
[2026-03-27 02:36:21 +0000] [1499] [INFO] Started server process [1499]
[2026-03-27 02:36:21 +0000] [1499] [INFO] Waiting for application startup.
[2026-03-27 02:36:21 +0000] [1499] [INFO] Application startup complete.
[2026-03-27 02:36:21 +0000] [1505] [INFO] Started server process [1505]
[2026-03-27 02:36:21 +0000] [1505] [INFO] Waiting for application startup.
[2026-03-27 02:36:21 +0000] [1505] [INFO] Application startup complete.
[2026-03-27 02:36:22 +0000] [1516] [INFO] Started server process [1516]
[2026-03-27 02:36:22 +0000] [1516] [INFO] Waiting for application startup.
[2026-03-27 02:36:22 +0000] [1516] [INFO] Application startup complete.
[2026-03-27 02:36:22 +0000] [1517] [INFO] Started server process [1517]
[2026-03-27 02:36:22 +0000] [1517] [INFO] Waiting for application startup.
[2026-03-27 02:36:22 +0000] [1517] [INFO] Application startup complete.
