[1] Puma starting in cluster mode...
[1] * Puma version: 7.2.0 ("On The Corner")
[1] * Ruby version: ruby 4.0.2 (2026-03-17 revision d3da9fec82) +YJIT +MN +PRISM [x86_64-linux]
[1] *  Min threads: 3
[1] *  Max threads: 3
[1] *  Environment: production
[1] *   Master PID: 1
[1] *      Workers: 128
[1] *     Restarts: (✔) hot (✖) phased (✖) refork
[1] * Preloading application
[1] * Listening on http://0.0.0.0:8080
[1] Use Ctrl-C to stop
[1] ! WARNING: Detected `RUBY_MN_THREADS=1`
[1] ! This setting is known to cause performance regressions with Puma.
[1] ! Consider disabling this environment variable: https://github.com/puma/puma/issues/3720
[1] - Worker 0 (PID: 8) booted in 0.5s, phase: 0
[1] - Worker 1 (PID: 12) booted in 0.5s, phase: 0
[1] - Worker 2 (PID: 16) booted in 0.5s, phase: 0
[1] - Worker 3 (PID: 20) booted in 0.49s, phase: 0
[1] - Worker 4 (PID: 24) booted in 0.49s, phase: 0
[1] - Worker 5 (PID: 29) booted in 0.49s, phase: 0
[1] - Worker 6 (PID: 34) booted in 0.49s, phase: 0
[1] - Worker 7 (PID: 39) booted in 0.49s, phase: 0
[1] - Worker 8 (PID: 44) booted in 0.48s, phase: 0
[1] - Worker 9 (PID: 50) booted in 0.48s, phase: 0
[1] - Worker 10 (PID: 56) booted in 0.48s, phase: 0
[1] - Worker 11 (PID: 62) booted in 0.48s, phase: 0
[1] - Worker 12 (PID: 68) booted in 0.48s, phase: 0
[1] - Worker 13 (PID: 74) booted in 0.47s, phase: 0
[1] - Worker 14 (PID: 82) booted in 0.47s, phase: 0
[1] - Worker 15 (PID: 88) booted in 0.47s, phase: 0
[1] - Worker 16 (PID: 94) booted in 0.47s, phase: 0
[1] - Worker 17 (PID: 100) booted in 0.47s, phase: 0
[1] - Worker 18 (PID: 105) booted in 0.47s, phase: 0
[1] - Worker 19 (PID: 111) booted in 0.46s, phase: 0
[1] - Worker 20 (PID: 119) booted in 0.46s, phase: 0
[1] - Worker 21 (PID: 125) booted in 0.46s, phase: 0
[1] - Worker 22 (PID: 130) booted in 0.46s, phase: 0
[1] - Worker 23 (PID: 137) booted in 0.45s, phase: 0
[1] - Worker 24 (PID: 141) booted in 0.45s, phase: 0
[1] - Worker 25 (PID: 147) booted in 0.45s, phase: 0
[1] - Worker 26 (PID: 153) booted in 0.45s, phase: 0
[1] - Worker 27 (PID: 159) booted in 0.45s, phase: 0
[1] - Worker 28 (PID: 164) booted in 0.44s, phase: 0
[1] - Worker 29 (PID: 171) booted in 0.44s, phase: 0
[1] - Worker 30 (PID: 181) booted in 0.44s, phase: 0
[1] - Worker 31 (PID: 186) booted in 0.44s, phase: 0
[1] - Worker 32 (PID: 191) booted in 0.43s, phase: 0
[1] - Worker 33 (PID: 197) booted in 0.43s, phase: 0
[1] - Worker 34 (PID: 202) booted in 0.43s, phase: 0
[1] - Worker 35 (PID: 208) booted in 0.43s, phase: 0
[1] - Worker 36 (PID: 213) booted in 0.43s, phase: 0
[1] - Worker 37 (PID: 219) booted in 0.42s, phase: 0
[1] - Worker 38 (PID: 223) booted in 0.42s, phase: 0
[1] - Worker 39 (PID: 230) booted in 0.42s, phase: 0
[1] - Worker 40 (PID: 235) booted in 0.42s, phase: 0
[1] - Worker 41 (PID: 241) booted in 0.42s, phase: 0
[1] - Worker 42 (PID: 248) booted in 0.41s, phase: 0
[1] - Worker 43 (PID: 254) booted in 0.41s, phase: 0
[1] - Worker 44 (PID: 260) booted in 0.41s, phase: 0
[1] - Worker 45 (PID: 266) booted in 0.41s, phase: 0
[1] - Worker 46 (PID: 272) booted in 0.4s, phase: 0
[1] - Worker 47 (PID: 278) booted in 0.4s, phase: 0
[1] - Worker 48 (PID: 283) booted in 0.4s, phase: 0
[1] - Worker 49 (PID: 288) booted in 0.4s, phase: 0
[1] - Worker 50 (PID: 296) booted in 0.4s, phase: 0
[1] - Worker 51 (PID: 300) booted in 0.39s, phase: 0
[1] - Worker 52 (PID: 307) booted in 0.39s, phase: 0
[1] - Worker 53 (PID: 312) booted in 0.39s, phase: 0
[1] - Worker 54 (PID: 319) booted in 0.39s, phase: 0
[1] - Worker 55 (PID: 326) booted in 0.38s, phase: 0
[1] - Worker 56 (PID: 332) booted in 0.38s, phase: 0
[1] - Worker 57 (PID: 337) booted in 0.38s, phase: 0
[1] - Worker 58 (PID: 344) booted in 0.38s, phase: 0
[1] - Worker 59 (PID: 349) booted in 0.38s, phase: 0
[1] - Worker 60 (PID: 355) booted in 0.37s, phase: 0
[1] - Worker 61 (PID: 362) booted in 0.37s, phase: 0
[1] - Worker 62 (PID: 368) booted in 0.37s, phase: 0
[1] - Worker 63 (PID: 374) booted in 0.37s, phase: 0
[1] - Worker 64 (PID: 379) booted in 0.36s, phase: 0
[1] - Worker 65 (PID: 385) booted in 0.36s, phase: 0
[1] - Worker 66 (PID: 391) booted in 0.36s, phase: 0
[1] - Worker 67 (PID: 397) booted in 0.36s, phase: 0
[1] - Worker 68 (PID: 405) booted in 0.35s, phase: 0
[1] - Worker 69 (PID: 412) booted in 0.35s, phase: 0
[1] - Worker 70 (PID: 420) booted in 0.35s, phase: 0
[1] - Worker 71 (PID: 427) booted in 0.34s, phase: 0
[1] - Worker 72 (PID: 434) booted in 0.33s, phase: 0
[1] - Worker 73 (PID: 439) booted in 0.33s, phase: 0
[1] - Worker 74 (PID: 444) booted in 0.33s, phase: 0
[1] - Worker 75 (PID: 451) booted in 0.32s, phase: 0
[1] - Worker 76 (PID: 472) booted in 0.32s, phase: 0
[1] - Worker 77 (PID: 477) booted in 0.31s, phase: 0
[1] - Worker 78 (PID: 482) booted in 0.31s, phase: 0
[1] - Worker 79 (PID: 488) booted in 0.31s, phase: 0
[1] - Worker 80 (PID: 495) booted in 0.3s, phase: 0
[1] - Worker 81 (PID: 503) booted in 0.29s, phase: 0
[1] - Worker 82 (PID: 510) booted in 0.29s, phase: 0
[1] - Worker 83 (PID: 522) booted in 0.28s, phase: 0
[1] - Worker 85 (PID: 547) booted in 0.27s, phase: 0
[1] - Worker 84 (PID: 532) booted in 0.28s, phase: 0
[1] - Worker 86 (PID: 554) booted in 0.27s, phase: 0
[1] - Worker 90 (PID: 608) booted in 0.26s, phase: 0
[1] - Worker 89 (PID: 580) booted in 0.26s, phase: 0
[1] - Worker 87 (PID: 561) booted in 0.27s, phase: 0
[1] - Worker 88 (PID: 572) booted in 0.27s, phase: 0
[1] - Worker 91 (PID: 650) booted in 0.25s, phase: 0
[1] - Worker 92 (PID: 716) booted in 0.25s, phase: 0
[1] - Worker 93 (PID: 770) booted in 0.24s, phase: 0
[1] - Worker 94 (PID: 807) booted in 0.24s, phase: 0
[1] - Worker 95 (PID: 819) booted in 0.23s, phase: 0
[1] - Worker 96 (PID: 832) booted in 0.22s, phase: 0
[1] - Worker 97 (PID: 838) booted in 0.22s, phase: 0
[1] - Worker 98 (PID: 845) booted in 0.22s, phase: 0
[1] - Worker 99 (PID: 855) booted in 0.21s, phase: 0
[1] - Worker 100 (PID: 863) booted in 0.2s, phase: 0
[1] - Worker 101 (PID: 872) booted in 0.2s, phase: 0
[1] - Worker 102 (PID: 878) booted in 0.19s, phase: 0
[1] - Worker 103 (PID: 883) booted in 0.18s, phase: 0
[1] - Worker 104 (PID: 889) booted in 0.18s, phase: 0
[1] - Worker 105 (PID: 895) booted in 0.17s, phase: 0
[1] - Worker 106 (PID: 902) booted in 0.17s, phase: 0
[1] - Worker 107 (PID: 909) booted in 0.16s, phase: 0
[1] - Worker 108 (PID: 915) booted in 0.16s, phase: 0
[1] - Worker 109 (PID: 922) booted in 0.15s, phase: 0
[1] - Worker 110 (PID: 929) booted in 0.15s, phase: 0
[1] - Worker 111 (PID: 935) booted in 0.14s, phase: 0
[1] - Worker 112 (PID: 942) booted in 0.14s, phase: 0
[1] - Worker 113 (PID: 946) booted in 0.13s, phase: 0
[1] - Worker 114 (PID: 954) booted in 0.13s, phase: 0
[1] - Worker 115 (PID: 960) booted in 0.13s, phase: 0
[1] - Worker 116 (PID: 966) booted in 0.12s, phase: 0
[1] - Worker 117 (PID: 972) booted in 0.12s, phase: 0
[1] - Worker 118 (PID: 978) booted in 0.12s, phase: 0
[1] - Worker 119 (PID: 984) booted in 0.11s, phase: 0
[1] - Worker 120 (PID: 990) booted in 0.11s, phase: 0
[1] - Worker 121 (PID: 996) booted in 0.11s, phase: 0
[1] - Worker 122 (PID: 1002) booted in 0.1s, phase: 0
[1] - Worker 123 (PID: 1008) booted in 0.1s, phase: 0
[1] - Worker 124 (PID: 1013) booted in 0.1s, phase: 0
[1] - Worker 125 (PID: 1020) booted in 0.09s, phase: 0
[1] - Worker 126 (PID: 1025) booted in 0.09s, phase: 0
[1] - Worker 127 (PID: 1030) booted in 0.09s, phase: 0
