[2026-03-27 02:37:17 +0000] [1] [INFO] Starting gunicorn 23.0.0
[2026-03-27 02:37:17 +0000] [1] [INFO] Listening at: http://0.0.0.0:8080 (1)
[2026-03-27 02:37:17 +0000] [1] [INFO] Using worker: uvicorn.workers.UvicornWorker
[2026-03-27 02:37:17 +0000] [7] [INFO] Booting worker with pid: 7
[2026-03-27 02:37:17 +0000] [8] [INFO] Booting worker with pid: 8
[2026-03-27 02:37:17 +0000] [9] [INFO] Booting worker with pid: 9
[2026-03-27 02:37:17 +0000] [7] [INFO] Started server process [7]
[2026-03-27 02:37:17 +0000] [7] [INFO] Waiting for application startup.
[2026-03-27 02:37:17 +0000] [8] [INFO] Started server process [8]
[2026-03-27 02:37:17 +0000] [8] [INFO] Waiting for application startup.
[2026-03-27 02:37:17 +0000] [8] [INFO] Application startup complete.
[2026-03-27 02:37:17 +0000] [7] [INFO] Application startup complete.
[2026-03-27 02:37:17 +0000] [9] [INFO] Started server process [9]
[2026-03-27 02:37:17 +0000] [9] [INFO] Waiting for application startup.
[2026-03-27 02:37:17 +0000] [25] [INFO] Booting worker with pid: 25
[2026-03-27 02:37:17 +0000] [9] [INFO] Application startup complete.
[2026-03-27 02:37:17 +0000] [26] [INFO] Booting worker with pid: 26
[2026-03-27 02:37:17 +0000] [25] [INFO] Started server process [25]
[2026-03-27 02:37:17 +0000] [25] [INFO] Waiting for application startup.
[2026-03-27 02:37:17 +0000] [25] [INFO] Application startup complete.
[2026-03-27 02:37:17 +0000] [32] [INFO] Booting worker with pid: 32
[2026-03-27 02:37:17 +0000] [26] [INFO] Started server process [26]
[2026-03-27 02:37:17 +0000] [26] [INFO] Waiting for application startup.
[2026-03-27 02:37:17 +0000] [26] [INFO] Application startup complete.
[2026-03-27 02:37:18 +0000] [32] [INFO] Started server process [32]
[2026-03-27 02:37:18 +0000] [32] [INFO] Waiting for application startup.
[2026-03-27 02:37:18 +0000] [32] [INFO] Application startup complete.
[2026-03-27 02:37:18 +0000] [43] [INFO] Booting worker with pid: 43
[2026-03-27 02:37:18 +0000] [44] [INFO] Booting worker with pid: 44
[2026-03-27 02:37:18 +0000] [43] [INFO] Started server process [43]
[2026-03-27 02:37:18 +0000] [43] [INFO] Waiting for application startup.
[2026-03-27 02:37:18 +0000] [43] [INFO] Application startup complete.
[2026-03-27 02:37:18 +0000] [50] [INFO] Booting worker with pid: 50
[2026-03-27 02:37:18 +0000] [51] [INFO] Booting worker with pid: 51
[2026-03-27 02:37:18 +0000] [44] [INFO] Started server process [44]
[2026-03-27 02:37:18 +0000] [44] [INFO] Waiting for application startup.
[2026-03-27 02:37:18 +0000] [44] [INFO] Application startup complete.
[2026-03-27 02:37:18 +0000] [50] [INFO] Started server process [50]
[2026-03-27 02:37:18 +0000] [50] [INFO] Waiting for application startup.
[2026-03-27 02:37:18 +0000] [59] [INFO] Booting worker with pid: 59
[2026-03-27 02:37:18 +0000] [51] [INFO] Started server process [51]
[2026-03-27 02:37:18 +0000] [51] [INFO] Waiting for application startup.
[2026-03-27 02:37:18 +0000] [50] [INFO] Application startup complete.
[2026-03-27 02:37:18 +0000] [51] [INFO] Application startup complete.
[2026-03-27 02:37:18 +0000] [69] [INFO] Booting worker with pid: 69
[2026-03-27 02:37:18 +0000] [59] [INFO] Started server process [59]
[2026-03-27 02:37:18 +0000] [59] [INFO] Waiting for application startup.
[2026-03-27 02:37:18 +0000] [59] [INFO] Application startup complete.
[2026-03-27 02:37:18 +0000] [74] [INFO] Booting worker with pid: 74
[2026-03-27 02:37:18 +0000] [75] [INFO] Booting worker with pid: 75
[2026-03-27 02:37:18 +0000] [69] [INFO] Started server process [69]
[2026-03-27 02:37:18 +0000] [69] [INFO] Waiting for application startup.
[2026-03-27 02:37:18 +0000] [69] [INFO] Application startup complete.
[2026-03-27 02:37:18 +0000] [74] [INFO] Started server process [74]
[2026-03-27 02:37:18 +0000] [74] [INFO] Waiting for application startup.
[2026-03-27 02:37:18 +0000] [74] [INFO] Application startup complete.
[2026-03-27 02:37:18 +0000] [87] [INFO] Booting worker with pid: 87
[2026-03-27 02:37:18 +0000] [75] [INFO] Started server process [75]
[2026-03-27 02:37:18 +0000] [75] [INFO] Waiting for application startup.
[2026-03-27 02:37:18 +0000] [75] [INFO] Application startup complete.
[2026-03-27 02:37:18 +0000] [92] [INFO] Booting worker with pid: 92
[2026-03-27 02:37:18 +0000] [87] [INFO] Started server process [87]
[2026-03-27 02:37:18 +0000] [87] [INFO] Waiting for application startup.
[2026-03-27 02:37:18 +0000] [87] [INFO] Application startup complete.
[2026-03-27 02:37:18 +0000] [98] [INFO] Booting worker with pid: 98
[2026-03-27 02:37:18 +0000] [100] [INFO] Booting worker with pid: 100
[2026-03-27 02:37:18 +0000] [92] [INFO] Started server process [92]
[2026-03-27 02:37:18 +0000] [92] [INFO] Waiting for application startup.
[2026-03-27 02:37:18 +0000] [92] [INFO] Application startup complete.
[2026-03-27 02:37:18 +0000] [98] [INFO] Started server process [98]
[2026-03-27 02:37:18 +0000] [98] [INFO] Waiting for application startup.
[2026-03-27 02:37:18 +0000] [98] [INFO] Application startup complete.
[2026-03-27 02:37:18 +0000] [111] [INFO] Booting worker with pid: 111
[2026-03-27 02:37:18 +0000] [100] [INFO] Started server process [100]
[2026-03-27 02:37:18 +0000] [100] [INFO] Waiting for application startup.
[2026-03-27 02:37:18 +0000] [100] [INFO] Application startup complete.
[2026-03-27 02:37:18 +0000] [116] [INFO] Booting worker with pid: 116
[2026-03-27 02:37:18 +0000] [117] [INFO] Booting worker with pid: 117
[2026-03-27 02:37:18 +0000] [111] [INFO] Started server process [111]
[2026-03-27 02:37:18 +0000] [111] [INFO] Waiting for application startup.
[2026-03-27 02:37:18 +0000] [111] [INFO] Application startup complete.
[2026-03-27 02:37:18 +0000] [116] [INFO] Started server process [116]
[2026-03-27 02:37:18 +0000] [116] [INFO] Waiting for application startup.
[2026-03-27 02:37:18 +0000] [116] [INFO] Application startup complete.
[2026-03-27 02:37:18 +0000] [129] [INFO] Booting worker with pid: 129
[2026-03-27 02:37:18 +0000] [117] [INFO] Started server process [117]
[2026-03-27 02:37:18 +0000] [117] [INFO] Waiting for application startup.
[2026-03-27 02:37:18 +0000] [117] [INFO] Application startup complete.
[2026-03-27 02:37:18 +0000] [129] [INFO] Started server process [129]
[2026-03-27 02:37:18 +0000] [129] [INFO] Waiting for application startup.
[2026-03-27 02:37:18 +0000] [135] [INFO] Booting worker with pid: 135
[2026-03-27 02:37:18 +0000] [129] [INFO] Application startup complete.
[2026-03-27 02:37:18 +0000] [141] [INFO] Booting worker with pid: 141
[2026-03-27 02:37:19 +0000] [135] [INFO] Started server process [135]
[2026-03-27 02:37:19 +0000] [135] [INFO] Waiting for application startup.
[2026-03-27 02:37:19 +0000] [135] [INFO] Application startup complete.
[2026-03-27 02:37:19 +0000] [147] [INFO] Booting worker with pid: 147
[2026-03-27 02:37:19 +0000] [141] [INFO] Started server process [141]
[2026-03-27 02:37:19 +0000] [141] [INFO] Waiting for application startup.
[2026-03-27 02:37:19 +0000] [141] [INFO] Application startup complete.
[2026-03-27 02:37:19 +0000] [152] [INFO] Booting worker with pid: 152
[2026-03-27 02:37:19 +0000] [147] [INFO] Started server process [147]
[2026-03-27 02:37:19 +0000] [147] [INFO] Waiting for application startup.
[2026-03-27 02:37:19 +0000] [147] [INFO] Application startup complete.
[2026-03-27 02:37:19 +0000] [152] [INFO] Started server process [152]
[2026-03-27 02:37:19 +0000] [152] [INFO] Waiting for application startup.
[2026-03-27 02:37:19 +0000] [152] [INFO] Application startup complete.
[2026-03-27 02:37:19 +0000] [163] [INFO] Booting worker with pid: 163
[2026-03-27 02:37:19 +0000] [164] [INFO] Booting worker with pid: 164
[2026-03-27 02:37:19 +0000] [163] [INFO] Started server process [163]
[2026-03-27 02:37:19 +0000] [163] [INFO] Waiting for application startup.
[2026-03-27 02:37:19 +0000] [163] [INFO] Application startup complete.
[2026-03-27 02:37:19 +0000] [170] [INFO] Booting worker with pid: 170
[2026-03-27 02:37:19 +0000] [164] [INFO] Started server process [164]
[2026-03-27 02:37:19 +0000] [164] [INFO] Waiting for application startup.
[2026-03-27 02:37:19 +0000] [164] [INFO] Application startup complete.
[2026-03-27 02:37:19 +0000] [176] [INFO] Booting worker with pid: 176
[2026-03-27 02:37:19 +0000] [170] [INFO] Started server process [170]
[2026-03-27 02:37:19 +0000] [170] [INFO] Waiting for application startup.
[2026-03-27 02:37:19 +0000] [170] [INFO] Application startup complete.
[2026-03-27 02:37:19 +0000] [176] [INFO] Started server process [176]
[2026-03-27 02:37:19 +0000] [176] [INFO] Waiting for application startup.
[2026-03-27 02:37:19 +0000] [183] [INFO] Booting worker with pid: 183
[2026-03-27 02:37:19 +0000] [176] [INFO] Application startup complete.
[2026-03-27 02:37:19 +0000] [188] [INFO] Booting worker with pid: 188
[2026-03-27 02:37:19 +0000] [183] [INFO] Started server process [183]
[2026-03-27 02:37:19 +0000] [183] [INFO] Waiting for application startup.
[2026-03-27 02:37:19 +0000] [183] [INFO] Application startup complete.
[2026-03-27 02:37:19 +0000] [194] [INFO] Booting worker with pid: 194
[2026-03-27 02:37:19 +0000] [188] [INFO] Started server process [188]
[2026-03-27 02:37:19 +0000] [188] [INFO] Waiting for application startup.
[2026-03-27 02:37:19 +0000] [188] [INFO] Application startup complete.
[2026-03-27 02:37:19 +0000] [201] [INFO] Booting worker with pid: 201
[2026-03-27 02:37:19 +0000] [194] [INFO] Started server process [194]
[2026-03-27 02:37:19 +0000] [194] [INFO] Waiting for application startup.
[2026-03-27 02:37:19 +0000] [194] [INFO] Application startup complete.
[2026-03-27 02:37:19 +0000] [206] [INFO] Booting worker with pid: 206
[2026-03-27 02:37:19 +0000] [207] [INFO] Booting worker with pid: 207
[2026-03-27 02:37:19 +0000] [201] [INFO] Started server process [201]
[2026-03-27 02:37:19 +0000] [201] [INFO] Waiting for application startup.
[2026-03-27 02:37:19 +0000] [209] [INFO] Booting worker with pid: 209
[2026-03-27 02:37:19 +0000] [201] [INFO] Application startup complete.
[2026-03-27 02:37:19 +0000] [206] [INFO] Started server process [206]
[2026-03-27 02:37:19 +0000] [206] [INFO] Waiting for application startup.
[2026-03-27 02:37:19 +0000] [206] [INFO] Application startup complete.
[2026-03-27 02:37:19 +0000] [207] [INFO] Started server process [207]
[2026-03-27 02:37:19 +0000] [207] [INFO] Waiting for application startup.
[2026-03-27 02:37:19 +0000] [207] [INFO] Application startup complete.
[2026-03-27 02:37:19 +0000] [224] [INFO] Booting worker with pid: 224
[2026-03-27 02:37:19 +0000] [209] [INFO] Started server process [209]
[2026-03-27 02:37:19 +0000] [209] [INFO] Waiting for application startup.
[2026-03-27 02:37:19 +0000] [209] [INFO] Application startup complete.
[2026-03-27 02:37:19 +0000] [230] [INFO] Booting worker with pid: 230
[2026-03-27 02:37:19 +0000] [224] [INFO] Started server process [224]
[2026-03-27 02:37:19 +0000] [224] [INFO] Waiting for application startup.
[2026-03-27 02:37:19 +0000] [224] [INFO] Application startup complete.
[2026-03-27 02:37:19 +0000] [237] [INFO] Booting worker with pid: 237
[2026-03-27 02:37:19 +0000] [230] [INFO] Started server process [230]
[2026-03-27 02:37:19 +0000] [230] [INFO] Waiting for application startup.
[2026-03-27 02:37:20 +0000] [230] [INFO] Application startup complete.
[2026-03-27 02:37:20 +0000] [242] [INFO] Booting worker with pid: 242
[2026-03-27 02:37:20 +0000] [237] [INFO] Started server process [237]
[2026-03-27 02:37:20 +0000] [237] [INFO] Waiting for application startup.
[2026-03-27 02:37:20 +0000] [237] [INFO] Application startup complete.
[2026-03-27 02:37:20 +0000] [248] [INFO] Booting worker with pid: 248
[2026-03-27 02:37:20 +0000] [242] [INFO] Started server process [242]
[2026-03-27 02:37:20 +0000] [242] [INFO] Waiting for application startup.
[2026-03-27 02:37:20 +0000] [242] [INFO] Application startup complete.
[2026-03-27 02:37:20 +0000] [248] [INFO] Started server process [248]
[2026-03-27 02:37:20 +0000] [248] [INFO] Waiting for application startup.
[2026-03-27 02:37:20 +0000] [248] [INFO] Application startup complete.
[2026-03-27 02:37:20 +0000] [259] [INFO] Booting worker with pid: 259
[2026-03-27 02:37:20 +0000] [260] [INFO] Booting worker with pid: 260
[2026-03-27 02:37:20 +0000] [259] [INFO] Started server process [259]
[2026-03-27 02:37:20 +0000] [259] [INFO] Waiting for application startup.
[2026-03-27 02:37:20 +0000] [259] [INFO] Application startup complete.
[2026-03-27 02:37:20 +0000] [260] [INFO] Started server process [260]
[2026-03-27 02:37:20 +0000] [260] [INFO] Waiting for application startup.
[2026-03-27 02:37:20 +0000] [260] [INFO] Application startup complete.
[2026-03-27 02:37:20 +0000] [271] [INFO] Booting worker with pid: 271
[2026-03-27 02:37:20 +0000] [272] [INFO] Booting worker with pid: 272
[2026-03-27 02:37:20 +0000] [273] [INFO] Booting worker with pid: 273
[2026-03-27 02:37:20 +0000] [271] [INFO] Started server process [271]
[2026-03-27 02:37:20 +0000] [271] [INFO] Waiting for application startup.
[2026-03-27 02:37:20 +0000] [271] [INFO] Application startup complete.
[2026-03-27 02:37:20 +0000] [280] [INFO] Booting worker with pid: 280
[2026-03-27 02:37:20 +0000] [281] [INFO] Booting worker with pid: 281
[2026-03-27 02:37:20 +0000] [272] [INFO] Started server process [272]
[2026-03-27 02:37:20 +0000] [272] [INFO] Waiting for application startup.
[2026-03-27 02:37:20 +0000] [272] [INFO] Application startup complete.
[2026-03-27 02:37:20 +0000] [273] [INFO] Started server process [273]
[2026-03-27 02:37:20 +0000] [273] [INFO] Waiting for application startup.
[2026-03-27 02:37:20 +0000] [287] [INFO] Booting worker with pid: 287
[2026-03-27 02:37:20 +0000] [273] [INFO] Application startup complete.
[2026-03-27 02:37:20 +0000] [294] [INFO] Booting worker with pid: 294
[2026-03-27 02:37:20 +0000] [281] [INFO] Started server process [281]
[2026-03-27 02:37:20 +0000] [281] [INFO] Waiting for application startup.
[2026-03-27 02:37:20 +0000] [280] [INFO] Started server process [280]
[2026-03-27 02:37:20 +0000] [280] [INFO] Waiting for application startup.
[2026-03-27 02:37:20 +0000] [281] [INFO] Application startup complete.
[2026-03-27 02:37:20 +0000] [280] [INFO] Application startup complete.
[2026-03-27 02:37:20 +0000] [287] [INFO] Started server process [287]
[2026-03-27 02:37:20 +0000] [287] [INFO] Waiting for application startup.
[2026-03-27 02:37:20 +0000] [287] [INFO] Application startup complete.
[2026-03-27 02:37:20 +0000] [294] [INFO] Started server process [294]
[2026-03-27 02:37:20 +0000] [294] [INFO] Waiting for application startup.
[2026-03-27 02:37:20 +0000] [313] [INFO] Booting worker with pid: 313
[2026-03-27 02:37:20 +0000] [294] [INFO] Application startup complete.
[2026-03-27 02:37:20 +0000] [313] [INFO] Started server process [313]
[2026-03-27 02:37:20 +0000] [313] [INFO] Waiting for application startup.
[2026-03-27 02:37:20 +0000] [315] [INFO] Booting worker with pid: 315
[2026-03-27 02:37:20 +0000] [313] [INFO] Application startup complete.
[2026-03-27 02:37:20 +0000] [320] [INFO] Booting worker with pid: 320
[2026-03-27 02:37:20 +0000] [321] [INFO] Booting worker with pid: 321
[2026-03-27 02:37:20 +0000] [315] [INFO] Started server process [315]
[2026-03-27 02:37:20 +0000] [315] [INFO] Waiting for application startup.
[2026-03-27 02:37:20 +0000] [315] [INFO] Application startup complete.
[2026-03-27 02:37:20 +0000] [320] [INFO] Started server process [320]
[2026-03-27 02:37:20 +0000] [320] [INFO] Waiting for application startup.
[2026-03-27 02:37:20 +0000] [328] [INFO] Booting worker with pid: 328
[2026-03-27 02:37:20 +0000] [329] [INFO] Booting worker with pid: 329
[2026-03-27 02:37:20 +0000] [320] [INFO] Application startup complete.
[2026-03-27 02:37:20 +0000] [335] [INFO] Booting worker with pid: 335
[2026-03-27 02:37:20 +0000] [321] [INFO] Started server process [321]
[2026-03-27 02:37:20 +0000] [321] [INFO] Waiting for application startup.
[2026-03-27 02:37:20 +0000] [340] [INFO] Booting worker with pid: 340
[2026-03-27 02:37:20 +0000] [321] [INFO] Application startup complete.
[2026-03-27 02:37:20 +0000] [328] [INFO] Started server process [328]
[2026-03-27 02:37:20 +0000] [328] [INFO] Waiting for application startup.
[2026-03-27 02:37:20 +0000] [329] [INFO] Started server process [329]
[2026-03-27 02:37:20 +0000] [329] [INFO] Waiting for application startup.
[2026-03-27 02:37:20 +0000] [328] [INFO] Application startup complete.
[2026-03-27 02:37:20 +0000] [335] [INFO] Started server process [335]
[2026-03-27 02:37:20 +0000] [335] [INFO] Waiting for application startup.
[2026-03-27 02:37:20 +0000] [329] [INFO] Application startup complete.
[2026-03-27 02:37:20 +0000] [335] [INFO] Application startup complete.
[2026-03-27 02:37:20 +0000] [340] [INFO] Started server process [340]
[2026-03-27 02:37:20 +0000] [340] [INFO] Waiting for application startup.
[2026-03-27 02:37:20 +0000] [340] [INFO] Application startup complete.
[2026-03-27 02:37:20 +0000] [361] [INFO] Booting worker with pid: 361
[2026-03-27 02:37:20 +0000] [362] [INFO] Booting worker with pid: 362
[2026-03-27 02:37:21 +0000] [361] [INFO] Started server process [361]
[2026-03-27 02:37:21 +0000] [361] [INFO] Waiting for application startup.
[2026-03-27 02:37:21 +0000] [361] [INFO] Application startup complete.
[2026-03-27 02:37:21 +0000] [368] [INFO] Booting worker with pid: 368
[2026-03-27 02:37:21 +0000] [362] [INFO] Started server process [362]
[2026-03-27 02:37:21 +0000] [362] [INFO] Waiting for application startup.
[2026-03-27 02:37:21 +0000] [362] [INFO] Application startup complete.
[2026-03-27 02:37:21 +0000] [375] [INFO] Booting worker with pid: 375
[2026-03-27 02:37:21 +0000] [368] [INFO] Started server process [368]
[2026-03-27 02:37:21 +0000] [368] [INFO] Waiting for application startup.
[2026-03-27 02:37:21 +0000] [376] [INFO] Booting worker with pid: 376
[2026-03-27 02:37:21 +0000] [368] [INFO] Application startup complete.
[2026-03-27 02:37:21 +0000] [382] [INFO] Booting worker with pid: 382
[2026-03-27 02:37:21 +0000] [375] [INFO] Started server process [375]
[2026-03-27 02:37:21 +0000] [375] [INFO] Waiting for application startup.
[2026-03-27 02:37:21 +0000] [375] [INFO] Application startup complete.
[2026-03-27 02:37:21 +0000] [376] [INFO] Started server process [376]
[2026-03-27 02:37:21 +0000] [376] [INFO] Waiting for application startup.
[2026-03-27 02:37:21 +0000] [376] [INFO] Application startup complete.
[2026-03-27 02:37:21 +0000] [393] [INFO] Booting worker with pid: 393
[2026-03-27 02:37:21 +0000] [382] [INFO] Started server process [382]
[2026-03-27 02:37:21 +0000] [382] [INFO] Waiting for application startup.
[2026-03-27 02:37:21 +0000] [382] [INFO] Application startup complete.
[2026-03-27 02:37:21 +0000] [393] [INFO] Started server process [393]
[2026-03-27 02:37:21 +0000] [393] [INFO] Waiting for application startup.
[2026-03-27 02:37:21 +0000] [393] [INFO] Application startup complete.
[2026-03-27 02:37:21 +0000] [403] [INFO] Booting worker with pid: 403
[2026-03-27 02:37:21 +0000] [404] [INFO] Booting worker with pid: 404
[2026-03-27 02:37:21 +0000] [405] [INFO] Booting worker with pid: 405
[2026-03-27 02:37:21 +0000] [403] [INFO] Started server process [403]
[2026-03-27 02:37:21 +0000] [403] [INFO] Waiting for application startup.
[2026-03-27 02:37:21 +0000] [403] [INFO] Application startup complete.
[2026-03-27 02:37:21 +0000] [405] [INFO] Started server process [405]
[2026-03-27 02:37:21 +0000] [405] [INFO] Waiting for application startup.
[2026-03-27 02:37:21 +0000] [417] [INFO] Booting worker with pid: 417
[2026-03-27 02:37:21 +0000] [404] [INFO] Started server process [404]
[2026-03-27 02:37:21 +0000] [404] [INFO] Waiting for application startup.
[2026-03-27 02:37:21 +0000] [405] [INFO] Application startup complete.
[2026-03-27 02:37:21 +0000] [404] [INFO] Application startup complete.
[2026-03-27 02:37:21 +0000] [417] [INFO] Started server process [417]
[2026-03-27 02:37:21 +0000] [417] [INFO] Waiting for application startup.
[2026-03-27 02:37:21 +0000] [417] [INFO] Application startup complete.
[2026-03-27 02:37:21 +0000] [427] [INFO] Booting worker with pid: 427
[2026-03-27 02:37:21 +0000] [428] [INFO] Booting worker with pid: 428
[2026-03-27 02:37:21 +0000] [427] [INFO] Started server process [427]
[2026-03-27 02:37:21 +0000] [427] [INFO] Waiting for application startup.
[2026-03-27 02:37:21 +0000] [427] [INFO] Application startup complete.
[2026-03-27 02:37:21 +0000] [434] [INFO] Booting worker with pid: 434
[2026-03-27 02:37:21 +0000] [436] [INFO] Booting worker with pid: 436
[2026-03-27 02:37:21 +0000] [428] [INFO] Started server process [428]
[2026-03-27 02:37:21 +0000] [428] [INFO] Waiting for application startup.
[2026-03-27 02:37:21 +0000] [428] [INFO] Application startup complete.
[2026-03-27 02:37:21 +0000] [441] [INFO] Booting worker with pid: 441
[2026-03-27 02:37:21 +0000] [434] [INFO] Started server process [434]
[2026-03-27 02:37:21 +0000] [434] [INFO] Waiting for application startup.
[2026-03-27 02:37:21 +0000] [436] [INFO] Started server process [436]
[2026-03-27 02:37:21 +0000] [436] [INFO] Waiting for application startup.
[2026-03-27 02:37:21 +0000] [434] [INFO] Application startup complete.
[2026-03-27 02:37:21 +0000] [448] [INFO] Booting worker with pid: 448
[2026-03-27 02:37:21 +0000] [453] [INFO] Booting worker with pid: 453
[2026-03-27 02:37:21 +0000] [436] [INFO] Application startup complete.
[2026-03-27 02:37:21 +0000] [441] [INFO] Started server process [441]
[2026-03-27 02:37:21 +0000] [441] [INFO] Waiting for application startup.
[2026-03-27 02:37:21 +0000] [459] [INFO] Booting worker with pid: 459
[2026-03-27 02:37:21 +0000] [441] [INFO] Application startup complete.
[2026-03-27 02:37:21 +0000] [461] [INFO] Booting worker with pid: 461
[2026-03-27 02:37:21 +0000] [448] [INFO] Started server process [448]
[2026-03-27 02:37:21 +0000] [448] [INFO] Waiting for application startup.
[2026-03-27 02:37:21 +0000] [453] [INFO] Started server process [453]
[2026-03-27 02:37:21 +0000] [453] [INFO] Waiting for application startup.
[2026-03-27 02:37:21 +0000] [448] [INFO] Application startup complete.
[2026-03-27 02:37:21 +0000] [453] [INFO] Application startup complete.
[2026-03-27 02:37:21 +0000] [459] [INFO] Started server process [459]
[2026-03-27 02:37:21 +0000] [459] [INFO] Waiting for application startup.
[2026-03-27 02:37:21 +0000] [459] [INFO] Application startup complete.
[2026-03-27 02:37:21 +0000] [476] [INFO] Booting worker with pid: 476
[2026-03-27 02:37:21 +0000] [461] [INFO] Started server process [461]
[2026-03-27 02:37:21 +0000] [461] [INFO] Waiting for application startup.
[2026-03-27 02:37:21 +0000] [461] [INFO] Application startup complete.
[2026-03-27 02:37:22 +0000] [482] [INFO] Booting worker with pid: 482
[2026-03-27 02:37:22 +0000] [476] [INFO] Started server process [476]
[2026-03-27 02:37:22 +0000] [476] [INFO] Waiting for application startup.
[2026-03-27 02:37:22 +0000] [476] [INFO] Application startup complete.
[2026-03-27 02:37:22 +0000] [482] [INFO] Started server process [482]
[2026-03-27 02:37:22 +0000] [482] [INFO] Waiting for application startup.
[2026-03-27 02:37:22 +0000] [493] [INFO] Booting worker with pid: 493
[2026-03-27 02:37:22 +0000] [482] [INFO] Application startup complete.
[2026-03-27 02:37:22 +0000] [494] [INFO] Booting worker with pid: 494
[2026-03-27 02:37:22 +0000] [495] [INFO] Booting worker with pid: 495
[2026-03-27 02:37:22 +0000] [497] [INFO] Booting worker with pid: 497
[2026-03-27 02:37:22 +0000] [493] [INFO] Started server process [493]
[2026-03-27 02:37:22 +0000] [493] [INFO] Waiting for application startup.
[2026-03-27 02:37:22 +0000] [493] [INFO] Application startup complete.
[2026-03-27 02:37:22 +0000] [502] [INFO] Booting worker with pid: 502
[2026-03-27 02:37:22 +0000] [494] [INFO] Started server process [494]
[2026-03-27 02:37:22 +0000] [494] [INFO] Waiting for application startup.
[2026-03-27 02:37:22 +0000] [494] [INFO] Application startup complete.
[2026-03-27 02:37:22 +0000] [495] [INFO] Started server process [495]
[2026-03-27 02:37:22 +0000] [495] [INFO] Waiting for application startup.
[2026-03-27 02:37:22 +0000] [495] [INFO] Application startup complete.
[2026-03-27 02:37:22 +0000] [497] [INFO] Started server process [497]
[2026-03-27 02:37:22 +0000] [497] [INFO] Waiting for application startup.
[2026-03-27 02:37:22 +0000] [497] [INFO] Application startup complete.
[2026-03-27 02:37:22 +0000] [519] [INFO] Booting worker with pid: 519
[2026-03-27 02:37:22 +0000] [502] [INFO] Started server process [502]
[2026-03-27 02:37:22 +0000] [502] [INFO] Waiting for application startup.
[2026-03-27 02:37:22 +0000] [502] [INFO] Application startup complete.
[2026-03-27 02:37:22 +0000] [524] [INFO] Booting worker with pid: 524
[2026-03-27 02:37:22 +0000] [519] [INFO] Started server process [519]
[2026-03-27 02:37:22 +0000] [519] [INFO] Waiting for application startup.
[2026-03-27 02:37:22 +0000] [519] [INFO] Application startup complete.
[2026-03-27 02:37:22 +0000] [531] [INFO] Booting worker with pid: 531
[2026-03-27 02:37:22 +0000] [524] [INFO] Started server process [524]
[2026-03-27 02:37:22 +0000] [524] [INFO] Waiting for application startup.
[2026-03-27 02:37:22 +0000] [524] [INFO] Application startup complete.
[2026-03-27 02:37:22 +0000] [536] [INFO] Booting worker with pid: 536
[2026-03-27 02:37:22 +0000] [537] [INFO] Booting worker with pid: 537
[2026-03-27 02:37:22 +0000] [538] [INFO] Booting worker with pid: 538
[2026-03-27 02:37:22 +0000] [531] [INFO] Started server process [531]
[2026-03-27 02:37:22 +0000] [531] [INFO] Waiting for application startup.
[2026-03-27 02:37:22 +0000] [531] [INFO] Application startup complete.
[2026-03-27 02:37:22 +0000] [536] [INFO] Started server process [536]
[2026-03-27 02:37:22 +0000] [536] [INFO] Waiting for application startup.
[2026-03-27 02:37:22 +0000] [546] [INFO] Booting worker with pid: 546
[2026-03-27 02:37:22 +0000] [537] [INFO] Started server process [537]
[2026-03-27 02:37:22 +0000] [537] [INFO] Waiting for application startup.
[2026-03-27 02:37:22 +0000] [547] [INFO] Booting worker with pid: 547
[2026-03-27 02:37:22 +0000] [536] [INFO] Application startup complete.
[2026-03-27 02:37:22 +0000] [537] [INFO] Application startup complete.
[2026-03-27 02:37:22 +0000] [557] [INFO] Booting worker with pid: 557
[2026-03-27 02:37:22 +0000] [538] [INFO] Started server process [538]
[2026-03-27 02:37:22 +0000] [538] [INFO] Waiting for application startup.
[2026-03-27 02:37:22 +0000] [538] [INFO] Application startup complete.
[2026-03-27 02:37:22 +0000] [564] [INFO] Booting worker with pid: 564
[2026-03-27 02:37:22 +0000] [547] [INFO] Started server process [547]
[2026-03-27 02:37:22 +0000] [547] [INFO] Waiting for application startup.
[2026-03-27 02:37:22 +0000] [546] [INFO] Started server process [546]
[2026-03-27 02:37:22 +0000] [546] [INFO] Waiting for application startup.
[2026-03-27 02:37:22 +0000] [547] [INFO] Application startup complete.
[2026-03-27 02:37:22 +0000] [546] [INFO] Application startup complete.
[2026-03-27 02:37:22 +0000] [557] [INFO] Started server process [557]
[2026-03-27 02:37:22 +0000] [557] [INFO] Waiting for application startup.
[2026-03-27 02:37:22 +0000] [557] [INFO] Application startup complete.
[2026-03-27 02:37:22 +0000] [564] [INFO] Started server process [564]
[2026-03-27 02:37:22 +0000] [564] [INFO] Waiting for application startup.
[2026-03-27 02:37:22 +0000] [579] [INFO] Booting worker with pid: 579
[2026-03-27 02:37:22 +0000] [564] [INFO] Application startup complete.
[2026-03-27 02:37:22 +0000] [584] [INFO] Booting worker with pid: 584
[2026-03-27 02:37:22 +0000] [585] [INFO] Booting worker with pid: 585
[2026-03-27 02:37:22 +0000] [579] [INFO] Started server process [579]
[2026-03-27 02:37:22 +0000] [579] [INFO] Waiting for application startup.
[2026-03-27 02:37:22 +0000] [579] [INFO] Application startup complete.
[2026-03-27 02:37:22 +0000] [591] [INFO] Booting worker with pid: 591
[2026-03-27 02:37:22 +0000] [584] [INFO] Started server process [584]
[2026-03-27 02:37:22 +0000] [584] [INFO] Waiting for application startup.
[2026-03-27 02:37:22 +0000] [584] [INFO] Application startup complete.
[2026-03-27 02:37:22 +0000] [597] [INFO] Booting worker with pid: 597
[2026-03-27 02:37:22 +0000] [599] [INFO] Booting worker with pid: 599
[2026-03-27 02:37:22 +0000] [585] [INFO] Started server process [585]
[2026-03-27 02:37:22 +0000] [585] [INFO] Waiting for application startup.
[2026-03-27 02:37:22 +0000] [604] [INFO] Booting worker with pid: 604
[2026-03-27 02:37:22 +0000] [585] [INFO] Application startup complete.
[2026-03-27 02:37:22 +0000] [591] [INFO] Started server process [591]
[2026-03-27 02:37:22 +0000] [591] [INFO] Waiting for application startup.
[2026-03-27 02:37:22 +0000] [606] [INFO] Booting worker with pid: 606
[2026-03-27 02:37:22 +0000] [591] [INFO] Application startup complete.
[2026-03-27 02:37:22 +0000] [612] [INFO] Booting worker with pid: 612
[2026-03-27 02:37:22 +0000] [597] [INFO] Started server process [597]
[2026-03-27 02:37:22 +0000] [597] [INFO] Waiting for application startup.
[2026-03-27 02:37:22 +0000] [597] [INFO] Application startup complete.
[2026-03-27 02:37:22 +0000] [599] [INFO] Started server process [599]
[2026-03-27 02:37:22 +0000] [599] [INFO] Waiting for application startup.
[2026-03-27 02:37:22 +0000] [599] [INFO] Application startup complete.
[2026-03-27 02:37:22 +0000] [623] [INFO] Booting worker with pid: 623
[2026-03-27 02:37:22 +0000] [604] [INFO] Started server process [604]
[2026-03-27 02:37:22 +0000] [604] [INFO] Waiting for application startup.
[2026-03-27 02:37:22 +0000] [604] [INFO] Application startup complete.
[2026-03-27 02:37:23 +0000] [606] [INFO] Started server process [606]
[2026-03-27 02:37:23 +0000] [606] [INFO] Waiting for application startup.
[2026-03-27 02:37:23 +0000] [606] [INFO] Application startup complete.
[2026-03-27 02:37:23 +0000] [612] [INFO] Started server process [612]
[2026-03-27 02:37:23 +0000] [612] [INFO] Waiting for application startup.
[2026-03-27 02:37:23 +0000] [634] [INFO] Booting worker with pid: 634
[2026-03-27 02:37:23 +0000] [612] [INFO] Application startup complete.
[2026-03-27 02:37:23 +0000] [623] [INFO] Started server process [623]
[2026-03-27 02:37:23 +0000] [623] [INFO] Waiting for application startup.
[2026-03-27 02:37:23 +0000] [623] [INFO] Application startup complete.
[2026-03-27 02:37:23 +0000] [644] [INFO] Booting worker with pid: 644
[2026-03-27 02:37:23 +0000] [634] [INFO] Started server process [634]
[2026-03-27 02:37:23 +0000] [634] [INFO] Waiting for application startup.
[2026-03-27 02:37:23 +0000] [634] [INFO] Application startup complete.
[2026-03-27 02:37:23 +0000] [650] [INFO] Booting worker with pid: 650
[2026-03-27 02:37:23 +0000] [644] [INFO] Started server process [644]
[2026-03-27 02:37:23 +0000] [644] [INFO] Waiting for application startup.
[2026-03-27 02:37:23 +0000] [644] [INFO] Application startup complete.
[2026-03-27 02:37:23 +0000] [656] [INFO] Booting worker with pid: 656
[2026-03-27 02:37:23 +0000] [657] [INFO] Booting worker with pid: 657
[2026-03-27 02:37:23 +0000] [659] [INFO] Booting worker with pid: 659
[2026-03-27 02:37:23 +0000] [650] [INFO] Started server process [650]
[2026-03-27 02:37:23 +0000] [650] [INFO] Waiting for application startup.
[2026-03-27 02:37:23 +0000] [650] [INFO] Application startup complete.
[2026-03-27 02:37:23 +0000] [664] [INFO] Booting worker with pid: 664
[2026-03-27 02:37:23 +0000] [656] [INFO] Started server process [656]
[2026-03-27 02:37:23 +0000] [656] [INFO] Waiting for application startup.
[2026-03-27 02:37:23 +0000] [656] [INFO] Application startup complete.
[2026-03-27 02:37:23 +0000] [657] [INFO] Started server process [657]
[2026-03-27 02:37:23 +0000] [657] [INFO] Waiting for application startup.
[2026-03-27 02:37:23 +0000] [659] [INFO] Started server process [659]
[2026-03-27 02:37:23 +0000] [659] [INFO] Waiting for application startup.
[2026-03-27 02:37:23 +0000] [657] [INFO] Application startup complete.
[2026-03-27 02:37:23 +0000] [677] [INFO] Booting worker with pid: 677
[2026-03-27 02:37:23 +0000] [659] [INFO] Application startup complete.
[2026-03-27 02:37:23 +0000] [664] [INFO] Started server process [664]
[2026-03-27 02:37:23 +0000] [664] [INFO] Waiting for application startup.
[2026-03-27 02:37:23 +0000] [664] [INFO] Application startup complete.
[2026-03-27 02:37:23 +0000] [686] [INFO] Booting worker with pid: 686
[2026-03-27 02:37:23 +0000] [677] [INFO] Started server process [677]
[2026-03-27 02:37:23 +0000] [677] [INFO] Waiting for application startup.
[2026-03-27 02:37:23 +0000] [677] [INFO] Application startup complete.
[2026-03-27 02:37:23 +0000] [692] [INFO] Booting worker with pid: 692
[2026-03-27 02:37:23 +0000] [694] [INFO] Booting worker with pid: 694
[2026-03-27 02:37:23 +0000] [686] [INFO] Started server process [686]
[2026-03-27 02:37:23 +0000] [686] [INFO] Waiting for application startup.
[2026-03-27 02:37:23 +0000] [686] [INFO] Application startup complete.
[2026-03-27 02:37:23 +0000] [692] [INFO] Started server process [692]
[2026-03-27 02:37:23 +0000] [692] [INFO] Waiting for application startup.
[2026-03-27 02:37:23 +0000] [705] [INFO] Booting worker with pid: 705
[2026-03-27 02:37:23 +0000] [692] [INFO] Application startup complete.
[2026-03-27 02:37:23 +0000] [706] [INFO] Booting worker with pid: 706
[2026-03-27 02:37:23 +0000] [694] [INFO] Started server process [694]
[2026-03-27 02:37:23 +0000] [694] [INFO] Waiting for application startup.
[2026-03-27 02:37:23 +0000] [694] [INFO] Application startup complete.
[2026-03-27 02:37:23 +0000] [705] [INFO] Started server process [705]
[2026-03-27 02:37:23 +0000] [705] [INFO] Waiting for application startup.
[2026-03-27 02:37:23 +0000] [706] [INFO] Started server process [706]
[2026-03-27 02:37:23 +0000] [706] [INFO] Waiting for application startup.
[2026-03-27 02:37:23 +0000] [721] [INFO] Booting worker with pid: 721
[2026-03-27 02:37:23 +0000] [705] [INFO] Application startup complete.
[2026-03-27 02:37:23 +0000] [706] [INFO] Application startup complete.
[2026-03-27 02:37:23 +0000] [722] [INFO] Booting worker with pid: 722
[2026-03-27 02:37:23 +0000] [721] [INFO] Started server process [721]
[2026-03-27 02:37:23 +0000] [721] [INFO] Waiting for application startup.
[2026-03-27 02:37:23 +0000] [721] [INFO] Application startup complete.
[2026-03-27 02:37:23 +0000] [722] [INFO] Started server process [722]
[2026-03-27 02:37:23 +0000] [722] [INFO] Waiting for application startup.
[2026-03-27 02:37:23 +0000] [729] [INFO] Booting worker with pid: 729
[2026-03-27 02:37:23 +0000] [722] [INFO] Application startup complete.
[2026-03-27 02:37:23 +0000] [734] [INFO] Booting worker with pid: 734
[2026-03-27 02:37:23 +0000] [735] [INFO] Booting worker with pid: 735
[2026-03-27 02:37:23 +0000] [737] [INFO] Booting worker with pid: 737
[2026-03-27 02:37:23 +0000] [729] [INFO] Started server process [729]
[2026-03-27 02:37:23 +0000] [729] [INFO] Waiting for application startup.
[2026-03-27 02:37:23 +0000] [729] [INFO] Application startup complete.
[2026-03-27 02:37:23 +0000] [742] [INFO] Booting worker with pid: 742
[2026-03-27 02:37:23 +0000] [734] [INFO] Started server process [734]
[2026-03-27 02:37:23 +0000] [734] [INFO] Waiting for application startup.
[2026-03-27 02:37:23 +0000] [735] [INFO] Started server process [735]
[2026-03-27 02:37:23 +0000] [735] [INFO] Waiting for application startup.
[2026-03-27 02:37:23 +0000] [734] [INFO] Application startup complete.
[2026-03-27 02:37:23 +0000] [735] [INFO] Application startup complete.
[2026-03-27 02:37:23 +0000] [737] [INFO] Started server process [737]
[2026-03-27 02:37:23 +0000] [737] [INFO] Waiting for application startup.
[2026-03-27 02:37:23 +0000] [737] [INFO] Application startup complete.
[2026-03-27 02:37:23 +0000] [759] [INFO] Booting worker with pid: 759
[2026-03-27 02:37:23 +0000] [742] [INFO] Started server process [742]
[2026-03-27 02:37:23 +0000] [742] [INFO] Waiting for application startup.
[2026-03-27 02:37:23 +0000] [742] [INFO] Application startup complete.
[2026-03-27 02:37:23 +0000] [764] [INFO] Booting worker with pid: 764
[2026-03-27 02:37:23 +0000] [759] [INFO] Started server process [759]
[2026-03-27 02:37:23 +0000] [759] [INFO] Waiting for application startup.
[2026-03-27 02:37:23 +0000] [768] [INFO] Booting worker with pid: 768
[2026-03-27 02:37:23 +0000] [759] [INFO] Application startup complete.
[2026-03-27 02:37:23 +0000] [764] [INFO] Started server process [764]
[2026-03-27 02:37:23 +0000] [764] [INFO] Waiting for application startup.
[2026-03-27 02:37:23 +0000] [764] [INFO] Application startup complete.
[2026-03-27 02:37:24 +0000] [776] [INFO] Booting worker with pid: 776
[2026-03-27 02:37:24 +0000] [777] [INFO] Booting worker with pid: 777
[2026-03-27 02:37:24 +0000] [768] [INFO] Started server process [768]
[2026-03-27 02:37:24 +0000] [768] [INFO] Waiting for application startup.
[2026-03-27 02:37:24 +0000] [768] [INFO] Application startup complete.
[2026-03-27 02:37:24 +0000] [776] [INFO] Started server process [776]
[2026-03-27 02:37:24 +0000] [776] [INFO] Waiting for application startup.
[2026-03-27 02:37:24 +0000] [777] [INFO] Started server process [777]
[2026-03-27 02:37:24 +0000] [777] [INFO] Waiting for application startup.
[2026-03-27 02:37:24 +0000] [776] [INFO] Application startup complete.
[2026-03-27 02:37:24 +0000] [777] [INFO] Application startup complete.
[2026-03-27 02:37:24 +0000] [793] [INFO] Booting worker with pid: 793
[2026-03-27 02:37:24 +0000] [795] [INFO] Booting worker with pid: 795
[2026-03-27 02:37:24 +0000] [793] [INFO] Started server process [793]
[2026-03-27 02:37:24 +0000] [793] [INFO] Waiting for application startup.
[2026-03-27 02:37:24 +0000] [793] [INFO] Application startup complete.
[2026-03-27 02:37:24 +0000] [795] [INFO] Started server process [795]
[2026-03-27 02:37:24 +0000] [795] [INFO] Waiting for application startup.
[2026-03-27 02:37:24 +0000] [795] [INFO] Application startup complete.
[2026-03-27 02:37:24 +0000] [805] [INFO] Booting worker with pid: 805
[2026-03-27 02:37:24 +0000] [805] [INFO] Started server process [805]
[2026-03-27 02:37:24 +0000] [805] [INFO] Waiting for application startup.
[2026-03-27 02:37:24 +0000] [805] [INFO] Application startup complete.
[2026-03-27 02:37:24 +0000] [811] [INFO] Booting worker with pid: 811
[2026-03-27 02:37:24 +0000] [811] [INFO] Started server process [811]
[2026-03-27 02:37:24 +0000] [811] [INFO] Waiting for application startup.
[2026-03-27 02:37:24 +0000] [811] [INFO] Application startup complete.
[2026-03-27 02:37:24 +0000] [817] [INFO] Booting worker with pid: 817
[2026-03-27 02:37:24 +0000] [818] [INFO] Booting worker with pid: 818
[2026-03-27 02:37:24 +0000] [819] [INFO] Booting worker with pid: 819
[2026-03-27 02:37:24 +0000] [817] [INFO] Started server process [817]
[2026-03-27 02:37:24 +0000] [817] [INFO] Waiting for application startup.
[2026-03-27 02:37:24 +0000] [817] [INFO] Application startup complete.
[2026-03-27 02:37:24 +0000] [825] [INFO] Booting worker with pid: 825
[2026-03-27 02:37:24 +0000] [818] [INFO] Started server process [818]
[2026-03-27 02:37:24 +0000] [818] [INFO] Waiting for application startup.
[2026-03-27 02:37:24 +0000] [818] [INFO] Application startup complete.
[2026-03-27 02:37:24 +0000] [819] [INFO] Started server process [819]
[2026-03-27 02:37:24 +0000] [819] [INFO] Waiting for application startup.
[2026-03-27 02:37:24 +0000] [819] [INFO] Application startup complete.
[2026-03-27 02:37:24 +0000] [836] [INFO] Booting worker with pid: 836
[2026-03-27 02:37:24 +0000] [825] [INFO] Started server process [825]
[2026-03-27 02:37:24 +0000] [825] [INFO] Waiting for application startup.
[2026-03-27 02:37:24 +0000] [825] [INFO] Application startup complete.
[2026-03-27 02:37:24 +0000] [843] [INFO] Booting worker with pid: 843
[2026-03-27 02:37:24 +0000] [836] [INFO] Started server process [836]
[2026-03-27 02:37:24 +0000] [836] [INFO] Waiting for application startup.
[2026-03-27 02:37:24 +0000] [844] [INFO] Booting worker with pid: 844
[2026-03-27 02:37:24 +0000] [836] [INFO] Application startup complete.
[2026-03-27 02:37:24 +0000] [849] [INFO] Booting worker with pid: 849
[2026-03-27 02:37:24 +0000] [843] [INFO] Started server process [843]
[2026-03-27 02:37:24 +0000] [843] [INFO] Waiting for application startup.
[2026-03-27 02:37:24 +0000] [843] [INFO] Application startup complete.
[2026-03-27 02:37:24 +0000] [844] [INFO] Started server process [844]
[2026-03-27 02:37:24 +0000] [844] [INFO] Waiting for application startup.
[2026-03-27 02:37:24 +0000] [844] [INFO] Application startup complete.
[2026-03-27 02:37:24 +0000] [860] [INFO] Booting worker with pid: 860
[2026-03-27 02:37:24 +0000] [849] [INFO] Started server process [849]
[2026-03-27 02:37:24 +0000] [849] [INFO] Waiting for application startup.
[2026-03-27 02:37:24 +0000] [849] [INFO] Application startup complete.
[2026-03-27 02:37:24 +0000] [866] [INFO] Booting worker with pid: 866
[2026-03-27 02:37:24 +0000] [867] [INFO] Booting worker with pid: 867
[2026-03-27 02:37:24 +0000] [868] [INFO] Booting worker with pid: 868
[2026-03-27 02:37:24 +0000] [860] [INFO] Started server process [860]
[2026-03-27 02:37:24 +0000] [860] [INFO] Waiting for application startup.
[2026-03-27 02:37:24 +0000] [860] [INFO] Application startup complete.
[2026-03-27 02:37:24 +0000] [877] [INFO] Booting worker with pid: 877
[2026-03-27 02:37:24 +0000] [866] [INFO] Started server process [866]
[2026-03-27 02:37:24 +0000] [866] [INFO] Waiting for application startup.
[2026-03-27 02:37:24 +0000] [867] [INFO] Started server process [867]
[2026-03-27 02:37:24 +0000] [867] [INFO] Waiting for application startup.
[2026-03-27 02:37:24 +0000] [866] [INFO] Application startup complete.
[2026-03-27 02:37:24 +0000] [867] [INFO] Application startup complete.
[2026-03-27 02:37:24 +0000] [868] [INFO] Started server process [868]
[2026-03-27 02:37:24 +0000] [868] [INFO] Waiting for application startup.
[2026-03-27 02:37:24 +0000] [868] [INFO] Application startup complete.
[2026-03-27 02:37:25 +0000] [891] [INFO] Booting worker with pid: 891
[2026-03-27 02:37:25 +0000] [877] [INFO] Started server process [877]
[2026-03-27 02:37:25 +0000] [877] [INFO] Waiting for application startup.
[2026-03-27 02:37:25 +0000] [877] [INFO] Application startup complete.
[2026-03-27 02:37:25 +0000] [897] [INFO] Booting worker with pid: 897
[2026-03-27 02:37:25 +0000] [891] [INFO] Started server process [891]
[2026-03-27 02:37:25 +0000] [891] [INFO] Waiting for application startup.
[2026-03-27 02:37:25 +0000] [891] [INFO] Application startup complete.
[2026-03-27 02:37:25 +0000] [902] [INFO] Booting worker with pid: 902
[2026-03-27 02:37:25 +0000] [897] [INFO] Started server process [897]
[2026-03-27 02:37:25 +0000] [897] [INFO] Waiting for application startup.
[2026-03-27 02:37:25 +0000] [897] [INFO] Application startup complete.
[2026-03-27 02:37:25 +0000] [908] [INFO] Booting worker with pid: 908
[2026-03-27 02:37:25 +0000] [902] [INFO] Started server process [902]
[2026-03-27 02:37:25 +0000] [902] [INFO] Waiting for application startup.
[2026-03-27 02:37:25 +0000] [902] [INFO] Application startup complete.
[2026-03-27 02:37:25 +0000] [908] [INFO] Started server process [908]
[2026-03-27 02:37:25 +0000] [908] [INFO] Waiting for application startup.
[2026-03-27 02:37:25 +0000] [915] [INFO] Booting worker with pid: 915
[2026-03-27 02:37:25 +0000] [908] [INFO] Application startup complete.
[2026-03-27 02:37:25 +0000] [920] [INFO] Booting worker with pid: 920
[2026-03-27 02:37:25 +0000] [915] [INFO] Started server process [915]
[2026-03-27 02:37:25 +0000] [915] [INFO] Waiting for application startup.
[2026-03-27 02:37:25 +0000] [915] [INFO] Application startup complete.
[2026-03-27 02:37:25 +0000] [927] [INFO] Booting worker with pid: 927
[2026-03-27 02:37:25 +0000] [928] [INFO] Booting worker with pid: 928
[2026-03-27 02:37:25 +0000] [920] [INFO] Started server process [920]
[2026-03-27 02:37:25 +0000] [920] [INFO] Waiting for application startup.
[2026-03-27 02:37:25 +0000] [920] [INFO] Application startup complete.
[2026-03-27 02:37:25 +0000] [933] [INFO] Booting worker with pid: 933
[2026-03-27 02:37:25 +0000] [927] [INFO] Started server process [927]
[2026-03-27 02:37:25 +0000] [927] [INFO] Waiting for application startup.
[2026-03-27 02:37:25 +0000] [928] [INFO] Started server process [928]
[2026-03-27 02:37:25 +0000] [928] [INFO] Waiting for application startup.
[2026-03-27 02:37:25 +0000] [927] [INFO] Application startup complete.
[2026-03-27 02:37:25 +0000] [928] [INFO] Application startup complete.
[2026-03-27 02:37:25 +0000] [933] [INFO] Started server process [933]
[2026-03-27 02:37:25 +0000] [933] [INFO] Waiting for application startup.
[2026-03-27 02:37:25 +0000] [933] [INFO] Application startup complete.
[2026-03-27 02:37:25 +0000] [949] [INFO] Booting worker with pid: 949
[2026-03-27 02:37:25 +0000] [950] [INFO] Booting worker with pid: 950
[2026-03-27 02:37:25 +0000] [949] [INFO] Started server process [949]
[2026-03-27 02:37:25 +0000] [949] [INFO] Waiting for application startup.
[2026-03-27 02:37:25 +0000] [952] [INFO] Booting worker with pid: 952
[2026-03-27 02:37:25 +0000] [949] [INFO] Application startup complete.
[2026-03-27 02:37:25 +0000] [950] [INFO] Started server process [950]
[2026-03-27 02:37:25 +0000] [950] [INFO] Waiting for application startup.
[2026-03-27 02:37:25 +0000] [950] [INFO] Application startup complete.
[2026-03-27 02:37:25 +0000] [963] [INFO] Booting worker with pid: 963
[2026-03-27 02:37:25 +0000] [964] [INFO] Booting worker with pid: 964
[2026-03-27 02:37:25 +0000] [952] [INFO] Started server process [952]
[2026-03-27 02:37:25 +0000] [952] [INFO] Waiting for application startup.
[2026-03-27 02:37:25 +0000] [952] [INFO] Application startup complete.
[2026-03-27 02:37:25 +0000] [969] [INFO] Booting worker with pid: 969
[2026-03-27 02:37:25 +0000] [963] [INFO] Started server process [963]
[2026-03-27 02:37:25 +0000] [963] [INFO] Waiting for application startup.
[2026-03-27 02:37:25 +0000] [963] [INFO] Application startup complete.
[2026-03-27 02:37:25 +0000] [976] [INFO] Booting worker with pid: 976
[2026-03-27 02:37:25 +0000] [964] [INFO] Started server process [964]
[2026-03-27 02:37:25 +0000] [964] [INFO] Waiting for application startup.
[2026-03-27 02:37:25 +0000] [964] [INFO] Application startup complete.
[2026-03-27 02:37:25 +0000] [969] [INFO] Started server process [969]
[2026-03-27 02:37:25 +0000] [969] [INFO] Waiting for application startup.
[2026-03-27 02:37:25 +0000] [969] [INFO] Application startup complete.
[2026-03-27 02:37:25 +0000] [986] [INFO] Booting worker with pid: 986
[2026-03-27 02:37:26 +0000] [987] [INFO] Booting worker with pid: 987
[2026-03-27 02:37:26 +0000] [976] [INFO] Started server process [976]
[2026-03-27 02:37:26 +0000] [976] [INFO] Waiting for application startup.
[2026-03-27 02:37:26 +0000] [976] [INFO] Application startup complete.
[2026-03-27 02:37:26 +0000] [994] [INFO] Booting worker with pid: 994
[2026-03-27 02:37:26 +0000] [986] [INFO] Started server process [986]
[2026-03-27 02:37:26 +0000] [986] [INFO] Waiting for application startup.
[2026-03-27 02:37:26 +0000] [986] [INFO] Application startup complete.
[2026-03-27 02:37:26 +0000] [987] [INFO] Started server process [987]
[2026-03-27 02:37:26 +0000] [987] [INFO] Waiting for application startup.
[2026-03-27 02:37:26 +0000] [1000] [INFO] Booting worker with pid: 1000
[2026-03-27 02:37:26 +0000] [987] [INFO] Application startup complete.
[2026-03-27 02:37:26 +0000] [994] [INFO] Started server process [994]
[2026-03-27 02:37:26 +0000] [994] [INFO] Waiting for application startup.
[2026-03-27 02:37:26 +0000] [994] [INFO] Application startup complete.
[2026-03-27 02:37:26 +0000] [1010] [INFO] Booting worker with pid: 1010
[2026-03-27 02:37:26 +0000] [1000] [INFO] Started server process [1000]
[2026-03-27 02:37:26 +0000] [1000] [INFO] Waiting for application startup.
[2026-03-27 02:37:26 +0000] [1016] [INFO] Booting worker with pid: 1016
[2026-03-27 02:37:26 +0000] [1000] [INFO] Application startup complete.
[2026-03-27 02:37:26 +0000] [1018] [INFO] Booting worker with pid: 1018
[2026-03-27 02:37:26 +0000] [1010] [INFO] Started server process [1010]
[2026-03-27 02:37:26 +0000] [1010] [INFO] Waiting for application startup.
[2026-03-27 02:37:26 +0000] [1010] [INFO] Application startup complete.
[2026-03-27 02:37:26 +0000] [1016] [INFO] Started server process [1016]
[2026-03-27 02:37:26 +0000] [1016] [INFO] Waiting for application startup.
[2026-03-27 02:37:26 +0000] [1024] [INFO] Booting worker with pid: 1024
[2026-03-27 02:37:26 +0000] [1029] [INFO] Booting worker with pid: 1029
[2026-03-27 02:37:26 +0000] [1016] [INFO] Application startup complete.
[2026-03-27 02:37:26 +0000] [1030] [INFO] Booting worker with pid: 1030
[2026-03-27 02:37:26 +0000] [1018] [INFO] Started server process [1018]
[2026-03-27 02:37:26 +0000] [1018] [INFO] Waiting for application startup.
[2026-03-27 02:37:26 +0000] [1018] [INFO] Application startup complete.
[2026-03-27 02:37:26 +0000] [1037] [INFO] Booting worker with pid: 1037
[2026-03-27 02:37:26 +0000] [1024] [INFO] Started server process [1024]
[2026-03-27 02:37:26 +0000] [1024] [INFO] Waiting for application startup.
[2026-03-27 02:37:26 +0000] [1029] [INFO] Started server process [1029]
[2026-03-27 02:37:26 +0000] [1029] [INFO] Waiting for application startup.
[2026-03-27 02:37:26 +0000] [1024] [INFO] Application startup complete.
[2026-03-27 02:37:26 +0000] [1030] [INFO] Started server process [1030]
[2026-03-27 02:37:26 +0000] [1030] [INFO] Waiting for application startup.
[2026-03-27 02:37:26 +0000] [1029] [INFO] Application startup complete.
[2026-03-27 02:37:26 +0000] [1052] [INFO] Booting worker with pid: 1052
[2026-03-27 02:37:26 +0000] [1030] [INFO] Application startup complete.
[2026-03-27 02:37:26 +0000] [1037] [INFO] Started server process [1037]
[2026-03-27 02:37:26 +0000] [1037] [INFO] Waiting for application startup.
[2026-03-27 02:37:26 +0000] [1037] [INFO] Application startup complete.
[2026-03-27 02:37:26 +0000] [1058] [INFO] Booting worker with pid: 1058
[2026-03-27 02:37:26 +0000] [1052] [INFO] Started server process [1052]
[2026-03-27 02:37:26 +0000] [1052] [INFO] Waiting for application startup.
[2026-03-27 02:37:26 +0000] [1064] [INFO] Booting worker with pid: 1064
[2026-03-27 02:37:26 +0000] [1052] [INFO] Application startup complete.
[2026-03-27 02:37:26 +0000] [1058] [INFO] Started server process [1058]
[2026-03-27 02:37:26 +0000] [1058] [INFO] Waiting for application startup.
[2026-03-27 02:37:27 +0000] [1058] [INFO] Application startup complete.
[2026-03-27 02:37:27 +0000] [1070] [INFO] Booting worker with pid: 1070
[2026-03-27 02:37:27 +0000] [1071] [INFO] Booting worker with pid: 1071
[2026-03-27 02:37:27 +0000] [1064] [INFO] Started server process [1064]
[2026-03-27 02:37:27 +0000] [1064] [INFO] Waiting for application startup.
[2026-03-27 02:37:27 +0000] [1064] [INFO] Application startup complete.
[2026-03-27 02:37:27 +0000] [1078] [INFO] Booting worker with pid: 1078
[2026-03-27 02:37:27 +0000] [1070] [INFO] Started server process [1070]
[2026-03-27 02:37:27 +0000] [1070] [INFO] Waiting for application startup.
[2026-03-27 02:37:27 +0000] [1070] [INFO] Application startup complete.
[2026-03-27 02:37:27 +0000] [1071] [INFO] Started server process [1071]
[2026-03-27 02:37:27 +0000] [1071] [INFO] Waiting for application startup.
[2026-03-27 02:37:27 +0000] [1084] [INFO] Booting worker with pid: 1084
[2026-03-27 02:37:27 +0000] [1071] [INFO] Application startup complete.
[2026-03-27 02:37:27 +0000] [1078] [INFO] Started server process [1078]
[2026-03-27 02:37:27 +0000] [1078] [INFO] Waiting for application startup.
[2026-03-27 02:37:27 +0000] [1078] [INFO] Application startup complete.
[2026-03-27 02:37:27 +0000] [1084] [INFO] Started server process [1084]
[2026-03-27 02:37:27 +0000] [1084] [INFO] Waiting for application startup.
[2026-03-27 02:37:27 +0000] [1095] [INFO] Booting worker with pid: 1095
[2026-03-27 02:37:27 +0000] [1084] [INFO] Application startup complete.
[2026-03-27 02:37:27 +0000] [1100] [INFO] Booting worker with pid: 1100
[2026-03-27 02:37:27 +0000] [1101] [INFO] Booting worker with pid: 1101
[2026-03-27 02:37:27 +0000] [1095] [INFO] Started server process [1095]
[2026-03-27 02:37:27 +0000] [1095] [INFO] Waiting for application startup.
[2026-03-27 02:37:27 +0000] [1095] [INFO] Application startup complete.
[2026-03-27 02:37:27 +0000] [1107] [INFO] Booting worker with pid: 1107
[2026-03-27 02:37:27 +0000] [1100] [INFO] Started server process [1100]
[2026-03-27 02:37:27 +0000] [1100] [INFO] Waiting for application startup.
[2026-03-27 02:37:27 +0000] [1100] [INFO] Application startup complete.
[2026-03-27 02:37:27 +0000] [1114] [INFO] Booting worker with pid: 1114
[2026-03-27 02:37:27 +0000] [1101] [INFO] Started server process [1101]
[2026-03-27 02:37:27 +0000] [1101] [INFO] Waiting for application startup.
[2026-03-27 02:37:27 +0000] [1120] [INFO] Booting worker with pid: 1120
[2026-03-27 02:37:27 +0000] [1101] [INFO] Application startup complete.
[2026-03-27 02:37:27 +0000] [1107] [INFO] Started server process [1107]
[2026-03-27 02:37:27 +0000] [1107] [INFO] Waiting for application startup.
[2026-03-27 02:37:27 +0000] [1107] [INFO] Application startup complete.
[2026-03-27 02:37:27 +0000] [1125] [INFO] Booting worker with pid: 1125
[2026-03-27 02:37:27 +0000] [1127] [INFO] Booting worker with pid: 1127
[2026-03-27 02:37:27 +0000] [1114] [INFO] Started server process [1114]
[2026-03-27 02:37:27 +0000] [1114] [INFO] Waiting for application startup.
[2026-03-27 02:37:27 +0000] [1114] [INFO] Application startup complete.
[2026-03-27 02:37:27 +0000] [1120] [INFO] Started server process [1120]
[2026-03-27 02:37:27 +0000] [1120] [INFO] Waiting for application startup.
[2026-03-27 02:37:27 +0000] [1125] [INFO] Started server process [1125]
[2026-03-27 02:37:27 +0000] [1125] [INFO] Waiting for application startup.
[2026-03-27 02:37:27 +0000] [1120] [INFO] Application startup complete.
[2026-03-27 02:37:27 +0000] [1125] [INFO] Application startup complete.
[2026-03-27 02:37:27 +0000] [1142] [INFO] Booting worker with pid: 1142
[2026-03-27 02:37:27 +0000] [1144] [INFO] Booting worker with pid: 1144
[2026-03-27 02:37:27 +0000] [1127] [INFO] Started server process [1127]
[2026-03-27 02:37:27 +0000] [1127] [INFO] Waiting for application startup.
[2026-03-27 02:37:27 +0000] [1127] [INFO] Application startup complete.
[2026-03-27 02:37:27 +0000] [1149] [INFO] Booting worker with pid: 1149
[2026-03-27 02:37:28 +0000] [1151] [INFO] Booting worker with pid: 1151
[2026-03-27 02:37:28 +0000] [1142] [INFO] Started server process [1142]
[2026-03-27 02:37:28 +0000] [1142] [INFO] Waiting for application startup.
[2026-03-27 02:37:28 +0000] [1142] [INFO] Application startup complete.
[2026-03-27 02:37:28 +0000] [1156] [INFO] Booting worker with pid: 1156
[2026-03-27 02:37:28 +0000] [1144] [INFO] Started server process [1144]
[2026-03-27 02:37:28 +0000] [1144] [INFO] Waiting for application startup.
[2026-03-27 02:37:28 +0000] [1149] [INFO] Started server process [1149]
[2026-03-27 02:37:28 +0000] [1149] [INFO] Waiting for application startup.
[2026-03-27 02:37:28 +0000] [1144] [INFO] Application startup complete.
[2026-03-27 02:37:28 +0000] [1167] [INFO] Booting worker with pid: 1167
[2026-03-27 02:37:28 +0000] [1149] [INFO] Application startup complete.
[2026-03-27 02:37:28 +0000] [1168] [INFO] Booting worker with pid: 1168
[2026-03-27 02:37:28 +0000] [1167] [INFO] Started server process [1167]
[2026-03-27 02:37:28 +0000] [1167] [INFO] Waiting for application startup.
[2026-03-27 02:37:28 +0000] [1167] [INFO] Application startup complete.
[2026-03-27 02:37:28 +0000] [1176] [INFO] Booting worker with pid: 1176
[2026-03-27 02:37:28 +0000] [1151] [INFO] Started server process [1151]
[2026-03-27 02:37:28 +0000] [1151] [INFO] Waiting for application startup.
[2026-03-27 02:37:28 +0000] [1168] [INFO] Started server process [1168]
[2026-03-27 02:37:28 +0000] [1168] [INFO] Waiting for application startup.
[2026-03-27 02:37:28 +0000] [1178] [INFO] Booting worker with pid: 1178
[2026-03-27 02:37:28 +0000] [1151] [INFO] Application startup complete.
[2026-03-27 02:37:28 +0000] [1168] [INFO] Application startup complete.
[2026-03-27 02:37:28 +0000] [1187] [INFO] Booting worker with pid: 1187
[2026-03-27 02:37:28 +0000] [1156] [INFO] Started server process [1156]
[2026-03-27 02:37:28 +0000] [1156] [INFO] Waiting for application startup.
[2026-03-27 02:37:28 +0000] [1156] [INFO] Application startup complete.
[2026-03-27 02:37:28 +0000] [1192] [INFO] Booting worker with pid: 1192
[2026-03-27 02:37:28 +0000] [1196] [INFO] Booting worker with pid: 1196
[2026-03-27 02:37:28 +0000] [1178] [INFO] Started server process [1178]
[2026-03-27 02:37:28 +0000] [1178] [INFO] Waiting for application startup.
[2026-03-27 02:37:28 +0000] [1187] [INFO] Started server process [1187]
[2026-03-27 02:37:28 +0000] [1187] [INFO] Waiting for application startup.
[2026-03-27 02:37:28 +0000] [1187] [INFO] Application startup complete.
[2026-03-27 02:37:28 +0000] [1178] [INFO] Application startup complete.
[2026-03-27 02:37:28 +0000] [1176] [INFO] Started server process [1176]
[2026-03-27 02:37:28 +0000] [1176] [INFO] Waiting for application startup.
[2026-03-27 02:37:28 +0000] [1205] [INFO] Booting worker with pid: 1205
[2026-03-27 02:37:28 +0000] [1176] [INFO] Application startup complete.
[2026-03-27 02:37:28 +0000] [1192] [INFO] Started server process [1192]
[2026-03-27 02:37:28 +0000] [1192] [INFO] Waiting for application startup.
[2026-03-27 02:37:28 +0000] [1192] [INFO] Application startup complete.
[2026-03-27 02:37:28 +0000] [1215] [INFO] Booting worker with pid: 1215
[2026-03-27 02:37:28 +0000] [1196] [INFO] Started server process [1196]
[2026-03-27 02:37:28 +0000] [1196] [INFO] Waiting for application startup.
[2026-03-27 02:37:28 +0000] [1196] [INFO] Application startup complete.
[2026-03-27 02:37:28 +0000] [1205] [INFO] Started server process [1205]
[2026-03-27 02:37:28 +0000] [1205] [INFO] Waiting for application startup.
[2026-03-27 02:37:28 +0000] [1222] [INFO] Booting worker with pid: 1222
[2026-03-27 02:37:28 +0000] [1205] [INFO] Application startup complete.
[2026-03-27 02:37:28 +0000] [1227] [INFO] Booting worker with pid: 1227
[2026-03-27 02:37:28 +0000] [1229] [INFO] Booting worker with pid: 1229
[2026-03-27 02:37:28 +0000] [1215] [INFO] Started server process [1215]
[2026-03-27 02:37:28 +0000] [1215] [INFO] Waiting for application startup.
[2026-03-27 02:37:28 +0000] [1215] [INFO] Application startup complete.
[2026-03-27 02:37:28 +0000] [1234] [INFO] Booting worker with pid: 1234
[2026-03-27 02:37:28 +0000] [1235] [INFO] Booting worker with pid: 1235
[2026-03-27 02:37:28 +0000] [1222] [INFO] Started server process [1222]
[2026-03-27 02:37:28 +0000] [1222] [INFO] Waiting for application startup.
[2026-03-27 02:37:28 +0000] [1222] [INFO] Application startup complete.
[2026-03-27 02:37:29 +0000] [1229] [INFO] Started server process [1229]
[2026-03-27 02:37:29 +0000] [1229] [INFO] Waiting for application startup.
[2026-03-27 02:37:29 +0000] [1246] [INFO] Booting worker with pid: 1246
[2026-03-27 02:37:29 +0000] [1229] [INFO] Application startup complete.
[2026-03-27 02:37:29 +0000] [1248] [INFO] Booting worker with pid: 1248
[2026-03-27 02:37:29 +0000] [1227] [INFO] Started server process [1227]
[2026-03-27 02:37:29 +0000] [1227] [INFO] Waiting for application startup.
[2026-03-27 02:37:29 +0000] [1234] [INFO] Started server process [1234]
[2026-03-27 02:37:29 +0000] [1234] [INFO] Waiting for application startup.
[2026-03-27 02:37:29 +0000] [1235] [INFO] Started server process [1235]
[2026-03-27 02:37:29 +0000] [1235] [INFO] Waiting for application startup.
[2026-03-27 02:37:29 +0000] [1227] [INFO] Application startup complete.
[2026-03-27 02:37:29 +0000] [1234] [INFO] Application startup complete.
[2026-03-27 02:37:29 +0000] [1263] [INFO] Booting worker with pid: 1263
[2026-03-27 02:37:29 +0000] [1235] [INFO] Application startup complete.
[2026-03-27 02:37:29 +0000] [1264] [INFO] Booting worker with pid: 1264
[2026-03-27 02:37:29 +0000] [1265] [INFO] Booting worker with pid: 1265
[2026-03-27 02:37:29 +0000] [1246] [INFO] Started server process [1246]
[2026-03-27 02:37:29 +0000] [1246] [INFO] Waiting for application startup.
[2026-03-27 02:37:29 +0000] [1246] [INFO] Application startup complete.
[2026-03-27 02:37:29 +0000] [1248] [INFO] Started server process [1248]
[2026-03-27 02:37:29 +0000] [1248] [INFO] Waiting for application startup.
[2026-03-27 02:37:29 +0000] [1248] [INFO] Application startup complete.
[2026-03-27 02:37:29 +0000] [1263] [INFO] Started server process [1263]
[2026-03-27 02:37:29 +0000] [1263] [INFO] Waiting for application startup.
[2026-03-27 02:37:29 +0000] [1264] [INFO] Started server process [1264]
[2026-03-27 02:37:29 +0000] [1264] [INFO] Waiting for application startup.
[2026-03-27 02:37:29 +0000] [1282] [INFO] Booting worker with pid: 1282
[2026-03-27 02:37:29 +0000] [1263] [INFO] Application startup complete.
[2026-03-27 02:37:29 +0000] [1264] [INFO] Application startup complete.
[2026-03-27 02:37:29 +0000] [1288] [INFO] Booting worker with pid: 1288
[2026-03-27 02:37:29 +0000] [1265] [INFO] Started server process [1265]
[2026-03-27 02:37:29 +0000] [1265] [INFO] Waiting for application startup.
[2026-03-27 02:37:29 +0000] [1265] [INFO] Application startup complete.
[2026-03-27 02:37:29 +0000] [1293] [INFO] Booting worker with pid: 1293
[2026-03-27 02:37:29 +0000] [1295] [INFO] Booting worker with pid: 1295
[2026-03-27 02:37:29 +0000] [1282] [INFO] Started server process [1282]
[2026-03-27 02:37:29 +0000] [1282] [INFO] Waiting for application startup.
[2026-03-27 02:37:29 +0000] [1282] [INFO] Application startup complete.
[2026-03-27 02:37:29 +0000] [1300] [INFO] Booting worker with pid: 1300
[2026-03-27 02:37:29 +0000] [1302] [INFO] Booting worker with pid: 1302
[2026-03-27 02:37:29 +0000] [1293] [INFO] Started server process [1293]
[2026-03-27 02:37:29 +0000] [1293] [INFO] Waiting for application startup.
[2026-03-27 02:37:29 +0000] [1293] [INFO] Application startup complete.
[2026-03-27 02:37:29 +0000] [1307] [INFO] Booting worker with pid: 1307
[2026-03-27 02:37:29 +0000] [1300] [INFO] Started server process [1300]
[2026-03-27 02:37:29 +0000] [1300] [INFO] Waiting for application startup.
[2026-03-27 02:37:29 +0000] [1295] [INFO] Started server process [1295]
[2026-03-27 02:37:29 +0000] [1295] [INFO] Waiting for application startup.
[2026-03-27 02:37:29 +0000] [1300] [INFO] Application startup complete.
[2026-03-27 02:37:29 +0000] [1295] [INFO] Application startup complete.
[2026-03-27 02:37:29 +0000] [1302] [INFO] Started server process [1302]
[2026-03-27 02:37:29 +0000] [1302] [INFO] Waiting for application startup.
[2026-03-27 02:37:29 +0000] [1323] [INFO] Booting worker with pid: 1323
[2026-03-27 02:37:29 +0000] [1302] [INFO] Application startup complete.
[2026-03-27 02:37:29 +0000] [1324] [INFO] Booting worker with pid: 1324
[2026-03-27 02:37:29 +0000] [1288] [INFO] Started server process [1288]
[2026-03-27 02:37:29 +0000] [1288] [INFO] Waiting for application startup.
[2026-03-27 02:37:29 +0000] [1288] [INFO] Application startup complete.
[2026-03-27 02:37:29 +0000] [1332] [INFO] Booting worker with pid: 1332
[2026-03-27 02:37:29 +0000] [1307] [INFO] Started server process [1307]
[2026-03-27 02:37:29 +0000] [1307] [INFO] Waiting for application startup.
[2026-03-27 02:37:29 +0000] [1307] [INFO] Application startup complete.
[2026-03-27 02:37:29 +0000] [1323] [INFO] Started server process [1323]
[2026-03-27 02:37:29 +0000] [1323] [INFO] Waiting for application startup.
[2026-03-27 02:37:29 +0000] [1323] [INFO] Application startup complete.
[2026-03-27 02:37:29 +0000] [1342] [INFO] Booting worker with pid: 1342
[2026-03-27 02:37:29 +0000] [1324] [INFO] Started server process [1324]
[2026-03-27 02:37:29 +0000] [1324] [INFO] Waiting for application startup.
[2026-03-27 02:37:29 +0000] [1324] [INFO] Application startup complete.
[2026-03-27 02:37:30 +0000] [1332] [INFO] Started server process [1332]
[2026-03-27 02:37:30 +0000] [1332] [INFO] Waiting for application startup.
[2026-03-27 02:37:30 +0000] [1332] [INFO] Application startup complete.
[2026-03-27 02:37:30 +0000] [1352] [INFO] Booting worker with pid: 1352
[2026-03-27 02:37:30 +0000] [1353] [INFO] Booting worker with pid: 1353
[2026-03-27 02:37:30 +0000] [1355] [INFO] Booting worker with pid: 1355
[2026-03-27 02:37:30 +0000] [1342] [INFO] Started server process [1342]
[2026-03-27 02:37:30 +0000] [1342] [INFO] Waiting for application startup.
[2026-03-27 02:37:30 +0000] [1342] [INFO] Application startup complete.
[2026-03-27 02:37:30 +0000] [1352] [INFO] Started server process [1352]
[2026-03-27 02:37:30 +0000] [1352] [INFO] Waiting for application startup.
[2026-03-27 02:37:30 +0000] [1365] [INFO] Booting worker with pid: 1365
[2026-03-27 02:37:30 +0000] [1352] [INFO] Application startup complete.
[2026-03-27 02:37:30 +0000] [1353] [INFO] Started server process [1353]
[2026-03-27 02:37:30 +0000] [1353] [INFO] Waiting for application startup.
[2026-03-27 02:37:30 +0000] [1353] [INFO] Application startup complete.
[2026-03-27 02:37:30 +0000] [1372] [INFO] Booting worker with pid: 1372
[2026-03-27 02:37:30 +0000] [1355] [INFO] Started server process [1355]
[2026-03-27 02:37:30 +0000] [1355] [INFO] Waiting for application startup.
[2026-03-27 02:37:30 +0000] [1355] [INFO] Application startup complete.
[2026-03-27 02:37:30 +0000] [1378] [INFO] Booting worker with pid: 1378
[2026-03-27 02:37:30 +0000] [1365] [INFO] Started server process [1365]
[2026-03-27 02:37:30 +0000] [1365] [INFO] Waiting for application startup.
[2026-03-27 02:37:30 +0000] [1365] [INFO] Application startup complete.
[2026-03-27 02:37:30 +0000] [1383] [INFO] Booting worker with pid: 1383
[2026-03-27 02:37:30 +0000] [1384] [INFO] Booting worker with pid: 1384
[2026-03-27 02:37:30 +0000] [1372] [INFO] Started server process [1372]
[2026-03-27 02:37:30 +0000] [1372] [INFO] Waiting for application startup.
[2026-03-27 02:37:30 +0000] [1372] [INFO] Application startup complete.
[2026-03-27 02:37:30 +0000] [1390] [INFO] Booting worker with pid: 1390
[2026-03-27 02:37:30 +0000] [1378] [INFO] Started server process [1378]
[2026-03-27 02:37:30 +0000] [1378] [INFO] Waiting for application startup.
[2026-03-27 02:37:30 +0000] [1378] [INFO] Application startup complete.
[2026-03-27 02:37:30 +0000] [1397] [INFO] Booting worker with pid: 1397
[2026-03-27 02:37:30 +0000] [1383] [INFO] Started server process [1383]
[2026-03-27 02:37:30 +0000] [1383] [INFO] Waiting for application startup.
[2026-03-27 02:37:30 +0000] [1383] [INFO] Application startup complete.
[2026-03-27 02:37:30 +0000] [1403] [INFO] Booting worker with pid: 1403
[2026-03-27 02:37:30 +0000] [1384] [INFO] Started server process [1384]
[2026-03-27 02:37:30 +0000] [1384] [INFO] Waiting for application startup.
[2026-03-27 02:37:30 +0000] [1409] [INFO] Booting worker with pid: 1409
[2026-03-27 02:37:30 +0000] [1384] [INFO] Application startup complete.
[2026-03-27 02:37:30 +0000] [1410] [INFO] Booting worker with pid: 1410
[2026-03-27 02:37:30 +0000] [1411] [INFO] Booting worker with pid: 1411
[2026-03-27 02:37:30 +0000] [1390] [INFO] Started server process [1390]
[2026-03-27 02:37:30 +0000] [1390] [INFO] Waiting for application startup.
[2026-03-27 02:37:30 +0000] [1390] [INFO] Application startup complete.
[2026-03-27 02:37:30 +0000] [1419] [INFO] Booting worker with pid: 1419
[2026-03-27 02:37:30 +0000] [1403] [INFO] Started server process [1403]
[2026-03-27 02:37:30 +0000] [1403] [INFO] Waiting for application startup.
[2026-03-27 02:37:30 +0000] [1397] [INFO] Started server process [1397]
[2026-03-27 02:37:30 +0000] [1397] [INFO] Waiting for application startup.
[2026-03-27 02:37:30 +0000] [1403] [INFO] Application startup complete.
[2026-03-27 02:37:30 +0000] [1409] [INFO] Started server process [1409]
[2026-03-27 02:37:30 +0000] [1409] [INFO] Waiting for application startup.
[2026-03-27 02:37:30 +0000] [1397] [INFO] Application startup complete.
[2026-03-27 02:37:30 +0000] [1409] [INFO] Application startup complete.
[2026-03-27 02:37:30 +0000] [1410] [INFO] Started server process [1410]
[2026-03-27 02:37:30 +0000] [1410] [INFO] Waiting for application startup.
[2026-03-27 02:37:30 +0000] [1410] [INFO] Application startup complete.
[2026-03-27 02:37:30 +0000] [1411] [INFO] Started server process [1411]
[2026-03-27 02:37:30 +0000] [1411] [INFO] Waiting for application startup.
[2026-03-27 02:37:30 +0000] [1411] [INFO] Application startup complete.
[2026-03-27 02:37:30 +0000] [1442] [INFO] Booting worker with pid: 1442
[2026-03-27 02:37:30 +0000] [1444] [INFO] Booting worker with pid: 1444
[2026-03-27 02:37:30 +0000] [1419] [INFO] Started server process [1419]
[2026-03-27 02:37:30 +0000] [1419] [INFO] Waiting for application startup.
[2026-03-27 02:37:30 +0000] [1419] [INFO] Application startup complete.
[2026-03-27 02:37:30 +0000] [1449] [INFO] Booting worker with pid: 1449
[2026-03-27 02:37:30 +0000] [1442] [INFO] Started server process [1442]
[2026-03-27 02:37:30 +0000] [1442] [INFO] Waiting for application startup.
[2026-03-27 02:37:30 +0000] [1442] [INFO] Application startup complete.
[2026-03-27 02:37:30 +0000] [1444] [INFO] Started server process [1444]
[2026-03-27 02:37:30 +0000] [1444] [INFO] Waiting for application startup.
[2026-03-27 02:37:30 +0000] [1444] [INFO] Application startup complete.
[2026-03-27 02:37:30 +0000] [1461] [INFO] Booting worker with pid: 1461
[2026-03-27 02:37:30 +0000] [1449] [INFO] Started server process [1449]
[2026-03-27 02:37:30 +0000] [1449] [INFO] Waiting for application startup.
[2026-03-27 02:37:30 +0000] [1449] [INFO] Application startup complete.
[2026-03-27 02:37:31 +0000] [1461] [INFO] Started server process [1461]
[2026-03-27 02:37:31 +0000] [1461] [INFO] Waiting for application startup.
[2026-03-27 02:37:31 +0000] [1461] [INFO] Application startup complete.
[2026-03-27 02:37:31 +0000] [1471] [INFO] Booting worker with pid: 1471
[2026-03-27 02:37:31 +0000] [1472] [INFO] Booting worker with pid: 1472
[2026-03-27 02:37:31 +0000] [1475] [INFO] Booting worker with pid: 1475
[2026-03-27 02:37:31 +0000] [1471] [INFO] Started server process [1471]
[2026-03-27 02:37:31 +0000] [1471] [INFO] Waiting for application startup.
[2026-03-27 02:37:31 +0000] [1472] [INFO] Started server process [1472]
[2026-03-27 02:37:31 +0000] [1472] [INFO] Waiting for application startup.
[2026-03-27 02:37:31 +0000] [1471] [INFO] Application startup complete.
[2026-03-27 02:37:31 +0000] [1472] [INFO] Application startup complete.
[2026-03-27 02:37:31 +0000] [1485] [INFO] Booting worker with pid: 1485
[2026-03-27 02:37:31 +0000] [1475] [INFO] Started server process [1475]
[2026-03-27 02:37:31 +0000] [1475] [INFO] Waiting for application startup.
[2026-03-27 02:37:31 +0000] [1475] [INFO] Application startup complete.
[2026-03-27 02:37:31 +0000] [1490] [INFO] Booting worker with pid: 1490
[2026-03-27 02:37:31 +0000] [1491] [INFO] Booting worker with pid: 1491
[2026-03-27 02:37:31 +0000] [1485] [INFO] Started server process [1485]
[2026-03-27 02:37:31 +0000] [1485] [INFO] Waiting for application startup.
[2026-03-27 02:37:31 +0000] [1485] [INFO] Application startup complete.
[2026-03-27 02:37:31 +0000] [1498] [INFO] Booting worker with pid: 1498
[2026-03-27 02:37:31 +0000] [1490] [INFO] Started server process [1490]
[2026-03-27 02:37:31 +0000] [1490] [INFO] Waiting for application startup.
[2026-03-27 02:37:31 +0000] [1490] [INFO] Application startup complete.
[2026-03-27 02:37:31 +0000] [1503] [INFO] Booting worker with pid: 1503
[2026-03-27 02:37:31 +0000] [1491] [INFO] Started server process [1491]
[2026-03-27 02:37:31 +0000] [1491] [INFO] Waiting for application startup.
[2026-03-27 02:37:31 +0000] [1491] [INFO] Application startup complete.
[2026-03-27 02:37:31 +0000] [1509] [INFO] Booting worker with pid: 1509
[2026-03-27 02:37:31 +0000] [1498] [INFO] Started server process [1498]
[2026-03-27 02:37:31 +0000] [1498] [INFO] Waiting for application startup.
[2026-03-27 02:37:31 +0000] [1498] [INFO] Application startup complete.
[2026-03-27 02:37:31 +0000] [1503] [INFO] Started server process [1503]
[2026-03-27 02:37:31 +0000] [1503] [INFO] Waiting for application startup.
[2026-03-27 02:37:31 +0000] [1520] [INFO] Booting worker with pid: 1520
[2026-03-27 02:37:31 +0000] [1503] [INFO] Application startup complete.
[2026-03-27 02:37:31 +0000] [1509] [INFO] Started server process [1509]
[2026-03-27 02:37:31 +0000] [1509] [INFO] Waiting for application startup.
[2026-03-27 02:37:31 +0000] [1509] [INFO] Application startup complete.
[2026-03-27 02:37:31 +0000] [1527] [INFO] Booting worker with pid: 1527
[2026-03-27 02:37:31 +0000] [1520] [INFO] Started server process [1520]
[2026-03-27 02:37:31 +0000] [1520] [INFO] Waiting for application startup.
[2026-03-27 02:37:31 +0000] [1528] [INFO] Booting worker with pid: 1528
[2026-03-27 02:37:31 +0000] [1520] [INFO] Application startup complete.
[2026-03-27 02:37:31 +0000] [1527] [INFO] Started server process [1527]
[2026-03-27 02:37:31 +0000] [1527] [INFO] Waiting for application startup.
[2026-03-27 02:37:31 +0000] [1527] [INFO] Application startup complete.
[2026-03-27 02:37:31 +0000] [1528] [INFO] Started server process [1528]
[2026-03-27 02:37:31 +0000] [1528] [INFO] Waiting for application startup.
[2026-03-27 02:37:31 +0000] [1528] [INFO] Application startup complete.
