[2026-03-27 02:36:30 +0000] [1] [INFO] Starting gunicorn 23.0.0
[2026-03-27 02:36:30 +0000] [1] [INFO] Listening at: http://0.0.0.0:8080 (1)
[2026-03-27 02:36:30 +0000] [1] [INFO] Using worker: uvicorn.workers.UvicornWorker
[2026-03-27 02:36:30 +0000] [7] [INFO] Booting worker with pid: 7
[2026-03-27 02:36:30 +0000] [8] [INFO] Booting worker with pid: 8
[2026-03-27 02:36:30 +0000] [9] [INFO] Booting worker with pid: 9
[2026-03-27 02:36:30 +0000] [10] [INFO] Booting worker with pid: 10
[2026-03-27 02:36:30 +0000] [11] [INFO] Booting worker with pid: 11
[2026-03-27 02:36:31 +0000] [7] [INFO] Started server process [7]
[2026-03-27 02:36:31 +0000] [7] [INFO] Waiting for application startup.
[2026-03-27 02:36:31 +0000] [7] [INFO] Application startup complete.
[2026-03-27 02:36:31 +0000] [8] [INFO] Started server process [8]
[2026-03-27 02:36:31 +0000] [8] [INFO] Waiting for application startup.
[2026-03-27 02:36:31 +0000] [8] [INFO] Application startup complete.
[2026-03-27 02:36:31 +0000] [22] [INFO] Booting worker with pid: 22
[2026-03-27 02:36:31 +0000] [23] [INFO] Booting worker with pid: 23
[2026-03-27 02:36:31 +0000] [24] [INFO] Booting worker with pid: 24
[2026-03-27 02:36:31 +0000] [9] [INFO] Started server process [9]
[2026-03-27 02:36:31 +0000] [9] [INFO] Waiting for application startup.
[2026-03-27 02:36:31 +0000] [9] [INFO] Application startup complete.
[2026-03-27 02:36:31 +0000] [30] [INFO] Booting worker with pid: 30
[2026-03-27 02:36:31 +0000] [31] [INFO] Booting worker with pid: 31
[2026-03-27 02:36:31 +0000] [10] [INFO] Started server process [10]
[2026-03-27 02:36:31 +0000] [10] [INFO] Waiting for application startup.
[2026-03-27 02:36:31 +0000] [10] [INFO] Application startup complete.
[2026-03-27 02:36:31 +0000] [11] [INFO] Started server process [11]
[2026-03-27 02:36:31 +0000] [11] [INFO] Waiting for application startup.
[2026-03-27 02:36:31 +0000] [11] [INFO] Application startup complete.
[2026-03-27 02:36:31 +0000] [42] [INFO] Booting worker with pid: 42
[2026-03-27 02:36:31 +0000] [43] [INFO] Booting worker with pid: 43
[2026-03-27 02:36:31 +0000] [22] [INFO] Started server process [22]
[2026-03-27 02:36:31 +0000] [22] [INFO] Waiting for application startup.
[2026-03-27 02:36:31 +0000] [22] [INFO] Application startup complete.
[2026-03-27 02:36:31 +0000] [23] [INFO] Started server process [23]
[2026-03-27 02:36:31 +0000] [23] [INFO] Waiting for application startup.
[2026-03-27 02:36:31 +0000] [23] [INFO] Application startup complete.
[2026-03-27 02:36:31 +0000] [24] [INFO] Started server process [24]
[2026-03-27 02:36:31 +0000] [24] [INFO] Waiting for application startup.
[2026-03-27 02:36:31 +0000] [24] [INFO] Application startup complete.
[2026-03-27 02:36:31 +0000] [60] [INFO] Booting worker with pid: 60
[2026-03-27 02:36:31 +0000] [30] [INFO] Started server process [30]
[2026-03-27 02:36:31 +0000] [30] [INFO] Waiting for application startup.
[2026-03-27 02:36:31 +0000] [30] [INFO] Application startup complete.
[2026-03-27 02:36:31 +0000] [66] [INFO] Booting worker with pid: 66
[2026-03-27 02:36:31 +0000] [31] [INFO] Started server process [31]
[2026-03-27 02:36:31 +0000] [31] [INFO] Waiting for application startup.
[2026-03-27 02:36:31 +0000] [31] [INFO] Application startup complete.
[2026-03-27 02:36:31 +0000] [71] [INFO] Booting worker with pid: 71
[2026-03-27 02:36:31 +0000] [73] [INFO] Booting worker with pid: 73
[2026-03-27 02:36:31 +0000] [42] [INFO] Started server process [42]
[2026-03-27 02:36:31 +0000] [42] [INFO] Waiting for application startup.
[2026-03-27 02:36:31 +0000] [42] [INFO] Application startup complete.
[2026-03-27 02:36:31 +0000] [79] [INFO] Booting worker with pid: 79
[2026-03-27 02:36:31 +0000] [43] [INFO] Started server process [43]
[2026-03-27 02:36:31 +0000] [43] [INFO] Waiting for application startup.
[2026-03-27 02:36:31 +0000] [43] [INFO] Application startup complete.
[2026-03-27 02:36:31 +0000] [84] [INFO] Booting worker with pid: 84
[2026-03-27 02:36:31 +0000] [85] [INFO] Booting worker with pid: 85
[2026-03-27 02:36:31 +0000] [86] [INFO] Booting worker with pid: 86
[2026-03-27 02:36:31 +0000] [88] [INFO] Booting worker with pid: 88
[2026-03-27 02:36:31 +0000] [60] [INFO] Started server process [60]
[2026-03-27 02:36:31 +0000] [60] [INFO] Waiting for application startup.
[2026-03-27 02:36:31 +0000] [60] [INFO] Application startup complete.
[2026-03-27 02:36:31 +0000] [66] [INFO] Started server process [66]
[2026-03-27 02:36:31 +0000] [66] [INFO] Waiting for application startup.
[2026-03-27 02:36:31 +0000] [94] [INFO] Booting worker with pid: 94
[2026-03-27 02:36:31 +0000] [66] [INFO] Application startup complete.
[2026-03-27 02:36:31 +0000] [99] [INFO] Booting worker with pid: 99
[2026-03-27 02:36:31 +0000] [101] [INFO] Booting worker with pid: 101
[2026-03-27 02:36:31 +0000] [71] [INFO] Started server process [71]
[2026-03-27 02:36:31 +0000] [71] [INFO] Waiting for application startup.
[2026-03-27 02:36:31 +0000] [71] [INFO] Application startup complete.
[2026-03-27 02:36:31 +0000] [73] [INFO] Started server process [73]
[2026-03-27 02:36:31 +0000] [73] [INFO] Waiting for application startup.
[2026-03-27 02:36:31 +0000] [73] [INFO] Application startup complete.
[2026-03-27 02:36:31 +0000] [111] [INFO] Booting worker with pid: 111
[2026-03-27 02:36:31 +0000] [112] [INFO] Booting worker with pid: 112
[2026-03-27 02:36:31 +0000] [86] [INFO] Started server process [86]
[2026-03-27 02:36:31 +0000] [86] [INFO] Waiting for application startup.
[2026-03-27 02:36:31 +0000] [84] [INFO] Started server process [84]
[2026-03-27 02:36:31 +0000] [84] [INFO] Waiting for application startup.
[2026-03-27 02:36:31 +0000] [79] [INFO] Started server process [79]
[2026-03-27 02:36:31 +0000] [79] [INFO] Waiting for application startup.
[2026-03-27 02:36:31 +0000] [86] [INFO] Application startup complete.
[2026-03-27 02:36:31 +0000] [84] [INFO] Application startup complete.
[2026-03-27 02:36:31 +0000] [79] [INFO] Application startup complete.
[2026-03-27 02:36:31 +0000] [85] [INFO] Started server process [85]
[2026-03-27 02:36:31 +0000] [85] [INFO] Waiting for application startup.
[2026-03-27 02:36:31 +0000] [85] [INFO] Application startup complete.
[2026-03-27 02:36:31 +0000] [133] [INFO] Booting worker with pid: 133
[2026-03-27 02:36:32 +0000] [88] [INFO] Started server process [88]
[2026-03-27 02:36:32 +0000] [88] [INFO] Waiting for application startup.
[2026-03-27 02:36:32 +0000] [88] [INFO] Application startup complete.
[2026-03-27 02:36:32 +0000] [94] [INFO] Started server process [94]
[2026-03-27 02:36:32 +0000] [94] [INFO] Waiting for application startup.
[2026-03-27 02:36:32 +0000] [99] [INFO] Started server process [99]
[2026-03-27 02:36:32 +0000] [99] [INFO] Waiting for application startup.
[2026-03-27 02:36:32 +0000] [94] [INFO] Application startup complete.
[2026-03-27 02:36:32 +0000] [99] [INFO] Application startup complete.
[2026-03-27 02:36:32 +0000] [149] [INFO] Booting worker with pid: 149
[2026-03-27 02:36:32 +0000] [101] [INFO] Started server process [101]
[2026-03-27 02:36:32 +0000] [101] [INFO] Waiting for application startup.
[2026-03-27 02:36:32 +0000] [101] [INFO] Application startup complete.
[2026-03-27 02:36:32 +0000] [111] [INFO] Started server process [111]
[2026-03-27 02:36:32 +0000] [111] [INFO] Waiting for application startup.
[2026-03-27 02:36:32 +0000] [111] [INFO] Application startup complete.
[2026-03-27 02:36:32 +0000] [161] [INFO] Booting worker with pid: 161
[2026-03-27 02:36:32 +0000] [162] [INFO] Booting worker with pid: 162
[2026-03-27 02:36:32 +0000] [112] [INFO] Started server process [112]
[2026-03-27 02:36:32 +0000] [112] [INFO] Waiting for application startup.
[2026-03-27 02:36:32 +0000] [163] [INFO] Booting worker with pid: 163
[2026-03-27 02:36:32 +0000] [112] [INFO] Application startup complete.
[2026-03-27 02:36:32 +0000] [169] [INFO] Booting worker with pid: 169
[2026-03-27 02:36:32 +0000] [133] [INFO] Started server process [133]
[2026-03-27 02:36:32 +0000] [133] [INFO] Waiting for application startup.
[2026-03-27 02:36:32 +0000] [133] [INFO] Application startup complete.
[2026-03-27 02:36:32 +0000] [174] [INFO] Booting worker with pid: 174
[2026-03-27 02:36:32 +0000] [149] [INFO] Started server process [149]
[2026-03-27 02:36:32 +0000] [149] [INFO] Waiting for application startup.
[2026-03-27 02:36:32 +0000] [149] [INFO] Application startup complete.
[2026-03-27 02:36:32 +0000] [180] [INFO] Booting worker with pid: 180
[2026-03-27 02:36:32 +0000] [181] [INFO] Booting worker with pid: 181
[2026-03-27 02:36:32 +0000] [161] [INFO] Started server process [161]
[2026-03-27 02:36:32 +0000] [161] [INFO] Waiting for application startup.
[2026-03-27 02:36:32 +0000] [162] [INFO] Started server process [162]
[2026-03-27 02:36:32 +0000] [162] [INFO] Waiting for application startup.
[2026-03-27 02:36:32 +0000] [161] [INFO] Application startup complete.
[2026-03-27 02:36:32 +0000] [162] [INFO] Application startup complete.
[2026-03-27 02:36:32 +0000] [163] [INFO] Started server process [163]
[2026-03-27 02:36:32 +0000] [163] [INFO] Waiting for application startup.
[2026-03-27 02:36:32 +0000] [163] [INFO] Application startup complete.
[2026-03-27 02:36:32 +0000] [197] [INFO] Booting worker with pid: 197
[2026-03-27 02:36:32 +0000] [169] [INFO] Started server process [169]
[2026-03-27 02:36:32 +0000] [169] [INFO] Waiting for application startup.
[2026-03-27 02:36:32 +0000] [199] [INFO] Booting worker with pid: 199
[2026-03-27 02:36:32 +0000] [169] [INFO] Application startup complete.
[2026-03-27 02:36:32 +0000] [205] [INFO] Booting worker with pid: 205
[2026-03-27 02:36:32 +0000] [174] [INFO] Started server process [174]
[2026-03-27 02:36:32 +0000] [174] [INFO] Waiting for application startup.
[2026-03-27 02:36:32 +0000] [210] [INFO] Booting worker with pid: 210
[2026-03-27 02:36:32 +0000] [174] [INFO] Application startup complete.
[2026-03-27 02:36:32 +0000] [180] [INFO] Started server process [180]
[2026-03-27 02:36:32 +0000] [180] [INFO] Waiting for application startup.
[2026-03-27 02:36:32 +0000] [180] [INFO] Application startup complete.
[2026-03-27 02:36:32 +0000] [216] [INFO] Booting worker with pid: 216
[2026-03-27 02:36:32 +0000] [181] [INFO] Started server process [181]
[2026-03-27 02:36:32 +0000] [181] [INFO] Waiting for application startup.
[2026-03-27 02:36:32 +0000] [181] [INFO] Application startup complete.
[2026-03-27 02:36:32 +0000] [222] [INFO] Booting worker with pid: 222
[2026-03-27 02:36:32 +0000] [197] [INFO] Started server process [197]
[2026-03-27 02:36:32 +0000] [197] [INFO] Waiting for application startup.
[2026-03-27 02:36:32 +0000] [228] [INFO] Booting worker with pid: 228
[2026-03-27 02:36:32 +0000] [197] [INFO] Application startup complete.
[2026-03-27 02:36:32 +0000] [230] [INFO] Booting worker with pid: 230
[2026-03-27 02:36:32 +0000] [199] [INFO] Started server process [199]
[2026-03-27 02:36:32 +0000] [199] [INFO] Waiting for application startup.
[2026-03-27 02:36:32 +0000] [199] [INFO] Application startup complete.
[2026-03-27 02:36:32 +0000] [205] [INFO] Started server process [205]
[2026-03-27 02:36:32 +0000] [205] [INFO] Waiting for application startup.
[2026-03-27 02:36:32 +0000] [205] [INFO] Application startup complete.
[2026-03-27 02:36:32 +0000] [241] [INFO] Booting worker with pid: 241
[2026-03-27 02:36:32 +0000] [210] [INFO] Started server process [210]
[2026-03-27 02:36:32 +0000] [210] [INFO] Waiting for application startup.
[2026-03-27 02:36:32 +0000] [210] [INFO] Application startup complete.
[2026-03-27 02:36:33 +0000] [247] [INFO] Booting worker with pid: 247
[2026-03-27 02:36:33 +0000] [216] [INFO] Started server process [216]
[2026-03-27 02:36:33 +0000] [216] [INFO] Waiting for application startup.
[2026-03-27 02:36:33 +0000] [216] [INFO] Application startup complete.
[2026-03-27 02:36:33 +0000] [222] [INFO] Started server process [222]
[2026-03-27 02:36:33 +0000] [222] [INFO] Waiting for application startup.
[2026-03-27 02:36:33 +0000] [222] [INFO] Application startup complete.
[2026-03-27 02:36:33 +0000] [228] [INFO] Started server process [228]
[2026-03-27 02:36:33 +0000] [228] [INFO] Waiting for application startup.
[2026-03-27 02:36:33 +0000] [228] [INFO] Application startup complete.
[2026-03-27 02:36:33 +0000] [262] [INFO] Booting worker with pid: 262
[2026-03-27 02:36:33 +0000] [230] [INFO] Started server process [230]
[2026-03-27 02:36:33 +0000] [230] [INFO] Waiting for application startup.
[2026-03-27 02:36:33 +0000] [230] [INFO] Application startup complete.
[2026-03-27 02:36:33 +0000] [268] [INFO] Booting worker with pid: 268
[2026-03-27 02:36:33 +0000] [241] [INFO] Started server process [241]
[2026-03-27 02:36:33 +0000] [241] [INFO] Waiting for application startup.
[2026-03-27 02:36:33 +0000] [241] [INFO] Application startup complete.
[2026-03-27 02:36:33 +0000] [274] [INFO] Booting worker with pid: 274
[2026-03-27 02:36:33 +0000] [275] [INFO] Booting worker with pid: 275
[2026-03-27 02:36:33 +0000] [276] [INFO] Booting worker with pid: 276
[2026-03-27 02:36:33 +0000] [277] [INFO] Booting worker with pid: 277
[2026-03-27 02:36:33 +0000] [247] [INFO] Started server process [247]
[2026-03-27 02:36:33 +0000] [247] [INFO] Waiting for application startup.
[2026-03-27 02:36:33 +0000] [247] [INFO] Application startup complete.
[2026-03-27 02:36:33 +0000] [283] [INFO] Booting worker with pid: 283
[2026-03-27 02:36:33 +0000] [262] [INFO] Started server process [262]
[2026-03-27 02:36:33 +0000] [262] [INFO] Waiting for application startup.
[2026-03-27 02:36:33 +0000] [262] [INFO] Application startup complete.
[2026-03-27 02:36:33 +0000] [289] [INFO] Booting worker with pid: 289
[2026-03-27 02:36:33 +0000] [290] [INFO] Booting worker with pid: 290
[2026-03-27 02:36:33 +0000] [268] [INFO] Started server process [268]
[2026-03-27 02:36:33 +0000] [268] [INFO] Waiting for application startup.
[2026-03-27 02:36:33 +0000] [268] [INFO] Application startup complete.
[2026-03-27 02:36:33 +0000] [296] [INFO] Booting worker with pid: 296
[2026-03-27 02:36:33 +0000] [274] [INFO] Started server process [274]
[2026-03-27 02:36:33 +0000] [274] [INFO] Waiting for application startup.
[2026-03-27 02:36:33 +0000] [274] [INFO] Application startup complete.
[2026-03-27 02:36:33 +0000] [275] [INFO] Started server process [275]
[2026-03-27 02:36:33 +0000] [275] [INFO] Waiting for application startup.
[2026-03-27 02:36:33 +0000] [275] [INFO] Application startup complete.
[2026-03-27 02:36:33 +0000] [276] [INFO] Started server process [276]
[2026-03-27 02:36:33 +0000] [276] [INFO] Waiting for application startup.
[2026-03-27 02:36:33 +0000] [308] [INFO] Booting worker with pid: 308
[2026-03-27 02:36:33 +0000] [276] [INFO] Application startup complete.
[2026-03-27 02:36:33 +0000] [277] [INFO] Started server process [277]
[2026-03-27 02:36:33 +0000] [277] [INFO] Waiting for application startup.
[2026-03-27 02:36:33 +0000] [277] [INFO] Application startup complete.
[2026-03-27 02:36:33 +0000] [318] [INFO] Booting worker with pid: 318
[2026-03-27 02:36:33 +0000] [283] [INFO] Started server process [283]
[2026-03-27 02:36:33 +0000] [283] [INFO] Waiting for application startup.
[2026-03-27 02:36:33 +0000] [283] [INFO] Application startup complete.
[2026-03-27 02:36:33 +0000] [324] [INFO] Booting worker with pid: 324
[2026-03-27 02:36:33 +0000] [325] [INFO] Booting worker with pid: 325
[2026-03-27 02:36:33 +0000] [289] [INFO] Started server process [289]
[2026-03-27 02:36:33 +0000] [289] [INFO] Waiting for application startup.
[2026-03-27 02:36:33 +0000] [290] [INFO] Started server process [290]
[2026-03-27 02:36:33 +0000] [290] [INFO] Waiting for application startup.
[2026-03-27 02:36:33 +0000] [289] [INFO] Application startup complete.
[2026-03-27 02:36:33 +0000] [290] [INFO] Application startup complete.
[2026-03-27 02:36:33 +0000] [296] [INFO] Started server process [296]
[2026-03-27 02:36:33 +0000] [296] [INFO] Waiting for application startup.
[2026-03-27 02:36:33 +0000] [296] [INFO] Application startup complete.
[2026-03-27 02:36:33 +0000] [341] [INFO] Booting worker with pid: 341
[2026-03-27 02:36:33 +0000] [342] [INFO] Booting worker with pid: 342
[2026-03-27 02:36:33 +0000] [344] [INFO] Booting worker with pid: 344
[2026-03-27 02:36:33 +0000] [308] [INFO] Started server process [308]
[2026-03-27 02:36:33 +0000] [308] [INFO] Waiting for application startup.
[2026-03-27 02:36:33 +0000] [308] [INFO] Application startup complete.
[2026-03-27 02:36:33 +0000] [318] [INFO] Started server process [318]
[2026-03-27 02:36:33 +0000] [318] [INFO] Waiting for application startup.
[2026-03-27 02:36:33 +0000] [318] [INFO] Application startup complete.
[2026-03-27 02:36:33 +0000] [354] [INFO] Booting worker with pid: 354
[2026-03-27 02:36:33 +0000] [356] [INFO] Booting worker with pid: 356
[2026-03-27 02:36:33 +0000] [324] [INFO] Started server process [324]
[2026-03-27 02:36:33 +0000] [324] [INFO] Waiting for application startup.
[2026-03-27 02:36:33 +0000] [324] [INFO] Application startup complete.
[2026-03-27 02:36:34 +0000] [325] [INFO] Started server process [325]
[2026-03-27 02:36:34 +0000] [325] [INFO] Waiting for application startup.
[2026-03-27 02:36:34 +0000] [325] [INFO] Application startup complete.
[2026-03-27 02:36:34 +0000] [366] [INFO] Booting worker with pid: 366
[2026-03-27 02:36:34 +0000] [341] [INFO] Started server process [341]
[2026-03-27 02:36:34 +0000] [341] [INFO] Waiting for application startup.
[2026-03-27 02:36:34 +0000] [341] [INFO] Application startup complete.
[2026-03-27 02:36:34 +0000] [373] [INFO] Booting worker with pid: 373
[2026-03-27 02:36:34 +0000] [342] [INFO] Started server process [342]
[2026-03-27 02:36:34 +0000] [342] [INFO] Waiting for application startup.
[2026-03-27 02:36:34 +0000] [342] [INFO] Application startup complete.
[2026-03-27 02:36:34 +0000] [344] [INFO] Started server process [344]
[2026-03-27 02:36:34 +0000] [344] [INFO] Waiting for application startup.
[2026-03-27 02:36:34 +0000] [344] [INFO] Application startup complete.
[2026-03-27 02:36:34 +0000] [383] [INFO] Booting worker with pid: 383
[2026-03-27 02:36:34 +0000] [354] [INFO] Started server process [354]
[2026-03-27 02:36:34 +0000] [354] [INFO] Waiting for application startup.
[2026-03-27 02:36:34 +0000] [386] [INFO] Booting worker with pid: 386
[2026-03-27 02:36:34 +0000] [354] [INFO] Application startup complete.
[2026-03-27 02:36:34 +0000] [356] [INFO] Started server process [356]
[2026-03-27 02:36:34 +0000] [356] [INFO] Waiting for application startup.
[2026-03-27 02:36:34 +0000] [356] [INFO] Application startup complete.
[2026-03-27 02:36:34 +0000] [366] [INFO] Started server process [366]
[2026-03-27 02:36:34 +0000] [366] [INFO] Waiting for application startup.
[2026-03-27 02:36:34 +0000] [366] [INFO] Application startup complete.
[2026-03-27 02:36:34 +0000] [400] [INFO] Booting worker with pid: 400
[2026-03-27 02:36:34 +0000] [401] [INFO] Booting worker with pid: 401
[2026-03-27 02:36:34 +0000] [402] [INFO] Booting worker with pid: 402
[2026-03-27 02:36:34 +0000] [404] [INFO] Booting worker with pid: 404
[2026-03-27 02:36:34 +0000] [405] [INFO] Booting worker with pid: 405
[2026-03-27 02:36:34 +0000] [373] [INFO] Started server process [373]
[2026-03-27 02:36:34 +0000] [373] [INFO] Waiting for application startup.
[2026-03-27 02:36:34 +0000] [373] [INFO] Application startup complete.
[2026-03-27 02:36:34 +0000] [383] [INFO] Started server process [383]
[2026-03-27 02:36:34 +0000] [383] [INFO] Waiting for application startup.
[2026-03-27 02:36:34 +0000] [383] [INFO] Application startup complete.
[2026-03-27 02:36:34 +0000] [415] [INFO] Booting worker with pid: 415
[2026-03-27 02:36:34 +0000] [386] [INFO] Started server process [386]
[2026-03-27 02:36:34 +0000] [386] [INFO] Waiting for application startup.
[2026-03-27 02:36:34 +0000] [417] [INFO] Booting worker with pid: 417
[2026-03-27 02:36:34 +0000] [386] [INFO] Application startup complete.
[2026-03-27 02:36:34 +0000] [422] [INFO] Booting worker with pid: 422
[2026-03-27 02:36:34 +0000] [423] [INFO] Booting worker with pid: 423
[2026-03-27 02:36:34 +0000] [400] [INFO] Started server process [400]
[2026-03-27 02:36:34 +0000] [400] [INFO] Waiting for application startup.
[2026-03-27 02:36:34 +0000] [400] [INFO] Application startup complete.
[2026-03-27 02:36:34 +0000] [402] [INFO] Started server process [402]
[2026-03-27 02:36:34 +0000] [402] [INFO] Waiting for application startup.
[2026-03-27 02:36:34 +0000] [401] [INFO] Started server process [401]
[2026-03-27 02:36:34 +0000] [401] [INFO] Waiting for application startup.
[2026-03-27 02:36:34 +0000] [402] [INFO] Application startup complete.
[2026-03-27 02:36:34 +0000] [401] [INFO] Application startup complete.
[2026-03-27 02:36:34 +0000] [440] [INFO] Booting worker with pid: 440
[2026-03-27 02:36:34 +0000] [404] [INFO] Started server process [404]
[2026-03-27 02:36:34 +0000] [404] [INFO] Waiting for application startup.
[2026-03-27 02:36:34 +0000] [404] [INFO] Application startup complete.
[2026-03-27 02:36:34 +0000] [405] [INFO] Started server process [405]
[2026-03-27 02:36:34 +0000] [405] [INFO] Waiting for application startup.
[2026-03-27 02:36:34 +0000] [405] [INFO] Application startup complete.
[2026-03-27 02:36:34 +0000] [450] [INFO] Booting worker with pid: 450
[2026-03-27 02:36:34 +0000] [415] [INFO] Started server process [415]
[2026-03-27 02:36:34 +0000] [415] [INFO] Waiting for application startup.
[2026-03-27 02:36:34 +0000] [415] [INFO] Application startup complete.
[2026-03-27 02:36:34 +0000] [456] [INFO] Booting worker with pid: 456
[2026-03-27 02:36:34 +0000] [458] [INFO] Booting worker with pid: 458
[2026-03-27 02:36:34 +0000] [417] [INFO] Started server process [417]
[2026-03-27 02:36:34 +0000] [417] [INFO] Waiting for application startup.
[2026-03-27 02:36:34 +0000] [417] [INFO] Application startup complete.
[2026-03-27 02:36:34 +0000] [422] [INFO] Started server process [422]
[2026-03-27 02:36:34 +0000] [422] [INFO] Waiting for application startup.
[2026-03-27 02:36:34 +0000] [422] [INFO] Application startup complete.
[2026-03-27 02:36:34 +0000] [468] [INFO] Booting worker with pid: 468
[2026-03-27 02:36:34 +0000] [423] [INFO] Started server process [423]
[2026-03-27 02:36:34 +0000] [423] [INFO] Waiting for application startup.
[2026-03-27 02:36:34 +0000] [423] [INFO] Application startup complete.
[2026-03-27 02:36:35 +0000] [475] [INFO] Booting worker with pid: 475
[2026-03-27 02:36:35 +0000] [476] [INFO] Booting worker with pid: 476
[2026-03-27 02:36:35 +0000] [440] [INFO] Started server process [440]
[2026-03-27 02:36:35 +0000] [440] [INFO] Waiting for application startup.
[2026-03-27 02:36:35 +0000] [440] [INFO] Application startup complete.
[2026-03-27 02:36:35 +0000] [450] [INFO] Started server process [450]
[2026-03-27 02:36:35 +0000] [450] [INFO] Waiting for application startup.
[2026-03-27 02:36:35 +0000] [486] [INFO] Booting worker with pid: 486
[2026-03-27 02:36:35 +0000] [450] [INFO] Application startup complete.
[2026-03-27 02:36:35 +0000] [456] [INFO] Started server process [456]
[2026-03-27 02:36:35 +0000] [456] [INFO] Waiting for application startup.
[2026-03-27 02:36:35 +0000] [458] [INFO] Started server process [458]
[2026-03-27 02:36:35 +0000] [458] [INFO] Waiting for application startup.
[2026-03-27 02:36:35 +0000] [458] [INFO] Application startup complete.
[2026-03-27 02:36:35 +0000] [456] [INFO] Application startup complete.
[2026-03-27 02:36:35 +0000] [497] [INFO] Booting worker with pid: 497
[2026-03-27 02:36:35 +0000] [468] [INFO] Started server process [468]
[2026-03-27 02:36:35 +0000] [468] [INFO] Waiting for application startup.
[2026-03-27 02:36:35 +0000] [468] [INFO] Application startup complete.
[2026-03-27 02:36:35 +0000] [503] [INFO] Booting worker with pid: 503
[2026-03-27 02:36:35 +0000] [476] [INFO] Started server process [476]
[2026-03-27 02:36:35 +0000] [476] [INFO] Waiting for application startup.
[2026-03-27 02:36:35 +0000] [476] [INFO] Application startup complete.
[2026-03-27 02:36:35 +0000] [475] [INFO] Started server process [475]
[2026-03-27 02:36:35 +0000] [475] [INFO] Waiting for application startup.
[2026-03-27 02:36:35 +0000] [510] [INFO] Booting worker with pid: 510
[2026-03-27 02:36:35 +0000] [475] [INFO] Application startup complete.
[2026-03-27 02:36:35 +0000] [516] [INFO] Booting worker with pid: 516
[2026-03-27 02:36:35 +0000] [486] [INFO] Started server process [486]
[2026-03-27 02:36:35 +0000] [486] [INFO] Waiting for application startup.
[2026-03-27 02:36:35 +0000] [486] [INFO] Application startup complete.
[2026-03-27 02:36:35 +0000] [497] [INFO] Started server process [497]
[2026-03-27 02:36:35 +0000] [497] [INFO] Waiting for application startup.
[2026-03-27 02:36:35 +0000] [497] [INFO] Application startup complete.
[2026-03-27 02:36:35 +0000] [526] [INFO] Booting worker with pid: 526
[2026-03-27 02:36:35 +0000] [528] [INFO] Booting worker with pid: 528
[2026-03-27 02:36:35 +0000] [503] [INFO] Started server process [503]
[2026-03-27 02:36:35 +0000] [503] [INFO] Waiting for application startup.
[2026-03-27 02:36:35 +0000] [529] [INFO] Booting worker with pid: 529
[2026-03-27 02:36:35 +0000] [503] [INFO] Application startup complete.
[2026-03-27 02:36:35 +0000] [510] [INFO] Started server process [510]
[2026-03-27 02:36:35 +0000] [510] [INFO] Waiting for application startup.
[2026-03-27 02:36:35 +0000] [535] [INFO] Booting worker with pid: 535
[2026-03-27 02:36:35 +0000] [510] [INFO] Application startup complete.
[2026-03-27 02:36:35 +0000] [516] [INFO] Started server process [516]
[2026-03-27 02:36:35 +0000] [516] [INFO] Waiting for application startup.
[2026-03-27 02:36:35 +0000] [516] [INFO] Application startup complete.
[2026-03-27 02:36:35 +0000] [545] [INFO] Booting worker with pid: 545
[2026-03-27 02:36:35 +0000] [546] [INFO] Booting worker with pid: 546
[2026-03-27 02:36:35 +0000] [526] [INFO] Started server process [526]
[2026-03-27 02:36:35 +0000] [526] [INFO] Waiting for application startup.
[2026-03-27 02:36:35 +0000] [526] [INFO] Application startup complete.
[2026-03-27 02:36:35 +0000] [552] [INFO] Booting worker with pid: 552
[2026-03-27 02:36:35 +0000] [528] [INFO] Started server process [528]
[2026-03-27 02:36:35 +0000] [528] [INFO] Waiting for application startup.
[2026-03-27 02:36:35 +0000] [559] [INFO] Booting worker with pid: 559
[2026-03-27 02:36:35 +0000] [528] [INFO] Application startup complete.
[2026-03-27 02:36:35 +0000] [529] [INFO] Started server process [529]
[2026-03-27 02:36:35 +0000] [529] [INFO] Waiting for application startup.
[2026-03-27 02:36:35 +0000] [529] [INFO] Application startup complete.
[2026-03-27 02:36:35 +0000] [564] [INFO] Booting worker with pid: 564
[2026-03-27 02:36:35 +0000] [535] [INFO] Started server process [535]
[2026-03-27 02:36:35 +0000] [535] [INFO] Waiting for application startup.
[2026-03-27 02:36:35 +0000] [535] [INFO] Application startup complete.
[2026-03-27 02:36:35 +0000] [570] [INFO] Booting worker with pid: 570
[2026-03-27 02:36:36 +0000] [572] [INFO] Booting worker with pid: 572
[2026-03-27 02:36:36 +0000] [545] [INFO] Started server process [545]
[2026-03-27 02:36:36 +0000] [545] [INFO] Waiting for application startup.
[2026-03-27 02:36:36 +0000] [545] [INFO] Application startup complete.
[2026-03-27 02:36:36 +0000] [577] [INFO] Booting worker with pid: 577
[2026-03-27 02:36:36 +0000] [546] [INFO] Started server process [546]
[2026-03-27 02:36:36 +0000] [546] [INFO] Waiting for application startup.
[2026-03-27 02:36:36 +0000] [546] [INFO] Application startup complete.
[2026-03-27 02:36:36 +0000] [584] [INFO] Booting worker with pid: 584
[2026-03-27 02:36:36 +0000] [552] [INFO] Started server process [552]
[2026-03-27 02:36:36 +0000] [552] [INFO] Waiting for application startup.
[2026-03-27 02:36:36 +0000] [552] [INFO] Application startup complete.
[2026-03-27 02:36:36 +0000] [559] [INFO] Started server process [559]
[2026-03-27 02:36:36 +0000] [559] [INFO] Waiting for application startup.
[2026-03-27 02:36:36 +0000] [559] [INFO] Application startup complete.
[2026-03-27 02:36:36 +0000] [594] [INFO] Booting worker with pid: 594
[2026-03-27 02:36:36 +0000] [595] [INFO] Booting worker with pid: 595
[2026-03-27 02:36:36 +0000] [564] [INFO] Started server process [564]
[2026-03-27 02:36:36 +0000] [564] [INFO] Waiting for application startup.
[2026-03-27 02:36:36 +0000] [597] [INFO] Booting worker with pid: 597
[2026-03-27 02:36:36 +0000] [564] [INFO] Application startup complete.
[2026-03-27 02:36:36 +0000] [602] [INFO] Booting worker with pid: 602
[2026-03-27 02:36:36 +0000] [570] [INFO] Started server process [570]
[2026-03-27 02:36:36 +0000] [570] [INFO] Waiting for application startup.
[2026-03-27 02:36:36 +0000] [570] [INFO] Application startup complete.
[2026-03-27 02:36:36 +0000] [572] [INFO] Started server process [572]
[2026-03-27 02:36:36 +0000] [572] [INFO] Waiting for application startup.
[2026-03-27 02:36:36 +0000] [572] [INFO] Application startup complete.
[2026-03-27 02:36:36 +0000] [577] [INFO] Started server process [577]
[2026-03-27 02:36:36 +0000] [577] [INFO] Waiting for application startup.
[2026-03-27 02:36:36 +0000] [577] [INFO] Application startup complete.
[2026-03-27 02:36:36 +0000] [618] [INFO] Booting worker with pid: 618
[2026-03-27 02:36:36 +0000] [584] [INFO] Started server process [584]
[2026-03-27 02:36:36 +0000] [584] [INFO] Waiting for application startup.
[2026-03-27 02:36:36 +0000] [584] [INFO] Application startup complete.
[2026-03-27 02:36:36 +0000] [625] [INFO] Booting worker with pid: 625
[2026-03-27 02:36:36 +0000] [594] [INFO] Started server process [594]
[2026-03-27 02:36:36 +0000] [594] [INFO] Waiting for application startup.
[2026-03-27 02:36:36 +0000] [594] [INFO] Application startup complete.
[2026-03-27 02:36:36 +0000] [595] [INFO] Started server process [595]
[2026-03-27 02:36:36 +0000] [595] [INFO] Waiting for application startup.
[2026-03-27 02:36:36 +0000] [595] [INFO] Application startup complete.
[2026-03-27 02:36:36 +0000] [635] [INFO] Booting worker with pid: 635
[2026-03-27 02:36:36 +0000] [597] [INFO] Started server process [597]
[2026-03-27 02:36:36 +0000] [597] [INFO] Waiting for application startup.
[2026-03-27 02:36:36 +0000] [597] [INFO] Application startup complete.
[2026-03-27 02:36:36 +0000] [602] [INFO] Started server process [602]
[2026-03-27 02:36:36 +0000] [602] [INFO] Waiting for application startup.
[2026-03-27 02:36:36 +0000] [602] [INFO] Application startup complete.
[2026-03-27 02:36:36 +0000] [646] [INFO] Booting worker with pid: 646
[2026-03-27 02:36:36 +0000] [618] [INFO] Started server process [618]
[2026-03-27 02:36:36 +0000] [618] [INFO] Waiting for application startup.
[2026-03-27 02:36:36 +0000] [618] [INFO] Application startup complete.
[2026-03-27 02:36:36 +0000] [652] [INFO] Booting worker with pid: 652
[2026-03-27 02:36:36 +0000] [653] [INFO] Booting worker with pid: 653
[2026-03-27 02:36:36 +0000] [655] [INFO] Booting worker with pid: 655
[2026-03-27 02:36:36 +0000] [625] [INFO] Started server process [625]
[2026-03-27 02:36:36 +0000] [625] [INFO] Waiting for application startup.
[2026-03-27 02:36:36 +0000] [625] [INFO] Application startup complete.
[2026-03-27 02:36:36 +0000] [661] [INFO] Booting worker with pid: 661
[2026-03-27 02:36:36 +0000] [635] [INFO] Started server process [635]
[2026-03-27 02:36:36 +0000] [635] [INFO] Waiting for application startup.
[2026-03-27 02:36:36 +0000] [662] [INFO] Booting worker with pid: 662
[2026-03-27 02:36:36 +0000] [635] [INFO] Application startup complete.
[2026-03-27 02:36:36 +0000] [667] [INFO] Booting worker with pid: 667
[2026-03-27 02:36:36 +0000] [646] [INFO] Started server process [646]
[2026-03-27 02:36:36 +0000] [646] [INFO] Waiting for application startup.
[2026-03-27 02:36:36 +0000] [646] [INFO] Application startup complete.
[2026-03-27 02:36:36 +0000] [673] [INFO] Booting worker with pid: 673
[2026-03-27 02:36:36 +0000] [674] [INFO] Booting worker with pid: 674
[2026-03-27 02:36:36 +0000] [652] [INFO] Started server process [652]
[2026-03-27 02:36:36 +0000] [652] [INFO] Waiting for application startup.
[2026-03-27 02:36:36 +0000] [652] [INFO] Application startup complete.
[2026-03-27 02:36:36 +0000] [653] [INFO] Started server process [653]
[2026-03-27 02:36:36 +0000] [653] [INFO] Waiting for application startup.
[2026-03-27 02:36:36 +0000] [653] [INFO] Application startup complete.
[2026-03-27 02:36:36 +0000] [685] [INFO] Booting worker with pid: 685
[2026-03-27 02:36:36 +0000] [686] [INFO] Booting worker with pid: 686
[2026-03-27 02:36:37 +0000] [688] [INFO] Booting worker with pid: 688
[2026-03-27 02:36:37 +0000] [655] [INFO] Started server process [655]
[2026-03-27 02:36:37 +0000] [655] [INFO] Waiting for application startup.
[2026-03-27 02:36:37 +0000] [655] [INFO] Application startup complete.
[2026-03-27 02:36:37 +0000] [661] [INFO] Started server process [661]
[2026-03-27 02:36:37 +0000] [661] [INFO] Waiting for application startup.
[2026-03-27 02:36:37 +0000] [662] [INFO] Started server process [662]
[2026-03-27 02:36:37 +0000] [662] [INFO] Waiting for application startup.
[2026-03-27 02:36:37 +0000] [661] [INFO] Application startup complete.
[2026-03-27 02:36:37 +0000] [667] [INFO] Started server process [667]
[2026-03-27 02:36:37 +0000] [667] [INFO] Waiting for application startup.
[2026-03-27 02:36:37 +0000] [662] [INFO] Application startup complete.
[2026-03-27 02:36:37 +0000] [667] [INFO] Application startup complete.
[2026-03-27 02:36:37 +0000] [708] [INFO] Booting worker with pid: 708
[2026-03-27 02:36:37 +0000] [673] [INFO] Started server process [673]
[2026-03-27 02:36:37 +0000] [673] [INFO] Waiting for application startup.
[2026-03-27 02:36:37 +0000] [710] [INFO] Booting worker with pid: 710
[2026-03-27 02:36:37 +0000] [673] [INFO] Application startup complete.
[2026-03-27 02:36:37 +0000] [674] [INFO] Started server process [674]
[2026-03-27 02:36:37 +0000] [674] [INFO] Waiting for application startup.
[2026-03-27 02:36:37 +0000] [674] [INFO] Application startup complete.
[2026-03-27 02:36:37 +0000] [720] [INFO] Booting worker with pid: 720
[2026-03-27 02:36:37 +0000] [685] [INFO] Started server process [685]
[2026-03-27 02:36:37 +0000] [685] [INFO] Waiting for application startup.
[2026-03-27 02:36:37 +0000] [685] [INFO] Application startup complete.
[2026-03-27 02:36:37 +0000] [686] [INFO] Started server process [686]
[2026-03-27 02:36:37 +0000] [686] [INFO] Waiting for application startup.
[2026-03-27 02:36:37 +0000] [686] [INFO] Application startup complete.
[2026-03-27 02:36:37 +0000] [688] [INFO] Started server process [688]
[2026-03-27 02:36:37 +0000] [688] [INFO] Waiting for application startup.
[2026-03-27 02:36:37 +0000] [688] [INFO] Application startup complete.
[2026-03-27 02:36:37 +0000] [736] [INFO] Booting worker with pid: 736
[2026-03-27 02:36:37 +0000] [708] [INFO] Started server process [708]
[2026-03-27 02:36:37 +0000] [708] [INFO] Waiting for application startup.
[2026-03-27 02:36:37 +0000] [708] [INFO] Application startup complete.
[2026-03-27 02:36:37 +0000] [742] [INFO] Booting worker with pid: 742
[2026-03-27 02:36:37 +0000] [743] [INFO] Booting worker with pid: 743
[2026-03-27 02:36:37 +0000] [710] [INFO] Started server process [710]
[2026-03-27 02:36:37 +0000] [710] [INFO] Waiting for application startup.
[2026-03-27 02:36:37 +0000] [710] [INFO] Application startup complete.
[2026-03-27 02:36:37 +0000] [749] [INFO] Booting worker with pid: 749
[2026-03-27 02:36:37 +0000] [720] [INFO] Started server process [720]
[2026-03-27 02:36:37 +0000] [720] [INFO] Waiting for application startup.
[2026-03-27 02:36:37 +0000] [720] [INFO] Application startup complete.
[2026-03-27 02:36:37 +0000] [755] [INFO] Booting worker with pid: 755
[2026-03-27 02:36:37 +0000] [736] [INFO] Started server process [736]
[2026-03-27 02:36:37 +0000] [736] [INFO] Waiting for application startup.
[2026-03-27 02:36:37 +0000] [736] [INFO] Application startup complete.
[2026-03-27 02:36:37 +0000] [761] [INFO] Booting worker with pid: 761
[2026-03-27 02:36:37 +0000] [742] [INFO] Started server process [742]
[2026-03-27 02:36:37 +0000] [742] [INFO] Waiting for application startup.
[2026-03-27 02:36:37 +0000] [742] [INFO] Application startup complete.
[2026-03-27 02:36:37 +0000] [768] [INFO] Booting worker with pid: 768
[2026-03-27 02:36:37 +0000] [743] [INFO] Started server process [743]
[2026-03-27 02:36:37 +0000] [743] [INFO] Waiting for application startup.
[2026-03-27 02:36:37 +0000] [743] [INFO] Application startup complete.
[2026-03-27 02:36:37 +0000] [749] [INFO] Started server process [749]
[2026-03-27 02:36:37 +0000] [749] [INFO] Waiting for application startup.
[2026-03-27 02:36:37 +0000] [749] [INFO] Application startup complete.
[2026-03-27 02:36:37 +0000] [778] [INFO] Booting worker with pid: 778
[2026-03-27 02:36:37 +0000] [755] [INFO] Started server process [755]
[2026-03-27 02:36:37 +0000] [755] [INFO] Waiting for application startup.
[2026-03-27 02:36:37 +0000] [784] [INFO] Booting worker with pid: 784
[2026-03-27 02:36:37 +0000] [755] [INFO] Application startup complete.
[2026-03-27 02:36:37 +0000] [761] [INFO] Started server process [761]
[2026-03-27 02:36:37 +0000] [761] [INFO] Waiting for application startup.
[2026-03-27 02:36:37 +0000] [761] [INFO] Application startup complete.
[2026-03-27 02:36:37 +0000] [790] [INFO] Booting worker with pid: 790
[2026-03-27 02:36:37 +0000] [791] [INFO] Booting worker with pid: 791
[2026-03-27 02:36:37 +0000] [768] [INFO] Started server process [768]
[2026-03-27 02:36:37 +0000] [768] [INFO] Waiting for application startup.
[2026-03-27 02:36:37 +0000] [797] [INFO] Booting worker with pid: 797
[2026-03-27 02:36:37 +0000] [768] [INFO] Application startup complete.
[2026-03-27 02:36:38 +0000] [798] [INFO] Booting worker with pid: 798
[2026-03-27 02:36:38 +0000] [778] [INFO] Started server process [778]
[2026-03-27 02:36:38 +0000] [778] [INFO] Waiting for application startup.
[2026-03-27 02:36:38 +0000] [800] [INFO] Booting worker with pid: 800
[2026-03-27 02:36:38 +0000] [778] [INFO] Application startup complete.
[2026-03-27 02:36:38 +0000] [784] [INFO] Started server process [784]
[2026-03-27 02:36:38 +0000] [784] [INFO] Waiting for application startup.
[2026-03-27 02:36:38 +0000] [784] [INFO] Application startup complete.
[2026-03-27 02:36:38 +0000] [810] [INFO] Booting worker with pid: 810
[2026-03-27 02:36:38 +0000] [790] [INFO] Started server process [790]
[2026-03-27 02:36:38 +0000] [790] [INFO] Waiting for application startup.
[2026-03-27 02:36:38 +0000] [812] [INFO] Booting worker with pid: 812
[2026-03-27 02:36:38 +0000] [790] [INFO] Application startup complete.
[2026-03-27 02:36:38 +0000] [791] [INFO] Started server process [791]
[2026-03-27 02:36:38 +0000] [791] [INFO] Waiting for application startup.
[2026-03-27 02:36:38 +0000] [822] [INFO] Booting worker with pid: 822
[2026-03-27 02:36:38 +0000] [791] [INFO] Application startup complete.
[2026-03-27 02:36:38 +0000] [823] [INFO] Booting worker with pid: 823
[2026-03-27 02:36:38 +0000] [797] [INFO] Started server process [797]
[2026-03-27 02:36:38 +0000] [797] [INFO] Waiting for application startup.
[2026-03-27 02:36:38 +0000] [797] [INFO] Application startup complete.
[2026-03-27 02:36:38 +0000] [829] [INFO] Booting worker with pid: 829
[2026-03-27 02:36:38 +0000] [830] [INFO] Booting worker with pid: 830
[2026-03-27 02:36:38 +0000] [798] [INFO] Started server process [798]
[2026-03-27 02:36:38 +0000] [798] [INFO] Waiting for application startup.
[2026-03-27 02:36:38 +0000] [798] [INFO] Application startup complete.
[2026-03-27 02:36:38 +0000] [800] [INFO] Started server process [800]
[2026-03-27 02:36:38 +0000] [800] [INFO] Waiting for application startup.
[2026-03-27 02:36:38 +0000] [800] [INFO] Application startup complete.
[2026-03-27 02:36:38 +0000] [841] [INFO] Booting worker with pid: 841
[2026-03-27 02:36:38 +0000] [842] [INFO] Booting worker with pid: 842
[2026-03-27 02:36:38 +0000] [843] [INFO] Booting worker with pid: 843
[2026-03-27 02:36:38 +0000] [810] [INFO] Started server process [810]
[2026-03-27 02:36:38 +0000] [810] [INFO] Waiting for application startup.
[2026-03-27 02:36:38 +0000] [810] [INFO] Application startup complete.
[2026-03-27 02:36:38 +0000] [812] [INFO] Started server process [812]
[2026-03-27 02:36:38 +0000] [812] [INFO] Waiting for application startup.
[2026-03-27 02:36:38 +0000] [812] [INFO] Application startup complete.
[2026-03-27 02:36:38 +0000] [854] [INFO] Booting worker with pid: 854
[2026-03-27 02:36:38 +0000] [823] [INFO] Started server process [823]
[2026-03-27 02:36:38 +0000] [823] [INFO] Waiting for application startup.
[2026-03-27 02:36:38 +0000] [857] [INFO] Booting worker with pid: 857
[2026-03-27 02:36:38 +0000] [822] [INFO] Started server process [822]
[2026-03-27 02:36:38 +0000] [822] [INFO] Waiting for application startup.
[2026-03-27 02:36:38 +0000] [823] [INFO] Application startup complete.
[2026-03-27 02:36:38 +0000] [822] [INFO] Application startup complete.
[2026-03-27 02:36:38 +0000] [829] [INFO] Started server process [829]
[2026-03-27 02:36:38 +0000] [829] [INFO] Waiting for application startup.
[2026-03-27 02:36:38 +0000] [867] [INFO] Booting worker with pid: 867
[2026-03-27 02:36:38 +0000] [829] [INFO] Application startup complete.
[2026-03-27 02:36:38 +0000] [830] [INFO] Started server process [830]
[2026-03-27 02:36:38 +0000] [830] [INFO] Waiting for application startup.
[2026-03-27 02:36:38 +0000] [830] [INFO] Application startup complete.
[2026-03-27 02:36:38 +0000] [878] [INFO] Booting worker with pid: 878
[2026-03-27 02:36:38 +0000] [841] [INFO] Started server process [841]
[2026-03-27 02:36:38 +0000] [841] [INFO] Waiting for application startup.
[2026-03-27 02:36:38 +0000] [841] [INFO] Application startup complete.
[2026-03-27 02:36:38 +0000] [842] [INFO] Started server process [842]
[2026-03-27 02:36:38 +0000] [842] [INFO] Waiting for application startup.
[2026-03-27 02:36:38 +0000] [842] [INFO] Application startup complete.
[2026-03-27 02:36:38 +0000] [843] [INFO] Started server process [843]
[2026-03-27 02:36:38 +0000] [843] [INFO] Waiting for application startup.
[2026-03-27 02:36:38 +0000] [843] [INFO] Application startup complete.
[2026-03-27 02:36:38 +0000] [893] [INFO] Booting worker with pid: 893
[2026-03-27 02:36:38 +0000] [854] [INFO] Started server process [854]
[2026-03-27 02:36:38 +0000] [854] [INFO] Waiting for application startup.
[2026-03-27 02:36:38 +0000] [854] [INFO] Application startup complete.
[2026-03-27 02:36:38 +0000] [857] [INFO] Started server process [857]
[2026-03-27 02:36:38 +0000] [857] [INFO] Waiting for application startup.
[2026-03-27 02:36:38 +0000] [857] [INFO] Application startup complete.
[2026-03-27 02:36:38 +0000] [904] [INFO] Booting worker with pid: 904
[2026-03-27 02:36:38 +0000] [906] [INFO] Booting worker with pid: 906
[2026-03-27 02:36:38 +0000] [867] [INFO] Started server process [867]
[2026-03-27 02:36:38 +0000] [867] [INFO] Waiting for application startup.
[2026-03-27 02:36:38 +0000] [867] [INFO] Application startup complete.
[2026-03-27 02:36:38 +0000] [912] [INFO] Booting worker with pid: 912
[2026-03-27 02:36:38 +0000] [878] [INFO] Started server process [878]
[2026-03-27 02:36:38 +0000] [878] [INFO] Waiting for application startup.
[2026-03-27 02:36:38 +0000] [878] [INFO] Application startup complete.
[2026-03-27 02:36:38 +0000] [917] [INFO] Booting worker with pid: 917
[2026-03-27 02:36:38 +0000] [918] [INFO] Booting worker with pid: 918
[2026-03-27 02:36:38 +0000] [893] [INFO] Started server process [893]
[2026-03-27 02:36:38 +0000] [893] [INFO] Waiting for application startup.
[2026-03-27 02:36:39 +0000] [924] [INFO] Booting worker with pid: 924
[2026-03-27 02:36:39 +0000] [893] [INFO] Application startup complete.
[2026-03-27 02:36:39 +0000] [925] [INFO] Booting worker with pid: 925
[2026-03-27 02:36:39 +0000] [926] [INFO] Booting worker with pid: 926
[2026-03-27 02:36:39 +0000] [906] [INFO] Started server process [906]
[2026-03-27 02:36:39 +0000] [906] [INFO] Waiting for application startup.
[2026-03-27 02:36:39 +0000] [929] [INFO] Booting worker with pid: 929
[2026-03-27 02:36:39 +0000] [904] [INFO] Started server process [904]
[2026-03-27 02:36:39 +0000] [904] [INFO] Waiting for application startup.
[2026-03-27 02:36:39 +0000] [906] [INFO] Application startup complete.
[2026-03-27 02:36:39 +0000] [904] [INFO] Application startup complete.
[2026-03-27 02:36:39 +0000] [938] [INFO] Booting worker with pid: 938
[2026-03-27 02:36:39 +0000] [940] [INFO] Booting worker with pid: 940
[2026-03-27 02:36:39 +0000] [912] [INFO] Started server process [912]
[2026-03-27 02:36:39 +0000] [912] [INFO] Waiting for application startup.
[2026-03-27 02:36:39 +0000] [912] [INFO] Application startup complete.
[2026-03-27 02:36:39 +0000] [945] [INFO] Booting worker with pid: 945
[2026-03-27 02:36:39 +0000] [918] [INFO] Started server process [918]
[2026-03-27 02:36:39 +0000] [918] [INFO] Waiting for application startup.
[2026-03-27 02:36:39 +0000] [918] [INFO] Application startup complete.
[2026-03-27 02:36:39 +0000] [951] [INFO] Booting worker with pid: 951
[2026-03-27 02:36:39 +0000] [925] [INFO] Started server process [925]
[2026-03-27 02:36:39 +0000] [925] [INFO] Waiting for application startup.
[2026-03-27 02:36:39 +0000] [926] [INFO] Started server process [926]
[2026-03-27 02:36:39 +0000] [926] [INFO] Waiting for application startup.
[2026-03-27 02:36:39 +0000] [925] [INFO] Application startup complete.
[2026-03-27 02:36:39 +0000] [926] [INFO] Application startup complete.
[2026-03-27 02:36:39 +0000] [962] [INFO] Booting worker with pid: 962
[2026-03-27 02:36:39 +0000] [963] [INFO] Booting worker with pid: 963
[2026-03-27 02:36:39 +0000] [964] [INFO] Booting worker with pid: 964
[2026-03-27 02:36:39 +0000] [924] [INFO] Started server process [924]
[2026-03-27 02:36:39 +0000] [924] [INFO] Waiting for application startup.
[2026-03-27 02:36:39 +0000] [924] [INFO] Application startup complete.
[2026-03-27 02:36:39 +0000] [971] [INFO] Booting worker with pid: 971
[2026-03-27 02:36:39 +0000] [929] [INFO] Started server process [929]
[2026-03-27 02:36:39 +0000] [929] [INFO] Waiting for application startup.
[2026-03-27 02:36:39 +0000] [929] [INFO] Application startup complete.
[2026-03-27 02:36:39 +0000] [977] [INFO] Booting worker with pid: 977
[2026-03-27 02:36:39 +0000] [938] [INFO] Started server process [938]
[2026-03-27 02:36:39 +0000] [938] [INFO] Waiting for application startup.
[2026-03-27 02:36:39 +0000] [982] [INFO] Booting worker with pid: 982
[2026-03-27 02:36:39 +0000] [938] [INFO] Application startup complete.
[2026-03-27 02:36:39 +0000] [983] [INFO] Booting worker with pid: 983
[2026-03-27 02:36:40 +0000] [985] [INFO] Booting worker with pid: 985
[2026-03-27 02:36:40 +0000] [945] [INFO] Started server process [945]
[2026-03-27 02:36:40 +0000] [945] [INFO] Waiting for application startup.
[2026-03-27 02:36:40 +0000] [945] [INFO] Application startup complete.
[2026-03-27 02:36:40 +0000] [990] [INFO] Booting worker with pid: 990
[2026-03-27 02:36:40 +0000] [962] [INFO] Started server process [962]
[2026-03-27 02:36:40 +0000] [962] [INFO] Waiting for application startup.
[2026-03-27 02:36:40 +0000] [962] [INFO] Application startup complete.
[2026-03-27 02:36:40 +0000] [951] [INFO] Started server process [951]
[2026-03-27 02:36:40 +0000] [951] [INFO] Waiting for application startup.
[2026-03-27 02:36:40 +0000] [951] [INFO] Application startup complete.
[2026-03-27 02:36:40 +0000] [940] [INFO] Started server process [940]
[2026-03-27 02:36:40 +0000] [940] [INFO] Waiting for application startup.
[2026-03-27 02:36:40 +0000] [1002] [INFO] Booting worker with pid: 1002
[2026-03-27 02:36:40 +0000] [940] [INFO] Application startup complete.
[2026-03-27 02:36:40 +0000] [1007] [INFO] Booting worker with pid: 1007
[2026-03-27 02:36:40 +0000] [963] [INFO] Started server process [963]
[2026-03-27 02:36:40 +0000] [963] [INFO] Waiting for application startup.
[2026-03-27 02:36:40 +0000] [971] [INFO] Started server process [971]
[2026-03-27 02:36:40 +0000] [971] [INFO] Waiting for application startup.
[2026-03-27 02:36:40 +0000] [1010] [INFO] Booting worker with pid: 1010
[2026-03-27 02:36:40 +0000] [971] [INFO] Application startup complete.
[2026-03-27 02:36:40 +0000] [963] [INFO] Application startup complete.
[2026-03-27 02:36:40 +0000] [1020] [INFO] Booting worker with pid: 1020
[2026-03-27 02:36:40 +0000] [982] [INFO] Started server process [982]
[2026-03-27 02:36:40 +0000] [982] [INFO] Waiting for application startup.
[2026-03-27 02:36:40 +0000] [982] [INFO] Application startup complete.
[2026-03-27 02:36:40 +0000] [917] [INFO] Started server process [917]
[2026-03-27 02:36:40 +0000] [917] [INFO] Waiting for application startup.
[2026-03-27 02:36:40 +0000] [977] [INFO] Started server process [977]
[2026-03-27 02:36:40 +0000] [977] [INFO] Waiting for application startup.
[2026-03-27 02:36:40 +0000] [964] [INFO] Started server process [964]
[2026-03-27 02:36:40 +0000] [964] [INFO] Waiting for application startup.
[2026-03-27 02:36:40 +0000] [917] [INFO] Application startup complete.
[2026-03-27 02:36:40 +0000] [1040] [INFO] Booting worker with pid: 1040
[2026-03-27 02:36:40 +0000] [964] [INFO] Application startup complete.
[2026-03-27 02:36:40 +0000] [977] [INFO] Application startup complete.
[2026-03-27 02:36:40 +0000] [1041] [INFO] Booting worker with pid: 1041
[2026-03-27 02:36:40 +0000] [1042] [INFO] Booting worker with pid: 1042
[2026-03-27 02:36:40 +0000] [1043] [INFO] Booting worker with pid: 1043
[2026-03-27 02:36:40 +0000] [985] [INFO] Started server process [985]
[2026-03-27 02:36:40 +0000] [985] [INFO] Waiting for application startup.
[2026-03-27 02:36:40 +0000] [985] [INFO] Application startup complete.
[2026-03-27 02:36:40 +0000] [983] [INFO] Started server process [983]
[2026-03-27 02:36:40 +0000] [983] [INFO] Waiting for application startup.
[2026-03-27 02:36:40 +0000] [1050] [INFO] Booting worker with pid: 1050
[2026-03-27 02:36:40 +0000] [983] [INFO] Application startup complete.
[2026-03-27 02:36:40 +0000] [1056] [INFO] Booting worker with pid: 1056
[2026-03-27 02:36:40 +0000] [990] [INFO] Started server process [990]
[2026-03-27 02:36:40 +0000] [990] [INFO] Waiting for application startup.
[2026-03-27 02:36:40 +0000] [990] [INFO] Application startup complete.
[2026-03-27 02:36:40 +0000] [1061] [INFO] Booting worker with pid: 1061
[2026-03-27 02:36:41 +0000] [1002] [INFO] Started server process [1002]
[2026-03-27 02:36:41 +0000] [1002] [INFO] Waiting for application startup.
[2026-03-27 02:36:41 +0000] [1063] [INFO] Booting worker with pid: 1063
[2026-03-27 02:36:41 +0000] [1068] [INFO] Booting worker with pid: 1068
[2026-03-27 02:36:41 +0000] [1002] [INFO] Application startup complete.
[2026-03-27 02:36:41 +0000] [1020] [INFO] Started server process [1020]
[2026-03-27 02:36:41 +0000] [1020] [INFO] Waiting for application startup.
[2026-03-27 02:36:41 +0000] [1074] [INFO] Booting worker with pid: 1074
[2026-03-27 02:36:41 +0000] [1020] [INFO] Application startup complete.
[2026-03-27 02:36:41 +0000] [1075] [INFO] Booting worker with pid: 1075
[2026-03-27 02:36:41 +0000] [1042] [INFO] Started server process [1042]
[2026-03-27 02:36:41 +0000] [1042] [INFO] Waiting for application startup.
[2026-03-27 02:36:41 +0000] [1081] [INFO] Booting worker with pid: 1081
[2026-03-27 02:36:41 +0000] [1042] [INFO] Application startup complete.
[2026-03-27 02:36:41 +0000] [1082] [INFO] Booting worker with pid: 1082
[2026-03-27 02:36:41 +0000] [1040] [INFO] Started server process [1040]
[2026-03-27 02:36:41 +0000] [1040] [INFO] Waiting for application startup.
[2026-03-27 02:36:41 +0000] [1040] [INFO] Application startup complete.
[2026-03-27 02:36:41 +0000] [1088] [INFO] Booting worker with pid: 1088
[2026-03-27 02:36:41 +0000] [1089] [INFO] Booting worker with pid: 1089
[2026-03-27 02:36:41 +0000] [1090] [INFO] Booting worker with pid: 1090
[2026-03-27 02:36:41 +0000] [1091] [INFO] Booting worker with pid: 1091
[2026-03-27 02:36:41 +0000] [1093] [INFO] Booting worker with pid: 1093
[2026-03-27 02:36:41 +0000] [1050] [INFO] Started server process [1050]
[2026-03-27 02:36:41 +0000] [1050] [INFO] Waiting for application startup.
[2026-03-27 02:36:41 +0000] [1050] [INFO] Application startup complete.
[2026-03-27 02:36:41 +0000] [1056] [INFO] Started server process [1056]
[2026-03-27 02:36:41 +0000] [1056] [INFO] Waiting for application startup.
[2026-03-27 02:36:41 +0000] [1099] [INFO] Booting worker with pid: 1099
[2026-03-27 02:36:41 +0000] [1056] [INFO] Application startup complete.
[2026-03-27 02:36:41 +0000] [1061] [INFO] Started server process [1061]
[2026-03-27 02:36:41 +0000] [1061] [INFO] Waiting for application startup.
[2026-03-27 02:36:41 +0000] [1061] [INFO] Application startup complete.
[2026-03-27 02:36:41 +0000] [1010] [INFO] Started server process [1010]
[2026-03-27 02:36:41 +0000] [1010] [INFO] Waiting for application startup.
[2026-03-27 02:36:41 +0000] [1110] [INFO] Booting worker with pid: 1110
[2026-03-27 02:36:41 +0000] [1010] [INFO] Application startup complete.
[2026-03-27 02:36:41 +0000] [1041] [INFO] Started server process [1041]
[2026-03-27 02:36:41 +0000] [1041] [INFO] Waiting for application startup.
[2026-03-27 02:36:41 +0000] [1041] [INFO] Application startup complete.
[2026-03-27 02:36:41 +0000] [1043] [INFO] Started server process [1043]
[2026-03-27 02:36:41 +0000] [1043] [INFO] Waiting for application startup.
[2026-03-27 02:36:41 +0000] [1043] [INFO] Application startup complete.
[2026-03-27 02:36:41 +0000] [1125] [INFO] Booting worker with pid: 1125
[2026-03-27 02:36:41 +0000] [1126] [INFO] Booting worker with pid: 1126
[2026-03-27 02:36:41 +0000] [1063] [INFO] Started server process [1063]
[2026-03-27 02:36:41 +0000] [1063] [INFO] Waiting for application startup.
[2026-03-27 02:36:41 +0000] [1132] [INFO] Booting worker with pid: 1132
[2026-03-27 02:36:41 +0000] [1063] [INFO] Application startup complete.
[2026-03-27 02:36:41 +0000] [1007] [INFO] Started server process [1007]
[2026-03-27 02:36:41 +0000] [1007] [INFO] Waiting for application startup.
[2026-03-27 02:36:42 +0000] [1088] [INFO] Started server process [1088]
[2026-03-27 02:36:42 +0000] [1088] [INFO] Waiting for application startup.
[2026-03-27 02:36:42 +0000] [1007] [INFO] Application startup complete.
[2026-03-27 02:36:42 +0000] [1088] [INFO] Application startup complete.
[2026-03-27 02:36:42 +0000] [1143] [INFO] Booting worker with pid: 1143
[2026-03-27 02:36:42 +0000] [1144] [INFO] Booting worker with pid: 1144
[2026-03-27 02:36:42 +0000] [1145] [INFO] Booting worker with pid: 1145
[2026-03-27 02:36:42 +0000] [1147] [INFO] Booting worker with pid: 1147
[2026-03-27 02:36:42 +0000] [1089] [INFO] Started server process [1089]
[2026-03-27 02:36:42 +0000] [1089] [INFO] Waiting for application startup.
[2026-03-27 02:36:42 +0000] [1089] [INFO] Application startup complete.
[2026-03-27 02:36:42 +0000] [1152] [INFO] Booting worker with pid: 1152
[2026-03-27 02:36:42 +0000] [1154] [INFO] Booting worker with pid: 1154
[2026-03-27 02:36:42 +0000] [1093] [INFO] Started server process [1093]
[2026-03-27 02:36:42 +0000] [1093] [INFO] Waiting for application startup.
[2026-03-27 02:36:42 +0000] [1093] [INFO] Application startup complete.
[2026-03-27 02:36:42 +0000] [1159] [INFO] Booting worker with pid: 1159
[2026-03-27 02:36:42 +0000] [1110] [INFO] Started server process [1110]
[2026-03-27 02:36:42 +0000] [1110] [INFO] Waiting for application startup.
[2026-03-27 02:36:42 +0000] [1165] [INFO] Booting worker with pid: 1165
[2026-03-27 02:36:42 +0000] [1110] [INFO] Application startup complete.
[2026-03-27 02:36:42 +0000] [1099] [INFO] Started server process [1099]
[2026-03-27 02:36:42 +0000] [1099] [INFO] Waiting for application startup.
[2026-03-27 02:36:42 +0000] [1099] [INFO] Application startup complete.
[2026-03-27 02:36:42 +0000] [1171] [INFO] Booting worker with pid: 1171
[2026-03-27 02:36:42 +0000] [1068] [INFO] Started server process [1068]
[2026-03-27 02:36:42 +0000] [1068] [INFO] Waiting for application startup.
[2026-03-27 02:36:42 +0000] [1173] [INFO] Booting worker with pid: 1173
[2026-03-27 02:36:42 +0000] [1068] [INFO] Application startup complete.
[2026-03-27 02:36:42 +0000] [1081] [INFO] Started server process [1081]
[2026-03-27 02:36:42 +0000] [1081] [INFO] Waiting for application startup.
[2026-03-27 02:36:42 +0000] [1091] [INFO] Started server process [1091]
[2026-03-27 02:36:42 +0000] [1091] [INFO] Waiting for application startup.
[2026-03-27 02:36:42 +0000] [1188] [INFO] Booting worker with pid: 1188
[2026-03-27 02:36:42 +0000] [1081] [INFO] Application startup complete.
[2026-03-27 02:36:42 +0000] [1091] [INFO] Application startup complete.
[2026-03-27 02:36:42 +0000] [1191] [INFO] Booting worker with pid: 1191
[2026-03-27 02:36:42 +0000] [1132] [INFO] Started server process [1132]
[2026-03-27 02:36:42 +0000] [1132] [INFO] Waiting for application startup.
[2026-03-27 02:36:42 +0000] [1132] [INFO] Application startup complete.
[2026-03-27 02:36:42 +0000] [1125] [INFO] Started server process [1125]
[2026-03-27 02:36:42 +0000] [1125] [INFO] Waiting for application startup.
[2026-03-27 02:36:42 +0000] [1125] [INFO] Application startup complete.
[2026-03-27 02:36:42 +0000] [1200] [INFO] Booting worker with pid: 1200
[2026-03-27 02:36:42 +0000] [1203] [INFO] Booting worker with pid: 1203
[2026-03-27 02:36:42 +0000] [1143] [INFO] Started server process [1143]
[2026-03-27 02:36:42 +0000] [1143] [INFO] Waiting for application startup.
[2026-03-27 02:36:42 +0000] [1204] [INFO] Booting worker with pid: 1204
[2026-03-27 02:36:42 +0000] [1154] [INFO] Started server process [1154]
[2026-03-27 02:36:42 +0000] [1154] [INFO] Waiting for application startup.
[2026-03-27 02:36:42 +0000] [1143] [INFO] Application startup complete.
[2026-03-27 02:36:42 +0000] [1154] [INFO] Application startup complete.
[2026-03-27 02:36:42 +0000] [1212] [INFO] Booting worker with pid: 1212
[2026-03-27 02:36:42 +0000] [1214] [INFO] Booting worker with pid: 1214
[2026-03-27 02:36:42 +0000] [1215] [INFO] Booting worker with pid: 1215
[2026-03-27 02:36:42 +0000] [1216] [INFO] Booting worker with pid: 1216
[2026-03-27 02:36:42 +0000] [1159] [INFO] Started server process [1159]
[2026-03-27 02:36:42 +0000] [1159] [INFO] Waiting for application startup.
[2026-03-27 02:36:42 +0000] [1159] [INFO] Application startup complete.
[2026-03-27 02:36:42 +0000] [1222] [INFO] Booting worker with pid: 1222
[2026-03-27 02:36:42 +0000] [1224] [INFO] Booting worker with pid: 1224
[2026-03-27 02:36:43 +0000] [1147] [INFO] Started server process [1147]
[2026-03-27 02:36:43 +0000] [1147] [INFO] Waiting for application startup.
[2026-03-27 02:36:43 +0000] [1147] [INFO] Application startup complete.
[2026-03-27 02:36:43 +0000] [1232] [INFO] Booting worker with pid: 1232
[2026-03-27 02:36:43 +0000] [1152] [INFO] Started server process [1152]
[2026-03-27 02:36:43 +0000] [1152] [INFO] Waiting for application startup.
[2026-03-27 02:36:43 +0000] [1145] [INFO] Started server process [1145]
[2026-03-27 02:36:43 +0000] [1145] [INFO] Waiting for application startup.
[2026-03-27 02:36:43 +0000] [1152] [INFO] Application startup complete.
[2026-03-27 02:36:43 +0000] [1145] [INFO] Application startup complete.
[2026-03-27 02:36:43 +0000] [1243] [INFO] Booting worker with pid: 1243
[2026-03-27 02:36:43 +0000] [1090] [INFO] Started server process [1090]
[2026-03-27 02:36:43 +0000] [1090] [INFO] Waiting for application startup.
[2026-03-27 02:36:43 +0000] [1173] [INFO] Started server process [1173]
[2026-03-27 02:36:43 +0000] [1173] [INFO] Waiting for application startup.
[2026-03-27 02:36:43 +0000] [1173] [INFO] Application startup complete.
[2026-03-27 02:36:43 +0000] [1090] [INFO] Application startup complete.
[2026-03-27 02:36:43 +0000] [1075] [INFO] Started server process [1075]
[2026-03-27 02:36:43 +0000] [1074] [INFO] Started server process [1074]
[2026-03-27 02:36:43 +0000] [1074] [INFO] Waiting for application startup.
[2026-03-27 02:36:43 +0000] [1075] [INFO] Waiting for application startup.
[2026-03-27 02:36:43 +0000] [1188] [INFO] Started server process [1188]
[2026-03-27 02:36:43 +0000] [1188] [INFO] Waiting for application startup.
[2026-03-27 02:36:43 +0000] [1257] [INFO] Booting worker with pid: 1257
[2026-03-27 02:36:43 +0000] [1074] [INFO] Application startup complete.
[2026-03-27 02:36:43 +0000] [1188] [INFO] Application startup complete.
[2026-03-27 02:36:43 +0000] [1075] [INFO] Application startup complete.
[2026-03-27 02:36:43 +0000] [1126] [INFO] Started server process [1126]
[2026-03-27 02:36:43 +0000] [1126] [INFO] Waiting for application startup.
[2026-03-27 02:36:43 +0000] [1082] [INFO] Started server process [1082]
[2026-03-27 02:36:43 +0000] [1082] [INFO] Waiting for application startup.
[2026-03-27 02:36:43 +0000] [1082] [INFO] Application startup complete.
[2026-03-27 02:36:43 +0000] [1126] [INFO] Application startup complete.
[2026-03-27 02:36:43 +0000] [1144] [INFO] Started server process [1144]
[2026-03-27 02:36:43 +0000] [1144] [INFO] Waiting for application startup.
[2026-03-27 02:36:43 +0000] [1144] [INFO] Application startup complete.
[2026-03-27 02:36:43 +0000] [1283] [INFO] Booting worker with pid: 1283
[2026-03-27 02:36:43 +0000] [1200] [INFO] Started server process [1200]
[2026-03-27 02:36:43 +0000] [1200] [INFO] Waiting for application startup.
[2026-03-27 02:36:43 +0000] [1200] [INFO] Application startup complete.
[2026-03-27 02:36:43 +0000] [1171] [INFO] Started server process [1171]
[2026-03-27 02:36:43 +0000] [1171] [INFO] Waiting for application startup.
[2026-03-27 02:36:43 +0000] [1293] [INFO] Booting worker with pid: 1293
[2026-03-27 02:36:43 +0000] [1171] [INFO] Application startup complete.
[2026-03-27 02:36:43 +0000] [1295] [INFO] Booting worker with pid: 1295
[2026-03-27 02:36:43 +0000] [1203] [INFO] Started server process [1203]
[2026-03-27 02:36:43 +0000] [1203] [INFO] Waiting for application startup.
[2026-03-27 02:36:43 +0000] [1203] [INFO] Application startup complete.
[2026-03-27 02:36:43 +0000] [1300] [INFO] Booting worker with pid: 1300
[2026-03-27 02:36:43 +0000] [1301] [INFO] Booting worker with pid: 1301
[2026-03-27 02:36:43 +0000] [1216] [INFO] Started server process [1216]
[2026-03-27 02:36:43 +0000] [1216] [INFO] Waiting for application startup.
[2026-03-27 02:36:43 +0000] [1216] [INFO] Application startup complete.
[2026-03-27 02:36:43 +0000] [1308] [INFO] Booting worker with pid: 1308
[2026-03-27 02:36:43 +0000] [1215] [INFO] Started server process [1215]
[2026-03-27 02:36:43 +0000] [1215] [INFO] Waiting for application startup.
[2026-03-27 02:36:43 +0000] [1215] [INFO] Application startup complete.
[2026-03-27 02:36:43 +0000] [1315] [INFO] Booting worker with pid: 1315
[2026-03-27 02:36:43 +0000] [1224] [INFO] Started server process [1224]
[2026-03-27 02:36:43 +0000] [1224] [INFO] Waiting for application startup.
[2026-03-27 02:36:43 +0000] [1224] [INFO] Application startup complete.
[2026-03-27 02:36:43 +0000] [1165] [INFO] Started server process [1165]
[2026-03-27 02:36:43 +0000] [1165] [INFO] Waiting for application startup.
[2026-03-27 02:36:43 +0000] [1165] [INFO] Application startup complete.
[2026-03-27 02:36:43 +0000] [1204] [INFO] Started server process [1204]
[2026-03-27 02:36:43 +0000] [1204] [INFO] Waiting for application startup.
[2026-03-27 02:36:43 +0000] [1325] [INFO] Booting worker with pid: 1325
[2026-03-27 02:36:43 +0000] [1204] [INFO] Application startup complete.
[2026-03-27 02:36:43 +0000] [1214] [INFO] Started server process [1214]
[2026-03-27 02:36:43 +0000] [1214] [INFO] Waiting for application startup.
[2026-03-27 02:36:43 +0000] [1232] [INFO] Started server process [1232]
[2026-03-27 02:36:43 +0000] [1232] [INFO] Waiting for application startup.
[2026-03-27 02:36:43 +0000] [1214] [INFO] Application startup complete.
[2026-03-27 02:36:43 +0000] [1232] [INFO] Application startup complete.
[2026-03-27 02:36:43 +0000] [1341] [INFO] Booting worker with pid: 1341
[2026-03-27 02:36:43 +0000] [1243] [INFO] Started server process [1243]
[2026-03-27 02:36:43 +0000] [1243] [INFO] Waiting for application startup.
[2026-03-27 02:36:43 +0000] [1243] [INFO] Application startup complete.
[2026-03-27 02:36:43 +0000] [1347] [INFO] Booting worker with pid: 1347
[2026-03-27 02:36:43 +0000] [1348] [INFO] Booting worker with pid: 1348
[2026-03-27 02:36:43 +0000] [1349] [INFO] Booting worker with pid: 1349
[2026-03-27 02:36:43 +0000] [1222] [INFO] Started server process [1222]
[2026-03-27 02:36:43 +0000] [1222] [INFO] Waiting for application startup.
[2026-03-27 02:36:43 +0000] [1222] [INFO] Application startup complete.
[2026-03-27 02:36:43 +0000] [1293] [INFO] Started server process [1293]
[2026-03-27 02:36:43 +0000] [1293] [INFO] Waiting for application startup.
[2026-03-27 02:36:43 +0000] [1293] [INFO] Application startup complete.
[2026-03-27 02:36:43 +0000] [1359] [INFO] Booting worker with pid: 1359
[2026-03-27 02:36:43 +0000] [1361] [INFO] Booting worker with pid: 1361
[2026-03-27 02:36:43 +0000] [1212] [INFO] Started server process [1212]
[2026-03-27 02:36:43 +0000] [1212] [INFO] Waiting for application startup.
[2026-03-27 02:36:43 +0000] [1212] [INFO] Application startup complete.
[2026-03-27 02:36:43 +0000] [1283] [INFO] Started server process [1283]
[2026-03-27 02:36:43 +0000] [1283] [INFO] Waiting for application startup.
[2026-03-27 02:36:43 +0000] [1295] [INFO] Started server process [1295]
[2026-03-27 02:36:43 +0000] [1295] [INFO] Waiting for application startup.
[2026-03-27 02:36:44 +0000] [1283] [INFO] Application startup complete.
[2026-03-27 02:36:44 +0000] [1295] [INFO] Application startup complete.
[2026-03-27 02:36:44 +0000] [1257] [INFO] Started server process [1257]
[2026-03-27 02:36:44 +0000] [1257] [INFO] Waiting for application startup.
[2026-03-27 02:36:44 +0000] [1257] [INFO] Application startup complete.
[2026-03-27 02:36:44 +0000] [1191] [INFO] Started server process [1191]
[2026-03-27 02:36:44 +0000] [1191] [INFO] Waiting for application startup.
[2026-03-27 02:36:44 +0000] [1191] [INFO] Application startup complete.
[2026-03-27 02:36:44 +0000] [1387] [INFO] Booting worker with pid: 1387
[2026-03-27 02:36:44 +0000] [1301] [INFO] Started server process [1301]
[2026-03-27 02:36:44 +0000] [1301] [INFO] Waiting for application startup.
[2026-03-27 02:36:44 +0000] [1301] [INFO] Application startup complete.
[2026-03-27 02:36:44 +0000] [1315] [INFO] Started server process [1315]
[2026-03-27 02:36:44 +0000] [1315] [INFO] Waiting for application startup.
[2026-03-27 02:36:44 +0000] [1398] [INFO] Booting worker with pid: 1398
[2026-03-27 02:36:44 +0000] [1315] [INFO] Application startup complete.
[2026-03-27 02:36:44 +0000] [1325] [INFO] Started server process [1325]
[2026-03-27 02:36:44 +0000] [1325] [INFO] Waiting for application startup.
[2026-03-27 02:36:44 +0000] [1300] [INFO] Started server process [1300]
[2026-03-27 02:36:44 +0000] [1300] [INFO] Waiting for application startup.
[2026-03-27 02:36:44 +0000] [1325] [INFO] Application startup complete.
[2026-03-27 02:36:44 +0000] [1300] [INFO] Application startup complete.
[2026-03-27 02:36:44 +0000] [1341] [INFO] Started server process [1341]
[2026-03-27 02:36:44 +0000] [1341] [INFO] Waiting for application startup.
[2026-03-27 02:36:44 +0000] [1341] [INFO] Application startup complete.
[2026-03-27 02:36:44 +0000] [1308] [INFO] Started server process [1308]
[2026-03-27 02:36:44 +0000] [1308] [INFO] Waiting for application startup.
[2026-03-27 02:36:44 +0000] [1308] [INFO] Application startup complete.
[2026-03-27 02:36:44 +0000] [1347] [INFO] Started server process [1347]
[2026-03-27 02:36:44 +0000] [1347] [INFO] Waiting for application startup.
[2026-03-27 02:36:44 +0000] [1421] [INFO] Booting worker with pid: 1421
[2026-03-27 02:36:44 +0000] [1349] [INFO] Started server process [1349]
[2026-03-27 02:36:44 +0000] [1349] [INFO] Waiting for application startup.
[2026-03-27 02:36:44 +0000] [1347] [INFO] Application startup complete.
[2026-03-27 02:36:44 +0000] [1348] [INFO] Started server process [1348]
[2026-03-27 02:36:44 +0000] [1348] [INFO] Waiting for application startup.
[2026-03-27 02:36:44 +0000] [1349] [INFO] Application startup complete.
[2026-03-27 02:36:44 +0000] [1348] [INFO] Application startup complete.
[2026-03-27 02:36:44 +0000] [1434] [INFO] Booting worker with pid: 1434
[2026-03-27 02:36:44 +0000] [1435] [INFO] Booting worker with pid: 1435
[2026-03-27 02:36:44 +0000] [1359] [INFO] Started server process [1359]
[2026-03-27 02:36:44 +0000] [1359] [INFO] Waiting for application startup.
[2026-03-27 02:36:44 +0000] [1359] [INFO] Application startup complete.
[2026-03-27 02:36:44 +0000] [1361] [INFO] Started server process [1361]
[2026-03-27 02:36:44 +0000] [1361] [INFO] Waiting for application startup.
[2026-03-27 02:36:44 +0000] [1361] [INFO] Application startup complete.
[2026-03-27 02:36:44 +0000] [1446] [INFO] Booting worker with pid: 1446
[2026-03-27 02:36:44 +0000] [1387] [INFO] Started server process [1387]
[2026-03-27 02:36:44 +0000] [1387] [INFO] Waiting for application startup.
[2026-03-27 02:36:44 +0000] [1387] [INFO] Application startup complete.
[2026-03-27 02:36:44 +0000] [1398] [INFO] Started server process [1398]
[2026-03-27 02:36:44 +0000] [1398] [INFO] Waiting for application startup.
[2026-03-27 02:36:44 +0000] [1398] [INFO] Application startup complete.
[2026-03-27 02:36:44 +0000] [1457] [INFO] Booting worker with pid: 1457
[2026-03-27 02:36:44 +0000] [1458] [INFO] Booting worker with pid: 1458
[2026-03-27 02:36:44 +0000] [1421] [INFO] Started server process [1421]
[2026-03-27 02:36:44 +0000] [1421] [INFO] Waiting for application startup.
[2026-03-27 02:36:44 +0000] [1421] [INFO] Application startup complete.
[2026-03-27 02:36:44 +0000] [1465] [INFO] Booting worker with pid: 1465
[2026-03-27 02:36:44 +0000] [1434] [INFO] Started server process [1434]
[2026-03-27 02:36:44 +0000] [1434] [INFO] Waiting for application startup.
[2026-03-27 02:36:44 +0000] [1434] [INFO] Application startup complete.
[2026-03-27 02:36:44 +0000] [1435] [INFO] Started server process [1435]
[2026-03-27 02:36:44 +0000] [1435] [INFO] Waiting for application startup.
[2026-03-27 02:36:44 +0000] [1435] [INFO] Application startup complete.
[2026-03-27 02:36:44 +0000] [1475] [INFO] Booting worker with pid: 1475
[2026-03-27 02:36:44 +0000] [1446] [INFO] Started server process [1446]
[2026-03-27 02:36:44 +0000] [1446] [INFO] Waiting for application startup.
[2026-03-27 02:36:44 +0000] [1446] [INFO] Application startup complete.
[2026-03-27 02:36:44 +0000] [1481] [INFO] Booting worker with pid: 1481
[2026-03-27 02:36:44 +0000] [1482] [INFO] Booting worker with pid: 1482
[2026-03-27 02:36:44 +0000] [1457] [INFO] Started server process [1457]
[2026-03-27 02:36:44 +0000] [1457] [INFO] Waiting for application startup.
[2026-03-27 02:36:44 +0000] [1457] [INFO] Application startup complete.
[2026-03-27 02:36:44 +0000] [1458] [INFO] Started server process [1458]
[2026-03-27 02:36:44 +0000] [1458] [INFO] Waiting for application startup.
[2026-03-27 02:36:44 +0000] [1458] [INFO] Application startup complete.
[2026-03-27 02:36:44 +0000] [1493] [INFO] Booting worker with pid: 1493
[2026-03-27 02:36:44 +0000] [1465] [INFO] Started server process [1465]
[2026-03-27 02:36:44 +0000] [1465] [INFO] Waiting for application startup.
[2026-03-27 02:36:44 +0000] [1465] [INFO] Application startup complete.
[2026-03-27 02:36:44 +0000] [1499] [INFO] Booting worker with pid: 1499
[2026-03-27 02:36:44 +0000] [1475] [INFO] Started server process [1475]
[2026-03-27 02:36:44 +0000] [1475] [INFO] Waiting for application startup.
[2026-03-27 02:36:44 +0000] [1475] [INFO] Application startup complete.
[2026-03-27 02:36:44 +0000] [1505] [INFO] Booting worker with pid: 1505
[2026-03-27 02:36:44 +0000] [1508] [INFO] Booting worker with pid: 1508
[2026-03-27 02:36:44 +0000] [1482] [INFO] Started server process [1482]
[2026-03-27 02:36:44 +0000] [1481] [INFO] Started server process [1481]
[2026-03-27 02:36:44 +0000] [1482] [INFO] Waiting for application startup.
[2026-03-27 02:36:44 +0000] [1481] [INFO] Waiting for application startup.
[2026-03-27 02:36:44 +0000] [1509] [INFO] Booting worker with pid: 1509
[2026-03-27 02:36:44 +0000] [1482] [INFO] Application startup complete.
[2026-03-27 02:36:44 +0000] [1481] [INFO] Application startup complete.
[2026-03-27 02:36:44 +0000] [1493] [INFO] Started server process [1493]
[2026-03-27 02:36:44 +0000] [1493] [INFO] Waiting for application startup.
[2026-03-27 02:36:44 +0000] [1493] [INFO] Application startup complete.
[2026-03-27 02:36:45 +0000] [1499] [INFO] Started server process [1499]
[2026-03-27 02:36:45 +0000] [1499] [INFO] Waiting for application startup.
[2026-03-27 02:36:45 +0000] [1499] [INFO] Application startup complete.
[2026-03-27 02:36:45 +0000] [1505] [INFO] Started server process [1505]
[2026-03-27 02:36:45 +0000] [1505] [INFO] Waiting for application startup.
[2026-03-27 02:36:45 +0000] [1505] [INFO] Application startup complete.
[2026-03-27 02:36:45 +0000] [1508] [INFO] Started server process [1508]
[2026-03-27 02:36:45 +0000] [1508] [INFO] Waiting for application startup.
[2026-03-27 02:36:45 +0000] [1509] [INFO] Started server process [1509]
[2026-03-27 02:36:45 +0000] [1509] [INFO] Waiting for application startup.
[2026-03-27 02:36:45 +0000] [1508] [INFO] Application startup complete.
[2026-03-27 02:36:45 +0000] [1509] [INFO] Application startup complete.
