[1] Puma starting in cluster mode...
[1] * Puma version: 7.2.0 ("On The Corner")
[1] * Ruby version: ruby 4.0.2 (2026-03-17 revision d3da9fec82) +YJIT +MN +PRISM [x86_64-linux]
[1] *  Min threads: 4
[1] *  Max threads: 4
[1] *  Environment: production
[1] *   Master PID: 1
[1] *      Workers: 64
[1] *     Restarts: (✔) hot (✖) phased (✖) refork
[1] * Preloading application
[1] * Listening on http://0.0.0.0:8080
[1] Use Ctrl-C to stop
[1] ! WARNING: Detected `RUBY_MN_THREADS=1`
[1] ! This setting is known to cause performance regressions with Puma.
[1] ! Consider disabling this environment variable: https://github.com/puma/puma/issues/3720
[1] - Worker 0 (PID: 8) booted in 0.09s, phase: 0
[1] - Worker 1 (PID: 12) booted in 0.09s, phase: 0
[1] - Worker 2 (PID: 15) booted in 0.09s, phase: 0
[1] - Worker 3 (PID: 19) booted in 0.09s, phase: 0
[1] - Worker 4 (PID: 24) booted in 0.09s, phase: 0
[1] - Worker 5 (PID: 28) booted in 0.09s, phase: 0
[1] - Worker 6 (PID: 32) booted in 0.09s, phase: 0
[1] - Worker 7 (PID: 36) booted in 0.08s, phase: 0
[1] - Worker 8 (PID: 40) booted in 0.08s, phase: 0
[1] - Worker 9 (PID: 44) booted in 0.08s, phase: 0
[1] - Worker 10 (PID: 49) booted in 0.08s, phase: 0
[1] - Worker 11 (PID: 54) booted in 0.08s, phase: 0
[1] - Worker 12 (PID: 60) booted in 0.08s, phase: 0
[1] - Worker 13 (PID: 65) booted in 0.07s, phase: 0
[1] - Worker 14 (PID: 72) booted in 0.07s, phase: 0
[1] - Worker 15 (PID: 78) booted in 0.07s, phase: 0
[1] - Worker 16 (PID: 83) booted in 0.07s, phase: 0
[1] - Worker 17 (PID: 90) booted in 0.07s, phase: 0
[1] - Worker 18 (PID: 96) booted in 0.07s, phase: 0
[1] - Worker 19 (PID: 102) booted in 0.07s, phase: 0
[1] - Worker 20 (PID: 108) booted in 0.07s, phase: 0
[1] - Worker 21 (PID: 113) booted in 0.07s, phase: 0
[1] - Worker 22 (PID: 118) booted in 0.07s, phase: 0
[1] - Worker 23 (PID: 124) booted in 0.07s, phase: 0
[1] - Worker 24 (PID: 130) booted in 0.07s, phase: 0
[1] - Worker 25 (PID: 136) booted in 0.07s, phase: 0
[1] - Worker 26 (PID: 142) booted in 0.06s, phase: 0
[1] - Worker 27 (PID: 148) booted in 0.06s, phase: 0
[1] - Worker 28 (PID: 153) booted in 0.06s, phase: 0
[1] - Worker 29 (PID: 160) booted in 0.06s, phase: 0
[1] - Worker 30 (PID: 172) booted in 0.06s, phase: 0
[1] - Worker 31 (PID: 177) booted in 0.06s, phase: 0
[1] - Worker 32 (PID: 183) booted in 0.05s, phase: 0
[1] - Worker 33 (PID: 189) booted in 0.05s, phase: 0
[1] - Worker 34 (PID: 194) booted in 0.05s, phase: 0
[1] - Worker 35 (PID: 198) booted in 0.05s, phase: 0
[1] - Worker 36 (PID: 204) booted in 0.05s, phase: 0
[1] - Worker 37 (PID: 210) booted in 0.05s, phase: 0
[1] - Worker 38 (PID: 215) booted in 0.05s, phase: 0
[1] - Worker 39 (PID: 219) booted in 0.05s, phase: 0
[1] - Worker 40 (PID: 225) booted in 0.05s, phase: 0
[1] - Worker 41 (PID: 232) booted in 0.05s, phase: 0
[1] - Worker 42 (PID: 237) booted in 0.04s, phase: 0
[1] - Worker 43 (PID: 244) booted in 0.04s, phase: 0
[1] - Worker 44 (PID: 249) booted in 0.04s, phase: 0
[1] - Worker 45 (PID: 254) booted in 0.04s, phase: 0
[1] - Worker 46 (PID: 259) booted in 0.04s, phase: 0
[1] - Worker 47 (PID: 265) booted in 0.04s, phase: 0
[1] - Worker 48 (PID: 270) booted in 0.04s, phase: 0
[1] - Worker 49 (PID: 277) booted in 0.04s, phase: 0
[1] - Worker 50 (PID: 283) booted in 0.03s, phase: 0
[1] - Worker 51 (PID: 289) booted in 0.03s, phase: 0
[1] - Worker 52 (PID: 294) booted in 0.03s, phase: 0
[1] - Worker 53 (PID: 300) booted in 0.03s, phase: 0
[1] - Worker 54 (PID: 306) booted in 0.03s, phase: 0
[1] - Worker 55 (PID: 312) booted in 0.03s, phase: 0
[1] - Worker 56 (PID: 318) booted in 0.03s, phase: 0
[1] - Worker 57 (PID: 324) booted in 0.03s, phase: 0
[1] - Worker 58 (PID: 330) booted in 0.03s, phase: 0
[1] - Worker 59 (PID: 336) booted in 0.02s, phase: 0
[1] - Worker 60 (PID: 341) booted in 0.02s, phase: 0
[1] - Worker 61 (PID: 347) booted in 0.02s, phase: 0
[1] - Worker 62 (PID: 353) booted in 0.02s, phase: 0
[1] - Worker 63 (PID: 359) booted in 0.02s, phase: 0
