[1] Puma starting in cluster mode...
[1] * Puma version: 7.2.0 ("On The Corner")
[1] * Ruby version: ruby 4.0.2 (2026-03-17 revision d3da9fec82) +YJIT +MN +PRISM [x86_64-linux]
[1] *  Min threads: 4
[1] *  Max threads: 4
[1] *  Environment: production
[1] *   Master PID: 1
[1] *      Workers: 128
[1] *     Restarts: (✔) hot (✖) phased (✖) refork
[1] * Preloading application
[1] * Listening on http://0.0.0.0:8080
[1] Use Ctrl-C to stop
[1] ! WARNING: Detected `RUBY_MN_THREADS=1`
[1] ! This setting is known to cause performance regressions with Puma.
[1] ! Consider disabling this environment variable: https://github.com/puma/puma/issues/3720
[1] - Worker 0 (PID: 8) booted in 0.24s, phase: 0
[1] - Worker 1 (PID: 12) booted in 0.24s, phase: 0
[1] - Worker 2 (PID: 16) booted in 0.24s, phase: 0
[1] - Worker 3 (PID: 20) booted in 0.24s, phase: 0
[1] - Worker 4 (PID: 24) booted in 0.24s, phase: 0
[1] - Worker 5 (PID: 28) booted in 0.24s, phase: 0
[1] - Worker 6 (PID: 32) booted in 0.24s, phase: 0
[1] - Worker 7 (PID: 37) booted in 0.23s, phase: 0
[1] - Worker 8 (PID: 42) booted in 0.23s, phase: 0
[1] - Worker 9 (PID: 47) booted in 0.23s, phase: 0
[1] - Worker 10 (PID: 52) booted in 0.23s, phase: 0
[1] - Worker 11 (PID: 57) booted in 0.23s, phase: 0
[1] - Worker 12 (PID: 62) booted in 0.23s, phase: 0
[1] - Worker 13 (PID: 68) booted in 0.22s, phase: 0
[1] - Worker 14 (PID: 78) booted in 0.22s, phase: 0
[1] - Worker 15 (PID: 84) booted in 0.22s, phase: 0
[1] - Worker 16 (PID: 90) booted in 0.22s, phase: 0
[1] - Worker 17 (PID: 95) booted in 0.22s, phase: 0
[1] - Worker 18 (PID: 102) booted in 0.22s, phase: 0
[1] - Worker 19 (PID: 107) booted in 0.22s, phase: 0
[1] - Worker 20 (PID: 112) booted in 0.22s, phase: 0
[1] - Worker 21 (PID: 118) booted in 0.22s, phase: 0
[1] - Worker 22 (PID: 124) booted in 0.22s, phase: 0
[1] - Worker 23 (PID: 130) booted in 0.22s, phase: 0
[1] - Worker 24 (PID: 137) booted in 0.22s, phase: 0
[1] - Worker 25 (PID: 142) booted in 0.22s, phase: 0
[1] - Worker 26 (PID: 148) booted in 0.22s, phase: 0
[1] - Worker 27 (PID: 154) booted in 0.22s, phase: 0
[1] - Worker 28 (PID: 160) booted in 0.22s, phase: 0
[1] - Worker 29 (PID: 167) booted in 0.21s, phase: 0
[1] - Worker 30 (PID: 177) booted in 0.21s, phase: 0
[1] - Worker 31 (PID: 181) booted in 0.21s, phase: 0
[1] - Worker 32 (PID: 187) booted in 0.21s, phase: 0
[1] - Worker 33 (PID: 192) booted in 0.21s, phase: 0
[1] - Worker 34 (PID: 197) booted in 0.21s, phase: 0
[1] - Worker 35 (PID: 202) booted in 0.21s, phase: 0
[1] - Worker 36 (PID: 207) booted in 0.2s, phase: 0
[1] - Worker 37 (PID: 212) booted in 0.2s, phase: 0
[1] - Worker 38 (PID: 218) booted in 0.2s, phase: 0
[1] - Worker 39 (PID: 224) booted in 0.2s, phase: 0
[1] - Worker 40 (PID: 229) booted in 0.2s, phase: 0
[1] - Worker 41 (PID: 234) booted in 0.2s, phase: 0
[1] - Worker 42 (PID: 240) booted in 0.2s, phase: 0
[1] - Worker 43 (PID: 245) booted in 0.2s, phase: 0
[1] - Worker 44 (PID: 251) booted in 0.19s, phase: 0
[1] - Worker 45 (PID: 257) booted in 0.19s, phase: 0
[1] - Worker 46 (PID: 263) booted in 0.19s, phase: 0
[1] - Worker 47 (PID: 269) booted in 0.19s, phase: 0
[1] - Worker 48 (PID: 278) booted in 0.19s, phase: 0
[1] - Worker 49 (PID: 285) booted in 0.18s, phase: 0
[1] - Worker 50 (PID: 292) booted in 0.18s, phase: 0
[1] - Worker 51 (PID: 297) booted in 0.18s, phase: 0
[1] - Worker 52 (PID: 303) booted in 0.18s, phase: 0
[1] - Worker 53 (PID: 310) booted in 0.18s, phase: 0
[1] - Worker 54 (PID: 316) booted in 0.17s, phase: 0
[1] - Worker 55 (PID: 322) booted in 0.17s, phase: 0
[1] - Worker 56 (PID: 327) booted in 0.17s, phase: 0
[1] - Worker 57 (PID: 333) booted in 0.17s, phase: 0
[1] - Worker 58 (PID: 339) booted in 0.17s, phase: 0
[1] - Worker 59 (PID: 344) booted in 0.17s, phase: 0
[1] - Worker 60 (PID: 350) booted in 0.16s, phase: 0
[1] - Worker 61 (PID: 356) booted in 0.16s, phase: 0
[1] - Worker 62 (PID: 360) booted in 0.16s, phase: 0
[1] - Worker 63 (PID: 366) booted in 0.16s, phase: 0
[1] - Worker 64 (PID: 372) booted in 0.16s, phase: 0
[1] - Worker 65 (PID: 378) booted in 0.16s, phase: 0
[1] - Worker 66 (PID: 384) booted in 0.16s, phase: 0
[1] - Worker 67 (PID: 390) booted in 0.15s, phase: 0
[1] - Worker 68 (PID: 395) booted in 0.15s, phase: 0
[1] - Worker 69 (PID: 401) booted in 0.15s, phase: 0
[1] - Worker 70 (PID: 407) booted in 0.15s, phase: 0
[1] - Worker 71 (PID: 413) booted in 0.15s, phase: 0
[1] - Worker 72 (PID: 420) booted in 0.15s, phase: 0
[1] - Worker 73 (PID: 427) booted in 0.14s, phase: 0
[1] - Worker 74 (PID: 433) booted in 0.14s, phase: 0
[1] - Worker 75 (PID: 438) booted in 0.14s, phase: 0
[1] - Worker 76 (PID: 445) booted in 0.14s, phase: 0
[1] - Worker 77 (PID: 451) booted in 0.14s, phase: 0
[1] - Worker 78 (PID: 455) booted in 0.14s, phase: 0
[1] - Worker 79 (PID: 462) booted in 0.14s, phase: 0
[1] - Worker 80 (PID: 468) booted in 0.13s, phase: 0
[1] - Worker 81 (PID: 473) booted in 0.13s, phase: 0
[1] - Worker 82 (PID: 479) booted in 0.13s, phase: 0
[1] - Worker 83 (PID: 485) booted in 0.13s, phase: 0
[1] - Worker 84 (PID: 491) booted in 0.13s, phase: 0
[1] - Worker 85 (PID: 497) booted in 0.13s, phase: 0
[1] - Worker 86 (PID: 503) booted in 0.13s, phase: 0
[1] - Worker 87 (PID: 509) booted in 0.12s, phase: 0
[1] - Worker 88 (PID: 515) booted in 0.12s, phase: 0
[1] - Worker 89 (PID: 521) booted in 0.12s, phase: 0
[1] - Worker 90 (PID: 528) booted in 0.12s, phase: 0
[1] - Worker 91 (PID: 536) booted in 0.12s, phase: 0
[1] - Worker 92 (PID: 544) booted in 0.11s, phase: 0
[1] - Worker 93 (PID: 549) booted in 0.11s, phase: 0
[1] - Worker 94 (PID: 555) booted in 0.11s, phase: 0
[1] - Worker 95 (PID: 561) booted in 0.11s, phase: 0
[1] - Worker 96 (PID: 567) booted in 0.11s, phase: 0
[1] - Worker 97 (PID: 572) booted in 0.11s, phase: 0
[1] - Worker 98 (PID: 578) booted in 0.1s, phase: 0
[1] - Worker 99 (PID: 584) booted in 0.1s, phase: 0
[1] - Worker 100 (PID: 590) booted in 0.1s, phase: 0
[1] - Worker 101 (PID: 596) booted in 0.1s, phase: 0
[1] - Worker 102 (PID: 603) booted in 0.1s, phase: 0
[1] - Worker 103 (PID: 608) booted in 0.09s, phase: 0
[1] - Worker 104 (PID: 614) booted in 0.09s, phase: 0
[1] - Worker 105 (PID: 620) booted in 0.09s, phase: 0
[1] - Worker 106 (PID: 626) booted in 0.09s, phase: 0
[1] - Worker 107 (PID: 632) booted in 0.09s, phase: 0
[1] - Worker 108 (PID: 637) booted in 0.09s, phase: 0
[1] - Worker 109 (PID: 643) booted in 0.09s, phase: 0
[1] - Worker 110 (PID: 648) booted in 0.08s, phase: 0
[1] - Worker 111 (PID: 654) booted in 0.08s, phase: 0
[1] - Worker 112 (PID: 660) booted in 0.08s, phase: 0
[1] - Worker 113 (PID: 669) booted in 0.08s, phase: 0
[1] - Worker 114 (PID: 676) booted in 0.08s, phase: 0
[1] - Worker 115 (PID: 681) booted in 0.07s, phase: 0
[1] - Worker 116 (PID: 687) booted in 0.07s, phase: 0
[1] - Worker 117 (PID: 693) booted in 0.07s, phase: 0
[1] - Worker 118 (PID: 699) booted in 0.07s, phase: 0
[1] - Worker 119 (PID: 704) booted in 0.07s, phase: 0
[1] - Worker 120 (PID: 710) booted in 0.07s, phase: 0
[1] - Worker 121 (PID: 716) booted in 0.06s, phase: 0
[1] - Worker 122 (PID: 721) booted in 0.06s, phase: 0
[1] - Worker 123 (PID: 727) booted in 0.06s, phase: 0
[1] - Worker 124 (PID: 733) booted in 0.06s, phase: 0
[1] - Worker 125 (PID: 739) booted in 0.06s, phase: 0
[1] - Worker 126 (PID: 745) booted in 0.06s, phase: 0
[1] - Worker 127 (PID: 751) booted in 0.05s, phase: 0
