[2026-03-27 02:37:41 +0000] [1] [INFO] Starting gunicorn 23.0.0
[2026-03-27 02:37:41 +0000] [1] [INFO] Listening at: http://0.0.0.0:8080 (1)
[2026-03-27 02:37:41 +0000] [1] [INFO] Using worker: uvicorn.workers.UvicornWorker
[2026-03-27 02:37:41 +0000] [7] [INFO] Booting worker with pid: 7
[2026-03-27 02:37:41 +0000] [8] [INFO] Booting worker with pid: 8
[2026-03-27 02:37:41 +0000] [9] [INFO] Booting worker with pid: 9
[2026-03-27 02:37:41 +0000] [7] [INFO] Started server process [7]
[2026-03-27 02:37:41 +0000] [7] [INFO] Waiting for application startup.
[2026-03-27 02:37:41 +0000] [7] [INFO] Application startup complete.
[2026-03-27 02:37:41 +0000] [8] [INFO] Started server process [8]
[2026-03-27 02:37:41 +0000] [8] [INFO] Waiting for application startup.
[2026-03-27 02:37:41 +0000] [8] [INFO] Application startup complete.
[2026-03-27 02:37:41 +0000] [20] [INFO] Booting worker with pid: 20
[2026-03-27 02:37:41 +0000] [9] [INFO] Started server process [9]
[2026-03-27 02:37:41 +0000] [9] [INFO] Waiting for application startup.
[2026-03-27 02:37:41 +0000] [9] [INFO] Application startup complete.
[2026-03-27 02:37:41 +0000] [26] [INFO] Booting worker with pid: 26
[2026-03-27 02:37:41 +0000] [20] [INFO] Started server process [20]
[2026-03-27 02:37:41 +0000] [20] [INFO] Waiting for application startup.
[2026-03-27 02:37:41 +0000] [32] [INFO] Booting worker with pid: 32
[2026-03-27 02:37:41 +0000] [20] [INFO] Application startup complete.
[2026-03-27 02:37:41 +0000] [33] [INFO] Booting worker with pid: 33
[2026-03-27 02:37:41 +0000] [34] [INFO] Booting worker with pid: 34
[2026-03-27 02:37:41 +0000] [36] [INFO] Booting worker with pid: 36
[2026-03-27 02:37:41 +0000] [26] [INFO] Started server process [26]
[2026-03-27 02:37:41 +0000] [26] [INFO] Waiting for application startup.
[2026-03-27 02:37:41 +0000] [26] [INFO] Application startup complete.
[2026-03-27 02:37:41 +0000] [32] [INFO] Started server process [32]
[2026-03-27 02:37:41 +0000] [32] [INFO] Waiting for application startup.
[2026-03-27 02:37:41 +0000] [32] [INFO] Application startup complete.
[2026-03-27 02:37:41 +0000] [33] [INFO] Started server process [33]
[2026-03-27 02:37:41 +0000] [33] [INFO] Waiting for application startup.
[2026-03-27 02:37:41 +0000] [33] [INFO] Application startup complete.
[2026-03-27 02:37:41 +0000] [34] [INFO] Started server process [34]
[2026-03-27 02:37:41 +0000] [34] [INFO] Waiting for application startup.
[2026-03-27 02:37:41 +0000] [34] [INFO] Application startup complete.
[2026-03-27 02:37:41 +0000] [36] [INFO] Started server process [36]
[2026-03-27 02:37:41 +0000] [36] [INFO] Waiting for application startup.
[2026-03-27 02:37:41 +0000] [36] [INFO] Application startup complete.
[2026-03-27 02:37:41 +0000] [61] [INFO] Booting worker with pid: 61
[2026-03-27 02:37:41 +0000] [62] [INFO] Booting worker with pid: 62
[2026-03-27 02:37:41 +0000] [61] [INFO] Started server process [61]
[2026-03-27 02:37:41 +0000] [61] [INFO] Waiting for application startup.
[2026-03-27 02:37:41 +0000] [61] [INFO] Application startup complete.
[2026-03-27 02:37:41 +0000] [69] [INFO] Booting worker with pid: 69
[2026-03-27 02:37:41 +0000] [70] [INFO] Booting worker with pid: 70
[2026-03-27 02:37:41 +0000] [62] [INFO] Started server process [62]
[2026-03-27 02:37:41 +0000] [62] [INFO] Waiting for application startup.
[2026-03-27 02:37:42 +0000] [62] [INFO] Application startup complete.
[2026-03-27 02:37:42 +0000] [75] [INFO] Booting worker with pid: 75
[2026-03-27 02:37:42 +0000] [69] [INFO] Started server process [69]
[2026-03-27 02:37:42 +0000] [69] [INFO] Waiting for application startup.
[2026-03-27 02:37:42 +0000] [70] [INFO] Started server process [70]
[2026-03-27 02:37:42 +0000] [70] [INFO] Waiting for application startup.
[2026-03-27 02:37:42 +0000] [69] [INFO] Application startup complete.
[2026-03-27 02:37:42 +0000] [70] [INFO] Application startup complete.
[2026-03-27 02:37:42 +0000] [75] [INFO] Started server process [75]
[2026-03-27 02:37:42 +0000] [75] [INFO] Waiting for application startup.
[2026-03-27 02:37:42 +0000] [75] [INFO] Application startup complete.
[2026-03-27 02:37:42 +0000] [91] [INFO] Booting worker with pid: 91
[2026-03-27 02:37:42 +0000] [91] [INFO] Started server process [91]
[2026-03-27 02:37:42 +0000] [91] [INFO] Waiting for application startup.
[2026-03-27 02:37:42 +0000] [91] [INFO] Application startup complete.
[2026-03-27 02:37:42 +0000] [97] [INFO] Booting worker with pid: 97
[2026-03-27 02:37:42 +0000] [98] [INFO] Booting worker with pid: 98
[2026-03-27 02:37:42 +0000] [99] [INFO] Booting worker with pid: 99
[2026-03-27 02:37:42 +0000] [97] [INFO] Started server process [97]
[2026-03-27 02:37:42 +0000] [97] [INFO] Waiting for application startup.
[2026-03-27 02:37:42 +0000] [97] [INFO] Application startup complete.
[2026-03-27 02:37:42 +0000] [98] [INFO] Started server process [98]
[2026-03-27 02:37:42 +0000] [98] [INFO] Waiting for application startup.
[2026-03-27 02:37:42 +0000] [98] [INFO] Application startup complete.
[2026-03-27 02:37:42 +0000] [110] [INFO] Booting worker with pid: 110
[2026-03-27 02:37:42 +0000] [99] [INFO] Started server process [99]
[2026-03-27 02:37:42 +0000] [99] [INFO] Waiting for application startup.
[2026-03-27 02:37:42 +0000] [99] [INFO] Application startup complete.
[2026-03-27 02:37:42 +0000] [117] [INFO] Booting worker with pid: 117
[2026-03-27 02:37:42 +0000] [110] [INFO] Started server process [110]
[2026-03-27 02:37:42 +0000] [110] [INFO] Waiting for application startup.
[2026-03-27 02:37:42 +0000] [110] [INFO] Application startup complete.
[2026-03-27 02:37:42 +0000] [122] [INFO] Booting worker with pid: 122
[2026-03-27 02:37:42 +0000] [117] [INFO] Started server process [117]
[2026-03-27 02:37:42 +0000] [117] [INFO] Waiting for application startup.
[2026-03-27 02:37:42 +0000] [117] [INFO] Application startup complete.
[2026-03-27 02:37:42 +0000] [128] [INFO] Booting worker with pid: 128
[2026-03-27 02:37:42 +0000] [122] [INFO] Started server process [122]
[2026-03-27 02:37:42 +0000] [122] [INFO] Waiting for application startup.
[2026-03-27 02:37:42 +0000] [122] [INFO] Application startup complete.
[2026-03-27 02:37:42 +0000] [135] [INFO] Booting worker with pid: 135
[2026-03-27 02:37:42 +0000] [128] [INFO] Started server process [128]
[2026-03-27 02:37:42 +0000] [128] [INFO] Waiting for application startup.
[2026-03-27 02:37:42 +0000] [128] [INFO] Application startup complete.
[2026-03-27 02:37:42 +0000] [141] [INFO] Booting worker with pid: 141
[2026-03-27 02:37:42 +0000] [135] [INFO] Started server process [135]
[2026-03-27 02:37:42 +0000] [135] [INFO] Waiting for application startup.
[2026-03-27 02:37:42 +0000] [135] [INFO] Application startup complete.
[2026-03-27 02:37:42 +0000] [146] [INFO] Booting worker with pid: 146
[2026-03-27 02:37:42 +0000] [141] [INFO] Started server process [141]
[2026-03-27 02:37:42 +0000] [141] [INFO] Waiting for application startup.
[2026-03-27 02:37:42 +0000] [141] [INFO] Application startup complete.
[2026-03-27 02:37:42 +0000] [152] [INFO] Booting worker with pid: 152
[2026-03-27 02:37:42 +0000] [154] [INFO] Booting worker with pid: 154
[2026-03-27 02:37:42 +0000] [146] [INFO] Started server process [146]
[2026-03-27 02:37:42 +0000] [146] [INFO] Waiting for application startup.
[2026-03-27 02:37:42 +0000] [146] [INFO] Application startup complete.
[2026-03-27 02:37:42 +0000] [152] [INFO] Started server process [152]
[2026-03-27 02:37:42 +0000] [152] [INFO] Waiting for application startup.
[2026-03-27 02:37:42 +0000] [152] [INFO] Application startup complete.
[2026-03-27 02:37:42 +0000] [154] [INFO] Started server process [154]
[2026-03-27 02:37:42 +0000] [154] [INFO] Waiting for application startup.
[2026-03-27 02:37:42 +0000] [165] [INFO] Booting worker with pid: 165
[2026-03-27 02:37:42 +0000] [154] [INFO] Application startup complete.
[2026-03-27 02:37:42 +0000] [170] [INFO] Booting worker with pid: 170
[2026-03-27 02:37:43 +0000] [171] [INFO] Booting worker with pid: 171
[2026-03-27 02:37:43 +0000] [165] [INFO] Started server process [165]
[2026-03-27 02:37:43 +0000] [165] [INFO] Waiting for application startup.
[2026-03-27 02:37:43 +0000] [165] [INFO] Application startup complete.
[2026-03-27 02:37:43 +0000] [177] [INFO] Booting worker with pid: 177
[2026-03-27 02:37:43 +0000] [170] [INFO] Started server process [170]
[2026-03-27 02:37:43 +0000] [170] [INFO] Waiting for application startup.
[2026-03-27 02:37:43 +0000] [180] [INFO] Booting worker with pid: 180
[2026-03-27 02:37:43 +0000] [170] [INFO] Application startup complete.
[2026-03-27 02:37:43 +0000] [171] [INFO] Started server process [171]
[2026-03-27 02:37:43 +0000] [171] [INFO] Waiting for application startup.
[2026-03-27 02:37:43 +0000] [171] [INFO] Application startup complete.
[2026-03-27 02:37:43 +0000] [177] [INFO] Started server process [177]
[2026-03-27 02:37:43 +0000] [177] [INFO] Waiting for application startup.
[2026-03-27 02:37:43 +0000] [194] [INFO] Booting worker with pid: 194
[2026-03-27 02:37:43 +0000] [177] [INFO] Application startup complete.
[2026-03-27 02:37:43 +0000] [196] [INFO] Booting worker with pid: 196
[2026-03-27 02:37:43 +0000] [180] [INFO] Started server process [180]
[2026-03-27 02:37:43 +0000] [180] [INFO] Waiting for application startup.
[2026-03-27 02:37:43 +0000] [180] [INFO] Application startup complete.
[2026-03-27 02:37:43 +0000] [201] [INFO] Booting worker with pid: 201
[2026-03-27 02:37:43 +0000] [194] [INFO] Started server process [194]
[2026-03-27 02:37:43 +0000] [194] [INFO] Waiting for application startup.
[2026-03-27 02:37:43 +0000] [194] [INFO] Application startup complete.
[2026-03-27 02:37:43 +0000] [196] [INFO] Started server process [196]
[2026-03-27 02:37:43 +0000] [196] [INFO] Waiting for application startup.
[2026-03-27 02:37:43 +0000] [196] [INFO] Application startup complete.
[2026-03-27 02:37:43 +0000] [212] [INFO] Booting worker with pid: 212
[2026-03-27 02:37:43 +0000] [201] [INFO] Started server process [201]
[2026-03-27 02:37:43 +0000] [201] [INFO] Waiting for application startup.
[2026-03-27 02:37:43 +0000] [201] [INFO] Application startup complete.
[2026-03-27 02:37:43 +0000] [218] [INFO] Booting worker with pid: 218
[2026-03-27 02:37:43 +0000] [212] [INFO] Started server process [212]
[2026-03-27 02:37:43 +0000] [212] [INFO] Waiting for application startup.
[2026-03-27 02:37:43 +0000] [212] [INFO] Application startup complete.
[2026-03-27 02:37:43 +0000] [224] [INFO] Booting worker with pid: 224
[2026-03-27 02:37:43 +0000] [218] [INFO] Started server process [218]
[2026-03-27 02:37:43 +0000] [218] [INFO] Waiting for application startup.
[2026-03-27 02:37:43 +0000] [218] [INFO] Application startup complete.
[2026-03-27 02:37:43 +0000] [230] [INFO] Booting worker with pid: 230
[2026-03-27 02:37:43 +0000] [224] [INFO] Started server process [224]
[2026-03-27 02:37:43 +0000] [224] [INFO] Waiting for application startup.
[2026-03-27 02:37:43 +0000] [236] [INFO] Booting worker with pid: 236
[2026-03-27 02:37:43 +0000] [224] [INFO] Application startup complete.
[2026-03-27 02:37:43 +0000] [237] [INFO] Booting worker with pid: 237
[2026-03-27 02:37:43 +0000] [230] [INFO] Started server process [230]
[2026-03-27 02:37:43 +0000] [230] [INFO] Waiting for application startup.
[2026-03-27 02:37:43 +0000] [230] [INFO] Application startup complete.
[2026-03-27 02:37:43 +0000] [244] [INFO] Booting worker with pid: 244
[2026-03-27 02:37:43 +0000] [236] [INFO] Started server process [236]
[2026-03-27 02:37:43 +0000] [236] [INFO] Waiting for application startup.
[2026-03-27 02:37:43 +0000] [236] [INFO] Application startup complete.
[2026-03-27 02:37:43 +0000] [237] [INFO] Started server process [237]
[2026-03-27 02:37:43 +0000] [237] [INFO] Waiting for application startup.
[2026-03-27 02:37:43 +0000] [237] [INFO] Application startup complete.
[2026-03-27 02:37:43 +0000] [254] [INFO] Booting worker with pid: 254
[2026-03-27 02:37:43 +0000] [244] [INFO] Started server process [244]
[2026-03-27 02:37:43 +0000] [244] [INFO] Waiting for application startup.
[2026-03-27 02:37:43 +0000] [244] [INFO] Application startup complete.
[2026-03-27 02:37:43 +0000] [260] [INFO] Booting worker with pid: 260
[2026-03-27 02:37:43 +0000] [261] [INFO] Booting worker with pid: 261
[2026-03-27 02:37:43 +0000] [254] [INFO] Started server process [254]
[2026-03-27 02:37:43 +0000] [254] [INFO] Waiting for application startup.
[2026-03-27 02:37:43 +0000] [254] [INFO] Application startup complete.
[2026-03-27 02:37:43 +0000] [260] [INFO] Started server process [260]
[2026-03-27 02:37:43 +0000] [260] [INFO] Waiting for application startup.
[2026-03-27 02:37:43 +0000] [260] [INFO] Application startup complete.
[2026-03-27 02:37:43 +0000] [272] [INFO] Booting worker with pid: 272
[2026-03-27 02:37:43 +0000] [261] [INFO] Started server process [261]
[2026-03-27 02:37:43 +0000] [261] [INFO] Waiting for application startup.
[2026-03-27 02:37:43 +0000] [261] [INFO] Application startup complete.
[2026-03-27 02:37:43 +0000] [278] [INFO] Booting worker with pid: 278
[2026-03-27 02:37:43 +0000] [279] [INFO] Booting worker with pid: 279
[2026-03-27 02:37:43 +0000] [272] [INFO] Started server process [272]
[2026-03-27 02:37:43 +0000] [272] [INFO] Waiting for application startup.
[2026-03-27 02:37:43 +0000] [272] [INFO] Application startup complete.
[2026-03-27 02:37:43 +0000] [278] [INFO] Started server process [278]
[2026-03-27 02:37:43 +0000] [278] [INFO] Waiting for application startup.
[2026-03-27 02:37:43 +0000] [291] [INFO] Booting worker with pid: 291
[2026-03-27 02:37:43 +0000] [278] [INFO] Application startup complete.
[2026-03-27 02:37:43 +0000] [279] [INFO] Started server process [279]
[2026-03-27 02:37:43 +0000] [279] [INFO] Waiting for application startup.
[2026-03-27 02:37:43 +0000] [279] [INFO] Application startup complete.
[2026-03-27 02:37:44 +0000] [296] [INFO] Booting worker with pid: 296
[2026-03-27 02:37:44 +0000] [291] [INFO] Started server process [291]
[2026-03-27 02:37:44 +0000] [291] [INFO] Waiting for application startup.
[2026-03-27 02:37:44 +0000] [291] [INFO] Application startup complete.
[2026-03-27 02:37:44 +0000] [302] [INFO] Booting worker with pid: 302
[2026-03-27 02:37:44 +0000] [304] [INFO] Booting worker with pid: 304
[2026-03-27 02:37:44 +0000] [296] [INFO] Started server process [296]
[2026-03-27 02:37:44 +0000] [296] [INFO] Waiting for application startup.
[2026-03-27 02:37:44 +0000] [296] [INFO] Application startup complete.
[2026-03-27 02:37:44 +0000] [309] [INFO] Booting worker with pid: 309
[2026-03-27 02:37:44 +0000] [302] [INFO] Started server process [302]
[2026-03-27 02:37:44 +0000] [302] [INFO] Waiting for application startup.
[2026-03-27 02:37:44 +0000] [302] [INFO] Application startup complete.
[2026-03-27 02:37:44 +0000] [304] [INFO] Started server process [304]
[2026-03-27 02:37:44 +0000] [304] [INFO] Waiting for application startup.
[2026-03-27 02:37:44 +0000] [304] [INFO] Application startup complete.
[2026-03-27 02:37:44 +0000] [309] [INFO] Started server process [309]
[2026-03-27 02:37:44 +0000] [309] [INFO] Waiting for application startup.
[2026-03-27 02:37:44 +0000] [309] [INFO] Application startup complete.
[2026-03-27 02:37:44 +0000] [325] [INFO] Booting worker with pid: 325
[2026-03-27 02:37:44 +0000] [327] [INFO] Booting worker with pid: 327
[2026-03-27 02:37:44 +0000] [325] [INFO] Started server process [325]
[2026-03-27 02:37:44 +0000] [325] [INFO] Waiting for application startup.
[2026-03-27 02:37:44 +0000] [325] [INFO] Application startup complete.
[2026-03-27 02:37:44 +0000] [332] [INFO] Booting worker with pid: 332
[2026-03-27 02:37:44 +0000] [334] [INFO] Booting worker with pid: 334
[2026-03-27 02:37:44 +0000] [327] [INFO] Started server process [327]
[2026-03-27 02:37:44 +0000] [327] [INFO] Waiting for application startup.
[2026-03-27 02:37:44 +0000] [327] [INFO] Application startup complete.
[2026-03-27 02:37:44 +0000] [332] [INFO] Started server process [332]
[2026-03-27 02:37:44 +0000] [332] [INFO] Waiting for application startup.
[2026-03-27 02:37:44 +0000] [332] [INFO] Application startup complete.
[2026-03-27 02:37:44 +0000] [334] [INFO] Started server process [334]
[2026-03-27 02:37:44 +0000] [334] [INFO] Waiting for application startup.
[2026-03-27 02:37:44 +0000] [334] [INFO] Application startup complete.
[2026-03-27 02:37:44 +0000] [349] [INFO] Booting worker with pid: 349
[2026-03-27 02:37:44 +0000] [350] [INFO] Booting worker with pid: 350
[2026-03-27 02:37:44 +0000] [349] [INFO] Started server process [349]
[2026-03-27 02:37:44 +0000] [349] [INFO] Waiting for application startup.
[2026-03-27 02:37:44 +0000] [349] [INFO] Application startup complete.
[2026-03-27 02:37:44 +0000] [356] [INFO] Booting worker with pid: 356
[2026-03-27 02:37:44 +0000] [350] [INFO] Started server process [350]
[2026-03-27 02:37:44 +0000] [350] [INFO] Waiting for application startup.
[2026-03-27 02:37:44 +0000] [350] [INFO] Application startup complete.
[2026-03-27 02:37:44 +0000] [356] [INFO] Started server process [356]
[2026-03-27 02:37:44 +0000] [356] [INFO] Waiting for application startup.
[2026-03-27 02:37:44 +0000] [363] [INFO] Booting worker with pid: 363
[2026-03-27 02:37:44 +0000] [356] [INFO] Application startup complete.
[2026-03-27 02:37:44 +0000] [368] [INFO] Booting worker with pid: 368
[2026-03-27 02:37:44 +0000] [370] [INFO] Booting worker with pid: 370
[2026-03-27 02:37:44 +0000] [363] [INFO] Started server process [363]
[2026-03-27 02:37:44 +0000] [363] [INFO] Waiting for application startup.
[2026-03-27 02:37:44 +0000] [363] [INFO] Application startup complete.
[2026-03-27 02:37:44 +0000] [375] [INFO] Booting worker with pid: 375
[2026-03-27 02:37:44 +0000] [368] [INFO] Started server process [368]
[2026-03-27 02:37:44 +0000] [368] [INFO] Waiting for application startup.
[2026-03-27 02:37:44 +0000] [378] [INFO] Booting worker with pid: 378
[2026-03-27 02:37:44 +0000] [368] [INFO] Application startup complete.
[2026-03-27 02:37:44 +0000] [370] [INFO] Started server process [370]
[2026-03-27 02:37:44 +0000] [370] [INFO] Waiting for application startup.
[2026-03-27 02:37:44 +0000] [370] [INFO] Application startup complete.
[2026-03-27 02:37:44 +0000] [388] [INFO] Booting worker with pid: 388
[2026-03-27 02:37:44 +0000] [375] [INFO] Started server process [375]
[2026-03-27 02:37:44 +0000] [375] [INFO] Waiting for application startup.
[2026-03-27 02:37:44 +0000] [375] [INFO] Application startup complete.
[2026-03-27 02:37:44 +0000] [378] [INFO] Started server process [378]
[2026-03-27 02:37:44 +0000] [378] [INFO] Waiting for application startup.
[2026-03-27 02:37:45 +0000] [378] [INFO] Application startup complete.
[2026-03-27 02:37:45 +0000] [399] [INFO] Booting worker with pid: 399
[2026-03-27 02:37:45 +0000] [388] [INFO] Started server process [388]
[2026-03-27 02:37:45 +0000] [388] [INFO] Waiting for application startup.
[2026-03-27 02:37:45 +0000] [388] [INFO] Application startup complete.
[2026-03-27 02:37:45 +0000] [404] [INFO] Booting worker with pid: 404
[2026-03-27 02:37:45 +0000] [406] [INFO] Booting worker with pid: 406
[2026-03-27 02:37:45 +0000] [399] [INFO] Started server process [399]
[2026-03-27 02:37:45 +0000] [399] [INFO] Waiting for application startup.
[2026-03-27 02:37:45 +0000] [399] [INFO] Application startup complete.
[2026-03-27 02:37:45 +0000] [411] [INFO] Booting worker with pid: 411
[2026-03-27 02:37:45 +0000] [404] [INFO] Started server process [404]
[2026-03-27 02:37:45 +0000] [404] [INFO] Waiting for application startup.
[2026-03-27 02:37:45 +0000] [404] [INFO] Application startup complete.
[2026-03-27 02:37:45 +0000] [406] [INFO] Started server process [406]
[2026-03-27 02:37:45 +0000] [406] [INFO] Waiting for application startup.
[2026-03-27 02:37:45 +0000] [422] [INFO] Booting worker with pid: 422
[2026-03-27 02:37:45 +0000] [406] [INFO] Application startup complete.
[2026-03-27 02:37:45 +0000] [411] [INFO] Started server process [411]
[2026-03-27 02:37:45 +0000] [411] [INFO] Waiting for application startup.
[2026-03-27 02:37:45 +0000] [411] [INFO] Application startup complete.
[2026-03-27 02:37:45 +0000] [428] [INFO] Booting worker with pid: 428
[2026-03-27 02:37:45 +0000] [422] [INFO] Started server process [422]
[2026-03-27 02:37:45 +0000] [422] [INFO] Waiting for application startup.
[2026-03-27 02:37:45 +0000] [422] [INFO] Application startup complete.
[2026-03-27 02:37:45 +0000] [434] [INFO] Booting worker with pid: 434
[2026-03-27 02:37:45 +0000] [435] [INFO] Booting worker with pid: 435
[2026-03-27 02:37:45 +0000] [428] [INFO] Started server process [428]
[2026-03-27 02:37:45 +0000] [428] [INFO] Waiting for application startup.
[2026-03-27 02:37:45 +0000] [428] [INFO] Application startup complete.
[2026-03-27 02:37:45 +0000] [442] [INFO] Booting worker with pid: 442
[2026-03-27 02:37:45 +0000] [434] [INFO] Started server process [434]
[2026-03-27 02:37:45 +0000] [434] [INFO] Waiting for application startup.
[2026-03-27 02:37:45 +0000] [434] [INFO] Application startup complete.
[2026-03-27 02:37:45 +0000] [448] [INFO] Booting worker with pid: 448
[2026-03-27 02:37:45 +0000] [435] [INFO] Started server process [435]
[2026-03-27 02:37:45 +0000] [435] [INFO] Waiting for application startup.
[2026-03-27 02:37:45 +0000] [435] [INFO] Application startup complete.
[2026-03-27 02:37:45 +0000] [454] [INFO] Booting worker with pid: 454
[2026-03-27 02:37:45 +0000] [442] [INFO] Started server process [442]
[2026-03-27 02:37:45 +0000] [442] [INFO] Waiting for application startup.
[2026-03-27 02:37:45 +0000] [442] [INFO] Application startup complete.
[2026-03-27 02:37:45 +0000] [448] [INFO] Started server process [448]
[2026-03-27 02:37:45 +0000] [448] [INFO] Waiting for application startup.
[2026-03-27 02:37:45 +0000] [448] [INFO] Application startup complete.
[2026-03-27 02:37:45 +0000] [465] [INFO] Booting worker with pid: 465
[2026-03-27 02:37:45 +0000] [454] [INFO] Started server process [454]
[2026-03-27 02:37:45 +0000] [454] [INFO] Waiting for application startup.
[2026-03-27 02:37:45 +0000] [454] [INFO] Application startup complete.
[2026-03-27 02:37:45 +0000] [471] [INFO] Booting worker with pid: 471
[2026-03-27 02:37:45 +0000] [465] [INFO] Started server process [465]
[2026-03-27 02:37:45 +0000] [465] [INFO] Waiting for application startup.
[2026-03-27 02:37:45 +0000] [465] [INFO] Application startup complete.
[2026-03-27 02:37:45 +0000] [476] [INFO] Booting worker with pid: 476
[2026-03-27 02:37:45 +0000] [477] [INFO] Booting worker with pid: 477
[2026-03-27 02:37:45 +0000] [479] [INFO] Booting worker with pid: 479
[2026-03-27 02:37:45 +0000] [471] [INFO] Started server process [471]
[2026-03-27 02:37:45 +0000] [471] [INFO] Waiting for application startup.
[2026-03-27 02:37:45 +0000] [471] [INFO] Application startup complete.
[2026-03-27 02:37:45 +0000] [484] [INFO] Booting worker with pid: 484
[2026-03-27 02:37:45 +0000] [476] [INFO] Started server process [476]
[2026-03-27 02:37:45 +0000] [476] [INFO] Waiting for application startup.
[2026-03-27 02:37:45 +0000] [476] [INFO] Application startup complete.
[2026-03-27 02:37:45 +0000] [491] [INFO] Booting worker with pid: 491
[2026-03-27 02:37:45 +0000] [477] [INFO] Started server process [477]
[2026-03-27 02:37:45 +0000] [477] [INFO] Waiting for application startup.
[2026-03-27 02:37:45 +0000] [492] [INFO] Booting worker with pid: 492
[2026-03-27 02:37:45 +0000] [493] [INFO] Booting worker with pid: 493
[2026-03-27 02:37:45 +0000] [477] [INFO] Application startup complete.
[2026-03-27 02:37:45 +0000] [499] [INFO] Booting worker with pid: 499
[2026-03-27 02:37:45 +0000] [479] [INFO] Started server process [479]
[2026-03-27 02:37:45 +0000] [479] [INFO] Waiting for application startup.
[2026-03-27 02:37:45 +0000] [479] [INFO] Application startup complete.
[2026-03-27 02:37:45 +0000] [484] [INFO] Started server process [484]
[2026-03-27 02:37:45 +0000] [484] [INFO] Waiting for application startup.
[2026-03-27 02:37:45 +0000] [484] [INFO] Application startup complete.
[2026-03-27 02:37:45 +0000] [509] [INFO] Booting worker with pid: 509
[2026-03-27 02:37:45 +0000] [510] [INFO] Booting worker with pid: 510
[2026-03-27 02:37:45 +0000] [492] [INFO] Started server process [492]
[2026-03-27 02:37:45 +0000] [492] [INFO] Waiting for application startup.
[2026-03-27 02:37:45 +0000] [491] [INFO] Started server process [491]
[2026-03-27 02:37:45 +0000] [491] [INFO] Waiting for application startup.
[2026-03-27 02:37:45 +0000] [492] [INFO] Application startup complete.
[2026-03-27 02:37:45 +0000] [491] [INFO] Application startup complete.
[2026-03-27 02:37:45 +0000] [493] [INFO] Started server process [493]
[2026-03-27 02:37:45 +0000] [493] [INFO] Waiting for application startup.
[2026-03-27 02:37:45 +0000] [493] [INFO] Application startup complete.
[2026-03-27 02:37:45 +0000] [527] [INFO] Booting worker with pid: 527
[2026-03-27 02:37:45 +0000] [499] [INFO] Started server process [499]
[2026-03-27 02:37:45 +0000] [499] [INFO] Waiting for application startup.
[2026-03-27 02:37:45 +0000] [499] [INFO] Application startup complete.
[2026-03-27 02:37:46 +0000] [509] [INFO] Started server process [509]
[2026-03-27 02:37:46 +0000] [509] [INFO] Waiting for application startup.
[2026-03-27 02:37:46 +0000] [510] [INFO] Started server process [510]
[2026-03-27 02:37:46 +0000] [510] [INFO] Waiting for application startup.
[2026-03-27 02:37:46 +0000] [509] [INFO] Application startup complete.
[2026-03-27 02:37:46 +0000] [510] [INFO] Application startup complete.
[2026-03-27 02:37:46 +0000] [527] [INFO] Started server process [527]
[2026-03-27 02:37:46 +0000] [527] [INFO] Waiting for application startup.
[2026-03-27 02:37:46 +0000] [543] [INFO] Booting worker with pid: 543
[2026-03-27 02:37:46 +0000] [527] [INFO] Application startup complete.
[2026-03-27 02:37:46 +0000] [543] [INFO] Started server process [543]
[2026-03-27 02:37:46 +0000] [543] [INFO] Waiting for application startup.
[2026-03-27 02:37:46 +0000] [549] [INFO] Booting worker with pid: 549
[2026-03-27 02:37:46 +0000] [543] [INFO] Application startup complete.
[2026-03-27 02:37:46 +0000] [549] [INFO] Started server process [549]
[2026-03-27 02:37:46 +0000] [549] [INFO] Waiting for application startup.
[2026-03-27 02:37:46 +0000] [559] [INFO] Booting worker with pid: 559
[2026-03-27 02:37:46 +0000] [549] [INFO] Application startup complete.
[2026-03-27 02:37:46 +0000] [560] [INFO] Booting worker with pid: 560
[2026-03-27 02:37:46 +0000] [559] [INFO] Started server process [559]
[2026-03-27 02:37:46 +0000] [559] [INFO] Waiting for application startup.
[2026-03-27 02:37:46 +0000] [559] [INFO] Application startup complete.
[2026-03-27 02:37:46 +0000] [560] [INFO] Started server process [560]
[2026-03-27 02:37:46 +0000] [560] [INFO] Waiting for application startup.
[2026-03-27 02:37:46 +0000] [567] [INFO] Booting worker with pid: 567
[2026-03-27 02:37:46 +0000] [560] [INFO] Application startup complete.
[2026-03-27 02:37:46 +0000] [572] [INFO] Booting worker with pid: 572
[2026-03-27 02:37:46 +0000] [573] [INFO] Booting worker with pid: 573
[2026-03-27 02:37:46 +0000] [567] [INFO] Started server process [567]
[2026-03-27 02:37:46 +0000] [567] [INFO] Waiting for application startup.
[2026-03-27 02:37:46 +0000] [567] [INFO] Application startup complete.
[2026-03-27 02:37:46 +0000] [572] [INFO] Started server process [572]
[2026-03-27 02:37:46 +0000] [572] [INFO] Waiting for application startup.
[2026-03-27 02:37:46 +0000] [572] [INFO] Application startup complete.
[2026-03-27 02:37:46 +0000] [573] [INFO] Started server process [573]
[2026-03-27 02:37:46 +0000] [573] [INFO] Waiting for application startup.
[2026-03-27 02:37:46 +0000] [586] [INFO] Booting worker with pid: 586
[2026-03-27 02:37:46 +0000] [573] [INFO] Application startup complete.
[2026-03-27 02:37:46 +0000] [590] [INFO] Booting worker with pid: 590
[2026-03-27 02:37:46 +0000] [586] [INFO] Started server process [586]
[2026-03-27 02:37:46 +0000] [586] [INFO] Waiting for application startup.
[2026-03-27 02:37:46 +0000] [586] [INFO] Application startup complete.
[2026-03-27 02:37:46 +0000] [596] [INFO] Booting worker with pid: 596
[2026-03-27 02:37:46 +0000] [590] [INFO] Started server process [590]
[2026-03-27 02:37:46 +0000] [590] [INFO] Waiting for application startup.
[2026-03-27 02:37:46 +0000] [590] [INFO] Application startup complete.
[2026-03-27 02:37:46 +0000] [602] [INFO] Booting worker with pid: 602
[2026-03-27 02:37:46 +0000] [596] [INFO] Started server process [596]
[2026-03-27 02:37:46 +0000] [596] [INFO] Waiting for application startup.
[2026-03-27 02:37:46 +0000] [596] [INFO] Application startup complete.
[2026-03-27 02:37:46 +0000] [602] [INFO] Started server process [602]
[2026-03-27 02:37:46 +0000] [602] [INFO] Waiting for application startup.
[2026-03-27 02:37:46 +0000] [609] [INFO] Booting worker with pid: 609
[2026-03-27 02:37:46 +0000] [602] [INFO] Application startup complete.
[2026-03-27 02:37:46 +0000] [614] [INFO] Booting worker with pid: 614
[2026-03-27 02:37:46 +0000] [609] [INFO] Started server process [609]
[2026-03-27 02:37:46 +0000] [609] [INFO] Waiting for application startup.
[2026-03-27 02:37:46 +0000] [609] [INFO] Application startup complete.
[2026-03-27 02:37:46 +0000] [614] [INFO] Started server process [614]
[2026-03-27 02:37:46 +0000] [614] [INFO] Waiting for application startup.
[2026-03-27 02:37:46 +0000] [621] [INFO] Booting worker with pid: 621
[2026-03-27 02:37:46 +0000] [614] [INFO] Application startup complete.
[2026-03-27 02:37:46 +0000] [626] [INFO] Booting worker with pid: 626
[2026-03-27 02:37:46 +0000] [627] [INFO] Booting worker with pid: 627
[2026-03-27 02:37:47 +0000] [628] [INFO] Booting worker with pid: 628
[2026-03-27 02:37:47 +0000] [629] [INFO] Booting worker with pid: 629
[2026-03-27 02:37:47 +0000] [621] [INFO] Started server process [621]
[2026-03-27 02:37:47 +0000] [621] [INFO] Waiting for application startup.
[2026-03-27 02:37:47 +0000] [621] [INFO] Application startup complete.
[2026-03-27 02:37:47 +0000] [626] [INFO] Started server process [626]
[2026-03-27 02:37:47 +0000] [626] [INFO] Waiting for application startup.
[2026-03-27 02:37:47 +0000] [626] [INFO] Application startup complete.
[2026-03-27 02:37:47 +0000] [627] [INFO] Started server process [627]
[2026-03-27 02:37:47 +0000] [627] [INFO] Waiting for application startup.
[2026-03-27 02:37:47 +0000] [627] [INFO] Application startup complete.
[2026-03-27 02:37:47 +0000] [628] [INFO] Started server process [628]
[2026-03-27 02:37:47 +0000] [628] [INFO] Waiting for application startup.
[2026-03-27 02:37:47 +0000] [628] [INFO] Application startup complete.
[2026-03-27 02:37:47 +0000] [650] [INFO] Booting worker with pid: 650
[2026-03-27 02:37:47 +0000] [629] [INFO] Started server process [629]
[2026-03-27 02:37:47 +0000] [629] [INFO] Waiting for application startup.
[2026-03-27 02:37:47 +0000] [629] [INFO] Application startup complete.
[2026-03-27 02:37:47 +0000] [657] [INFO] Booting worker with pid: 657
[2026-03-27 02:37:47 +0000] [650] [INFO] Started server process [650]
[2026-03-27 02:37:47 +0000] [650] [INFO] Waiting for application startup.
[2026-03-27 02:37:47 +0000] [650] [INFO] Application startup complete.
[2026-03-27 02:37:47 +0000] [662] [INFO] Booting worker with pid: 662
[2026-03-27 02:37:47 +0000] [657] [INFO] Started server process [657]
[2026-03-27 02:37:47 +0000] [657] [INFO] Waiting for application startup.
[2026-03-27 02:37:47 +0000] [664] [INFO] Booting worker with pid: 664
[2026-03-27 02:37:47 +0000] [657] [INFO] Application startup complete.
[2026-03-27 02:37:47 +0000] [670] [INFO] Booting worker with pid: 670
[2026-03-27 02:37:47 +0000] [662] [INFO] Started server process [662]
[2026-03-27 02:37:47 +0000] [662] [INFO] Waiting for application startup.
[2026-03-27 02:37:47 +0000] [662] [INFO] Application startup complete.
[2026-03-27 02:37:47 +0000] [664] [INFO] Started server process [664]
[2026-03-27 02:37:47 +0000] [664] [INFO] Waiting for application startup.
[2026-03-27 02:37:47 +0000] [664] [INFO] Application startup complete.
[2026-03-27 02:37:47 +0000] [680] [INFO] Booting worker with pid: 680
[2026-03-27 02:37:47 +0000] [670] [INFO] Started server process [670]
[2026-03-27 02:37:47 +0000] [670] [INFO] Waiting for application startup.
[2026-03-27 02:37:47 +0000] [670] [INFO] Application startup complete.
[2026-03-27 02:37:47 +0000] [687] [INFO] Booting worker with pid: 687
[2026-03-27 02:37:47 +0000] [680] [INFO] Started server process [680]
[2026-03-27 02:37:47 +0000] [680] [INFO] Waiting for application startup.
[2026-03-27 02:37:47 +0000] [680] [INFO] Application startup complete.
[2026-03-27 02:37:47 +0000] [692] [INFO] Booting worker with pid: 692
[2026-03-27 02:37:47 +0000] [693] [INFO] Booting worker with pid: 693
[2026-03-27 02:37:47 +0000] [694] [INFO] Booting worker with pid: 694
[2026-03-27 02:37:47 +0000] [687] [INFO] Started server process [687]
[2026-03-27 02:37:47 +0000] [687] [INFO] Waiting for application startup.
[2026-03-27 02:37:47 +0000] [687] [INFO] Application startup complete.
[2026-03-27 02:37:47 +0000] [692] [INFO] Started server process [692]
[2026-03-27 02:37:47 +0000] [692] [INFO] Waiting for application startup.
[2026-03-27 02:37:47 +0000] [692] [INFO] Application startup complete.
[2026-03-27 02:37:47 +0000] [706] [INFO] Booting worker with pid: 706
[2026-03-27 02:37:47 +0000] [693] [INFO] Started server process [693]
[2026-03-27 02:37:47 +0000] [693] [INFO] Waiting for application startup.
[2026-03-27 02:37:47 +0000] [693] [INFO] Application startup complete.
[2026-03-27 02:37:47 +0000] [694] [INFO] Started server process [694]
[2026-03-27 02:37:47 +0000] [694] [INFO] Waiting for application startup.
[2026-03-27 02:37:47 +0000] [694] [INFO] Application startup complete.
[2026-03-27 02:37:47 +0000] [716] [INFO] Booting worker with pid: 716
[2026-03-27 02:37:47 +0000] [706] [INFO] Started server process [706]
[2026-03-27 02:37:47 +0000] [706] [INFO] Waiting for application startup.
[2026-03-27 02:37:47 +0000] [706] [INFO] Application startup complete.
[2026-03-27 02:37:47 +0000] [722] [INFO] Booting worker with pid: 722
[2026-03-27 02:37:47 +0000] [723] [INFO] Booting worker with pid: 723
[2026-03-27 02:37:47 +0000] [716] [INFO] Started server process [716]
[2026-03-27 02:37:47 +0000] [716] [INFO] Waiting for application startup.
[2026-03-27 02:37:47 +0000] [716] [INFO] Application startup complete.
[2026-03-27 02:37:47 +0000] [722] [INFO] Started server process [722]
[2026-03-27 02:37:47 +0000] [722] [INFO] Waiting for application startup.
[2026-03-27 02:37:47 +0000] [722] [INFO] Application startup complete.
[2026-03-27 02:37:47 +0000] [723] [INFO] Started server process [723]
[2026-03-27 02:37:47 +0000] [723] [INFO] Waiting for application startup.
[2026-03-27 02:37:47 +0000] [723] [INFO] Application startup complete.
[2026-03-27 02:37:47 +0000] [739] [INFO] Booting worker with pid: 739
[2026-03-27 02:37:47 +0000] [740] [INFO] Booting worker with pid: 740
[2026-03-27 02:37:47 +0000] [741] [INFO] Booting worker with pid: 741
[2026-03-27 02:37:47 +0000] [739] [INFO] Started server process [739]
[2026-03-27 02:37:47 +0000] [739] [INFO] Waiting for application startup.
[2026-03-27 02:37:47 +0000] [739] [INFO] Application startup complete.
[2026-03-27 02:37:47 +0000] [747] [INFO] Booting worker with pid: 747
[2026-03-27 02:37:47 +0000] [740] [INFO] Started server process [740]
[2026-03-27 02:37:47 +0000] [740] [INFO] Waiting for application startup.
[2026-03-27 02:37:47 +0000] [740] [INFO] Application startup complete.
[2026-03-27 02:37:47 +0000] [754] [INFO] Booting worker with pid: 754
[2026-03-27 02:37:47 +0000] [741] [INFO] Started server process [741]
[2026-03-27 02:37:47 +0000] [741] [INFO] Waiting for application startup.
[2026-03-27 02:37:47 +0000] [741] [INFO] Application startup complete.
[2026-03-27 02:37:47 +0000] [760] [INFO] Booting worker with pid: 760
[2026-03-27 02:37:47 +0000] [747] [INFO] Started server process [747]
[2026-03-27 02:37:47 +0000] [747] [INFO] Waiting for application startup.
[2026-03-27 02:37:47 +0000] [747] [INFO] Application startup complete.
[2026-03-27 02:37:48 +0000] [754] [INFO] Started server process [754]
[2026-03-27 02:37:48 +0000] [754] [INFO] Waiting for application startup.
[2026-03-27 02:37:48 +0000] [754] [INFO] Application startup complete.
[2026-03-27 02:37:48 +0000] [771] [INFO] Booting worker with pid: 771
[2026-03-27 02:37:48 +0000] [760] [INFO] Started server process [760]
[2026-03-27 02:37:48 +0000] [760] [INFO] Waiting for application startup.
[2026-03-27 02:37:48 +0000] [776] [INFO] Booting worker with pid: 776
[2026-03-27 02:37:48 +0000] [760] [INFO] Application startup complete.
[2026-03-27 02:37:48 +0000] [777] [INFO] Booting worker with pid: 777
[2026-03-27 02:37:48 +0000] [779] [INFO] Booting worker with pid: 779
[2026-03-27 02:37:48 +0000] [771] [INFO] Started server process [771]
[2026-03-27 02:37:48 +0000] [771] [INFO] Waiting for application startup.
[2026-03-27 02:37:48 +0000] [771] [INFO] Application startup complete.
[2026-03-27 02:37:48 +0000] [776] [INFO] Started server process [776]
[2026-03-27 02:37:48 +0000] [776] [INFO] Waiting for application startup.
[2026-03-27 02:37:48 +0000] [776] [INFO] Application startup complete.
[2026-03-27 02:37:48 +0000] [777] [INFO] Started server process [777]
[2026-03-27 02:37:48 +0000] [777] [INFO] Waiting for application startup.
[2026-03-27 02:37:48 +0000] [777] [INFO] Application startup complete.
[2026-03-27 02:37:48 +0000] [795] [INFO] Booting worker with pid: 795
[2026-03-27 02:37:48 +0000] [779] [INFO] Started server process [779]
[2026-03-27 02:37:48 +0000] [779] [INFO] Waiting for application startup.
[2026-03-27 02:37:48 +0000] [779] [INFO] Application startup complete.
[2026-03-27 02:37:48 +0000] [800] [INFO] Booting worker with pid: 800
[2026-03-27 02:37:48 +0000] [801] [INFO] Booting worker with pid: 801
[2026-03-27 02:37:48 +0000] [795] [INFO] Started server process [795]
[2026-03-27 02:37:48 +0000] [795] [INFO] Waiting for application startup.
[2026-03-27 02:37:48 +0000] [795] [INFO] Application startup complete.
[2026-03-27 02:37:48 +0000] [808] [INFO] Booting worker with pid: 808
[2026-03-27 02:37:48 +0000] [800] [INFO] Started server process [800]
[2026-03-27 02:37:48 +0000] [800] [INFO] Waiting for application startup.
[2026-03-27 02:37:48 +0000] [800] [INFO] Application startup complete.
[2026-03-27 02:37:48 +0000] [801] [INFO] Started server process [801]
[2026-03-27 02:37:48 +0000] [801] [INFO] Waiting for application startup.
[2026-03-27 02:37:48 +0000] [801] [INFO] Application startup complete.
[2026-03-27 02:37:48 +0000] [818] [INFO] Booting worker with pid: 818
[2026-03-27 02:37:48 +0000] [808] [INFO] Started server process [808]
[2026-03-27 02:37:48 +0000] [808] [INFO] Waiting for application startup.
[2026-03-27 02:37:48 +0000] [820] [INFO] Booting worker with pid: 820
[2026-03-27 02:37:48 +0000] [808] [INFO] Application startup complete.
[2026-03-27 02:37:48 +0000] [818] [INFO] Started server process [818]
[2026-03-27 02:37:48 +0000] [818] [INFO] Waiting for application startup.
[2026-03-27 02:37:48 +0000] [818] [INFO] Application startup complete.
[2026-03-27 02:37:48 +0000] [820] [INFO] Started server process [820]
[2026-03-27 02:37:48 +0000] [820] [INFO] Waiting for application startup.
[2026-03-27 02:37:48 +0000] [820] [INFO] Application startup complete.
[2026-03-27 02:37:48 +0000] [835] [INFO] Booting worker with pid: 835
[2026-03-27 02:37:48 +0000] [837] [INFO] Booting worker with pid: 837
[2026-03-27 02:37:48 +0000] [835] [INFO] Started server process [835]
[2026-03-27 02:37:48 +0000] [835] [INFO] Waiting for application startup.
[2026-03-27 02:37:48 +0000] [835] [INFO] Application startup complete.
[2026-03-27 02:37:48 +0000] [842] [INFO] Booting worker with pid: 842
[2026-03-27 02:37:48 +0000] [837] [INFO] Started server process [837]
[2026-03-27 02:37:48 +0000] [837] [INFO] Waiting for application startup.
[2026-03-27 02:37:48 +0000] [837] [INFO] Application startup complete.
[2026-03-27 02:37:48 +0000] [848] [INFO] Booting worker with pid: 848
[2026-03-27 02:37:48 +0000] [849] [INFO] Booting worker with pid: 849
[2026-03-27 02:37:48 +0000] [842] [INFO] Started server process [842]
[2026-03-27 02:37:48 +0000] [842] [INFO] Waiting for application startup.
[2026-03-27 02:37:48 +0000] [842] [INFO] Application startup complete.
[2026-03-27 02:37:48 +0000] [855] [INFO] Booting worker with pid: 855
[2026-03-27 02:37:48 +0000] [848] [INFO] Started server process [848]
[2026-03-27 02:37:48 +0000] [848] [INFO] Waiting for application startup.
[2026-03-27 02:37:48 +0000] [848] [INFO] Application startup complete.
[2026-03-27 02:37:48 +0000] [849] [INFO] Started server process [849]
[2026-03-27 02:37:48 +0000] [849] [INFO] Waiting for application startup.
[2026-03-27 02:37:48 +0000] [849] [INFO] Application startup complete.
[2026-03-27 02:37:48 +0000] [867] [INFO] Booting worker with pid: 867
[2026-03-27 02:37:48 +0000] [855] [INFO] Started server process [855]
[2026-03-27 02:37:48 +0000] [855] [INFO] Waiting for application startup.
[2026-03-27 02:37:48 +0000] [855] [INFO] Application startup complete.
[2026-03-27 02:37:48 +0000] [872] [INFO] Booting worker with pid: 872
[2026-03-27 02:37:48 +0000] [867] [INFO] Started server process [867]
[2026-03-27 02:37:48 +0000] [867] [INFO] Waiting for application startup.
[2026-03-27 02:37:48 +0000] [867] [INFO] Application startup complete.
[2026-03-27 02:37:48 +0000] [872] [INFO] Started server process [872]
[2026-03-27 02:37:48 +0000] [872] [INFO] Waiting for application startup.
[2026-03-27 02:37:48 +0000] [872] [INFO] Application startup complete.
[2026-03-27 02:37:48 +0000] [883] [INFO] Booting worker with pid: 883
[2026-03-27 02:37:49 +0000] [883] [INFO] Started server process [883]
[2026-03-27 02:37:49 +0000] [883] [INFO] Waiting for application startup.
[2026-03-27 02:37:49 +0000] [883] [INFO] Application startup complete.
[2026-03-27 02:37:49 +0000] [889] [INFO] Booting worker with pid: 889
[2026-03-27 02:37:49 +0000] [890] [INFO] Booting worker with pid: 890
[2026-03-27 02:37:49 +0000] [891] [INFO] Booting worker with pid: 891
[2026-03-27 02:37:49 +0000] [892] [INFO] Booting worker with pid: 892
[2026-03-27 02:37:49 +0000] [889] [INFO] Started server process [889]
[2026-03-27 02:37:49 +0000] [889] [INFO] Waiting for application startup.
[2026-03-27 02:37:49 +0000] [889] [INFO] Application startup complete.
[2026-03-27 02:37:49 +0000] [898] [INFO] Booting worker with pid: 898
[2026-03-27 02:37:49 +0000] [890] [INFO] Started server process [890]
[2026-03-27 02:37:49 +0000] [890] [INFO] Waiting for application startup.
[2026-03-27 02:37:49 +0000] [890] [INFO] Application startup complete.
[2026-03-27 02:37:49 +0000] [891] [INFO] Started server process [891]
[2026-03-27 02:37:49 +0000] [891] [INFO] Waiting for application startup.
[2026-03-27 02:37:49 +0000] [892] [INFO] Started server process [892]
[2026-03-27 02:37:49 +0000] [892] [INFO] Waiting for application startup.
[2026-03-27 02:37:49 +0000] [892] [INFO] Application startup complete.
[2026-03-27 02:37:49 +0000] [891] [INFO] Application startup complete.
[2026-03-27 02:37:49 +0000] [915] [INFO] Booting worker with pid: 915
[2026-03-27 02:37:49 +0000] [898] [INFO] Started server process [898]
[2026-03-27 02:37:49 +0000] [898] [INFO] Waiting for application startup.
[2026-03-27 02:37:49 +0000] [898] [INFO] Application startup complete.
[2026-03-27 02:37:49 +0000] [921] [INFO] Booting worker with pid: 921
[2026-03-27 02:37:49 +0000] [922] [INFO] Booting worker with pid: 922
[2026-03-27 02:37:49 +0000] [915] [INFO] Started server process [915]
[2026-03-27 02:37:49 +0000] [915] [INFO] Waiting for application startup.
[2026-03-27 02:37:49 +0000] [915] [INFO] Application startup complete.
[2026-03-27 02:37:49 +0000] [927] [INFO] Booting worker with pid: 927
[2026-03-27 02:37:49 +0000] [921] [INFO] Started server process [921]
[2026-03-27 02:37:49 +0000] [921] [INFO] Waiting for application startup.
[2026-03-27 02:37:49 +0000] [921] [INFO] Application startup complete.
[2026-03-27 02:37:49 +0000] [922] [INFO] Started server process [922]
[2026-03-27 02:37:49 +0000] [922] [INFO] Waiting for application startup.
[2026-03-27 02:37:49 +0000] [922] [INFO] Application startup complete.
[2026-03-27 02:37:49 +0000] [927] [INFO] Started server process [927]
[2026-03-27 02:37:49 +0000] [927] [INFO] Waiting for application startup.
[2026-03-27 02:37:49 +0000] [927] [INFO] Application startup complete.
[2026-03-27 02:37:49 +0000] [943] [INFO] Booting worker with pid: 943
[2026-03-27 02:37:49 +0000] [944] [INFO] Booting worker with pid: 944
[2026-03-27 02:37:49 +0000] [945] [INFO] Booting worker with pid: 945
[2026-03-27 02:37:49 +0000] [946] [INFO] Booting worker with pid: 946
[2026-03-27 02:37:49 +0000] [943] [INFO] Started server process [943]
[2026-03-27 02:37:49 +0000] [943] [INFO] Waiting for application startup.
[2026-03-27 02:37:49 +0000] [943] [INFO] Application startup complete.
[2026-03-27 02:37:49 +0000] [952] [INFO] Booting worker with pid: 952
[2026-03-27 02:37:49 +0000] [954] [INFO] Booting worker with pid: 954
[2026-03-27 02:37:49 +0000] [944] [INFO] Started server process [944]
[2026-03-27 02:37:49 +0000] [944] [INFO] Waiting for application startup.
[2026-03-27 02:37:49 +0000] [945] [INFO] Started server process [945]
[2026-03-27 02:37:49 +0000] [945] [INFO] Waiting for application startup.
[2026-03-27 02:37:49 +0000] [944] [INFO] Application startup complete.
[2026-03-27 02:37:49 +0000] [945] [INFO] Application startup complete.
[2026-03-27 02:37:49 +0000] [946] [INFO] Started server process [946]
[2026-03-27 02:37:49 +0000] [946] [INFO] Waiting for application startup.
[2026-03-27 02:37:49 +0000] [946] [INFO] Application startup complete.
[2026-03-27 02:37:49 +0000] [952] [INFO] Started server process [952]
[2026-03-27 02:37:49 +0000] [952] [INFO] Waiting for application startup.
[2026-03-27 02:37:49 +0000] [952] [INFO] Application startup complete.
[2026-03-27 02:37:49 +0000] [954] [INFO] Started server process [954]
[2026-03-27 02:37:49 +0000] [954] [INFO] Waiting for application startup.
[2026-03-27 02:37:49 +0000] [975] [INFO] Booting worker with pid: 975
[2026-03-27 02:37:49 +0000] [954] [INFO] Application startup complete.
[2026-03-27 02:37:49 +0000] [980] [INFO] Booting worker with pid: 980
[2026-03-27 02:37:49 +0000] [975] [INFO] Started server process [975]
[2026-03-27 02:37:49 +0000] [975] [INFO] Waiting for application startup.
[2026-03-27 02:37:49 +0000] [975] [INFO] Application startup complete.
[2026-03-27 02:37:49 +0000] [987] [INFO] Booting worker with pid: 987
[2026-03-27 02:37:49 +0000] [988] [INFO] Booting worker with pid: 988
[2026-03-27 02:37:49 +0000] [980] [INFO] Started server process [980]
[2026-03-27 02:37:49 +0000] [980] [INFO] Waiting for application startup.
[2026-03-27 02:37:49 +0000] [993] [INFO] Booting worker with pid: 993
[2026-03-27 02:37:49 +0000] [995] [INFO] Booting worker with pid: 995
[2026-03-27 02:37:49 +0000] [996] [INFO] Booting worker with pid: 996
[2026-03-27 02:37:49 +0000] [980] [INFO] Application startup complete.
[2026-03-27 02:37:50 +0000] [997] [INFO] Booting worker with pid: 997
[2026-03-27 02:37:50 +0000] [988] [INFO] Started server process [988]
[2026-03-27 02:37:50 +0000] [988] [INFO] Waiting for application startup.
[2026-03-27 02:37:50 +0000] [999] [INFO] Booting worker with pid: 999
[2026-03-27 02:37:50 +0000] [988] [INFO] Application startup complete.
[2026-03-27 02:37:50 +0000] [993] [INFO] Started server process [993]
[2026-03-27 02:37:50 +0000] [993] [INFO] Waiting for application startup.
[2026-03-27 02:37:50 +0000] [1010] [INFO] Booting worker with pid: 1010
[2026-03-27 02:37:50 +0000] [987] [INFO] Started server process [987]
[2026-03-27 02:37:50 +0000] [987] [INFO] Waiting for application startup.
[2026-03-27 02:37:50 +0000] [993] [INFO] Application startup complete.
[2026-03-27 02:37:50 +0000] [987] [INFO] Application startup complete.
[2026-03-27 02:37:50 +0000] [995] [INFO] Started server process [995]
[2026-03-27 02:37:50 +0000] [995] [INFO] Waiting for application startup.
[2026-03-27 02:37:50 +0000] [996] [INFO] Started server process [996]
[2026-03-27 02:37:50 +0000] [996] [INFO] Waiting for application startup.
[2026-03-27 02:37:50 +0000] [995] [INFO] Application startup complete.
[2026-03-27 02:37:50 +0000] [996] [INFO] Application startup complete.
[2026-03-27 02:37:50 +0000] [1025] [INFO] Booting worker with pid: 1025
[2026-03-27 02:37:50 +0000] [997] [INFO] Started server process [997]
[2026-03-27 02:37:50 +0000] [997] [INFO] Waiting for application startup.
[2026-03-27 02:37:50 +0000] [997] [INFO] Application startup complete.
[2026-03-27 02:37:50 +0000] [999] [INFO] Started server process [999]
[2026-03-27 02:37:50 +0000] [999] [INFO] Waiting for application startup.
[2026-03-27 02:37:50 +0000] [999] [INFO] Application startup complete.
[2026-03-27 02:37:50 +0000] [1035] [INFO] Booting worker with pid: 1035
[2026-03-27 02:37:50 +0000] [1037] [INFO] Booting worker with pid: 1037
[2026-03-27 02:37:50 +0000] [1025] [INFO] Started server process [1025]
[2026-03-27 02:37:50 +0000] [1025] [INFO] Waiting for application startup.
[2026-03-27 02:37:50 +0000] [1025] [INFO] Application startup complete.
[2026-03-27 02:37:50 +0000] [1010] [INFO] Started server process [1010]
[2026-03-27 02:37:50 +0000] [1010] [INFO] Waiting for application startup.
[2026-03-27 02:37:50 +0000] [1010] [INFO] Application startup complete.
[2026-03-27 02:37:50 +0000] [1048] [INFO] Booting worker with pid: 1048
[2026-03-27 02:37:50 +0000] [1035] [INFO] Started server process [1035]
[2026-03-27 02:37:50 +0000] [1035] [INFO] Waiting for application startup.
[2026-03-27 02:37:50 +0000] [1035] [INFO] Application startup complete.
[2026-03-27 02:37:50 +0000] [1053] [INFO] Booting worker with pid: 1053
[2026-03-27 02:37:50 +0000] [1054] [INFO] Booting worker with pid: 1054
[2026-03-27 02:37:50 +0000] [1048] [INFO] Started server process [1048]
[2026-03-27 02:37:50 +0000] [1048] [INFO] Waiting for application startup.
[2026-03-27 02:37:50 +0000] [1048] [INFO] Application startup complete.
[2026-03-27 02:37:50 +0000] [1061] [INFO] Booting worker with pid: 1061
[2026-03-27 02:37:50 +0000] [1053] [INFO] Started server process [1053]
[2026-03-27 02:37:50 +0000] [1053] [INFO] Waiting for application startup.
[2026-03-27 02:37:50 +0000] [1067] [INFO] Booting worker with pid: 1067
[2026-03-27 02:37:50 +0000] [1053] [INFO] Application startup complete.
[2026-03-27 02:37:50 +0000] [1054] [INFO] Started server process [1054]
[2026-03-27 02:37:50 +0000] [1054] [INFO] Waiting for application startup.
[2026-03-27 02:37:50 +0000] [1054] [INFO] Application startup complete.
[2026-03-27 02:37:50 +0000] [1037] [INFO] Started server process [1037]
[2026-03-27 02:37:50 +0000] [1037] [INFO] Waiting for application startup.
[2026-03-27 02:37:50 +0000] [1073] [INFO] Booting worker with pid: 1073
[2026-03-27 02:37:50 +0000] [1037] [INFO] Application startup complete.
[2026-03-27 02:37:50 +0000] [1067] [INFO] Started server process [1067]
[2026-03-27 02:37:50 +0000] [1067] [INFO] Waiting for application startup.
[2026-03-27 02:37:50 +0000] [1067] [INFO] Application startup complete.
[2026-03-27 02:37:50 +0000] [1084] [INFO] Booting worker with pid: 1084
[2026-03-27 02:37:50 +0000] [1061] [INFO] Started server process [1061]
[2026-03-27 02:37:50 +0000] [1061] [INFO] Waiting for application startup.
[2026-03-27 02:37:50 +0000] [1061] [INFO] Application startup complete.
[2026-03-27 02:37:50 +0000] [1089] [INFO] Booting worker with pid: 1089
[2026-03-27 02:37:51 +0000] [1073] [INFO] Started server process [1073]
[2026-03-27 02:37:51 +0000] [1073] [INFO] Waiting for application startup.
[2026-03-27 02:37:51 +0000] [1073] [INFO] Application startup complete.
[2026-03-27 02:37:51 +0000] [1095] [INFO] Booting worker with pid: 1095
[2026-03-27 02:37:51 +0000] [1097] [INFO] Booting worker with pid: 1097
[2026-03-27 02:37:51 +0000] [1084] [INFO] Started server process [1084]
[2026-03-27 02:37:51 +0000] [1084] [INFO] Waiting for application startup.
[2026-03-27 02:37:51 +0000] [1084] [INFO] Application startup complete.
[2026-03-27 02:37:51 +0000] [1089] [INFO] Started server process [1089]
[2026-03-27 02:37:51 +0000] [1089] [INFO] Waiting for application startup.
[2026-03-27 02:37:51 +0000] [1089] [INFO] Application startup complete.
[2026-03-27 02:37:51 +0000] [1107] [INFO] Booting worker with pid: 1107
[2026-03-27 02:37:51 +0000] [1108] [INFO] Booting worker with pid: 1108
[2026-03-27 02:37:51 +0000] [1110] [INFO] Booting worker with pid: 1110
[2026-03-27 02:37:51 +0000] [1095] [INFO] Started server process [1095]
[2026-03-27 02:37:51 +0000] [1095] [INFO] Waiting for application startup.
[2026-03-27 02:37:51 +0000] [1095] [INFO] Application startup complete.
[2026-03-27 02:37:51 +0000] [1116] [INFO] Booting worker with pid: 1116
[2026-03-27 02:37:51 +0000] [1107] [INFO] Started server process [1107]
[2026-03-27 02:37:51 +0000] [1107] [INFO] Waiting for application startup.
[2026-03-27 02:37:51 +0000] [1117] [INFO] Booting worker with pid: 1117
[2026-03-27 02:37:51 +0000] [1107] [INFO] Application startup complete.
[2026-03-27 02:37:51 +0000] [1110] [INFO] Started server process [1110]
[2026-03-27 02:37:51 +0000] [1110] [INFO] Waiting for application startup.
[2026-03-27 02:37:51 +0000] [1128] [INFO] Booting worker with pid: 1128
[2026-03-27 02:37:51 +0000] [1110] [INFO] Application startup complete.
[2026-03-27 02:37:51 +0000] [1130] [INFO] Booting worker with pid: 1130
[2026-03-27 02:37:51 +0000] [1116] [INFO] Started server process [1116]
[2026-03-27 02:37:51 +0000] [1116] [INFO] Waiting for application startup.
[2026-03-27 02:37:51 +0000] [1097] [INFO] Started server process [1097]
[2026-03-27 02:37:51 +0000] [1097] [INFO] Waiting for application startup.
[2026-03-27 02:37:51 +0000] [1116] [INFO] Application startup complete.
[2026-03-27 02:37:51 +0000] [1097] [INFO] Application startup complete.
[2026-03-27 02:37:51 +0000] [1140] [INFO] Booting worker with pid: 1140
[2026-03-27 02:37:51 +0000] [1108] [INFO] Started server process [1108]
[2026-03-27 02:37:51 +0000] [1108] [INFO] Waiting for application startup.
[2026-03-27 02:37:51 +0000] [1108] [INFO] Application startup complete.
[2026-03-27 02:37:51 +0000] [1146] [INFO] Booting worker with pid: 1146
[2026-03-27 02:37:51 +0000] [1140] [INFO] Started server process [1140]
[2026-03-27 02:37:51 +0000] [1140] [INFO] Waiting for application startup.
[2026-03-27 02:37:51 +0000] [1152] [INFO] Booting worker with pid: 1152
[2026-03-27 02:37:51 +0000] [1140] [INFO] Application startup complete.
[2026-03-27 02:37:51 +0000] [1153] [INFO] Booting worker with pid: 1153
[2026-03-27 02:37:51 +0000] [1117] [INFO] Started server process [1117]
[2026-03-27 02:37:51 +0000] [1117] [INFO] Waiting for application startup.
[2026-03-27 02:37:51 +0000] [1161] [INFO] Booting worker with pid: 1161
[2026-03-27 02:37:51 +0000] [1117] [INFO] Application startup complete.
[2026-03-27 02:37:51 +0000] [1162] [INFO] Booting worker with pid: 1162
[2026-03-27 02:37:51 +0000] [1146] [INFO] Started server process [1146]
[2026-03-27 02:37:51 +0000] [1146] [INFO] Waiting for application startup.
[2026-03-27 02:37:51 +0000] [1128] [INFO] Started server process [1128]
[2026-03-27 02:37:51 +0000] [1128] [INFO] Waiting for application startup.
[2026-03-27 02:37:51 +0000] [1128] [INFO] Application startup complete.
[2026-03-27 02:37:51 +0000] [1146] [INFO] Application startup complete.
[2026-03-27 02:37:51 +0000] [1130] [INFO] Started server process [1130]
[2026-03-27 02:37:51 +0000] [1130] [INFO] Waiting for application startup.
[2026-03-27 02:37:51 +0000] [1130] [INFO] Application startup complete.
[2026-03-27 02:37:51 +0000] [1175] [INFO] Booting worker with pid: 1175
[2026-03-27 02:37:52 +0000] [1152] [INFO] Started server process [1152]
[2026-03-27 02:37:52 +0000] [1152] [INFO] Waiting for application startup.
[2026-03-27 02:37:52 +0000] [1152] [INFO] Application startup complete.
[2026-03-27 02:37:52 +0000] [1181] [INFO] Booting worker with pid: 1181
[2026-03-27 02:37:52 +0000] [1184] [INFO] Booting worker with pid: 1184
[2026-03-27 02:37:52 +0000] [1175] [INFO] Started server process [1175]
[2026-03-27 02:37:52 +0000] [1175] [INFO] Waiting for application startup.
[2026-03-27 02:37:52 +0000] [1175] [INFO] Application startup complete.
[2026-03-27 02:37:52 +0000] [1162] [INFO] Started server process [1162]
[2026-03-27 02:37:52 +0000] [1162] [INFO] Waiting for application startup.
[2026-03-27 02:37:52 +0000] [1162] [INFO] Application startup complete.
[2026-03-27 02:37:52 +0000] [1194] [INFO] Booting worker with pid: 1194
[2026-03-27 02:37:52 +0000] [1196] [INFO] Booting worker with pid: 1196
[2026-03-27 02:37:52 +0000] [1161] [INFO] Started server process [1161]
[2026-03-27 02:37:52 +0000] [1161] [INFO] Waiting for application startup.
[2026-03-27 02:37:52 +0000] [1197] [INFO] Booting worker with pid: 1197
[2026-03-27 02:37:52 +0000] [1161] [INFO] Application startup complete.
[2026-03-27 02:37:52 +0000] [1181] [INFO] Started server process [1181]
[2026-03-27 02:37:52 +0000] [1181] [INFO] Waiting for application startup.
[2026-03-27 02:37:52 +0000] [1181] [INFO] Application startup complete.
[2026-03-27 02:37:52 +0000] [1207] [INFO] Booting worker with pid: 1207
[2026-03-27 02:37:52 +0000] [1153] [INFO] Started server process [1153]
[2026-03-27 02:37:52 +0000] [1153] [INFO] Waiting for application startup.
[2026-03-27 02:37:52 +0000] [1184] [INFO] Started server process [1184]
[2026-03-27 02:37:52 +0000] [1184] [INFO] Waiting for application startup.
[2026-03-27 02:37:52 +0000] [1153] [INFO] Application startup complete.
[2026-03-27 02:37:52 +0000] [1184] [INFO] Application startup complete.
[2026-03-27 02:37:52 +0000] [1217] [INFO] Booting worker with pid: 1217
[2026-03-27 02:37:52 +0000] [1194] [INFO] Started server process [1194]
[2026-03-27 02:37:52 +0000] [1194] [INFO] Waiting for application startup.
[2026-03-27 02:37:52 +0000] [1207] [INFO] Started server process [1207]
[2026-03-27 02:37:52 +0000] [1207] [INFO] Waiting for application startup.
[2026-03-27 02:37:52 +0000] [1222] [INFO] Booting worker with pid: 1222
[2026-03-27 02:37:52 +0000] [1197] [INFO] Started server process [1197]
[2026-03-27 02:37:52 +0000] [1194] [INFO] Application startup complete.
[2026-03-27 02:37:52 +0000] [1197] [INFO] Waiting for application startup.
[2026-03-27 02:37:52 +0000] [1207] [INFO] Application startup complete.
[2026-03-27 02:37:52 +0000] [1196] [INFO] Started server process [1196]
[2026-03-27 02:37:52 +0000] [1196] [INFO] Waiting for application startup.
[2026-03-27 02:37:52 +0000] [1197] [INFO] Application startup complete.
[2026-03-27 02:37:52 +0000] [1196] [INFO] Application startup complete.
[2026-03-27 02:37:52 +0000] [1239] [INFO] Booting worker with pid: 1239
[2026-03-27 02:37:52 +0000] [1240] [INFO] Booting worker with pid: 1240
[2026-03-27 02:37:52 +0000] [1242] [INFO] Booting worker with pid: 1242
[2026-03-27 02:37:52 +0000] [1217] [INFO] Started server process [1217]
[2026-03-27 02:37:52 +0000] [1217] [INFO] Waiting for application startup.
[2026-03-27 02:37:52 +0000] [1217] [INFO] Application startup complete.
[2026-03-27 02:37:52 +0000] [1247] [INFO] Booting worker with pid: 1247
[2026-03-27 02:37:52 +0000] [1249] [INFO] Booting worker with pid: 1249
[2026-03-27 02:37:52 +0000] [1240] [INFO] Started server process [1240]
[2026-03-27 02:37:52 +0000] [1240] [INFO] Waiting for application startup.
[2026-03-27 02:37:52 +0000] [1240] [INFO] Application startup complete.
[2026-03-27 02:37:52 +0000] [1222] [INFO] Started server process [1222]
[2026-03-27 02:37:52 +0000] [1222] [INFO] Waiting for application startup.
[2026-03-27 02:37:52 +0000] [1255] [INFO] Booting worker with pid: 1255
[2026-03-27 02:37:52 +0000] [1222] [INFO] Application startup complete.
[2026-03-27 02:37:53 +0000] [1260] [INFO] Booting worker with pid: 1260
[2026-03-27 02:37:53 +0000] [1247] [INFO] Started server process [1247]
[2026-03-27 02:37:53 +0000] [1247] [INFO] Waiting for application startup.
[2026-03-27 02:37:53 +0000] [1262] [INFO] Booting worker with pid: 1262
[2026-03-27 02:37:53 +0000] [1247] [INFO] Application startup complete.
[2026-03-27 02:37:53 +0000] [1269] [INFO] Booting worker with pid: 1269
[2026-03-27 02:37:53 +0000] [1239] [INFO] Started server process [1239]
[2026-03-27 02:37:53 +0000] [1239] [INFO] Waiting for application startup.
[2026-03-27 02:37:53 +0000] [1239] [INFO] Application startup complete.
[2026-03-27 02:37:53 +0000] [1276] [INFO] Booting worker with pid: 1276
[2026-03-27 02:37:53 +0000] [1249] [INFO] Started server process [1249]
[2026-03-27 02:37:53 +0000] [1255] [INFO] Started server process [1255]
[2026-03-27 02:37:53 +0000] [1249] [INFO] Waiting for application startup.
[2026-03-27 02:37:53 +0000] [1255] [INFO] Waiting for application startup.
[2026-03-27 02:37:53 +0000] [1255] [INFO] Application startup complete.
[2026-03-27 02:37:53 +0000] [1242] [INFO] Started server process [1242]
[2026-03-27 02:37:53 +0000] [1242] [INFO] Waiting for application startup.
[2026-03-27 02:37:53 +0000] [1249] [INFO] Application startup complete.
[2026-03-27 02:37:53 +0000] [1242] [INFO] Application startup complete.
[2026-03-27 02:37:53 +0000] [1289] [INFO] Booting worker with pid: 1289
[2026-03-27 02:37:53 +0000] [1276] [INFO] Started server process [1276]
[2026-03-27 02:37:53 +0000] [1276] [INFO] Waiting for application startup.
[2026-03-27 02:37:53 +0000] [1293] [INFO] Booting worker with pid: 1293
[2026-03-27 02:37:53 +0000] [1269] [INFO] Started server process [1269]
[2026-03-27 02:37:53 +0000] [1269] [INFO] Waiting for application startup.
[2026-03-27 02:37:53 +0000] [1276] [INFO] Application startup complete.
[2026-03-27 02:37:53 +0000] [1269] [INFO] Application startup complete.
[2026-03-27 02:37:53 +0000] [1302] [INFO] Booting worker with pid: 1302
[2026-03-27 02:37:53 +0000] [1260] [INFO] Started server process [1260]
[2026-03-27 02:37:53 +0000] [1260] [INFO] Waiting for application startup.
[2026-03-27 02:37:53 +0000] [1260] [INFO] Application startup complete.
[2026-03-27 02:37:53 +0000] [1289] [INFO] Started server process [1289]
[2026-03-27 02:37:53 +0000] [1289] [INFO] Waiting for application startup.
[2026-03-27 02:37:53 +0000] [1262] [INFO] Started server process [1262]
[2026-03-27 02:37:53 +0000] [1262] [INFO] Waiting for application startup.
[2026-03-27 02:37:53 +0000] [1289] [INFO] Application startup complete.
[2026-03-27 02:37:53 +0000] [1317] [INFO] Booting worker with pid: 1317
[2026-03-27 02:37:53 +0000] [1262] [INFO] Application startup complete.
[2026-03-27 02:37:53 +0000] [1318] [INFO] Booting worker with pid: 1318
[2026-03-27 02:37:53 +0000] [1320] [INFO] Booting worker with pid: 1320
[2026-03-27 02:37:53 +0000] [1321] [INFO] Booting worker with pid: 1321
[2026-03-27 02:37:53 +0000] [1322] [INFO] Booting worker with pid: 1322
[2026-03-27 02:37:53 +0000] [1302] [INFO] Started server process [1302]
[2026-03-27 02:37:53 +0000] [1302] [INFO] Waiting for application startup.
[2026-03-27 02:37:53 +0000] [1302] [INFO] Application startup complete.
[2026-03-27 02:37:53 +0000] [1317] [INFO] Started server process [1317]
[2026-03-27 02:37:53 +0000] [1317] [INFO] Waiting for application startup.
[2026-03-27 02:37:53 +0000] [1317] [INFO] Application startup complete.
[2026-03-27 02:37:53 +0000] [1333] [INFO] Booting worker with pid: 1333
[2026-03-27 02:37:53 +0000] [1335] [INFO] Booting worker with pid: 1335
[2026-03-27 02:37:53 +0000] [1318] [INFO] Started server process [1318]
[2026-03-27 02:37:53 +0000] [1318] [INFO] Waiting for application startup.
[2026-03-27 02:37:53 +0000] [1338] [INFO] Booting worker with pid: 1338
[2026-03-27 02:37:53 +0000] [1322] [INFO] Started server process [1322]
[2026-03-27 02:37:53 +0000] [1322] [INFO] Waiting for application startup.
[2026-03-27 02:37:53 +0000] [1321] [INFO] Started server process [1321]
[2026-03-27 02:37:53 +0000] [1321] [INFO] Waiting for application startup.
[2026-03-27 02:37:53 +0000] [1293] [INFO] Started server process [1293]
[2026-03-27 02:37:53 +0000] [1293] [INFO] Waiting for application startup.
[2026-03-27 02:37:53 +0000] [1322] [INFO] Application startup complete.
[2026-03-27 02:37:53 +0000] [1318] [INFO] Application startup complete.
[2026-03-27 02:37:53 +0000] [1321] [INFO] Application startup complete.
[2026-03-27 02:37:53 +0000] [1293] [INFO] Application startup complete.
[2026-03-27 02:37:53 +0000] [1320] [INFO] Started server process [1320]
[2026-03-27 02:37:53 +0000] [1320] [INFO] Waiting for application startup.
[2026-03-27 02:37:53 +0000] [1357] [INFO] Booting worker with pid: 1357
[2026-03-27 02:37:53 +0000] [1320] [INFO] Application startup complete.
[2026-03-27 02:37:53 +0000] [1333] [INFO] Started server process [1333]
[2026-03-27 02:37:53 +0000] [1333] [INFO] Waiting for application startup.
[2026-03-27 02:37:53 +0000] [1366] [INFO] Booting worker with pid: 1366
[2026-03-27 02:37:53 +0000] [1333] [INFO] Application startup complete.
[2026-03-27 02:37:54 +0000] [1367] [INFO] Booting worker with pid: 1367
[2026-03-27 02:37:54 +0000] [1335] [INFO] Started server process [1335]
[2026-03-27 02:37:54 +0000] [1335] [INFO] Waiting for application startup.
[2026-03-27 02:37:54 +0000] [1369] [INFO] Booting worker with pid: 1369
[2026-03-27 02:37:54 +0000] [1335] [INFO] Application startup complete.
[2026-03-27 02:37:54 +0000] [1338] [INFO] Started server process [1338]
[2026-03-27 02:37:54 +0000] [1338] [INFO] Waiting for application startup.
[2026-03-27 02:37:54 +0000] [1375] [INFO] Booting worker with pid: 1375
[2026-03-27 02:37:54 +0000] [1338] [INFO] Application startup complete.
[2026-03-27 02:37:54 +0000] [1380] [INFO] Booting worker with pid: 1380
[2026-03-27 02:37:54 +0000] [1383] [INFO] Booting worker with pid: 1383
[2026-03-27 02:37:54 +0000] [1357] [INFO] Started server process [1357]
[2026-03-27 02:37:54 +0000] [1357] [INFO] Waiting for application startup.
[2026-03-27 02:37:54 +0000] [1367] [INFO] Started server process [1367]
[2026-03-27 02:37:54 +0000] [1367] [INFO] Waiting for application startup.
[2026-03-27 02:37:54 +0000] [1357] [INFO] Application startup complete.
[2026-03-27 02:37:54 +0000] [1367] [INFO] Application startup complete.
[2026-03-27 02:37:54 +0000] [1393] [INFO] Booting worker with pid: 1393
[2026-03-27 02:37:54 +0000] [1369] [INFO] Started server process [1369]
[2026-03-27 02:37:54 +0000] [1369] [INFO] Waiting for application startup.
[2026-03-27 02:37:54 +0000] [1369] [INFO] Application startup complete.
[2026-03-27 02:37:54 +0000] [1398] [INFO] Booting worker with pid: 1398
[2026-03-27 02:37:54 +0000] [1375] [INFO] Started server process [1375]
[2026-03-27 02:37:54 +0000] [1375] [INFO] Waiting for application startup.
[2026-03-27 02:37:54 +0000] [1383] [INFO] Started server process [1383]
[2026-03-27 02:37:54 +0000] [1383] [INFO] Waiting for application startup.
[2026-03-27 02:37:54 +0000] [1375] [INFO] Application startup complete.
[2026-03-27 02:37:54 +0000] [1409] [INFO] Booting worker with pid: 1409
[2026-03-27 02:37:54 +0000] [1383] [INFO] Application startup complete.
[2026-03-27 02:37:54 +0000] [1410] [INFO] Booting worker with pid: 1410
[2026-03-27 02:37:54 +0000] [1412] [INFO] Booting worker with pid: 1412
[2026-03-27 02:37:54 +0000] [1393] [INFO] Started server process [1393]
[2026-03-27 02:37:54 +0000] [1393] [INFO] Waiting for application startup.
[2026-03-27 02:37:54 +0000] [1415] [INFO] Booting worker with pid: 1415
[2026-03-27 02:37:54 +0000] [1366] [INFO] Started server process [1366]
[2026-03-27 02:37:54 +0000] [1366] [INFO] Waiting for application startup.
[2026-03-27 02:37:54 +0000] [1393] [INFO] Application startup complete.
[2026-03-27 02:37:54 +0000] [1380] [INFO] Started server process [1380]
[2026-03-27 02:37:54 +0000] [1380] [INFO] Waiting for application startup.
[2026-03-27 02:37:54 +0000] [1366] [INFO] Application startup complete.
[2026-03-27 02:37:54 +0000] [1429] [INFO] Booting worker with pid: 1429
[2026-03-27 02:37:54 +0000] [1380] [INFO] Application startup complete.
[2026-03-27 02:37:54 +0000] [1398] [INFO] Started server process [1398]
[2026-03-27 02:37:54 +0000] [1398] [INFO] Waiting for application startup.
[2026-03-27 02:37:54 +0000] [1436] [INFO] Booting worker with pid: 1436
[2026-03-27 02:37:54 +0000] [1398] [INFO] Application startup complete.
[2026-03-27 02:37:54 +0000] [1412] [INFO] Started server process [1412]
[2026-03-27 02:37:54 +0000] [1412] [INFO] Waiting for application startup.
[2026-03-27 02:37:54 +0000] [1409] [INFO] Started server process [1409]
[2026-03-27 02:37:54 +0000] [1409] [INFO] Waiting for application startup.
[2026-03-27 02:37:54 +0000] [1412] [INFO] Application startup complete.
[2026-03-27 02:37:54 +0000] [1409] [INFO] Application startup complete.
[2026-03-27 02:37:54 +0000] [1410] [INFO] Started server process [1410]
[2026-03-27 02:37:54 +0000] [1410] [INFO] Waiting for application startup.
[2026-03-27 02:37:54 +0000] [1410] [INFO] Application startup complete.
[2026-03-27 02:37:54 +0000] [1450] [INFO] Booting worker with pid: 1450
[2026-03-27 02:37:54 +0000] [1415] [INFO] Started server process [1415]
[2026-03-27 02:37:54 +0000] [1415] [INFO] Waiting for application startup.
[2026-03-27 02:37:54 +0000] [1415] [INFO] Application startup complete.
[2026-03-27 02:37:54 +0000] [1429] [INFO] Started server process [1429]
[2026-03-27 02:37:54 +0000] [1429] [INFO] Waiting for application startup.
[2026-03-27 02:37:54 +0000] [1429] [INFO] Application startup complete.
[2026-03-27 02:37:54 +0000] [1436] [INFO] Started server process [1436]
[2026-03-27 02:37:54 +0000] [1436] [INFO] Waiting for application startup.
[2026-03-27 02:37:54 +0000] [1436] [INFO] Application startup complete.
[2026-03-27 02:37:54 +0000] [1466] [INFO] Booting worker with pid: 1466
[2026-03-27 02:37:54 +0000] [1468] [INFO] Booting worker with pid: 1468
[2026-03-27 02:37:54 +0000] [1450] [INFO] Started server process [1450]
[2026-03-27 02:37:54 +0000] [1450] [INFO] Waiting for application startup.
[2026-03-27 02:37:54 +0000] [1450] [INFO] Application startup complete.
[2026-03-27 02:37:54 +0000] [1473] [INFO] Booting worker with pid: 1473
[2026-03-27 02:37:54 +0000] [1466] [INFO] Started server process [1466]
[2026-03-27 02:37:54 +0000] [1466] [INFO] Waiting for application startup.
[2026-03-27 02:37:54 +0000] [1466] [INFO] Application startup complete.
[2026-03-27 02:37:54 +0000] [1468] [INFO] Started server process [1468]
[2026-03-27 02:37:54 +0000] [1468] [INFO] Waiting for application startup.
[2026-03-27 02:37:54 +0000] [1468] [INFO] Application startup complete.
[2026-03-27 02:37:54 +0000] [1473] [INFO] Started server process [1473]
[2026-03-27 02:37:54 +0000] [1473] [INFO] Waiting for application startup.
[2026-03-27 02:37:54 +0000] [1473] [INFO] Application startup complete.
[2026-03-27 02:37:54 +0000] [1489] [INFO] Booting worker with pid: 1489
[2026-03-27 02:37:55 +0000] [1490] [INFO] Booting worker with pid: 1490
[2026-03-27 02:37:55 +0000] [1491] [INFO] Booting worker with pid: 1491
[2026-03-27 02:37:55 +0000] [1489] [INFO] Started server process [1489]
[2026-03-27 02:37:55 +0000] [1489] [INFO] Waiting for application startup.
[2026-03-27 02:37:55 +0000] [1489] [INFO] Application startup complete.
[2026-03-27 02:37:55 +0000] [1497] [INFO] Booting worker with pid: 1497
[2026-03-27 02:37:55 +0000] [1490] [INFO] Started server process [1490]
[2026-03-27 02:37:55 +0000] [1490] [INFO] Waiting for application startup.
[2026-03-27 02:37:55 +0000] [1491] [INFO] Started server process [1491]
[2026-03-27 02:37:55 +0000] [1491] [INFO] Waiting for application startup.
[2026-03-27 02:37:55 +0000] [1490] [INFO] Application startup complete.
[2026-03-27 02:37:55 +0000] [1491] [INFO] Application startup complete.
[2026-03-27 02:37:55 +0000] [1509] [INFO] Booting worker with pid: 1509
[2026-03-27 02:37:55 +0000] [1497] [INFO] Started server process [1497]
[2026-03-27 02:37:55 +0000] [1497] [INFO] Waiting for application startup.
[2026-03-27 02:37:55 +0000] [1497] [INFO] Application startup complete.
[2026-03-27 02:37:55 +0000] [1514] [INFO] Booting worker with pid: 1514
[2026-03-27 02:37:55 +0000] [1515] [INFO] Booting worker with pid: 1515
[2026-03-27 02:37:55 +0000] [1509] [INFO] Started server process [1509]
[2026-03-27 02:37:55 +0000] [1509] [INFO] Waiting for application startup.
[2026-03-27 02:37:55 +0000] [1509] [INFO] Application startup complete.
[2026-03-27 02:37:55 +0000] [1514] [INFO] Started server process [1514]
[2026-03-27 02:37:55 +0000] [1514] [INFO] Waiting for application startup.
[2026-03-27 02:37:55 +0000] [1515] [INFO] Started server process [1515]
[2026-03-27 02:37:55 +0000] [1515] [INFO] Waiting for application startup.
[2026-03-27 02:37:55 +0000] [1514] [INFO] Application startup complete.
[2026-03-27 02:37:55 +0000] [1527] [INFO] Booting worker with pid: 1527
[2026-03-27 02:37:55 +0000] [1515] [INFO] Application startup complete.
[2026-03-27 02:37:55 +0000] [1527] [INFO] Started server process [1527]
[2026-03-27 02:37:55 +0000] [1527] [INFO] Waiting for application startup.
[2026-03-27 02:37:55 +0000] [1527] [INFO] Application startup complete.
[2026-03-27 02:37:55 +0000] [1537] [INFO] Booting worker with pid: 1537
[2026-03-27 02:37:55 +0000] [1537] [INFO] Started server process [1537]
[2026-03-27 02:37:55 +0000] [1537] [INFO] Waiting for application startup.
[2026-03-27 02:37:55 +0000] [1537] [INFO] Application startup complete.
