[2026-03-29 21:31:56 +0000] [1] [INFO] Starting gunicorn 23.0.0
[2026-03-29 21:31:56 +0000] [1] [INFO] Listening at: http://0.0.0.0:8080 (1)
[2026-03-29 21:31:56 +0000] [1] [INFO] Using worker: uvicorn.workers.UvicornWorker
[2026-03-29 21:31:56 +0000] [7] [INFO] Booting worker with pid: 7
[2026-03-29 21:31:56 +0000] [8] [INFO] Booting worker with pid: 8
[2026-03-29 21:31:56 +0000] [9] [INFO] Booting worker with pid: 9
[2026-03-29 21:31:56 +0000] [10] [INFO] Booting worker with pid: 10
[2026-03-29 21:31:56 +0000] [11] [INFO] Booting worker with pid: 11
[2026-03-29 21:31:56 +0000] [12] [INFO] Booting worker with pid: 12
[2026-03-29 21:31:56 +0000] [7] [INFO] Started server process [7]
[2026-03-29 21:31:56 +0000] [7] [INFO] Waiting for application startup.
[2026-03-29 21:31:56 +0000] [7] [INFO] Application startup complete.
[2026-03-29 21:31:56 +0000] [15] [INFO] Booting worker with pid: 15
[2026-03-29 21:31:56 +0000] [8] [INFO] Started server process [8]
[2026-03-29 21:31:56 +0000] [8] [INFO] Waiting for application startup.
[2026-03-29 21:31:56 +0000] [8] [INFO] Application startup complete.
[2026-03-29 21:31:56 +0000] [16] [INFO] Booting worker with pid: 16
[2026-03-29 21:31:56 +0000] [18] [INFO] Booting worker with pid: 18
[2026-03-29 21:31:56 +0000] [9] [INFO] Started server process [9]
[2026-03-29 21:31:56 +0000] [9] [INFO] Waiting for application startup.
[2026-03-29 21:31:56 +0000] [9] [INFO] Application startup complete.
[2026-03-29 21:31:56 +0000] [10] [INFO] Started server process [10]
[2026-03-29 21:31:56 +0000] [10] [INFO] Waiting for application startup.
[2026-03-29 21:31:56 +0000] [10] [INFO] Application startup complete.
[2026-03-29 21:31:56 +0000] [21] [INFO] Booting worker with pid: 21
[2026-03-29 21:31:56 +0000] [11] [INFO] Started server process [11]
[2026-03-29 21:31:56 +0000] [11] [INFO] Waiting for application startup.
[2026-03-29 21:31:56 +0000] [11] [INFO] Application startup complete.
[2026-03-29 21:31:56 +0000] [12] [INFO] Started server process [12]
[2026-03-29 21:31:56 +0000] [12] [INFO] Waiting for application startup.
[2026-03-29 21:31:56 +0000] [12] [INFO] Application startup complete.
[2026-03-29 21:31:56 +0000] [23] [INFO] Booting worker with pid: 23
[2026-03-29 21:31:56 +0000] [24] [INFO] Booting worker with pid: 24
[2026-03-29 21:31:57 +0000] [15] [INFO] Started server process [15]
[2026-03-29 21:31:57 +0000] [15] [INFO] Waiting for application startup.
[2026-03-29 21:31:57 +0000] [15] [INFO] Application startup complete.
[2026-03-29 21:31:57 +0000] [26] [INFO] Booting worker with pid: 26
[2026-03-29 21:31:57 +0000] [16] [INFO] Started server process [16]
[2026-03-29 21:31:57 +0000] [16] [INFO] Waiting for application startup.
[2026-03-29 21:31:57 +0000] [16] [INFO] Application startup complete.
[2026-03-29 21:31:57 +0000] [18] [INFO] Started server process [18]
[2026-03-29 21:31:57 +0000] [18] [INFO] Waiting for application startup.
[2026-03-29 21:31:57 +0000] [18] [INFO] Application startup complete.
[2026-03-29 21:31:57 +0000] [29] [INFO] Booting worker with pid: 29
[2026-03-29 21:31:57 +0000] [30] [INFO] Booting worker with pid: 30
[2026-03-29 21:31:57 +0000] [21] [INFO] Started server process [21]
[2026-03-29 21:31:57 +0000] [21] [INFO] Waiting for application startup.
[2026-03-29 21:31:57 +0000] [32] [INFO] Booting worker with pid: 32
[2026-03-29 21:31:57 +0000] [21] [INFO] Application startup complete.
[2026-03-29 21:31:57 +0000] [33] [INFO] Booting worker with pid: 33
[2026-03-29 21:31:57 +0000] [23] [INFO] Started server process [23]
[2026-03-29 21:31:57 +0000] [23] [INFO] Waiting for application startup.
[2026-03-29 21:31:57 +0000] [23] [INFO] Application startup complete.
[2026-03-29 21:31:57 +0000] [24] [INFO] Started server process [24]
[2026-03-29 21:31:57 +0000] [24] [INFO] Waiting for application startup.
[2026-03-29 21:31:57 +0000] [24] [INFO] Application startup complete.
[2026-03-29 21:31:57 +0000] [36] [INFO] Booting worker with pid: 36
[2026-03-29 21:31:57 +0000] [38] [INFO] Booting worker with pid: 38
[2026-03-29 21:31:57 +0000] [26] [INFO] Started server process [26]
[2026-03-29 21:31:57 +0000] [26] [INFO] Waiting for application startup.
[2026-03-29 21:31:57 +0000] [26] [INFO] Application startup complete.
[2026-03-29 21:31:57 +0000] [39] [INFO] Booting worker with pid: 39
[2026-03-29 21:31:57 +0000] [40] [INFO] Booting worker with pid: 40
[2026-03-29 21:31:57 +0000] [29] [INFO] Started server process [29]
[2026-03-29 21:31:57 +0000] [29] [INFO] Waiting for application startup.
[2026-03-29 21:31:57 +0000] [29] [INFO] Application startup complete.
[2026-03-29 21:31:57 +0000] [30] [INFO] Started server process [30]
[2026-03-29 21:31:57 +0000] [30] [INFO] Waiting for application startup.
[2026-03-29 21:31:57 +0000] [30] [INFO] Application startup complete.
[2026-03-29 21:31:57 +0000] [43] [INFO] Booting worker with pid: 43
[2026-03-29 21:31:57 +0000] [45] [INFO] Booting worker with pid: 45
[2026-03-29 21:31:57 +0000] [32] [INFO] Started server process [32]
[2026-03-29 21:31:57 +0000] [32] [INFO] Waiting for application startup.
[2026-03-29 21:31:57 +0000] [32] [INFO] Application startup complete.
[2026-03-29 21:31:57 +0000] [47] [INFO] Booting worker with pid: 47
[2026-03-29 21:31:57 +0000] [33] [INFO] Started server process [33]
[2026-03-29 21:31:57 +0000] [33] [INFO] Waiting for application startup.
[2026-03-29 21:31:57 +0000] [33] [INFO] Application startup complete.
[2026-03-29 21:31:57 +0000] [48] [INFO] Booting worker with pid: 48
[2026-03-29 21:31:57 +0000] [50] [INFO] Booting worker with pid: 50
[2026-03-29 21:31:57 +0000] [36] [INFO] Started server process [36]
[2026-03-29 21:31:57 +0000] [36] [INFO] Waiting for application startup.
[2026-03-29 21:31:57 +0000] [36] [INFO] Application startup complete.
[2026-03-29 21:31:57 +0000] [52] [INFO] Booting worker with pid: 52
[2026-03-29 21:31:57 +0000] [38] [INFO] Started server process [38]
[2026-03-29 21:31:57 +0000] [38] [INFO] Waiting for application startup.
[2026-03-29 21:31:57 +0000] [38] [INFO] Application startup complete.
[2026-03-29 21:31:57 +0000] [53] [INFO] Booting worker with pid: 53
[2026-03-29 21:31:57 +0000] [39] [INFO] Started server process [39]
[2026-03-29 21:31:57 +0000] [39] [INFO] Waiting for application startup.
[2026-03-29 21:31:57 +0000] [39] [INFO] Application startup complete.
[2026-03-29 21:31:57 +0000] [56] [INFO] Booting worker with pid: 56
[2026-03-29 21:31:57 +0000] [40] [INFO] Started server process [40]
[2026-03-29 21:31:57 +0000] [40] [INFO] Waiting for application startup.
[2026-03-29 21:31:57 +0000] [40] [INFO] Application startup complete.
[2026-03-29 21:31:57 +0000] [43] [INFO] Started server process [43]
[2026-03-29 21:31:57 +0000] [43] [INFO] Waiting for application startup.
[2026-03-29 21:31:57 +0000] [43] [INFO] Application startup complete.
[2026-03-29 21:31:57 +0000] [59] [INFO] Booting worker with pid: 59
[2026-03-29 21:31:57 +0000] [45] [INFO] Started server process [45]
[2026-03-29 21:31:57 +0000] [45] [INFO] Waiting for application startup.
[2026-03-29 21:31:57 +0000] [45] [INFO] Application startup complete.
[2026-03-29 21:31:57 +0000] [47] [INFO] Started server process [47]
[2026-03-29 21:31:57 +0000] [47] [INFO] Waiting for application startup.
[2026-03-29 21:31:57 +0000] [47] [INFO] Application startup complete.
[2026-03-29 21:31:57 +0000] [62] [INFO] Booting worker with pid: 62
[2026-03-29 21:31:57 +0000] [48] [INFO] Started server process [48]
[2026-03-29 21:31:57 +0000] [48] [INFO] Waiting for application startup.
[2026-03-29 21:31:57 +0000] [48] [INFO] Application startup complete.
[2026-03-29 21:31:57 +0000] [63] [INFO] Booting worker with pid: 63
[2026-03-29 21:31:57 +0000] [65] [INFO] Booting worker with pid: 65
[2026-03-29 21:31:57 +0000] [50] [INFO] Started server process [50]
[2026-03-29 21:31:57 +0000] [50] [INFO] Waiting for application startup.
[2026-03-29 21:31:57 +0000] [50] [INFO] Application startup complete.
[2026-03-29 21:31:57 +0000] [52] [INFO] Started server process [52]
[2026-03-29 21:31:57 +0000] [52] [INFO] Waiting for application startup.
[2026-03-29 21:31:57 +0000] [52] [INFO] Application startup complete.
[2026-03-29 21:31:57 +0000] [68] [INFO] Booting worker with pid: 68
[2026-03-29 21:31:57 +0000] [53] [INFO] Started server process [53]
[2026-03-29 21:31:57 +0000] [53] [INFO] Waiting for application startup.
[2026-03-29 21:31:57 +0000] [53] [INFO] Application startup complete.
[2026-03-29 21:31:57 +0000] [69] [INFO] Booting worker with pid: 69
[2026-03-29 21:31:58 +0000] [70] [INFO] Booting worker with pid: 70
[2026-03-29 21:31:58 +0000] [72] [INFO] Booting worker with pid: 72
[2026-03-29 21:31:58 +0000] [56] [INFO] Started server process [56]
[2026-03-29 21:31:58 +0000] [56] [INFO] Waiting for application startup.
[2026-03-29 21:31:58 +0000] [56] [INFO] Application startup complete.
[2026-03-29 21:31:58 +0000] [74] [INFO] Booting worker with pid: 74
[2026-03-29 21:31:58 +0000] [59] [INFO] Started server process [59]
[2026-03-29 21:31:58 +0000] [59] [INFO] Waiting for application startup.
[2026-03-29 21:31:58 +0000] [59] [INFO] Application startup complete.
[2026-03-29 21:31:58 +0000] [62] [INFO] Started server process [62]
[2026-03-29 21:31:58 +0000] [62] [INFO] Waiting for application startup.
[2026-03-29 21:31:58 +0000] [62] [INFO] Application startup complete.
[2026-03-29 21:31:58 +0000] [76] [INFO] Booting worker with pid: 76
[2026-03-29 21:31:58 +0000] [63] [INFO] Started server process [63]
[2026-03-29 21:31:58 +0000] [63] [INFO] Waiting for application startup.
[2026-03-29 21:31:58 +0000] [63] [INFO] Application startup complete.
[2026-03-29 21:31:58 +0000] [79] [INFO] Booting worker with pid: 79
[2026-03-29 21:31:58 +0000] [65] [INFO] Started server process [65]
[2026-03-29 21:31:58 +0000] [65] [INFO] Waiting for application startup.
[2026-03-29 21:31:58 +0000] [65] [INFO] Application startup complete.
[2026-03-29 21:31:58 +0000] [80] [INFO] Booting worker with pid: 80
[2026-03-29 21:31:58 +0000] [82] [INFO] Booting worker with pid: 82
[2026-03-29 21:31:58 +0000] [68] [INFO] Started server process [68]
[2026-03-29 21:31:58 +0000] [68] [INFO] Waiting for application startup.
[2026-03-29 21:31:58 +0000] [68] [INFO] Application startup complete.
[2026-03-29 21:31:58 +0000] [69] [INFO] Started server process [69]
[2026-03-29 21:31:58 +0000] [69] [INFO] Waiting for application startup.
[2026-03-29 21:31:58 +0000] [69] [INFO] Application startup complete.
[2026-03-29 21:31:58 +0000] [85] [INFO] Booting worker with pid: 85
[2026-03-29 21:31:58 +0000] [72] [INFO] Started server process [72]
[2026-03-29 21:31:58 +0000] [72] [INFO] Waiting for application startup.
[2026-03-29 21:31:58 +0000] [72] [INFO] Application startup complete.
[2026-03-29 21:31:58 +0000] [87] [INFO] Booting worker with pid: 87
[2026-03-29 21:31:58 +0000] [70] [INFO] Started server process [70]
[2026-03-29 21:31:58 +0000] [70] [INFO] Waiting for application startup.
[2026-03-29 21:31:58 +0000] [70] [INFO] Application startup complete.
[2026-03-29 21:31:58 +0000] [88] [INFO] Booting worker with pid: 88
[2026-03-29 21:31:58 +0000] [74] [INFO] Started server process [74]
[2026-03-29 21:31:58 +0000] [74] [INFO] Waiting for application startup.
[2026-03-29 21:31:58 +0000] [74] [INFO] Application startup complete.
[2026-03-29 21:31:58 +0000] [90] [INFO] Booting worker with pid: 90
[2026-03-29 21:31:58 +0000] [76] [INFO] Started server process [76]
[2026-03-29 21:31:58 +0000] [76] [INFO] Waiting for application startup.
[2026-03-29 21:31:58 +0000] [76] [INFO] Application startup complete.
[2026-03-29 21:31:58 +0000] [92] [INFO] Booting worker with pid: 92
[2026-03-29 21:31:58 +0000] [95] [INFO] Booting worker with pid: 95
[2026-03-29 21:31:58 +0000] [79] [INFO] Started server process [79]
[2026-03-29 21:31:58 +0000] [79] [INFO] Waiting for application startup.
[2026-03-29 21:31:58 +0000] [79] [INFO] Application startup complete.
[2026-03-29 21:31:58 +0000] [82] [INFO] Started server process [82]
[2026-03-29 21:31:58 +0000] [82] [INFO] Waiting for application startup.
[2026-03-29 21:31:58 +0000] [82] [INFO] Application startup complete.
[2026-03-29 21:31:58 +0000] [80] [INFO] Started server process [80]
[2026-03-29 21:31:58 +0000] [80] [INFO] Waiting for application startup.
[2026-03-29 21:31:58 +0000] [80] [INFO] Application startup complete.
[2026-03-29 21:31:58 +0000] [85] [INFO] Started server process [85]
[2026-03-29 21:31:58 +0000] [85] [INFO] Waiting for application startup.
[2026-03-29 21:31:58 +0000] [85] [INFO] Application startup complete.
[2026-03-29 21:31:58 +0000] [98] [INFO] Booting worker with pid: 98
[2026-03-29 21:31:58 +0000] [87] [INFO] Started server process [87]
[2026-03-29 21:31:58 +0000] [87] [INFO] Waiting for application startup.
[2026-03-29 21:31:58 +0000] [87] [INFO] Application startup complete.
[2026-03-29 21:31:58 +0000] [101] [INFO] Booting worker with pid: 101
[2026-03-29 21:31:58 +0000] [88] [INFO] Started server process [88]
[2026-03-29 21:31:58 +0000] [88] [INFO] Waiting for application startup.
[2026-03-29 21:31:58 +0000] [88] [INFO] Application startup complete.
[2026-03-29 21:31:58 +0000] [102] [INFO] Booting worker with pid: 102
[2026-03-29 21:31:58 +0000] [103] [INFO] Booting worker with pid: 103
[2026-03-29 21:31:58 +0000] [104] [INFO] Booting worker with pid: 104
[2026-03-29 21:31:58 +0000] [90] [INFO] Started server process [90]
[2026-03-29 21:31:58 +0000] [90] [INFO] Waiting for application startup.
[2026-03-29 21:31:58 +0000] [90] [INFO] Application startup complete.
[2026-03-29 21:31:59 +0000] [92] [INFO] Started server process [92]
[2026-03-29 21:31:59 +0000] [92] [INFO] Waiting for application startup.
[2026-03-29 21:31:59 +0000] [92] [INFO] Application startup complete.
[2026-03-29 21:31:59 +0000] [107] [INFO] Booting worker with pid: 107
[2026-03-29 21:31:59 +0000] [95] [INFO] Started server process [95]
[2026-03-29 21:31:59 +0000] [95] [INFO] Waiting for application startup.
[2026-03-29 21:31:59 +0000] [95] [INFO] Application startup complete.
[2026-03-29 21:31:59 +0000] [109] [INFO] Booting worker with pid: 109
[2026-03-29 21:31:59 +0000] [98] [INFO] Started server process [98]
[2026-03-29 21:31:59 +0000] [98] [INFO] Waiting for application startup.
[2026-03-29 21:31:59 +0000] [98] [INFO] Application startup complete.
[2026-03-29 21:31:59 +0000] [101] [INFO] Started server process [101]
[2026-03-29 21:31:59 +0000] [101] [INFO] Waiting for application startup.
[2026-03-29 21:31:59 +0000] [101] [INFO] Application startup complete.
[2026-03-29 21:31:59 +0000] [112] [INFO] Booting worker with pid: 112
[2026-03-29 21:31:59 +0000] [113] [INFO] Booting worker with pid: 113
[2026-03-29 21:31:59 +0000] [103] [INFO] Started server process [103]
[2026-03-29 21:31:59 +0000] [103] [INFO] Waiting for application startup.
[2026-03-29 21:31:59 +0000] [103] [INFO] Application startup complete.
[2026-03-29 21:31:59 +0000] [116] [INFO] Booting worker with pid: 116
[2026-03-29 21:31:59 +0000] [104] [INFO] Started server process [104]
[2026-03-29 21:31:59 +0000] [104] [INFO] Waiting for application startup.
[2026-03-29 21:31:59 +0000] [104] [INFO] Application startup complete.
[2026-03-29 21:31:59 +0000] [102] [INFO] Started server process [102]
[2026-03-29 21:31:59 +0000] [102] [INFO] Waiting for application startup.
[2026-03-29 21:31:59 +0000] [102] [INFO] Application startup complete.
[2026-03-29 21:31:59 +0000] [107] [INFO] Started server process [107]
[2026-03-29 21:31:59 +0000] [107] [INFO] Waiting for application startup.
[2026-03-29 21:31:59 +0000] [107] [INFO] Application startup complete.
[2026-03-29 21:31:59 +0000] [119] [INFO] Booting worker with pid: 119
[2026-03-29 21:31:59 +0000] [120] [INFO] Booting worker with pid: 120
[2026-03-29 21:31:59 +0000] [121] [INFO] Booting worker with pid: 121
[2026-03-29 21:31:59 +0000] [122] [INFO] Booting worker with pid: 122
[2026-03-29 21:31:59 +0000] [109] [INFO] Started server process [109]
[2026-03-29 21:31:59 +0000] [109] [INFO] Waiting for application startup.
[2026-03-29 21:31:59 +0000] [109] [INFO] Application startup complete.
[2026-03-29 21:31:59 +0000] [125] [INFO] Booting worker with pid: 125
[2026-03-29 21:31:59 +0000] [112] [INFO] Started server process [112]
[2026-03-29 21:31:59 +0000] [112] [INFO] Waiting for application startup.
[2026-03-29 21:31:59 +0000] [112] [INFO] Application startup complete.
[2026-03-29 21:31:59 +0000] [127] [INFO] Booting worker with pid: 127
[2026-03-29 21:31:59 +0000] [113] [INFO] Started server process [113]
[2026-03-29 21:31:59 +0000] [113] [INFO] Waiting for application startup.
[2026-03-29 21:31:59 +0000] [113] [INFO] Application startup complete.
[2026-03-29 21:31:59 +0000] [129] [INFO] Booting worker with pid: 129
[2026-03-29 21:31:59 +0000] [116] [INFO] Started server process [116]
[2026-03-29 21:31:59 +0000] [116] [INFO] Waiting for application startup.
[2026-03-29 21:31:59 +0000] [116] [INFO] Application startup complete.
[2026-03-29 21:31:59 +0000] [131] [INFO] Booting worker with pid: 131
[2026-03-29 21:31:59 +0000] [119] [INFO] Started server process [119]
[2026-03-29 21:31:59 +0000] [119] [INFO] Waiting for application startup.
[2026-03-29 21:31:59 +0000] [119] [INFO] Application startup complete.
[2026-03-29 21:31:59 +0000] [134] [INFO] Booting worker with pid: 134
[2026-03-29 21:31:59 +0000] [121] [INFO] Started server process [121]
[2026-03-29 21:31:59 +0000] [121] [INFO] Waiting for application startup.
[2026-03-29 21:31:59 +0000] [120] [INFO] Started server process [120]
[2026-03-29 21:31:59 +0000] [120] [INFO] Waiting for application startup.
[2026-03-29 21:31:59 +0000] [121] [INFO] Application startup complete.
[2026-03-29 21:31:59 +0000] [120] [INFO] Application startup complete.
[2026-03-29 21:31:59 +0000] [122] [INFO] Started server process [122]
[2026-03-29 21:31:59 +0000] [122] [INFO] Waiting for application startup.
[2026-03-29 21:31:59 +0000] [122] [INFO] Application startup complete.
[2026-03-29 21:32:00 +0000] [137] [INFO] Booting worker with pid: 137
[2026-03-29 21:32:00 +0000] [125] [INFO] Started server process [125]
[2026-03-29 21:32:00 +0000] [125] [INFO] Waiting for application startup.
[2026-03-29 21:32:00 +0000] [125] [INFO] Application startup complete.
[2026-03-29 21:32:00 +0000] [138] [INFO] Booting worker with pid: 138
[2026-03-29 21:32:00 +0000] [139] [INFO] Booting worker with pid: 139
[2026-03-29 21:32:00 +0000] [141] [INFO] Booting worker with pid: 141
[2026-03-29 21:32:00 +0000] [127] [INFO] Started server process [127]
[2026-03-29 21:32:00 +0000] [127] [INFO] Waiting for application startup.
[2026-03-29 21:32:00 +0000] [127] [INFO] Application startup complete.
[2026-03-29 21:32:00 +0000] [142] [INFO] Booting worker with pid: 142
[2026-03-29 21:32:00 +0000] [129] [INFO] Started server process [129]
[2026-03-29 21:32:00 +0000] [129] [INFO] Waiting for application startup.
[2026-03-29 21:32:00 +0000] [129] [INFO] Application startup complete.
[2026-03-29 21:32:00 +0000] [144] [INFO] Booting worker with pid: 144
[2026-03-29 21:32:00 +0000] [145] [INFO] Booting worker with pid: 145
[2026-03-29 21:32:00 +0000] [148] [INFO] Booting worker with pid: 148
[2026-03-29 21:32:00 +0000] [134] [INFO] Started server process [134]
[2026-03-29 21:32:00 +0000] [134] [INFO] Waiting for application startup.
[2026-03-29 21:32:00 +0000] [134] [INFO] Application startup complete.
[2026-03-29 21:32:00 +0000] [131] [INFO] Started server process [131]
[2026-03-29 21:32:00 +0000] [131] [INFO] Waiting for application startup.
[2026-03-29 21:32:00 +0000] [131] [INFO] Application startup complete.
[2026-03-29 21:32:00 +0000] [149] [INFO] Booting worker with pid: 149
[2026-03-29 21:32:00 +0000] [137] [INFO] Started server process [137]
[2026-03-29 21:32:00 +0000] [137] [INFO] Waiting for application startup.
[2026-03-29 21:32:00 +0000] [137] [INFO] Application startup complete.
[2026-03-29 21:32:00 +0000] [151] [INFO] Booting worker with pid: 151
[2026-03-29 21:32:00 +0000] [152] [INFO] Booting worker with pid: 152
[2026-03-29 21:32:00 +0000] [154] [INFO] Booting worker with pid: 154
[2026-03-29 21:32:00 +0000] [138] [INFO] Started server process [138]
[2026-03-29 21:32:00 +0000] [138] [INFO] Waiting for application startup.
[2026-03-29 21:32:00 +0000] [138] [INFO] Application startup complete.
[2026-03-29 21:32:00 +0000] [156] [INFO] Booting worker with pid: 156
[2026-03-29 21:32:00 +0000] [141] [INFO] Started server process [141]
[2026-03-29 21:32:00 +0000] [141] [INFO] Waiting for application startup.
[2026-03-29 21:32:00 +0000] [141] [INFO] Application startup complete.
[2026-03-29 21:32:00 +0000] [142] [INFO] Started server process [142]
[2026-03-29 21:32:00 +0000] [142] [INFO] Waiting for application startup.
[2026-03-29 21:32:00 +0000] [142] [INFO] Application startup complete.
[2026-03-29 21:32:00 +0000] [139] [INFO] Started server process [139]
[2026-03-29 21:32:00 +0000] [139] [INFO] Waiting for application startup.
[2026-03-29 21:32:00 +0000] [139] [INFO] Application startup complete.
[2026-03-29 21:32:00 +0000] [159] [INFO] Booting worker with pid: 159
[2026-03-29 21:32:00 +0000] [144] [INFO] Started server process [144]
[2026-03-29 21:32:00 +0000] [144] [INFO] Waiting for application startup.
[2026-03-29 21:32:00 +0000] [144] [INFO] Application startup complete.
[2026-03-29 21:32:00 +0000] [161] [INFO] Booting worker with pid: 161
[2026-03-29 21:32:00 +0000] [148] [INFO] Started server process [148]
[2026-03-29 21:32:00 +0000] [148] [INFO] Waiting for application startup.
[2026-03-29 21:32:00 +0000] [148] [INFO] Application startup complete.
[2026-03-29 21:32:00 +0000] [145] [INFO] Started server process [145]
[2026-03-29 21:32:00 +0000] [145] [INFO] Waiting for application startup.
[2026-03-29 21:32:00 +0000] [145] [INFO] Application startup complete.
[2026-03-29 21:32:00 +0000] [165] [INFO] Booting worker with pid: 165
[2026-03-29 21:32:00 +0000] [149] [INFO] Started server process [149]
[2026-03-29 21:32:00 +0000] [149] [INFO] Waiting for application startup.
[2026-03-29 21:32:00 +0000] [149] [INFO] Application startup complete.
[2026-03-29 21:32:01 +0000] [151] [INFO] Started server process [151]
[2026-03-29 21:32:01 +0000] [151] [INFO] Waiting for application startup.
[2026-03-29 21:32:01 +0000] [151] [INFO] Application startup complete.
[2026-03-29 21:32:01 +0000] [167] [INFO] Booting worker with pid: 167
[2026-03-29 21:32:01 +0000] [152] [INFO] Started server process [152]
[2026-03-29 21:32:01 +0000] [152] [INFO] Waiting for application startup.
[2026-03-29 21:32:01 +0000] [152] [INFO] Application startup complete.
[2026-03-29 21:32:01 +0000] [154] [INFO] Started server process [154]
[2026-03-29 21:32:01 +0000] [154] [INFO] Waiting for application startup.
[2026-03-29 21:32:01 +0000] [154] [INFO] Application startup complete.
[2026-03-29 21:32:01 +0000] [170] [INFO] Booting worker with pid: 170
[2026-03-29 21:32:01 +0000] [172] [INFO] Booting worker with pid: 172
[2026-03-29 21:32:01 +0000] [156] [INFO] Started server process [156]
[2026-03-29 21:32:01 +0000] [156] [INFO] Waiting for application startup.
[2026-03-29 21:32:01 +0000] [156] [INFO] Application startup complete.
[2026-03-29 21:32:01 +0000] [173] [INFO] Booting worker with pid: 173
[2026-03-29 21:32:01 +0000] [174] [INFO] Booting worker with pid: 174
[2026-03-29 21:32:01 +0000] [175] [INFO] Booting worker with pid: 175
[2026-03-29 21:32:01 +0000] [159] [INFO] Started server process [159]
[2026-03-29 21:32:01 +0000] [159] [INFO] Waiting for application startup.
[2026-03-29 21:32:01 +0000] [159] [INFO] Application startup complete.
[2026-03-29 21:32:01 +0000] [177] [INFO] Booting worker with pid: 177
[2026-03-29 21:32:01 +0000] [161] [INFO] Started server process [161]
[2026-03-29 21:32:01 +0000] [161] [INFO] Waiting for application startup.
[2026-03-29 21:32:01 +0000] [161] [INFO] Application startup complete.
[2026-03-29 21:32:01 +0000] [180] [INFO] Booting worker with pid: 180
[2026-03-29 21:32:01 +0000] [165] [INFO] Started server process [165]
[2026-03-29 21:32:01 +0000] [165] [INFO] Waiting for application startup.
[2026-03-29 21:32:01 +0000] [165] [INFO] Application startup complete.
[2026-03-29 21:32:01 +0000] [181] [INFO] Booting worker with pid: 181
[2026-03-29 21:32:01 +0000] [183] [INFO] Booting worker with pid: 183
[2026-03-29 21:32:01 +0000] [167] [INFO] Started server process [167]
[2026-03-29 21:32:01 +0000] [167] [INFO] Waiting for application startup.
[2026-03-29 21:32:01 +0000] [167] [INFO] Application startup complete.
[2026-03-29 21:32:01 +0000] [184] [INFO] Booting worker with pid: 184
[2026-03-29 21:32:01 +0000] [185] [INFO] Booting worker with pid: 185
[2026-03-29 21:32:01 +0000] [190] [INFO] Booting worker with pid: 190
[2026-03-29 21:32:01 +0000] [191] [INFO] Booting worker with pid: 191
[2026-03-29 21:32:01 +0000] [172] [INFO] Started server process [172]
[2026-03-29 21:32:01 +0000] [172] [INFO] Waiting for application startup.
[2026-03-29 21:32:01 +0000] [172] [INFO] Application startup complete.
[2026-03-29 21:32:01 +0000] [173] [INFO] Started server process [173]
[2026-03-29 21:32:01 +0000] [173] [INFO] Waiting for application startup.
[2026-03-29 21:32:01 +0000] [173] [INFO] Application startup complete.
[2026-03-29 21:32:01 +0000] [174] [INFO] Started server process [174]
[2026-03-29 21:32:01 +0000] [174] [INFO] Waiting for application startup.
[2026-03-29 21:32:01 +0000] [174] [INFO] Application startup complete.
[2026-03-29 21:32:01 +0000] [170] [INFO] Started server process [170]
[2026-03-29 21:32:01 +0000] [170] [INFO] Waiting for application startup.
[2026-03-29 21:32:01 +0000] [170] [INFO] Application startup complete.
[2026-03-29 21:32:01 +0000] [175] [INFO] Started server process [175]
[2026-03-29 21:32:01 +0000] [175] [INFO] Waiting for application startup.
[2026-03-29 21:32:01 +0000] [175] [INFO] Application startup complete.
[2026-03-29 21:32:01 +0000] [177] [INFO] Started server process [177]
[2026-03-29 21:32:01 +0000] [177] [INFO] Waiting for application startup.
[2026-03-29 21:32:01 +0000] [177] [INFO] Application startup complete.
[2026-03-29 21:32:01 +0000] [194] [INFO] Booting worker with pid: 194
[2026-03-29 21:32:01 +0000] [195] [INFO] Booting worker with pid: 195
[2026-03-29 21:32:01 +0000] [196] [INFO] Booting worker with pid: 196
[2026-03-29 21:32:01 +0000] [198] [INFO] Booting worker with pid: 198
[2026-03-29 21:32:01 +0000] [180] [INFO] Started server process [180]
[2026-03-29 21:32:01 +0000] [180] [INFO] Waiting for application startup.
[2026-03-29 21:32:01 +0000] [180] [INFO] Application startup complete.
[2026-03-29 21:32:01 +0000] [199] [INFO] Booting worker with pid: 199
[2026-03-29 21:32:02 +0000] [184] [INFO] Started server process [184]
[2026-03-29 21:32:02 +0000] [184] [INFO] Waiting for application startup.
[2026-03-29 21:32:02 +0000] [184] [INFO] Application startup complete.
[2026-03-29 21:32:02 +0000] [183] [INFO] Started server process [183]
[2026-03-29 21:32:02 +0000] [183] [INFO] Waiting for application startup.
[2026-03-29 21:32:02 +0000] [183] [INFO] Application startup complete.
[2026-03-29 21:32:02 +0000] [181] [INFO] Started server process [181]
[2026-03-29 21:32:02 +0000] [181] [INFO] Waiting for application startup.
[2026-03-29 21:32:02 +0000] [181] [INFO] Application startup complete.
[2026-03-29 21:32:02 +0000] [203] [INFO] Booting worker with pid: 203
[2026-03-29 21:32:02 +0000] [185] [INFO] Started server process [185]
[2026-03-29 21:32:02 +0000] [185] [INFO] Waiting for application startup.
[2026-03-29 21:32:02 +0000] [185] [INFO] Application startup complete.
[2026-03-29 21:32:02 +0000] [207] [INFO] Booting worker with pid: 207
[2026-03-29 21:32:02 +0000] [191] [INFO] Started server process [191]
[2026-03-29 21:32:02 +0000] [191] [INFO] Waiting for application startup.
[2026-03-29 21:32:02 +0000] [191] [INFO] Application startup complete.
[2026-03-29 21:32:02 +0000] [190] [INFO] Started server process [190]
[2026-03-29 21:32:02 +0000] [190] [INFO] Waiting for application startup.
[2026-03-29 21:32:02 +0000] [190] [INFO] Application startup complete.
[2026-03-29 21:32:02 +0000] [208] [INFO] Booting worker with pid: 208
[2026-03-29 21:32:02 +0000] [210] [INFO] Booting worker with pid: 210
[2026-03-29 21:32:02 +0000] [195] [INFO] Started server process [195]
[2026-03-29 21:32:02 +0000] [195] [INFO] Waiting for application startup.
[2026-03-29 21:32:02 +0000] [195] [INFO] Application startup complete.
[2026-03-29 21:32:02 +0000] [194] [INFO] Started server process [194]
[2026-03-29 21:32:02 +0000] [194] [INFO] Waiting for application startup.
[2026-03-29 21:32:02 +0000] [194] [INFO] Application startup complete.
[2026-03-29 21:32:02 +0000] [196] [INFO] Started server process [196]
[2026-03-29 21:32:02 +0000] [196] [INFO] Waiting for application startup.
[2026-03-29 21:32:02 +0000] [196] [INFO] Application startup complete.
[2026-03-29 21:32:02 +0000] [198] [INFO] Started server process [198]
[2026-03-29 21:32:02 +0000] [198] [INFO] Waiting for application startup.
[2026-03-29 21:32:02 +0000] [198] [INFO] Application startup complete.
[2026-03-29 21:32:02 +0000] [214] [INFO] Booting worker with pid: 214
[2026-03-29 21:32:02 +0000] [199] [INFO] Started server process [199]
[2026-03-29 21:32:02 +0000] [199] [INFO] Waiting for application startup.
[2026-03-29 21:32:02 +0000] [199] [INFO] Application startup complete.
[2026-03-29 21:32:02 +0000] [203] [INFO] Started server process [203]
[2026-03-29 21:32:02 +0000] [203] [INFO] Waiting for application startup.
[2026-03-29 21:32:02 +0000] [203] [INFO] Application startup complete.
[2026-03-29 21:32:02 +0000] [217] [INFO] Booting worker with pid: 217
[2026-03-29 21:32:02 +0000] [218] [INFO] Booting worker with pid: 218
[2026-03-29 21:32:02 +0000] [207] [INFO] Started server process [207]
[2026-03-29 21:32:02 +0000] [207] [INFO] Waiting for application startup.
[2026-03-29 21:32:02 +0000] [207] [INFO] Application startup complete.
[2026-03-29 21:32:02 +0000] [222] [INFO] Booting worker with pid: 222
[2026-03-29 21:32:02 +0000] [210] [INFO] Started server process [210]
[2026-03-29 21:32:02 +0000] [210] [INFO] Waiting for application startup.
[2026-03-29 21:32:02 +0000] [210] [INFO] Application startup complete.
[2026-03-29 21:32:02 +0000] [208] [INFO] Started server process [208]
[2026-03-29 21:32:02 +0000] [208] [INFO] Waiting for application startup.
[2026-03-29 21:32:02 +0000] [208] [INFO] Application startup complete.
[2026-03-29 21:32:02 +0000] [223] [INFO] Booting worker with pid: 223
[2026-03-29 21:32:02 +0000] [214] [INFO] Started server process [214]
[2026-03-29 21:32:02 +0000] [214] [INFO] Waiting for application startup.
[2026-03-29 21:32:02 +0000] [214] [INFO] Application startup complete.
[2026-03-29 21:32:02 +0000] [225] [INFO] Booting worker with pid: 225
[2026-03-29 21:32:02 +0000] [217] [INFO] Started server process [217]
[2026-03-29 21:32:02 +0000] [217] [INFO] Waiting for application startup.
[2026-03-29 21:32:02 +0000] [217] [INFO] Application startup complete.
[2026-03-29 21:32:02 +0000] [228] [INFO] Booting worker with pid: 228
[2026-03-29 21:32:02 +0000] [218] [INFO] Started server process [218]
[2026-03-29 21:32:02 +0000] [218] [INFO] Waiting for application startup.
[2026-03-29 21:32:02 +0000] [218] [INFO] Application startup complete.
[2026-03-29 21:32:02 +0000] [229] [INFO] Booting worker with pid: 229
[2026-03-29 21:32:02 +0000] [230] [INFO] Booting worker with pid: 230
[2026-03-29 21:32:02 +0000] [231] [INFO] Booting worker with pid: 231
[2026-03-29 21:32:02 +0000] [222] [INFO] Started server process [222]
[2026-03-29 21:32:02 +0000] [222] [INFO] Waiting for application startup.
[2026-03-29 21:32:02 +0000] [222] [INFO] Application startup complete.
[2026-03-29 21:32:02 +0000] [234] [INFO] Booting worker with pid: 234
[2026-03-29 21:32:02 +0000] [223] [INFO] Started server process [223]
[2026-03-29 21:32:02 +0000] [223] [INFO] Waiting for application startup.
[2026-03-29 21:32:02 +0000] [223] [INFO] Application startup complete.
[2026-03-29 21:32:02 +0000] [225] [INFO] Started server process [225]
[2026-03-29 21:32:02 +0000] [225] [INFO] Waiting for application startup.
[2026-03-29 21:32:02 +0000] [225] [INFO] Application startup complete.
[2026-03-29 21:32:02 +0000] [236] [INFO] Booting worker with pid: 236
[2026-03-29 21:32:02 +0000] [237] [INFO] Booting worker with pid: 237
[2026-03-29 21:32:02 +0000] [238] [INFO] Booting worker with pid: 238
[2026-03-29 21:32:03 +0000] [228] [INFO] Started server process [228]
[2026-03-29 21:32:03 +0000] [228] [INFO] Waiting for application startup.
[2026-03-29 21:32:03 +0000] [228] [INFO] Application startup complete.
[2026-03-29 21:32:03 +0000] [241] [INFO] Booting worker with pid: 241
[2026-03-29 21:32:03 +0000] [229] [INFO] Started server process [229]
[2026-03-29 21:32:03 +0000] [229] [INFO] Waiting for application startup.
[2026-03-29 21:32:03 +0000] [229] [INFO] Application startup complete.
[2026-03-29 21:32:03 +0000] [230] [INFO] Started server process [230]
[2026-03-29 21:32:03 +0000] [230] [INFO] Waiting for application startup.
[2026-03-29 21:32:03 +0000] [230] [INFO] Application startup complete.
[2026-03-29 21:32:03 +0000] [243] [INFO] Booting worker with pid: 243
[2026-03-29 21:32:03 +0000] [231] [INFO] Started server process [231]
[2026-03-29 21:32:03 +0000] [231] [INFO] Waiting for application startup.
[2026-03-29 21:32:03 +0000] [231] [INFO] Application startup complete.
[2026-03-29 21:32:03 +0000] [245] [INFO] Booting worker with pid: 245
[2026-03-29 21:32:03 +0000] [247] [INFO] Booting worker with pid: 247
[2026-03-29 21:32:03 +0000] [234] [INFO] Started server process [234]
[2026-03-29 21:32:03 +0000] [234] [INFO] Waiting for application startup.
[2026-03-29 21:32:03 +0000] [234] [INFO] Application startup complete.
[2026-03-29 21:32:03 +0000] [248] [INFO] Booting worker with pid: 248
[2026-03-29 21:32:03 +0000] [252] [INFO] Booting worker with pid: 252
[2026-03-29 21:32:03 +0000] [236] [INFO] Started server process [236]
[2026-03-29 21:32:03 +0000] [237] [INFO] Started server process [237]
[2026-03-29 21:32:03 +0000] [237] [INFO] Waiting for application startup.
[2026-03-29 21:32:03 +0000] [236] [INFO] Waiting for application startup.
[2026-03-29 21:32:03 +0000] [237] [INFO] Application startup complete.
[2026-03-29 21:32:03 +0000] [236] [INFO] Application startup complete.
[2026-03-29 21:32:03 +0000] [238] [INFO] Started server process [238]
[2026-03-29 21:32:03 +0000] [238] [INFO] Waiting for application startup.
[2026-03-29 21:32:03 +0000] [238] [INFO] Application startup complete.
[2026-03-29 21:32:03 +0000] [241] [INFO] Started server process [241]
[2026-03-29 21:32:03 +0000] [241] [INFO] Waiting for application startup.
[2026-03-29 21:32:03 +0000] [241] [INFO] Application startup complete.
[2026-03-29 21:32:03 +0000] [255] [INFO] Booting worker with pid: 255
[2026-03-29 21:32:03 +0000] [243] [INFO] Started server process [243]
[2026-03-29 21:32:03 +0000] [243] [INFO] Waiting for application startup.
[2026-03-29 21:32:03 +0000] [243] [INFO] Application startup complete.
[2026-03-29 21:32:03 +0000] [257] [INFO] Booting worker with pid: 257
[2026-03-29 21:32:03 +0000] [245] [INFO] Started server process [245]
[2026-03-29 21:32:03 +0000] [245] [INFO] Waiting for application startup.
[2026-03-29 21:32:03 +0000] [245] [INFO] Application startup complete.
[2026-03-29 21:32:03 +0000] [258] [INFO] Booting worker with pid: 258
[2026-03-29 21:32:03 +0000] [247] [INFO] Started server process [247]
[2026-03-29 21:32:03 +0000] [247] [INFO] Waiting for application startup.
[2026-03-29 21:32:03 +0000] [247] [INFO] Application startup complete.
[2026-03-29 21:32:03 +0000] [260] [INFO] Booting worker with pid: 260
[2026-03-29 21:32:03 +0000] [248] [INFO] Started server process [248]
[2026-03-29 21:32:03 +0000] [248] [INFO] Waiting for application startup.
[2026-03-29 21:32:03 +0000] [248] [INFO] Application startup complete.
[2026-03-29 21:32:03 +0000] [252] [INFO] Started server process [252]
[2026-03-29 21:32:03 +0000] [252] [INFO] Waiting for application startup.
[2026-03-29 21:32:03 +0000] [252] [INFO] Application startup complete.
[2026-03-29 21:32:03 +0000] [263] [INFO] Booting worker with pid: 263
[2026-03-29 21:32:03 +0000] [264] [INFO] Booting worker with pid: 264
[2026-03-29 21:32:03 +0000] [255] [INFO] Started server process [255]
[2026-03-29 21:32:03 +0000] [255] [INFO] Waiting for application startup.
[2026-03-29 21:32:03 +0000] [255] [INFO] Application startup complete.
[2026-03-29 21:32:03 +0000] [266] [INFO] Booting worker with pid: 266
[2026-03-29 21:32:03 +0000] [257] [INFO] Started server process [257]
[2026-03-29 21:32:03 +0000] [257] [INFO] Waiting for application startup.
[2026-03-29 21:32:03 +0000] [257] [INFO] Application startup complete.
[2026-03-29 21:32:03 +0000] [258] [INFO] Started server process [258]
[2026-03-29 21:32:03 +0000] [258] [INFO] Waiting for application startup.
[2026-03-29 21:32:03 +0000] [258] [INFO] Application startup complete.
[2026-03-29 21:32:03 +0000] [270] [INFO] Booting worker with pid: 270
[2026-03-29 21:32:03 +0000] [271] [INFO] Booting worker with pid: 271
[2026-03-29 21:32:03 +0000] [260] [INFO] Started server process [260]
[2026-03-29 21:32:03 +0000] [260] [INFO] Waiting for application startup.
[2026-03-29 21:32:03 +0000] [260] [INFO] Application startup complete.
[2026-03-29 21:32:03 +0000] [272] [INFO] Booting worker with pid: 272
[2026-03-29 21:32:03 +0000] [263] [INFO] Started server process [263]
[2026-03-29 21:32:03 +0000] [263] [INFO] Waiting for application startup.
[2026-03-29 21:32:03 +0000] [263] [INFO] Application startup complete.
[2026-03-29 21:32:03 +0000] [264] [INFO] Started server process [264]
[2026-03-29 21:32:03 +0000] [264] [INFO] Waiting for application startup.
[2026-03-29 21:32:03 +0000] [264] [INFO] Application startup complete.
[2026-03-29 21:32:03 +0000] [275] [INFO] Booting worker with pid: 275
[2026-03-29 21:32:03 +0000] [266] [INFO] Started server process [266]
[2026-03-29 21:32:03 +0000] [266] [INFO] Waiting for application startup.
[2026-03-29 21:32:03 +0000] [266] [INFO] Application startup complete.
[2026-03-29 21:32:03 +0000] [277] [INFO] Booting worker with pid: 277
[2026-03-29 21:32:03 +0000] [270] [INFO] Started server process [270]
[2026-03-29 21:32:03 +0000] [270] [INFO] Waiting for application startup.
[2026-03-29 21:32:03 +0000] [270] [INFO] Application startup complete.
[2026-03-29 21:32:04 +0000] [271] [INFO] Started server process [271]
[2026-03-29 21:32:04 +0000] [271] [INFO] Waiting for application startup.
[2026-03-29 21:32:04 +0000] [271] [INFO] Application startup complete.
[2026-03-29 21:32:04 +0000] [280] [INFO] Booting worker with pid: 280
[2026-03-29 21:32:04 +0000] [272] [INFO] Started server process [272]
[2026-03-29 21:32:04 +0000] [272] [INFO] Waiting for application startup.
[2026-03-29 21:32:04 +0000] [272] [INFO] Application startup complete.
[2026-03-29 21:32:04 +0000] [282] [INFO] Booting worker with pid: 282
[2026-03-29 21:32:04 +0000] [275] [INFO] Started server process [275]
[2026-03-29 21:32:04 +0000] [275] [INFO] Waiting for application startup.
[2026-03-29 21:32:04 +0000] [275] [INFO] Application startup complete.
[2026-03-29 21:32:04 +0000] [284] [INFO] Booting worker with pid: 284
[2026-03-29 21:32:04 +0000] [286] [INFO] Booting worker with pid: 286
[2026-03-29 21:32:04 +0000] [277] [INFO] Started server process [277]
[2026-03-29 21:32:04 +0000] [277] [INFO] Waiting for application startup.
[2026-03-29 21:32:04 +0000] [277] [INFO] Application startup complete.
[2026-03-29 21:32:04 +0000] [280] [INFO] Started server process [280]
[2026-03-29 21:32:04 +0000] [280] [INFO] Waiting for application startup.
[2026-03-29 21:32:04 +0000] [280] [INFO] Application startup complete.
[2026-03-29 21:32:04 +0000] [288] [INFO] Booting worker with pid: 288
[2026-03-29 21:32:04 +0000] [290] [INFO] Booting worker with pid: 290
[2026-03-29 21:32:04 +0000] [282] [INFO] Started server process [282]
[2026-03-29 21:32:04 +0000] [282] [INFO] Waiting for application startup.
[2026-03-29 21:32:04 +0000] [282] [INFO] Application startup complete.
[2026-03-29 21:32:04 +0000] [284] [INFO] Started server process [284]
[2026-03-29 21:32:04 +0000] [284] [INFO] Waiting for application startup.
[2026-03-29 21:32:04 +0000] [284] [INFO] Application startup complete.
[2026-03-29 21:32:04 +0000] [292] [INFO] Booting worker with pid: 292
[2026-03-29 21:32:04 +0000] [286] [INFO] Started server process [286]
[2026-03-29 21:32:04 +0000] [286] [INFO] Waiting for application startup.
[2026-03-29 21:32:04 +0000] [286] [INFO] Application startup complete.
[2026-03-29 21:32:04 +0000] [294] [INFO] Booting worker with pid: 294
[2026-03-29 21:32:04 +0000] [295] [INFO] Booting worker with pid: 295
[2026-03-29 21:32:04 +0000] [288] [INFO] Started server process [288]
[2026-03-29 21:32:04 +0000] [288] [INFO] Waiting for application startup.
[2026-03-29 21:32:04 +0000] [288] [INFO] Application startup complete.
[2026-03-29 21:32:04 +0000] [298] [INFO] Booting worker with pid: 298
[2026-03-29 21:32:04 +0000] [290] [INFO] Started server process [290]
[2026-03-29 21:32:04 +0000] [290] [INFO] Waiting for application startup.
[2026-03-29 21:32:04 +0000] [290] [INFO] Application startup complete.
[2026-03-29 21:32:04 +0000] [299] [INFO] Booting worker with pid: 299
[2026-03-29 21:32:04 +0000] [300] [INFO] Booting worker with pid: 300
[2026-03-29 21:32:04 +0000] [292] [INFO] Started server process [292]
[2026-03-29 21:32:04 +0000] [292] [INFO] Waiting for application startup.
[2026-03-29 21:32:04 +0000] [292] [INFO] Application startup complete.
[2026-03-29 21:32:04 +0000] [302] [INFO] Booting worker with pid: 302
[2026-03-29 21:32:04 +0000] [303] [INFO] Booting worker with pid: 303
[2026-03-29 21:32:04 +0000] [295] [INFO] Started server process [295]
[2026-03-29 21:32:04 +0000] [295] [INFO] Waiting for application startup.
[2026-03-29 21:32:04 +0000] [295] [INFO] Application startup complete.
[2026-03-29 21:32:04 +0000] [294] [INFO] Started server process [294]
[2026-03-29 21:32:04 +0000] [294] [INFO] Waiting for application startup.
[2026-03-29 21:32:04 +0000] [294] [INFO] Application startup complete.
[2026-03-29 21:32:04 +0000] [306] [INFO] Booting worker with pid: 306
[2026-03-29 21:32:04 +0000] [307] [INFO] Booting worker with pid: 307
[2026-03-29 21:32:04 +0000] [308] [INFO] Booting worker with pid: 308
[2026-03-29 21:32:04 +0000] [309] [INFO] Booting worker with pid: 309
[2026-03-29 21:32:04 +0000] [299] [INFO] Started server process [299]
[2026-03-29 21:32:04 +0000] [299] [INFO] Waiting for application startup.
[2026-03-29 21:32:04 +0000] [299] [INFO] Application startup complete.
[2026-03-29 21:32:04 +0000] [298] [INFO] Started server process [298]
[2026-03-29 21:32:04 +0000] [298] [INFO] Waiting for application startup.
[2026-03-29 21:32:04 +0000] [298] [INFO] Application startup complete.
[2026-03-29 21:32:05 +0000] [312] [INFO] Booting worker with pid: 312
[2026-03-29 21:32:05 +0000] [300] [INFO] Started server process [300]
[2026-03-29 21:32:05 +0000] [300] [INFO] Waiting for application startup.
[2026-03-29 21:32:05 +0000] [300] [INFO] Application startup complete.
[2026-03-29 21:32:05 +0000] [302] [INFO] Started server process [302]
[2026-03-29 21:32:05 +0000] [302] [INFO] Waiting for application startup.
[2026-03-29 21:32:05 +0000] [302] [INFO] Application startup complete.
[2026-03-29 21:32:05 +0000] [315] [INFO] Booting worker with pid: 315
[2026-03-29 21:32:05 +0000] [303] [INFO] Started server process [303]
[2026-03-29 21:32:05 +0000] [303] [INFO] Waiting for application startup.
[2026-03-29 21:32:05 +0000] [303] [INFO] Application startup complete.
[2026-03-29 21:32:05 +0000] [318] [INFO] Booting worker with pid: 318
[2026-03-29 21:32:05 +0000] [306] [INFO] Started server process [306]
[2026-03-29 21:32:05 +0000] [306] [INFO] Waiting for application startup.
[2026-03-29 21:32:05 +0000] [306] [INFO] Application startup complete.
[2026-03-29 21:32:05 +0000] [307] [INFO] Started server process [307]
[2026-03-29 21:32:05 +0000] [307] [INFO] Waiting for application startup.
[2026-03-29 21:32:05 +0000] [307] [INFO] Application startup complete.
[2026-03-29 21:32:05 +0000] [308] [INFO] Started server process [308]
[2026-03-29 21:32:05 +0000] [308] [INFO] Waiting for application startup.
[2026-03-29 21:32:05 +0000] [308] [INFO] Application startup complete.
[2026-03-29 21:32:05 +0000] [321] [INFO] Booting worker with pid: 321
[2026-03-29 21:32:05 +0000] [309] [INFO] Started server process [309]
[2026-03-29 21:32:05 +0000] [309] [INFO] Waiting for application startup.
[2026-03-29 21:32:05 +0000] [309] [INFO] Application startup complete.
[2026-03-29 21:32:05 +0000] [312] [INFO] Started server process [312]
[2026-03-29 21:32:05 +0000] [312] [INFO] Waiting for application startup.
[2026-03-29 21:32:05 +0000] [312] [INFO] Application startup complete.
[2026-03-29 21:32:05 +0000] [324] [INFO] Booting worker with pid: 324
[2026-03-29 21:32:05 +0000] [325] [INFO] Booting worker with pid: 325
[2026-03-29 21:32:05 +0000] [315] [INFO] Started server process [315]
[2026-03-29 21:32:05 +0000] [315] [INFO] Waiting for application startup.
[2026-03-29 21:32:05 +0000] [315] [INFO] Application startup complete.
[2026-03-29 21:32:05 +0000] [327] [INFO] Booting worker with pid: 327
[2026-03-29 21:32:05 +0000] [328] [INFO] Booting worker with pid: 328
[2026-03-29 21:32:05 +0000] [329] [INFO] Booting worker with pid: 329
[2026-03-29 21:32:05 +0000] [330] [INFO] Booting worker with pid: 330
[2026-03-29 21:32:05 +0000] [331] [INFO] Booting worker with pid: 331
[2026-03-29 21:32:05 +0000] [318] [INFO] Started server process [318]
[2026-03-29 21:32:05 +0000] [318] [INFO] Waiting for application startup.
[2026-03-29 21:32:05 +0000] [318] [INFO] Application startup complete.
[2026-03-29 21:32:05 +0000] [333] [INFO] Booting worker with pid: 333
[2026-03-29 21:32:05 +0000] [335] [INFO] Booting worker with pid: 335
[2026-03-29 21:32:05 +0000] [321] [INFO] Started server process [321]
[2026-03-29 21:32:05 +0000] [321] [INFO] Waiting for application startup.
[2026-03-29 21:32:05 +0000] [321] [INFO] Application startup complete.
[2026-03-29 21:32:05 +0000] [337] [INFO] Booting worker with pid: 337
[2026-03-29 21:32:05 +0000] [324] [INFO] Started server process [324]
[2026-03-29 21:32:05 +0000] [324] [INFO] Waiting for application startup.
[2026-03-29 21:32:05 +0000] [324] [INFO] Application startup complete.
[2026-03-29 21:32:05 +0000] [338] [INFO] Booting worker with pid: 338
[2026-03-29 21:32:05 +0000] [339] [INFO] Booting worker with pid: 339
[2026-03-29 21:32:05 +0000] [340] [INFO] Booting worker with pid: 340
[2026-03-29 21:32:06 +0000] [327] [INFO] Started server process [327]
[2026-03-29 21:32:06 +0000] [327] [INFO] Waiting for application startup.
[2026-03-29 21:32:06 +0000] [327] [INFO] Application startup complete.
[2026-03-29 21:32:06 +0000] [342] [INFO] Booting worker with pid: 342
[2026-03-29 21:32:06 +0000] [343] [INFO] Booting worker with pid: 343
[2026-03-29 21:32:06 +0000] [346] [INFO] Booting worker with pid: 346
[2026-03-29 21:32:06 +0000] [330] [INFO] Started server process [330]
[2026-03-29 21:32:06 +0000] [330] [INFO] Waiting for application startup.
[2026-03-29 21:32:06 +0000] [330] [INFO] Application startup complete.
[2026-03-29 21:32:06 +0000] [347] [INFO] Booting worker with pid: 347
[2026-03-29 21:32:06 +0000] [328] [INFO] Started server process [328]
[2026-03-29 21:32:06 +0000] [328] [INFO] Waiting for application startup.
[2026-03-29 21:32:06 +0000] [328] [INFO] Application startup complete.
[2026-03-29 21:32:06 +0000] [349] [INFO] Booting worker with pid: 349
[2026-03-29 21:32:06 +0000] [351] [INFO] Booting worker with pid: 351
[2026-03-29 21:32:06 +0000] [352] [INFO] Booting worker with pid: 352
[2026-03-29 21:32:06 +0000] [325] [INFO] Started server process [325]
[2026-03-29 21:32:06 +0000] [337] [INFO] Started server process [337]
[2026-03-29 21:32:06 +0000] [337] [INFO] Waiting for application startup.
[2026-03-29 21:32:06 +0000] [337] [INFO] Application startup complete.
[2026-03-29 21:32:06 +0000] [325] [INFO] Waiting for application startup.
[2026-03-29 21:32:06 +0000] [325] [INFO] Application startup complete.
[2026-03-29 21:32:06 +0000] [354] [INFO] Booting worker with pid: 354
[2026-03-29 21:32:06 +0000] [331] [INFO] Started server process [331]
[2026-03-29 21:32:06 +0000] [331] [INFO] Waiting for application startup.
[2026-03-29 21:32:06 +0000] [331] [INFO] Application startup complete.
[2026-03-29 21:32:06 +0000] [355] [INFO] Booting worker with pid: 355
[2026-03-29 21:32:06 +0000] [335] [INFO] Started server process [335]
[2026-03-29 21:32:06 +0000] [335] [INFO] Waiting for application startup.
[2026-03-29 21:32:06 +0000] [335] [INFO] Application startup complete.
[2026-03-29 21:32:06 +0000] [357] [INFO] Booting worker with pid: 357
[2026-03-29 21:32:06 +0000] [333] [INFO] Started server process [333]
[2026-03-29 21:32:06 +0000] [333] [INFO] Waiting for application startup.
[2026-03-29 21:32:06 +0000] [333] [INFO] Application startup complete.
[2026-03-29 21:32:06 +0000] [359] [INFO] Booting worker with pid: 359
[2026-03-29 21:32:06 +0000] [360] [INFO] Booting worker with pid: 360
[2026-03-29 21:32:06 +0000] [361] [INFO] Booting worker with pid: 361
[2026-03-29 21:32:06 +0000] [363] [INFO] Booting worker with pid: 363
[2026-03-29 21:32:06 +0000] [338] [INFO] Started server process [338]
[2026-03-29 21:32:06 +0000] [338] [INFO] Waiting for application startup.
[2026-03-29 21:32:06 +0000] [338] [INFO] Application startup complete.
[2026-03-29 21:32:06 +0000] [364] [INFO] Booting worker with pid: 364
[2026-03-29 21:32:06 +0000] [340] [INFO] Started server process [340]
[2026-03-29 21:32:06 +0000] [340] [INFO] Waiting for application startup.
[2026-03-29 21:32:06 +0000] [340] [INFO] Application startup complete.
[2026-03-29 21:32:06 +0000] [367] [INFO] Booting worker with pid: 367
[2026-03-29 21:32:06 +0000] [329] [INFO] Started server process [329]
[2026-03-29 21:32:06 +0000] [329] [INFO] Waiting for application startup.
[2026-03-29 21:32:06 +0000] [329] [INFO] Application startup complete.
[2026-03-29 21:32:06 +0000] [368] [INFO] Booting worker with pid: 368
[2026-03-29 21:32:06 +0000] [369] [INFO] Booting worker with pid: 369
[2026-03-29 21:32:06 +0000] [370] [INFO] Booting worker with pid: 370
[2026-03-29 21:32:07 +0000] [343] [INFO] Started server process [343]
[2026-03-29 21:32:07 +0000] [343] [INFO] Waiting for application startup.
[2026-03-29 21:32:07 +0000] [343] [INFO] Application startup complete.
[2026-03-29 21:32:07 +0000] [372] [INFO] Booting worker with pid: 372
[2026-03-29 21:32:07 +0000] [374] [INFO] Booting worker with pid: 374
[2026-03-29 21:32:07 +0000] [375] [INFO] Booting worker with pid: 375
[2026-03-29 21:32:07 +0000] [376] [INFO] Booting worker with pid: 376
[2026-03-29 21:32:07 +0000] [339] [INFO] Started server process [339]
[2026-03-29 21:32:07 +0000] [339] [INFO] Waiting for application startup.
[2026-03-29 21:32:07 +0000] [339] [INFO] Application startup complete.
[2026-03-29 21:32:07 +0000] [364] [INFO] Started server process [364]
[2026-03-29 21:32:07 +0000] [364] [INFO] Waiting for application startup.
[2026-03-29 21:32:07 +0000] [364] [INFO] Application startup complete.
[2026-03-29 21:32:07 +0000] [378] [INFO] Booting worker with pid: 378
[2026-03-29 21:32:07 +0000] [379] [INFO] Booting worker with pid: 379
[2026-03-29 21:32:07 +0000] [380] [INFO] Booting worker with pid: 380
[2026-03-29 21:32:07 +0000] [381] [INFO] Booting worker with pid: 381
[2026-03-29 21:32:07 +0000] [382] [INFO] Booting worker with pid: 382
[2026-03-29 21:32:07 +0000] [370] [INFO] Started server process [370]
[2026-03-29 21:32:07 +0000] [370] [INFO] Waiting for application startup.
[2026-03-29 21:32:07 +0000] [370] [INFO] Application startup complete.
[2026-03-29 21:32:07 +0000] [384] [INFO] Booting worker with pid: 384
[2026-03-29 21:32:07 +0000] [387] [INFO] Booting worker with pid: 387
[2026-03-29 21:32:07 +0000] [388] [INFO] Booting worker with pid: 388
[2026-03-29 21:32:07 +0000] [349] [INFO] Started server process [349]
[2026-03-29 21:32:07 +0000] [349] [INFO] Waiting for application startup.
[2026-03-29 21:32:07 +0000] [349] [INFO] Application startup complete.
[2026-03-29 21:32:07 +0000] [351] [INFO] Started server process [351]
[2026-03-29 21:32:07 +0000] [351] [INFO] Waiting for application startup.
[2026-03-29 21:32:07 +0000] [351] [INFO] Application startup complete.
[2026-03-29 21:32:07 +0000] [367] [INFO] Started server process [367]
[2026-03-29 21:32:07 +0000] [367] [INFO] Waiting for application startup.
[2026-03-29 21:32:07 +0000] [367] [INFO] Application startup complete.
[2026-03-29 21:32:07 +0000] [390] [INFO] Booting worker with pid: 390
[2026-03-29 21:32:07 +0000] [346] [INFO] Started server process [346]
[2026-03-29 21:32:07 +0000] [346] [INFO] Waiting for application startup.
[2026-03-29 21:32:07 +0000] [346] [INFO] Application startup complete.
[2026-03-29 21:32:07 +0000] [395] [INFO] Booting worker with pid: 395
[2026-03-29 21:32:07 +0000] [375] [INFO] Started server process [375]
[2026-03-29 21:32:07 +0000] [375] [INFO] Waiting for application startup.
[2026-03-29 21:32:07 +0000] [375] [INFO] Application startup complete.
[2026-03-29 21:32:07 +0000] [396] [INFO] Booting worker with pid: 396
[2026-03-29 21:32:07 +0000] [342] [INFO] Started server process [342]
[2026-03-29 21:32:07 +0000] [342] [INFO] Waiting for application startup.
[2026-03-29 21:32:07 +0000] [342] [INFO] Application startup complete.
[2026-03-29 21:32:07 +0000] [380] [INFO] Started server process [380]
[2026-03-29 21:32:07 +0000] [380] [INFO] Waiting for application startup.
[2026-03-29 21:32:07 +0000] [380] [INFO] Application startup complete.
[2026-03-29 21:32:07 +0000] [398] [INFO] Booting worker with pid: 398
[2026-03-29 21:32:07 +0000] [399] [INFO] Booting worker with pid: 399
[2026-03-29 21:32:08 +0000] [369] [INFO] Started server process [369]
[2026-03-29 21:32:08 +0000] [369] [INFO] Waiting for application startup.
[2026-03-29 21:32:08 +0000] [369] [INFO] Application startup complete.
[2026-03-29 21:32:08 +0000] [400] [INFO] Booting worker with pid: 400
[2026-03-29 21:32:08 +0000] [379] [INFO] Started server process [379]
[2026-03-29 21:32:08 +0000] [379] [INFO] Waiting for application startup.
[2026-03-29 21:32:08 +0000] [379] [INFO] Application startup complete.
[2026-03-29 21:32:08 +0000] [403] [INFO] Booting worker with pid: 403
[2026-03-29 21:32:08 +0000] [404] [INFO] Booting worker with pid: 404
[2026-03-29 21:32:08 +0000] [382] [INFO] Started server process [382]
[2026-03-29 21:32:08 +0000] [382] [INFO] Waiting for application startup.
[2026-03-29 21:32:08 +0000] [382] [INFO] Application startup complete.
[2026-03-29 21:32:08 +0000] [405] [INFO] Booting worker with pid: 405
[2026-03-29 21:32:08 +0000] [347] [INFO] Started server process [347]
[2026-03-29 21:32:08 +0000] [347] [INFO] Waiting for application startup.
[2026-03-29 21:32:08 +0000] [347] [INFO] Application startup complete.
[2026-03-29 21:32:08 +0000] [376] [INFO] Started server process [376]
[2026-03-29 21:32:08 +0000] [376] [INFO] Waiting for application startup.
[2026-03-29 21:32:08 +0000] [376] [INFO] Application startup complete.
[2026-03-29 21:32:08 +0000] [410] [INFO] Booting worker with pid: 410
[2026-03-29 21:32:08 +0000] [384] [INFO] Started server process [384]
[2026-03-29 21:32:08 +0000] [384] [INFO] Waiting for application startup.
[2026-03-29 21:32:08 +0000] [411] [INFO] Booting worker with pid: 411
[2026-03-29 21:32:08 +0000] [384] [INFO] Application startup complete.
[2026-03-29 21:32:08 +0000] [368] [INFO] Started server process [368]
[2026-03-29 21:32:08 +0000] [368] [INFO] Waiting for application startup.
[2026-03-29 21:32:08 +0000] [368] [INFO] Application startup complete.
[2026-03-29 21:32:08 +0000] [414] [INFO] Booting worker with pid: 414
[2026-03-29 21:32:08 +0000] [415] [INFO] Booting worker with pid: 415
[2026-03-29 21:32:08 +0000] [416] [INFO] Booting worker with pid: 416
[2026-03-29 21:32:08 +0000] [352] [INFO] Started server process [352]
[2026-03-29 21:32:08 +0000] [352] [INFO] Waiting for application startup.
[2026-03-29 21:32:08 +0000] [352] [INFO] Application startup complete.
[2026-03-29 21:32:08 +0000] [418] [INFO] Booting worker with pid: 418
[2026-03-29 21:32:08 +0000] [363] [INFO] Started server process [363]
[2026-03-29 21:32:08 +0000] [363] [INFO] Waiting for application startup.
[2026-03-29 21:32:08 +0000] [363] [INFO] Application startup complete.
[2026-03-29 21:32:08 +0000] [355] [INFO] Started server process [355]
[2026-03-29 21:32:08 +0000] [355] [INFO] Waiting for application startup.
[2026-03-29 21:32:08 +0000] [355] [INFO] Application startup complete.
[2026-03-29 21:32:08 +0000] [421] [INFO] Booting worker with pid: 421
[2026-03-29 21:32:08 +0000] [423] [INFO] Booting worker with pid: 423
[2026-03-29 21:32:08 +0000] [372] [INFO] Started server process [372]
[2026-03-29 21:32:08 +0000] [372] [INFO] Waiting for application startup.
[2026-03-29 21:32:08 +0000] [372] [INFO] Application startup complete.
[2026-03-29 21:32:08 +0000] [354] [INFO] Started server process [354]
[2026-03-29 21:32:08 +0000] [354] [INFO] Waiting for application startup.
[2026-03-29 21:32:08 +0000] [354] [INFO] Application startup complete.
[2026-03-29 21:32:08 +0000] [425] [INFO] Booting worker with pid: 425
[2026-03-29 21:32:08 +0000] [357] [INFO] Started server process [357]
[2026-03-29 21:32:08 +0000] [357] [INFO] Waiting for application startup.
[2026-03-29 21:32:08 +0000] [357] [INFO] Application startup complete.
[2026-03-29 21:32:08 +0000] [360] [INFO] Started server process [360]
[2026-03-29 21:32:08 +0000] [360] [INFO] Waiting for application startup.
[2026-03-29 21:32:08 +0000] [360] [INFO] Application startup complete.
[2026-03-29 21:32:08 +0000] [428] [INFO] Booting worker with pid: 428
[2026-03-29 21:32:08 +0000] [405] [INFO] Started server process [405]
[2026-03-29 21:32:08 +0000] [405] [INFO] Waiting for application startup.
[2026-03-29 21:32:08 +0000] [405] [INFO] Application startup complete.
[2026-03-29 21:32:08 +0000] [430] [INFO] Booting worker with pid: 430
[2026-03-29 21:32:08 +0000] [359] [INFO] Started server process [359]
[2026-03-29 21:32:08 +0000] [359] [INFO] Waiting for application startup.
[2026-03-29 21:32:08 +0000] [359] [INFO] Application startup complete.
[2026-03-29 21:32:08 +0000] [361] [INFO] Started server process [361]
[2026-03-29 21:32:08 +0000] [361] [INFO] Waiting for application startup.
[2026-03-29 21:32:08 +0000] [361] [INFO] Application startup complete.
[2026-03-29 21:32:08 +0000] [404] [INFO] Started server process [404]
[2026-03-29 21:32:08 +0000] [404] [INFO] Waiting for application startup.
[2026-03-29 21:32:08 +0000] [404] [INFO] Application startup complete.
[2026-03-29 21:32:08 +0000] [432] [INFO] Booting worker with pid: 432
[2026-03-29 21:32:08 +0000] [434] [INFO] Booting worker with pid: 434
[2026-03-29 21:32:08 +0000] [435] [INFO] Booting worker with pid: 435
[2026-03-29 21:32:08 +0000] [387] [INFO] Started server process [387]
[2026-03-29 21:32:08 +0000] [387] [INFO] Waiting for application startup.
[2026-03-29 21:32:08 +0000] [387] [INFO] Application startup complete.
[2026-03-29 21:32:08 +0000] [436] [INFO] Booting worker with pid: 436
[2026-03-29 21:32:09 +0000] [439] [INFO] Booting worker with pid: 439
[2026-03-29 21:32:09 +0000] [440] [INFO] Booting worker with pid: 440
[2026-03-29 21:32:09 +0000] [441] [INFO] Booting worker with pid: 441
[2026-03-29 21:32:09 +0000] [381] [INFO] Started server process [381]
[2026-03-29 21:32:09 +0000] [381] [INFO] Waiting for application startup.
[2026-03-29 21:32:09 +0000] [381] [INFO] Application startup complete.
[2026-03-29 21:32:09 +0000] [442] [INFO] Booting worker with pid: 442
[2026-03-29 21:32:09 +0000] [374] [INFO] Started server process [374]
[2026-03-29 21:32:09 +0000] [374] [INFO] Waiting for application startup.
[2026-03-29 21:32:09 +0000] [374] [INFO] Application startup complete.
[2026-03-29 21:32:09 +0000] [403] [INFO] Started server process [403]
[2026-03-29 21:32:09 +0000] [403] [INFO] Waiting for application startup.
[2026-03-29 21:32:09 +0000] [403] [INFO] Application startup complete.
[2026-03-29 21:32:09 +0000] [414] [INFO] Started server process [414]
[2026-03-29 21:32:09 +0000] [414] [INFO] Waiting for application startup.
[2026-03-29 21:32:09 +0000] [414] [INFO] Application startup complete.
[2026-03-29 21:32:09 +0000] [434] [INFO] Started server process [434]
[2026-03-29 21:32:09 +0000] [434] [INFO] Waiting for application startup.
[2026-03-29 21:32:09 +0000] [434] [INFO] Application startup complete.
[2026-03-29 21:32:09 +0000] [400] [INFO] Started server process [400]
[2026-03-29 21:32:09 +0000] [400] [INFO] Waiting for application startup.
[2026-03-29 21:32:09 +0000] [400] [INFO] Application startup complete.
[2026-03-29 21:32:09 +0000] [388] [INFO] Started server process [388]
[2026-03-29 21:32:09 +0000] [388] [INFO] Waiting for application startup.
[2026-03-29 21:32:09 +0000] [388] [INFO] Application startup complete.
[2026-03-29 21:32:09 +0000] [411] [INFO] Started server process [411]
[2026-03-29 21:32:09 +0000] [411] [INFO] Waiting for application startup.
[2026-03-29 21:32:09 +0000] [411] [INFO] Application startup complete.
[2026-03-29 21:32:09 +0000] [395] [INFO] Started server process [395]
[2026-03-29 21:32:09 +0000] [395] [INFO] Waiting for application startup.
[2026-03-29 21:32:09 +0000] [395] [INFO] Application startup complete.
[2026-03-29 21:32:09 +0000] [378] [INFO] Started server process [378]
[2026-03-29 21:32:09 +0000] [378] [INFO] Waiting for application startup.
[2026-03-29 21:32:09 +0000] [378] [INFO] Application startup complete.
[2026-03-29 21:32:09 +0000] [439] [INFO] Started server process [439]
[2026-03-29 21:32:09 +0000] [439] [INFO] Waiting for application startup.
[2026-03-29 21:32:09 +0000] [439] [INFO] Application startup complete.
[2026-03-29 21:32:09 +0000] [398] [INFO] Started server process [398]
[2026-03-29 21:32:09 +0000] [398] [INFO] Waiting for application startup.
[2026-03-29 21:32:09 +0000] [398] [INFO] Application startup complete.
[2026-03-29 21:32:09 +0000] [436] [INFO] Started server process [436]
[2026-03-29 21:32:09 +0000] [436] [INFO] Waiting for application startup.
[2026-03-29 21:32:09 +0000] [436] [INFO] Application startup complete.
[2026-03-29 21:32:09 +0000] [455] [INFO] Booting worker with pid: 455
[2026-03-29 21:32:09 +0000] [418] [INFO] Started server process [418]
[2026-03-29 21:32:09 +0000] [418] [INFO] Waiting for application startup.
[2026-03-29 21:32:09 +0000] [418] [INFO] Application startup complete.
[2026-03-29 21:32:09 +0000] [458] [INFO] Booting worker with pid: 458
[2026-03-29 21:32:09 +0000] [396] [INFO] Started server process [396]
[2026-03-29 21:32:09 +0000] [396] [INFO] Waiting for application startup.
[2026-03-29 21:32:09 +0000] [396] [INFO] Application startup complete.
[2026-03-29 21:32:09 +0000] [410] [INFO] Started server process [410]
[2026-03-29 21:32:09 +0000] [410] [INFO] Waiting for application startup.
[2026-03-29 21:32:09 +0000] [410] [INFO] Application startup complete.
[2026-03-29 21:32:09 +0000] [390] [INFO] Started server process [390]
[2026-03-29 21:32:09 +0000] [390] [INFO] Waiting for application startup.
[2026-03-29 21:32:09 +0000] [390] [INFO] Application startup complete.
[2026-03-29 21:32:09 +0000] [435] [INFO] Started server process [435]
[2026-03-29 21:32:09 +0000] [435] [INFO] Waiting for application startup.
[2026-03-29 21:32:09 +0000] [435] [INFO] Application startup complete.
[2026-03-29 21:32:09 +0000] [432] [INFO] Started server process [432]
[2026-03-29 21:32:09 +0000] [432] [INFO] Waiting for application startup.
[2026-03-29 21:32:09 +0000] [432] [INFO] Application startup complete.
[2026-03-29 21:32:09 +0000] [442] [INFO] Started server process [442]
[2026-03-29 21:32:09 +0000] [442] [INFO] Waiting for application startup.
[2026-03-29 21:32:09 +0000] [423] [INFO] Started server process [423]
[2026-03-29 21:32:09 +0000] [423] [INFO] Waiting for application startup.
[2026-03-29 21:32:09 +0000] [442] [INFO] Application startup complete.
[2026-03-29 21:32:09 +0000] [423] [INFO] Application startup complete.
[2026-03-29 21:32:09 +0000] [464] [INFO] Booting worker with pid: 464
[2026-03-29 21:32:09 +0000] [399] [INFO] Started server process [399]
[2026-03-29 21:32:09 +0000] [399] [INFO] Waiting for application startup.
[2026-03-29 21:32:09 +0000] [399] [INFO] Application startup complete.
[2026-03-29 21:32:09 +0000] [468] [INFO] Booting worker with pid: 468
[2026-03-29 21:32:09 +0000] [421] [INFO] Started server process [421]
[2026-03-29 21:32:09 +0000] [421] [INFO] Waiting for application startup.
[2026-03-29 21:32:09 +0000] [421] [INFO] Application startup complete.
[2026-03-29 21:32:09 +0000] [415] [INFO] Started server process [415]
[2026-03-29 21:32:09 +0000] [415] [INFO] Waiting for application startup.
[2026-03-29 21:32:09 +0000] [415] [INFO] Application startup complete.
[2026-03-29 21:32:09 +0000] [471] [INFO] Booting worker with pid: 471
[2026-03-29 21:32:09 +0000] [416] [INFO] Started server process [416]
[2026-03-29 21:32:09 +0000] [416] [INFO] Waiting for application startup.
[2026-03-29 21:32:09 +0000] [416] [INFO] Application startup complete.
[2026-03-29 21:32:09 +0000] [425] [INFO] Started server process [425]
[2026-03-29 21:32:09 +0000] [425] [INFO] Waiting for application startup.
[2026-03-29 21:32:09 +0000] [425] [INFO] Application startup complete.
[2026-03-29 21:32:09 +0000] [428] [INFO] Started server process [428]
[2026-03-29 21:32:09 +0000] [428] [INFO] Waiting for application startup.
[2026-03-29 21:32:09 +0000] [428] [INFO] Application startup complete.
[2026-03-29 21:32:09 +0000] [430] [INFO] Started server process [430]
[2026-03-29 21:32:09 +0000] [430] [INFO] Waiting for application startup.
[2026-03-29 21:32:09 +0000] [430] [INFO] Application startup complete.
[2026-03-29 21:32:09 +0000] [476] [INFO] Booting worker with pid: 476
[2026-03-29 21:32:09 +0000] [441] [INFO] Started server process [441]
[2026-03-29 21:32:09 +0000] [441] [INFO] Waiting for application startup.
[2026-03-29 21:32:09 +0000] [441] [INFO] Application startup complete.
[2026-03-29 21:32:09 +0000] [440] [INFO] Started server process [440]
[2026-03-29 21:32:09 +0000] [440] [INFO] Waiting for application startup.
[2026-03-29 21:32:09 +0000] [440] [INFO] Application startup complete.
[2026-03-29 21:32:09 +0000] [455] [INFO] Started server process [455]
[2026-03-29 21:32:09 +0000] [455] [INFO] Waiting for application startup.
[2026-03-29 21:32:09 +0000] [455] [INFO] Application startup complete.
[2026-03-29 21:32:09 +0000] [458] [INFO] Started server process [458]
[2026-03-29 21:32:09 +0000] [458] [INFO] Waiting for application startup.
[2026-03-29 21:32:09 +0000] [458] [INFO] Application startup complete.
[2026-03-29 21:32:09 +0000] [479] [INFO] Booting worker with pid: 479
[2026-03-29 21:32:10 +0000] [464] [INFO] Started server process [464]
[2026-03-29 21:32:10 +0000] [464] [INFO] Waiting for application startup.
[2026-03-29 21:32:10 +0000] [464] [INFO] Application startup complete.
[2026-03-29 21:32:10 +0000] [468] [INFO] Started server process [468]
[2026-03-29 21:32:10 +0000] [468] [INFO] Waiting for application startup.
[2026-03-29 21:32:10 +0000] [468] [INFO] Application startup complete.
[2026-03-29 21:32:10 +0000] [471] [INFO] Started server process [471]
[2026-03-29 21:32:10 +0000] [471] [INFO] Waiting for application startup.
[2026-03-29 21:32:10 +0000] [471] [INFO] Application startup complete.
[2026-03-29 21:32:10 +0000] [476] [INFO] Started server process [476]
[2026-03-29 21:32:10 +0000] [476] [INFO] Waiting for application startup.
[2026-03-29 21:32:10 +0000] [476] [INFO] Application startup complete.
[2026-03-29 21:32:10 +0000] [484] [INFO] Booting worker with pid: 484
[2026-03-29 21:32:10 +0000] [479] [INFO] Started server process [479]
[2026-03-29 21:32:10 +0000] [479] [INFO] Waiting for application startup.
[2026-03-29 21:32:10 +0000] [479] [INFO] Application startup complete.
[2026-03-29 21:32:10 +0000] [486] [INFO] Booting worker with pid: 486
[2026-03-29 21:32:10 +0000] [487] [INFO] Booting worker with pid: 487
[2026-03-29 21:32:10 +0000] [488] [INFO] Booting worker with pid: 488
[2026-03-29 21:32:10 +0000] [489] [INFO] Booting worker with pid: 489
[2026-03-29 21:32:10 +0000] [484] [INFO] Started server process [484]
[2026-03-29 21:32:10 +0000] [484] [INFO] Waiting for application startup.
[2026-03-29 21:32:10 +0000] [484] [INFO] Application startup complete.
[2026-03-29 21:32:10 +0000] [486] [INFO] Started server process [486]
[2026-03-29 21:32:10 +0000] [486] [INFO] Waiting for application startup.
[2026-03-29 21:32:10 +0000] [486] [INFO] Application startup complete.
[2026-03-29 21:32:10 +0000] [493] [INFO] Booting worker with pid: 493
[2026-03-29 21:32:10 +0000] [487] [INFO] Started server process [487]
[2026-03-29 21:32:10 +0000] [487] [INFO] Waiting for application startup.
[2026-03-29 21:32:10 +0000] [487] [INFO] Application startup complete.
[2026-03-29 21:32:10 +0000] [494] [INFO] Booting worker with pid: 494
[2026-03-29 21:32:10 +0000] [488] [INFO] Started server process [488]
[2026-03-29 21:32:10 +0000] [488] [INFO] Waiting for application startup.
[2026-03-29 21:32:10 +0000] [488] [INFO] Application startup complete.
[2026-03-29 21:32:10 +0000] [496] [INFO] Booting worker with pid: 496
[2026-03-29 21:32:10 +0000] [489] [INFO] Started server process [489]
[2026-03-29 21:32:10 +0000] [489] [INFO] Waiting for application startup.
[2026-03-29 21:32:10 +0000] [489] [INFO] Application startup complete.
[2026-03-29 21:32:10 +0000] [498] [INFO] Booting worker with pid: 498
[2026-03-29 21:32:10 +0000] [499] [INFO] Booting worker with pid: 499
[2026-03-29 21:32:10 +0000] [493] [INFO] Started server process [493]
[2026-03-29 21:32:10 +0000] [493] [INFO] Waiting for application startup.
[2026-03-29 21:32:10 +0000] [493] [INFO] Application startup complete.
[2026-03-29 21:32:10 +0000] [501] [INFO] Booting worker with pid: 501
[2026-03-29 21:32:10 +0000] [502] [INFO] Booting worker with pid: 502
[2026-03-29 21:32:10 +0000] [494] [INFO] Started server process [494]
[2026-03-29 21:32:10 +0000] [494] [INFO] Waiting for application startup.
[2026-03-29 21:32:10 +0000] [494] [INFO] Application startup complete.
[2026-03-29 21:32:10 +0000] [496] [INFO] Started server process [496]
[2026-03-29 21:32:10 +0000] [496] [INFO] Waiting for application startup.
[2026-03-29 21:32:10 +0000] [496] [INFO] Application startup complete.
[2026-03-29 21:32:10 +0000] [505] [INFO] Booting worker with pid: 505
[2026-03-29 21:32:10 +0000] [506] [INFO] Booting worker with pid: 506
[2026-03-29 21:32:11 +0000] [498] [INFO] Started server process [498]
[2026-03-29 21:32:11 +0000] [498] [INFO] Waiting for application startup.
[2026-03-29 21:32:11 +0000] [498] [INFO] Application startup complete.
[2026-03-29 21:32:11 +0000] [499] [INFO] Started server process [499]
[2026-03-29 21:32:11 +0000] [499] [INFO] Waiting for application startup.
[2026-03-29 21:32:11 +0000] [499] [INFO] Application startup complete.
[2026-03-29 21:32:11 +0000] [510] [INFO] Booting worker with pid: 510
[2026-03-29 21:32:11 +0000] [501] [INFO] Started server process [501]
[2026-03-29 21:32:11 +0000] [501] [INFO] Waiting for application startup.
[2026-03-29 21:32:11 +0000] [501] [INFO] Application startup complete.
[2026-03-29 21:32:11 +0000] [502] [INFO] Started server process [502]
[2026-03-29 21:32:11 +0000] [502] [INFO] Waiting for application startup.
[2026-03-29 21:32:11 +0000] [502] [INFO] Application startup complete.
[2026-03-29 21:32:11 +0000] [512] [INFO] Booting worker with pid: 512
[2026-03-29 21:32:11 +0000] [513] [INFO] Booting worker with pid: 513
[2026-03-29 21:32:11 +0000] [505] [INFO] Started server process [505]
[2026-03-29 21:32:11 +0000] [505] [INFO] Waiting for application startup.
[2026-03-29 21:32:11 +0000] [505] [INFO] Application startup complete.
[2026-03-29 21:32:11 +0000] [506] [INFO] Started server process [506]
[2026-03-29 21:32:11 +0000] [506] [INFO] Waiting for application startup.
[2026-03-29 21:32:11 +0000] [506] [INFO] Application startup complete.
[2026-03-29 21:32:11 +0000] [510] [INFO] Started server process [510]
[2026-03-29 21:32:11 +0000] [510] [INFO] Waiting for application startup.
[2026-03-29 21:32:11 +0000] [510] [INFO] Application startup complete.
[2026-03-29 21:32:11 +0000] [512] [INFO] Started server process [512]
[2026-03-29 21:32:11 +0000] [512] [INFO] Waiting for application startup.
[2026-03-29 21:32:11 +0000] [512] [INFO] Application startup complete.
[2026-03-29 21:32:11 +0000] [513] [INFO] Started server process [513]
[2026-03-29 21:32:11 +0000] [513] [INFO] Waiting for application startup.
[2026-03-29 21:32:11 +0000] [513] [INFO] Application startup complete.
