2026-03-29T21:53:25.721856Z   INFO - kemal: [production] Kemal is ready to lead at http://0.0.0.0:8080
2026-03-29T21:53:25.725557Z   INFO - kemal: [production] Kemal is ready to lead at http://0.0.0.0:8080
2026-03-29T21:53:25.725629Z   INFO - kemal: [production] Kemal is ready to lead at http://0.0.0.0:8080
2026-03-29T21:53:25.729779Z   INFO - kemal: [production] Kemal is ready to lead at http://0.0.0.0:8080
2026-03-29T21:53:25.730223Z   INFO - kemal: [production] Kemal is ready to lead at http://0.0.0.0:8080
2026-03-29T21:53:25.730812Z   INFO - kemal: [production] Kemal is ready to lead at http://0.0.0.0:8080
2026-03-29T21:53:25.731364Z   INFO - kemal: [production] Kemal is ready to lead at http://0.0.0.0:8080
2026-03-29T21:53:25.731421Z   INFO - kemal: [production] Kemal is ready to lead at http://0.0.0.0:8080
2026-03-29T21:53:25.731568Z   INFO - kemal: [production] Kemal is ready to lead at http://0.0.0.0:8080
2026-03-29T21:53:25.731663Z   INFO - kemal: [production] Kemal is ready to lead at http://0.0.0.0:8080
2026-03-29T21:53:25.733260Z   INFO - kemal: [production] Kemal is ready to lead at http://0.0.0.0:8080
2026-03-29T21:53:25.733345Z   INFO - kemal: [production] Kemal is ready to lead at http://0.0.0.0:8080
2026-03-29T21:53:25.734346Z   INFO - kemal: [production] Kemal is ready to lead at http://0.0.0.0:8080
2026-03-29T21:53:25.734686Z   INFO - kemal: [production] Kemal is ready to lead at http://0.0.0.0:8080
2026-03-29T21:53:25.734727Z   INFO - kemal: [production] Kemal is ready to lead at http://0.0.0.0:8080
2026-03-29T21:53:25.734957Z   INFO - kemal: [production] Kemal is ready to lead at http://0.0.0.0:8080
2026-03-29T21:53:25.735369Z   INFO - kemal: [production] Kemal is ready to lead at http://0.0.0.0:8080
2026-03-29T21:53:25.735522Z   INFO - kemal: [production] Kemal is ready to lead at http://0.0.0.0:8080
2026-03-29T21:53:25.736038Z   INFO - kemal: [production] Kemal is ready to lead at http://0.0.0.0:8080
2026-03-29T21:53:25.736118Z   INFO - kemal: [production] Kemal is ready to lead at http://0.0.0.0:8080
2026-03-29T21:53:25.736385Z   INFO - kemal: [production] Kemal is ready to lead at http://0.0.0.0:8080
2026-03-29T21:53:25.736597Z   INFO - kemal: [production] Kemal is ready to lead at http://0.0.0.0:8080
2026-03-29T21:53:25.736970Z   INFO - kemal: [production] Kemal is ready to lead at http://0.0.0.0:8080
2026-03-29T21:53:25.736990Z   INFO - kemal: [production] Kemal is ready to lead at http://0.0.0.0:8080
2026-03-29T21:53:25.737191Z   INFO - kemal: [production] Kemal is ready to lead at http://0.0.0.0:8080
2026-03-29T21:53:25.737425Z   INFO - kemal: [production] Kemal is ready to lead at http://0.0.0.0:8080
2026-03-29T21:53:25.737520Z   INFO - kemal: [production] Kemal is ready to lead at http://0.0.0.0:8080
2026-03-29T21:53:25.737593Z   INFO - kemal: [production] Kemal is ready to lead at http://0.0.0.0:8080
2026-03-29T21:53:25.737800Z   INFO - kemal: [production] Kemal is ready to lead at http://0.0.0.0:8080
2026-03-29T21:53:25.737867Z   INFO - kemal: [production] Kemal is ready to lead at http://0.0.0.0:8080
2026-03-29T21:53:25.738031Z   INFO - kemal: [production] Kemal is ready to lead at http://0.0.0.0:8080
2026-03-29T21:53:25.738226Z   INFO - kemal: [production] Kemal is ready to lead at http://0.0.0.0:8080
2026-03-29T21:53:25.738427Z   INFO - kemal: [production] Kemal is ready to lead at http://0.0.0.0:8080
2026-03-29T21:53:25.738911Z   INFO - kemal: [production] Kemal is ready to lead at http://0.0.0.0:8080
2026-03-29T21:53:25.739736Z   INFO - kemal: [production] Kemal is ready to lead at http://0.0.0.0:8080
2026-03-29T21:53:25.739911Z   INFO - kemal: [production] Kemal is ready to lead at http://0.0.0.0:8080
2026-03-29T21:53:25.740086Z   INFO - kemal: [production] Kemal is ready to lead at http://0.0.0.0:8080
2026-03-29T21:53:25.740584Z   INFO - kemal: [production] Kemal is ready to lead at http://0.0.0.0:8080
2026-03-29T21:53:25.740772Z   INFO - kemal: [production] Kemal is ready to lead at http://0.0.0.0:8080
2026-03-29T21:53:25.741054Z   INFO - kemal: [production] Kemal is ready to lead at http://0.0.0.0:8080
2026-03-29T21:53:25.741186Z   INFO - kemal: [production] Kemal is ready to lead at http://0.0.0.0:8080
2026-03-29T21:53:25.741246Z   INFO - kemal: [production] Kemal is ready to lead at http://0.0.0.0:8080
2026-03-29T21:53:25.741398Z   INFO - kemal: [production] Kemal is ready to lead at http://0.0.0.0:8080
2026-03-29T21:53:25.741900Z   INFO - kemal: [production] Kemal is ready to lead at http://0.0.0.0:8080
2026-03-29T21:53:25.743130Z   INFO - kemal: [production] Kemal is ready to lead at http://0.0.0.0:8080
2026-03-29T21:53:25.743475Z   INFO - kemal: [production] Kemal is ready to lead at http://0.0.0.0:8080
2026-03-29T21:53:25.743869Z   INFO - kemal: [production] Kemal is ready to lead at http://0.0.0.0:8080
2026-03-29T21:53:25.743884Z   INFO - kemal: [production] Kemal is ready to lead at http://0.0.0.0:8080
2026-03-29T21:53:25.744366Z   INFO - kemal: [production] Kemal is ready to lead at http://0.0.0.0:8080
2026-03-29T21:53:25.744569Z   INFO - kemal: [production] Kemal is ready to lead at http://0.0.0.0:8080
2026-03-29T21:53:25.744800Z   INFO - kemal: [production] Kemal is ready to lead at http://0.0.0.0:8080
2026-03-29T21:53:25.744826Z   INFO - kemal: [production] Kemal is ready to lead at http://0.0.0.0:8080
2026-03-29T21:53:25.745158Z   INFO - kemal: [production] Kemal is ready to lead at http://0.0.0.0:8080
2026-03-29T21:53:25.745494Z   INFO - kemal: [production] Kemal is ready to lead at http://0.0.0.0:8080
2026-03-29T21:53:25.745547Z   INFO - kemal: [production] Kemal is ready to lead at http://0.0.0.0:8080
2026-03-29T21:53:25.745530Z   INFO - kemal: [production] Kemal is ready to lead at http://0.0.0.0:8080
2026-03-29T21:53:25.746087Z   INFO - kemal: [production] Kemal is ready to lead at http://0.0.0.0:8080
2026-03-29T21:53:25.746064Z   INFO - kemal: [production] Kemal is ready to lead at http://0.0.0.0:8080
2026-03-29T21:53:25.746341Z   INFO - kemal: [production] Kemal is ready to lead at http://0.0.0.0:8080
2026-03-29T21:53:25.746426Z   INFO - kemal: [production] Kemal is ready to lead at http://0.0.0.0:8080
2026-03-29T21:53:25.746390Z   INFO - kemal: [production] Kemal is ready to lead at http://0.0.0.0:8080
2026-03-29T21:53:25.746913Z   INFO - kemal: [production] Kemal is ready to lead at http://0.0.0.0:8080
2026-03-29T21:53:25.746905Z   INFO - kemal: [production] Kemal is ready to lead at http://0.0.0.0:8080
2026-03-29T21:53:25.746985Z   INFO - kemal: [production] Kemal is ready to lead at http://0.0.0.0:8080
2026-03-29T21:53:25.746989Z   INFO - kemal: [production] Kemal is ready to lead at http://0.0.0.0:8080
2026-03-29T21:53:25.747047Z   INFO - kemal: [production] Kemal is ready to lead at http://0.0.0.0:8080
2026-03-29T21:53:25.747052Z   INFO - kemal: [production] Kemal is ready to lead at http://0.0.0.0:8080
2026-03-29T21:53:25.747093Z   INFO - kemal: [production] Kemal is ready to lead at http://0.0.0.0:8080
2026-03-29T21:53:25.747286Z   INFO - kemal: [production] Kemal is ready to lead at http://0.0.0.0:8080
2026-03-29T21:53:25.747321Z   INFO - kemal: [production] Kemal is ready to lead at http://0.0.0.0:8080
2026-03-29T21:53:25.747750Z   INFO - kemal: [production] Kemal is ready to lead at http://0.0.0.0:8080
2026-03-29T21:53:25.748554Z   INFO - kemal: [production] Kemal is ready to lead at http://0.0.0.0:8080
2026-03-29T21:53:25.748979Z   INFO - kemal: [production] Kemal is ready to lead at http://0.0.0.0:8080
2026-03-29T21:53:25.749202Z   INFO - kemal: [production] Kemal is ready to lead at http://0.0.0.0:8080
2026-03-29T21:53:25.749835Z   INFO - kemal: [production] Kemal is ready to lead at http://0.0.0.0:8080
2026-03-29T21:53:25.749966Z   INFO - kemal: [production] Kemal is ready to lead at http://0.0.0.0:8080
2026-03-29T21:53:25.750221Z   INFO - kemal: [production] Kemal is ready to lead at http://0.0.0.0:8080
2026-03-29T21:53:25.750266Z   INFO - kemal: [production] Kemal is ready to lead at http://0.0.0.0:8080
2026-03-29T21:53:25.750264Z   INFO - kemal: [production] Kemal is ready to lead at http://0.0.0.0:8080
2026-03-29T21:53:25.750666Z   INFO - kemal: [production] Kemal is ready to lead at http://0.0.0.0:8080
2026-03-29T21:53:25.750944Z   INFO - kemal: [production] Kemal is ready to lead at http://0.0.0.0:8080
2026-03-29T21:53:25.751203Z   INFO - kemal: [production] Kemal is ready to lead at http://0.0.0.0:8080
2026-03-29T21:53:25.751292Z   INFO - kemal: [production] Kemal is ready to lead at http://0.0.0.0:8080
2026-03-29T21:53:25.752304Z   INFO - kemal: [production] Kemal is ready to lead at http://0.0.0.0:8080
2026-03-29T21:53:25.752360Z   INFO - kemal: [production] Kemal is ready to lead at http://0.0.0.0:8080
2026-03-29T21:53:25.752435Z   INFO - kemal: [production] Kemal is ready to lead at http://0.0.0.0:8080
2026-03-29T21:53:25.752750Z   INFO - kemal: [production] Kemal is ready to lead at http://0.0.0.0:8080
2026-03-29T21:53:25.752966Z   INFO - kemal: [production] Kemal is ready to lead at http://0.0.0.0:8080
2026-03-29T21:53:25.753083Z   INFO - kemal: [production] Kemal is ready to lead at http://0.0.0.0:8080
2026-03-29T21:53:25.753323Z   INFO - kemal: [production] Kemal is ready to lead at http://0.0.0.0:8080
2026-03-29T21:53:25.753410Z   INFO - kemal: [production] Kemal is ready to lead at http://0.0.0.0:8080
2026-03-29T21:53:25.753566Z   INFO - kemal: [production] Kemal is ready to lead at http://0.0.0.0:8080
2026-03-29T21:53:25.753597Z   INFO - kemal: [production] Kemal is ready to lead at http://0.0.0.0:8080
2026-03-29T21:53:25.753947Z   INFO - kemal: [production] Kemal is ready to lead at http://0.0.0.0:8080
2026-03-29T21:53:25.754373Z   INFO - kemal: [production] Kemal is ready to lead at http://0.0.0.0:8080
2026-03-29T21:53:25.754699Z   INFO - kemal: [production] Kemal is ready to lead at http://0.0.0.0:8080
2026-03-29T21:53:25.754733Z   INFO - kemal: [production] Kemal is ready to lead at http://0.0.0.0:8080
2026-03-29T21:53:25.754887Z   INFO - kemal: [production] Kemal is ready to lead at http://0.0.0.0:8080
2026-03-29T21:53:25.755064Z   INFO - kemal: [production] Kemal is ready to lead at http://0.0.0.0:8080
2026-03-29T21:53:25.755472Z   INFO - kemal: [production] Kemal is ready to lead at http://0.0.0.0:8080
2026-03-29T21:53:25.755590Z   INFO - kemal: [production] Kemal is ready to lead at http://0.0.0.0:8080
2026-03-29T21:53:25.755918Z   INFO - kemal: [production] Kemal is ready to lead at http://0.0.0.0:8080
2026-03-29T21:53:25.756348Z   INFO - kemal: [production] Kemal is ready to lead at http://0.0.0.0:8080
2026-03-29T21:53:25.756419Z   INFO - kemal: [production] Kemal is ready to lead at http://0.0.0.0:8080
2026-03-29T21:53:25.756677Z   INFO - kemal: [production] Kemal is ready to lead at http://0.0.0.0:8080
2026-03-29T21:53:25.756783Z   INFO - kemal: [production] Kemal is ready to lead at http://0.0.0.0:8080
2026-03-29T21:53:25.756927Z   INFO - kemal: [production] Kemal is ready to lead at http://0.0.0.0:8080
2026-03-29T21:53:25.756991Z   INFO - kemal: [production] Kemal is ready to lead at http://0.0.0.0:8080
2026-03-29T21:53:25.757053Z   INFO - kemal: [production] Kemal is ready to lead at http://0.0.0.0:8080
2026-03-29T21:53:25.757521Z   INFO - kemal: [production] Kemal is ready to lead at http://0.0.0.0:8080
2026-03-29T21:53:25.757855Z   INFO - kemal: [production] Kemal is ready to lead at http://0.0.0.0:8080
2026-03-29T21:53:25.758154Z   INFO - kemal: [production] Kemal is ready to lead at http://0.0.0.0:8080
2026-03-29T21:53:25.758264Z   INFO - kemal: [production] Kemal is ready to lead at http://0.0.0.0:8080
2026-03-29T21:53:25.758858Z   INFO - kemal: [production] Kemal is ready to lead at http://0.0.0.0:8080
2026-03-29T21:53:25.759157Z   INFO - kemal: [production] Kemal is ready to lead at http://0.0.0.0:8080
2026-03-29T21:53:25.759194Z   INFO - kemal: [production] Kemal is ready to lead at http://0.0.0.0:8080
2026-03-29T21:53:25.759438Z   INFO - kemal: [production] Kemal is ready to lead at http://0.0.0.0:8080
2026-03-29T21:53:25.759504Z   INFO - kemal: [production] Kemal is ready to lead at http://0.0.0.0:8080
2026-03-29T21:53:25.759540Z   INFO - kemal: [production] Kemal is ready to lead at http://0.0.0.0:8080
2026-03-29T21:53:25.759613Z   INFO - kemal: [production] Kemal is ready to lead at http://0.0.0.0:8080
2026-03-29T21:53:25.759980Z   INFO - kemal: [production] Kemal is ready to lead at http://0.0.0.0:8080
2026-03-29T21:53:25.760383Z   INFO - kemal: [production] Kemal is ready to lead at http://0.0.0.0:8080
2026-03-29T21:53:25.760916Z   INFO - kemal: [production] Kemal is ready to lead at http://0.0.0.0:8080
2026-03-29T21:53:25.762092Z   INFO - kemal: [production] Kemal is ready to lead at http://0.0.0.0:8080
2026-03-29T21:53:25.762178Z   INFO - kemal: [production] Kemal is ready to lead at http://0.0.0.0:8080
2026-03-29T21:53:25.763398Z   INFO - kemal: [production] Kemal is ready to lead at http://0.0.0.0:8080
2026-03-29T21:53:25.770089Z   INFO - kemal: [production] Kemal is ready to lead at http://0.0.0.0:8080
2026-03-29T21:53:25.775182Z   INFO - kemal: [production] Kemal is ready to lead at http://0.0.0.0:8080
2026-03-29T21:53:27.422412Z  ERROR - kemal: Error while writing data to the client
Error while writing data to the client (HTTP::Server::ClientError)
  from /app/server in '??'
  from /app/server in '??'
  from /app/server in '??'
  from /app/server in '??'
  from /app/server in '??'
  from /app/server in '??'
  from /app/server in '??'
  from /app/server in '??'
  from /app/server in '??'
  from /app/server in '??'
  from ???
Caused by: Error writing to socket (#<TCPSocket:0x7142aca22260>): Connection reset by peer (IO::Error)
  from /app/server in '??'
  from /app/server in '??'
  from /app/server in '??'
  from /app/server in '??'
  from /app/server in '??'
  from /app/server in '??'
  from /app/server in '??'
  from /app/server in '??'
  from /app/server in '??'
  from /app/server in '??'
  from /app/server in '??'
  from ???

2026-03-29T21:53:27.422442Z  ERROR - http.server: Unhandled exception on HTTP::Handler
Closed stream (IO::Error)
  from /app/server in '??'
  from /app/server in '??'
  from /app/server in '??'
  from /app/server in '??'
  from /app/server in '??'
  from /app/server in '??'
  from /app/server in '??'
  from /app/server in '??'
  from ???

2026-03-29T21:53:27.457372Z  ERROR - kemal: Error while writing data to the client
Error while writing data to the client (HTTP::Server::ClientError)
  from /app/server in '??'
  from /app/server in '??'
  from /app/server in '??'
  from /app/server in '??'
  from /app/server in '??'
  from /app/server in '??'
  from /app/server in '??'
  from /app/server in '??'
  from /app/server in '??'
  from /app/server in '??'
  from ???
Caused by: Error writing to socket (#<TCPSocket:0x75cf5969a260>): Connection reset by peer (IO::Error)
  from /app/server in '??'
  from /app/server in '??'
  from /app/server in '??'
  from /app/server in '??'
  from /app/server in '??'
  from /app/server in '??'
  from /app/server in '??'
  from /app/server in '??'
  from /app/server in '??'
  from /app/server in '??'
  from /app/server in '??'
  from ???

2026-03-29T21:53:27.457403Z  ERROR - http.server: Unhandled exception on HTTP::Handler
Closed stream (IO::Error)
  from /app/server in '??'
  from /app/server in '??'
  from /app/server in '??'
  from /app/server in '??'
  from /app/server in '??'
  from /app/server in '??'
  from /app/server in '??'
  from /app/server in '??'
  from ???

2026-03-29T21:53:31.161915Z  ERROR - kemal: Error while writing data to the client
Error while writing data to the client (HTTP::Server::ClientError)
  from /app/server in '??'
  from /app/server in '??'
  from /app/server in '??'
  from /app/server in '??'
  from /app/server in '??'
  from /app/server in '??'
  from /app/server in '??'
  from /app/server in '??'
  from /app/server in '??'
  from /app/server in '??'
  from ???
Caused by: Error writing to socket (#<TCPSocket:0x7bb6efab9390>): Connection reset by peer (IO::Error)
  from /app/server in '??'
  from /app/server in '??'
  from /app/server in '??'
  from /app/server in '??'
  from /app/server in '??'
  from /app/server in '??'
  from /app/server in '??'
  from /app/server in '??'
  from /app/server in '??'
  from /app/server in '??'
  from /app/server in '??'
  from ???

2026-03-29T21:53:31.162491Z  ERROR - http.server: Unhandled exception on HTTP::Handler
Closed stream (IO::Error)
  from /app/server in '??'
  from /app/server in '??'
  from /app/server in '??'
  from /app/server in '??'
  from /app/server in '??'
  from /app/server in '??'
  from /app/server in '??'
  from /app/server in '??'
  from ???

2026-03-29T21:53:31.152354Z  ERROR - kemal: Error while writing data to the client
Error while writing data to the client (HTTP::Server::ClientError)
  from /app/server in '??'
  from /app/server in '??'
  from /app/server in '??'
  from /app/server in '??'
  from /app/server in '??'
  from /app/server in '??'
  from /app/server in '??'
  from /app/server in '??'
  from /app/server in '??'
2026-03-29T21:53:31.159812Z  ERROR - kemal: Error while writing data to the client
  from /app/server in '??'
  from ???
Caused by: Error writing to socket (#<TCPSocket:0x7f0e58239260>): Connection reset by peer (IO::Error)
  from /app/server in '??'
  from /app/server in '??'
  from /app/server in '??'
  from /app/server in '??'
  from /app/server in '??'
  from /app/server in '??'
  from /app/server in '??'
  from /app/server in '??'
  from /app/server in '??'
  from /app/server in '??'
  from /app/server in '??'
  from ???

2026-03-29T21:53:31.152383Z  ERROR - http.server: Unhandled exception on HTTP::Handler
Closed stream (IO::Error)
  from /app/server in '??'
  from /app/server in '??'
  from /app/server in '??'
  from /app/server in '??'
  from /app/server in '??'
  from /app/server in '??'
  from /app/server in '??'
  from /app/server in '??'
  from ???

Error while writing data to the client (HTTP::Server::ClientError)
  from /app/server in '??'
  from /app/server in '??'
  from /app/server in '??'
  from /app/server in '??'
  from /app/server in '??'
  from /app/server in '??'
  from /app/server in '??'
  from /app/server in '??'
  from /app/server in '??'
  from /app/server in '??'
  from ???
Caused by: Error writing to socket (#<TCPSocket:0x782c31ff3980>): Connection reset by peer (IO::Error)
  from /app/server in '??'
  from /app/server in '??'
  from /app/server in '??'
  from /app/server in '??'
  from /app/server in '??'
  from /app/server in '??'
  from /app/server in '??'
  from /app/server in '??'
  from /app/server in '??'
  from /app/server in '??'
  from /app/server in '??'
  from ???

2026-03-29T21:53:31.159843Z  ERROR - http.server: Unhandled exception on HTTP::Handler
Closed stream (IO::Error)
  from /app/server in '??'
  from /app/server in '??'
  from /app/server in '??'
  from /app/server in '??'
  from /app/server in '??'
  from /app/server in '??'
  from /app/server in '??'
  from /app/server in '??'
  from ???

2026-03-29T21:53:34.693413Z  ERROR - kemal: Error while writing data to the client
Error while writing data to the client (HTTP::Server::ClientError)
  from /app/server in '??'
  from /app/server in '??'
  from /app/server in '??'
  from /app/server in '??'
  from /app/server in '??'
  from /app/server in '??'
  from /app/server in '??'
  from /app/server in '??'
  from /app/server in '??'
  from /app/server in '??'
  from ???
Caused by: Error writing to socket (#<TCPSocket:0x70b2297f75f0>): Connection reset by peer (IO::Error)
  from /app/server in '??'
  from /app/server in '??'
  from /app/server in '??'
  from /app/server in '??'
  from /app/server in '??'
  from /app/server in '??'
  from /app/server in '??'
  from /app/server in '??'
  from /app/server in '??'
  from /app/server in '??'
  from /app/server in '??'
  from ???

2026-03-29T21:53:34.693443Z  ERROR - http.server: Unhandled exception on HTTP::Handler
Closed stream (IO::Error)
  from /app/server in '??'
  from /app/server in '??'
  from /app/server in '??'
  from /app/server in '??'
  from /app/server in '??'
  from /app/server in '??'
  from /app/server in '??'
  from /app/server in '??'
  from ???

2026-03-29T21:53:37.011360Z  ERROR - kemal: Error while writing data to the client
Error while writing data to the client (HTTP::Server::ClientError)
  from /app/server in '??'
  from /app/server in '??'
  from /app/server in '??'
  from /app/server in '??'
  from /app/server in '??'
  from /app/server in '??'
  from /app/server in '??'
  from /app/server in '??'
  from /app/server in '??'
  from /app/server in '??'
  from ???
Caused by: Error writing to socket (#<TCPSocket:0x73ed7ac9b4c0>): Connection reset by peer (IO::Error)
  from /app/server in '??'
  from /app/server in '??'
  from /app/server in '??'
  from /app/server in '??'
  from /app/server in '??'
  from /app/server in '??'
  from /app/server in '??'
  from /app/server in '??'
  from /app/server in '??'
  from /app/server in '??'
  from /app/server in '??'
  from ???

2026-03-29T21:53:37.011386Z  ERROR - http.server: Unhandled exception on HTTP::Handler
Closed stream (IO::Error)
  from /app/server in '??'
  from /app/server in '??'
  from /app/server in '??'
  from /app/server in '??'
  from /app/server in '??'
  from /app/server in '??'
  from /app/server in '??'
  from /app/server in '??'
  from ???

2026-03-29T21:53:37.359293Z  ERROR - kemal: Error while writing data to the client
Error while writing data to the client (HTTP::Server::ClientError)
  from /app/server in '??'
  from /app/server in '??'
  from /app/server in '??'
  from /app/server in '??'
  from /app/server in '??'
  from /app/server in '??'
  from /app/server in '??'
  from /app/server in '??'
  from /app/server in '??'
  from /app/server in '??'
  from ???
Caused by: Error writing to socket (#<TCPSocket:0x73ed29fd55f0>): Connection reset by peer (IO::Error)
  from /app/server in '??'
  from /app/server in '??'
  from /app/server in '??'
  from /app/server in '??'
  from /app/server in '??'
  from /app/server in '??'
  from /app/server in '??'
  from /app/server in '??'
  from /app/server in '??'
  from /app/server in '??'
  from /app/server in '??'
  from ???

2026-03-29T21:53:37.359320Z  ERROR - http.server: Unhandled exception on HTTP::Handler
Closed stream (IO::Error)
  from /app/server in '??'
  from /app/server in '??'
  from /app/server in '??'
  from /app/server in '??'
  from /app/server in '??'
  from /app/server in '??'
  from /app/server in '??'
  from /app/server in '??'
  from ???

2026-03-29T21:53:37.364422Z  ERROR - kemal: Error while writing data to the client
Error while writing data to the client (HTTP::Server::ClientError)
  from /app/server in '??'
  from /app/server in '??'
  from /app/server in '??'
  from /app/server in '??'
  from /app/server in '??'
  from /app/server in '??'
  from /app/server in '??'
  from /app/server in '??'
  from /app/server in '??'
  from /app/server in '??'
  from ???
Caused by: Error writing to socket (#<TCPSocket:0x7f27a41b64c0>): Connection reset by peer (IO::Error)
  from /app/server in '??'
  from /app/server in '??'
  from /app/server in '??'
  from /app/server in '??'
  from /app/server in '??'
  from /app/server in '??'
  from /app/server in '??'
  from /app/server in '??'
  from /app/server in '??'
  from /app/server in '??'
  from /app/server in '??'
  from ???

2026-03-29T21:53:37.364448Z  ERROR - http.server: Unhandled exception on HTTP::Handler
Closed stream (IO::Error)
  from /app/server in '??'
  from /app/server in '??'
  from /app/server in '??'
  from /app/server in '??'
  from /app/server in '??'
  from /app/server in '??'
  from /app/server in '??'
  from /app/server in '??'
  from ???

2026-03-29T21:53:37.365794Z  ERROR - kemal: Error while writing data to the client
Error while writing data to the client (HTTP::Server::ClientError)
  from /app/server in '??'
  from /app/server in '??'
  from /app/server in '??'
  from /app/server in '??'
  from /app/server in '??'
  from /app/server in '??'
  from /app/server in '??'
  from /app/server in '??'
  from /app/server in '??'
  from /app/server in '??'
  from ???
Caused by: Error writing to socket (#<TCPSocket:0x755d24b304c0>): Connection reset by peer (IO::Error)
  from /app/server in '??'
  from /app/server in '??'
  from /app/server in '??'
  from /app/server in '??'
  from /app/server in '??'
  from /app/server in '??'
  from /app/server in '??'
  from /app/server in '??'
  from /app/server in '??'
  from /app/server in '??'
  from /app/server in '??'
  from ???

2026-03-29T21:53:37.365831Z  ERROR - http.server: Unhandled exception on HTTP::Handler
Closed stream (IO::Error)
  from /app/server in '??'
  from /app/server in '??'
  from /app/server in '??'
  from /app/server in '??'
  from /app/server in '??'
  from /app/server in '??'
  from /app/server in '??'
  from /app/server in '??'
  from ???

2026-03-29T21:53:37.696357Z  ERROR - kemal: Error while writing data to the client
Error while writing data to the client (HTTP::Server::ClientError)
  from /app/server in '??'
  from /app/server in '??'
  from /app/server in '??'
  from /app/server in '??'
  from /app/server in '??'
  from /app/server in '??'
  from /app/server in '??'
  from /app/server in '??'
  from /app/server in '??'
  from /app/server in '??'
  from ???
Caused by: Error writing to socket (#<TCPSocket:0x78333daa8ab0>): Connection reset by peer (IO::Error)
  from /app/server in '??'
  from /app/server in '??'
  from /app/server in '??'
  from /app/server in '??'
  from /app/server in '??'
  from /app/server in '??'
  from /app/server in '??'
  from /app/server in '??'
  from /app/server in '??'
  from /app/server in '??'
  from /app/server in '??'
  from ???

2026-03-29T21:53:37.696391Z  ERROR - http.server: Unhandled exception on HTTP::Handler
Closed stream (IO::Error)
  from /app/server in '??'
  from /app/server in '??'
  from /app/server in '??'
  from /app/server in '??'
  from /app/server in '??'
  from /app/server in '??'
  from /app/server in '??'
  from /app/server in '??'
  from ???

2026-03-29T21:53:38.069312Z  ERROR - kemal: Error while writing data to the client
Error while writing data to the client (HTTP::Server::ClientError)
  from /app/server in '??'
  from /app/server in '??'
  from /app/server in '??'
  from /app/server in '??'
  from /app/server in '??'
  from /app/server in '??'
  from /app/server in '??'
  from /app/server in '??'
  from /app/server in '??'
  from /app/server in '??'
  from ???
Caused by: Error writing to socket (#<TCPSocket:0x7eeddd752130>): Connection reset by peer (IO::Error)
  from /app/server in '??'
  from /app/server in '??'
  from /app/server in '??'
  from /app/server in '??'
  from /app/server in '??'
  from /app/server in '??'
  from /app/server in '??'
  from /app/server in '??'
  from /app/server in '??'
  from /app/server in '??'
  from /app/server in '??'
  from ???

2026-03-29T21:53:38.069343Z  ERROR - http.server: Unhandled exception on HTTP::Handler
Closed stream (IO::Error)
  from /app/server in '??'
  from /app/server in '??'
  from /app/server in '??'
  from /app/server in '??'
  from /app/server in '??'
  from /app/server in '??'
  from /app/server in '??'
  from /app/server in '??'
  from ???

2026-03-29T21:53:38.067329Z  ERROR - kemal: Error while writing data to the client
Error while writing data to the client (HTTP::Server::ClientError)
  from /app/server in '??'
  from /app/server in '??'
  from /app/server in '??'
  from /app/server in '??'
  from /app/server in '??'
  from /app/server in '??'
  from /app/server in '??'
  from /app/server in '??'
  from /app/server in '??'
  from /app/server in '??'
  from ???
Caused by: Error writing to socket (#<TCPSocket:0x7cf400239130>): Connection reset by peer (IO::Error)
  from /app/server in '??'
  from /app/server in '??'
  from /app/server in '??'
  from /app/server in '??'
  from /app/server in '??'
  from /app/server in '??'
  from /app/server in '??'
  from /app/server in '??'
  from /app/server in '??'
  from /app/server in '??'
  from /app/server in '??'
  from ???

2026-03-29T21:53:38.067356Z  ERROR - http.server: Unhandled exception on HTTP::Handler
Closed stream (IO::Error)
  from /app/server in '??'
  from /app/server in '??'
  from /app/server in '??'
  from /app/server in '??'
  from /app/server in '??'
  from /app/server in '??'
  from /app/server in '??'
  from /app/server in '??'
  from ???

2026-03-29T21:53:38.387295Z  ERROR - kemal: Error while writing data to the client
Error while writing data to the client (HTTP::Server::ClientError)
  from /app/server in '??'
  from /app/server in '??'
  from /app/server in '??'
  from /app/server in '??'
  from /app/server in '??'
  from /app/server in '??'
  from /app/server in '??'
  from /app/server in '??'
  from /app/server in '??'
  from /app/server in '??'
  from ???
Caused by: Error writing to socket (#<TCPSocket:0x72c48c29e130>): Connection reset by peer (IO::Error)
  from /app/server in '??'
  from /app/server in '??'
  from /app/server in '??'
  from /app/server in '??'
  from /app/server in '??'
  from /app/server in '??'
  from /app/server in '??'
  from /app/server in '??'
  from /app/server in '??'
  from /app/server in '??'
  from /app/server in '??'
  from ???

2026-03-29T21:53:38.387323Z  ERROR - http.server: Unhandled exception on HTTP::Handler
Closed stream (IO::Error)
  from /app/server in '??'
  from /app/server in '??'
  from /app/server in '??'
  from /app/server in '??'
  from /app/server in '??'
  from /app/server in '??'
  from /app/server in '??'
  from /app/server in '??'
  from ???

2026-03-29T21:53:44.550353Z  ERROR - kemal: Error while writing data to the client
Error while writing data to the client (HTTP::Server::ClientError)
  from /app/server in '??'
  from /app/server in '??'
  from /app/server in '??'
  from /app/server in '??'
  from /app/server in '??'
  from /app/server in '??'
  from /app/server in '??'
  from /app/server in '??'
  from /app/server in '??'
  from /app/server in '??'
  from ???
Caused by: Error writing to socket (#<TCPSocket:0x74bb3cf2fd10>): Connection reset by peer (IO::Error)
  from /app/server in '??'
  from /app/server in '??'
  from /app/server in '??'
  from /app/server in '??'
  from /app/server in '??'
  from /app/server in '??'
  from /app/server in '??'
  from /app/server in '??'
  from /app/server in '??'
  from /app/server in '??'
  from /app/server in '??'
  from ???

2026-03-29T21:53:44.550380Z  ERROR - http.server: Unhandled exception on HTTP::Handler
Closed stream (IO::Error)
  from /app/server in '??'
  from /app/server in '??'
  from /app/server in '??'
  from /app/server in '??'
  from /app/server in '??'
  from /app/server in '??'
  from /app/server in '??'
  from /app/server in '??'
  from ???

2026-03-29T21:53:45.258341Z  ERROR - kemal: Error while writing data to the client
Error while writing data to the client (HTTP::Server::ClientError)
  from /app/server in '??'
  from /app/server in '??'
  from /app/server in '??'
  from /app/server in '??'
  from /app/server in '??'
  from /app/server in '??'
  from /app/server in '??'
  from /app/server in '??'
  from /app/server in '??'
  from /app/server in '??'
  from ???
Caused by: Error writing to socket (#<TCPSocket:0x74213de9d5f0>): Connection reset by peer (IO::Error)
  from /app/server in '??'
  from /app/server in '??'
  from /app/server in '??'
  from /app/server in '??'
  from /app/server in '??'
  from /app/server in '??'
  from /app/server in '??'
  from /app/server in '??'
  from /app/server in '??'
  from /app/server in '??'
  from /app/server in '??'
  from ???

2026-03-29T21:53:45.258372Z  ERROR - http.server: Unhandled exception on HTTP::Handler
Closed stream (IO::Error)
  from /app/server in '??'
  from /app/server in '??'
  from /app/server in '??'
  from /app/server in '??'
  from /app/server in '??'
  from /app/server in '??'
  from /app/server in '??'
  from /app/server in '??'
  from ???

2026-03-29T21:53:46.254836Z  ERROR - kemal: Error while writing data to the client
Error while writing data to the client (HTTP::Server::ClientError)
  from /app/server in '??'
  from /app/server in '??'
  from /app/server in '??'
  from /app/server in '??'
  from /app/server in '??'
  from /app/server in '??'
  from /app/server in '??'
  from /app/server in '??'
  from /app/server in '??'
  from /app/server in '??'
  from ???
Caused by: Error writing to socket (#<TCPSocket:0x75f2c13fde40>): Connection reset by peer (IO::Error)
  from /app/server in '??'
  from /app/server in '??'
  from /app/server in '??'
  from /app/server in '??'
  from /app/server in '??'
  from /app/server in '??'
  from /app/server in '??'
  from /app/server in '??'
  from /app/server in '??'
  from /app/server in '??'
  from /app/server in '??'
  from ???

2026-03-29T21:53:46.254863Z  ERROR - http.server: Unhandled exception on HTTP::Handler
Closed stream (IO::Error)
  from /app/server in '??'
  from /app/server in '??'
  from /app/server in '??'
  from /app/server in '??'
  from /app/server in '??'
  from /app/server in '??'
  from /app/server in '??'
  from /app/server in '??'
  from ???

2026-03-29T21:53:46.247932Z  ERROR - kemal: Error while writing data to the client
Error while writing data to the client (HTTP::Server::ClientError)
  from /app/server in '??'
  from /app/server in '??'
  from /app/server in '??'
  from /app/server in '??'
  from /app/server in '??'
  from /app/server in '??'
  from /app/server in '??'
  from /app/server in '??'
  from /app/server in '??'
  from /app/server in '??'
  from ???
Caused by: Error writing to socket (#<TCPSocket:0x795834c32be0>): Connection reset by peer (IO::Error)
  from /app/server in '??'
  from /app/server in '??'
  from /app/server in '??'
  from /app/server in '??'
  from /app/server in '??'
  from /app/server in '??'
  from /app/server in '??'
  from /app/server in '??'
  from /app/server in '??'
  from /app/server in '??'
  from /app/server in '??'
  from ???

2026-03-29T21:53:46.247957Z  ERROR - http.server: Unhandled exception on HTTP::Handler
Closed stream (IO::Error)
  from /app/server in '??'
  from /app/server in '??'
  from /app/server in '??'
  from /app/server in '??'
  from /app/server in '??'
  from /app/server in '??'
  from /app/server in '??'
  from /app/server in '??'
  from ???

2026-03-29T21:53:46.259754Z  ERROR - kemal: Error while writing data to the client
Error while writing data to the client (HTTP::Server::ClientError)
  from /app/server in '??'
  from /app/server in '??'
  from /app/server in '??'
  from /app/server in '??'
  from /app/server in '??'
  from /app/server in '??'
  from /app/server in '??'
  from /app/server in '??'
  from /app/server in '??'
  from /app/server in '??'
  from ???
Caused by: Error writing to socket (#<TCPSocket:0x7e835e9b6260>): Connection reset by peer (IO::Error)
  from /app/server in '??'
  from /app/server in '??'
  from /app/server in '??'
  from /app/server in '??'
  from /app/server in '??'
  from /app/server in '??'
  from /app/server in '??'
  from /app/server in '??'
  from /app/server in '??'
  from /app/server in '??'
  from /app/server in '??'
  from ???

2026-03-29T21:53:46.259785Z  ERROR - http.server: Unhandled exception on HTTP::Handler
Closed stream (IO::Error)
  from /app/server in '??'
  from /app/server in '??'
  from /app/server in '??'
  from /app/server in '??'
  from /app/server in '??'
  from /app/server in '??'
  from /app/server in '??'
  from /app/server in '??'
  from ???

2026-03-29T21:53:46.273314Z  ERROR - kemal: Error while writing data to the client
Error while writing data to the client (HTTP::Server::ClientError)
  from /app/server in '??'
  from /app/server in '??'
  from /app/server in '??'
  from /app/server in '??'
  from /app/server in '??'
  from /app/server in '??'
  from /app/server in '??'
  from /app/server in '??'
  from /app/server in '??'
  from /app/server in '??'
  from ???
Caused by: Error writing to socket (#<TCPSocket:0x766bb344f980>): Connection reset by peer (IO::Error)
  from /app/server in '??'
  from /app/server in '??'
  from /app/server in '??'
  from /app/server in '??'
  from /app/server in '??'
  from /app/server in '??'
  from /app/server in '??'
  from /app/server in '??'
  from /app/server in '??'
  from /app/server in '??'
  from /app/server in '??'
  from ???

2026-03-29T21:53:46.273338Z  ERROR - http.server: Unhandled exception on HTTP::Handler
Closed stream (IO::Error)
  from /app/server in '??'
  from /app/server in '??'
  from /app/server in '??'
  from /app/server in '??'
  from /app/server in '??'
  from /app/server in '??'
  from /app/server in '??'
  from /app/server in '??'
  from ???

