[2026-03-29 22:17:21 +0000] [1] [INFO] Starting gunicorn 23.0.0
[2026-03-29 22:17:21 +0000] [1] [INFO] Listening at: http://0.0.0.0:8080 (1)
[2026-03-29 22:17:21 +0000] [1] [INFO] Using worker: uvicorn.workers.UvicornWorker
[2026-03-29 22:17:21 +0000] [7] [INFO] Booting worker with pid: 7
[2026-03-29 22:17:21 +0000] [8] [INFO] Booting worker with pid: 8
[2026-03-29 22:17:22 +0000] [9] [INFO] Booting worker with pid: 9
[2026-03-29 22:17:22 +0000] [7] [INFO] Started server process [7]
[2026-03-29 22:17:22 +0000] [7] [INFO] Waiting for application startup.
[2026-03-29 22:17:22 +0000] [7] [INFO] Application startup complete.
[2026-03-29 22:17:22 +0000] [8] [INFO] Started server process [8]
[2026-03-29 22:17:22 +0000] [8] [INFO] Waiting for application startup.
[2026-03-29 22:17:22 +0000] [8] [INFO] Application startup complete.
[2026-03-29 22:17:22 +0000] [9] [INFO] Started server process [9]
[2026-03-29 22:17:22 +0000] [9] [INFO] Waiting for application startup.
[2026-03-29 22:17:22 +0000] [9] [INFO] Application startup complete.
[2026-03-29 22:17:22 +0000] [13] [INFO] Booting worker with pid: 13
[2026-03-29 22:17:22 +0000] [14] [INFO] Booting worker with pid: 14
[2026-03-29 22:17:22 +0000] [15] [INFO] Booting worker with pid: 15
[2026-03-29 22:17:22 +0000] [16] [INFO] Booting worker with pid: 16
[2026-03-29 22:17:22 +0000] [13] [INFO] Started server process [13]
[2026-03-29 22:17:22 +0000] [13] [INFO] Waiting for application startup.
[2026-03-29 22:17:22 +0000] [13] [INFO] Application startup complete.
[2026-03-29 22:17:22 +0000] [14] [INFO] Started server process [14]
[2026-03-29 22:17:22 +0000] [14] [INFO] Waiting for application startup.
[2026-03-29 22:17:22 +0000] [14] [INFO] Application startup complete.
[2026-03-29 22:17:22 +0000] [15] [INFO] Started server process [15]
[2026-03-29 22:17:22 +0000] [15] [INFO] Waiting for application startup.
[2026-03-29 22:17:22 +0000] [15] [INFO] Application startup complete.
[2026-03-29 22:17:22 +0000] [20] [INFO] Booting worker with pid: 20
[2026-03-29 22:17:22 +0000] [16] [INFO] Started server process [16]
[2026-03-29 22:17:22 +0000] [16] [INFO] Waiting for application startup.
[2026-03-29 22:17:22 +0000] [16] [INFO] Application startup complete.
[2026-03-29 22:17:22 +0000] [22] [INFO] Booting worker with pid: 22
[2026-03-29 22:17:22 +0000] [20] [INFO] Started server process [20]
[2026-03-29 22:17:22 +0000] [20] [INFO] Waiting for application startup.
[2026-03-29 22:17:22 +0000] [20] [INFO] Application startup complete.
[2026-03-29 22:17:22 +0000] [22] [INFO] Started server process [22]
[2026-03-29 22:17:22 +0000] [22] [INFO] Waiting for application startup.
[2026-03-29 22:17:22 +0000] [22] [INFO] Application startup complete.
[2026-03-29 22:17:22 +0000] [25] [INFO] Booting worker with pid: 25
[2026-03-29 22:17:22 +0000] [27] [INFO] Booting worker with pid: 27
[2026-03-29 22:17:22 +0000] [25] [INFO] Started server process [25]
[2026-03-29 22:17:22 +0000] [25] [INFO] Waiting for application startup.
[2026-03-29 22:17:22 +0000] [25] [INFO] Application startup complete.
[2026-03-29 22:17:22 +0000] [28] [INFO] Booting worker with pid: 28
[2026-03-29 22:17:22 +0000] [27] [INFO] Started server process [27]
[2026-03-29 22:17:22 +0000] [27] [INFO] Waiting for application startup.
[2026-03-29 22:17:22 +0000] [27] [INFO] Application startup complete.
[2026-03-29 22:17:22 +0000] [31] [INFO] Booting worker with pid: 31
[2026-03-29 22:17:22 +0000] [32] [INFO] Booting worker with pid: 32
[2026-03-29 22:17:22 +0000] [28] [INFO] Started server process [28]
[2026-03-29 22:17:22 +0000] [28] [INFO] Waiting for application startup.
[2026-03-29 22:17:22 +0000] [28] [INFO] Application startup complete.
[2026-03-29 22:17:22 +0000] [31] [INFO] Started server process [31]
[2026-03-29 22:17:22 +0000] [31] [INFO] Waiting for application startup.
[2026-03-29 22:17:22 +0000] [31] [INFO] Application startup complete.
[2026-03-29 22:17:22 +0000] [35] [INFO] Booting worker with pid: 35
[2026-03-29 22:17:22 +0000] [32] [INFO] Started server process [32]
[2026-03-29 22:17:22 +0000] [32] [INFO] Waiting for application startup.
[2026-03-29 22:17:22 +0000] [32] [INFO] Application startup complete.
[2026-03-29 22:17:22 +0000] [36] [INFO] Booting worker with pid: 36
[2026-03-29 22:17:22 +0000] [35] [INFO] Started server process [35]
[2026-03-29 22:17:22 +0000] [35] [INFO] Waiting for application startup.
[2026-03-29 22:17:22 +0000] [35] [INFO] Application startup complete.
[2026-03-29 22:17:22 +0000] [38] [INFO] Booting worker with pid: 38
[2026-03-29 22:17:22 +0000] [36] [INFO] Started server process [36]
[2026-03-29 22:17:22 +0000] [36] [INFO] Waiting for application startup.
[2026-03-29 22:17:22 +0000] [36] [INFO] Application startup complete.
[2026-03-29 22:17:22 +0000] [41] [INFO] Booting worker with pid: 41
[2026-03-29 22:17:22 +0000] [38] [INFO] Started server process [38]
[2026-03-29 22:17:22 +0000] [38] [INFO] Waiting for application startup.
[2026-03-29 22:17:22 +0000] [38] [INFO] Application startup complete.
[2026-03-29 22:17:22 +0000] [42] [INFO] Booting worker with pid: 42
[2026-03-29 22:17:22 +0000] [41] [INFO] Started server process [41]
[2026-03-29 22:17:22 +0000] [41] [INFO] Waiting for application startup.
[2026-03-29 22:17:22 +0000] [41] [INFO] Application startup complete.
[2026-03-29 22:17:22 +0000] [45] [INFO] Booting worker with pid: 45
[2026-03-29 22:17:22 +0000] [42] [INFO] Started server process [42]
[2026-03-29 22:17:22 +0000] [42] [INFO] Waiting for application startup.
[2026-03-29 22:17:22 +0000] [42] [INFO] Application startup complete.
[2026-03-29 22:17:22 +0000] [46] [INFO] Booting worker with pid: 46
[2026-03-29 22:17:23 +0000] [45] [INFO] Started server process [45]
[2026-03-29 22:17:23 +0000] [45] [INFO] Waiting for application startup.
[2026-03-29 22:17:23 +0000] [45] [INFO] Application startup complete.
[2026-03-29 22:17:23 +0000] [48] [INFO] Booting worker with pid: 48
[2026-03-29 22:17:23 +0000] [50] [INFO] Booting worker with pid: 50
[2026-03-29 22:17:23 +0000] [46] [INFO] Started server process [46]
[2026-03-29 22:17:23 +0000] [46] [INFO] Waiting for application startup.
[2026-03-29 22:17:23 +0000] [46] [INFO] Application startup complete.
[2026-03-29 22:17:23 +0000] [51] [INFO] Booting worker with pid: 51
[2026-03-29 22:17:23 +0000] [53] [INFO] Booting worker with pid: 53
[2026-03-29 22:17:23 +0000] [48] [INFO] Started server process [48]
[2026-03-29 22:17:23 +0000] [48] [INFO] Waiting for application startup.
[2026-03-29 22:17:23 +0000] [48] [INFO] Application startup complete.
[2026-03-29 22:17:23 +0000] [55] [INFO] Booting worker with pid: 55
[2026-03-29 22:17:23 +0000] [50] [INFO] Started server process [50]
[2026-03-29 22:17:23 +0000] [50] [INFO] Waiting for application startup.
[2026-03-29 22:17:23 +0000] [50] [INFO] Application startup complete.
[2026-03-29 22:17:23 +0000] [51] [INFO] Started server process [51]
[2026-03-29 22:17:23 +0000] [51] [INFO] Waiting for application startup.
[2026-03-29 22:17:23 +0000] [51] [INFO] Application startup complete.
[2026-03-29 22:17:23 +0000] [53] [INFO] Started server process [53]
[2026-03-29 22:17:23 +0000] [53] [INFO] Waiting for application startup.
[2026-03-29 22:17:23 +0000] [53] [INFO] Application startup complete.
[2026-03-29 22:17:23 +0000] [59] [INFO] Booting worker with pid: 59
[2026-03-29 22:17:23 +0000] [55] [INFO] Started server process [55]
[2026-03-29 22:17:23 +0000] [55] [INFO] Waiting for application startup.
[2026-03-29 22:17:23 +0000] [55] [INFO] Application startup complete.
[2026-03-29 22:17:23 +0000] [60] [INFO] Booting worker with pid: 60
[2026-03-29 22:17:23 +0000] [61] [INFO] Booting worker with pid: 61
[2026-03-29 22:17:23 +0000] [62] [INFO] Booting worker with pid: 62
[2026-03-29 22:17:23 +0000] [64] [INFO] Booting worker with pid: 64
[2026-03-29 22:17:23 +0000] [59] [INFO] Started server process [59]
[2026-03-29 22:17:23 +0000] [59] [INFO] Waiting for application startup.
[2026-03-29 22:17:23 +0000] [59] [INFO] Application startup complete.
[2026-03-29 22:17:23 +0000] [66] [INFO] Booting worker with pid: 66
[2026-03-29 22:17:23 +0000] [60] [INFO] Started server process [60]
[2026-03-29 22:17:23 +0000] [60] [INFO] Waiting for application startup.
[2026-03-29 22:17:23 +0000] [60] [INFO] Application startup complete.
[2026-03-29 22:17:23 +0000] [61] [INFO] Started server process [61]
[2026-03-29 22:17:23 +0000] [61] [INFO] Waiting for application startup.
[2026-03-29 22:17:23 +0000] [61] [INFO] Application startup complete.
[2026-03-29 22:17:23 +0000] [69] [INFO] Booting worker with pid: 69
[2026-03-29 22:17:23 +0000] [62] [INFO] Started server process [62]
[2026-03-29 22:17:23 +0000] [62] [INFO] Waiting for application startup.
[2026-03-29 22:17:23 +0000] [62] [INFO] Application startup complete.
[2026-03-29 22:17:23 +0000] [64] [INFO] Started server process [64]
[2026-03-29 22:17:23 +0000] [64] [INFO] Waiting for application startup.
[2026-03-29 22:17:23 +0000] [64] [INFO] Application startup complete.
[2026-03-29 22:17:23 +0000] [71] [INFO] Booting worker with pid: 71
[2026-03-29 22:17:23 +0000] [74] [INFO] Booting worker with pid: 74
[2026-03-29 22:17:23 +0000] [69] [INFO] Started server process [69]
[2026-03-29 22:17:23 +0000] [69] [INFO] Waiting for application startup.
[2026-03-29 22:17:23 +0000] [69] [INFO] Application startup complete.
[2026-03-29 22:17:23 +0000] [66] [INFO] Started server process [66]
[2026-03-29 22:17:23 +0000] [66] [INFO] Waiting for application startup.
[2026-03-29 22:17:23 +0000] [66] [INFO] Application startup complete.
[2026-03-29 22:17:23 +0000] [76] [INFO] Booting worker with pid: 76
[2026-03-29 22:17:23 +0000] [71] [INFO] Started server process [71]
[2026-03-29 22:17:23 +0000] [71] [INFO] Waiting for application startup.
[2026-03-29 22:17:23 +0000] [71] [INFO] Application startup complete.
[2026-03-29 22:17:23 +0000] [77] [INFO] Booting worker with pid: 77
[2026-03-29 22:17:23 +0000] [74] [INFO] Started server process [74]
[2026-03-29 22:17:23 +0000] [74] [INFO] Waiting for application startup.
[2026-03-29 22:17:23 +0000] [74] [INFO] Application startup complete.
[2026-03-29 22:17:23 +0000] [80] [INFO] Booting worker with pid: 80
[2026-03-29 22:17:23 +0000] [76] [INFO] Started server process [76]
[2026-03-29 22:17:23 +0000] [76] [INFO] Waiting for application startup.
[2026-03-29 22:17:23 +0000] [76] [INFO] Application startup complete.
[2026-03-29 22:17:23 +0000] [82] [INFO] Booting worker with pid: 82
[2026-03-29 22:17:23 +0000] [77] [INFO] Started server process [77]
[2026-03-29 22:17:23 +0000] [77] [INFO] Waiting for application startup.
[2026-03-29 22:17:23 +0000] [77] [INFO] Application startup complete.
[2026-03-29 22:17:23 +0000] [84] [INFO] Booting worker with pid: 84
[2026-03-29 22:17:23 +0000] [80] [INFO] Started server process [80]
[2026-03-29 22:17:23 +0000] [80] [INFO] Waiting for application startup.
[2026-03-29 22:17:23 +0000] [80] [INFO] Application startup complete.
[2026-03-29 22:17:23 +0000] [82] [INFO] Started server process [82]
[2026-03-29 22:17:23 +0000] [82] [INFO] Waiting for application startup.
[2026-03-29 22:17:23 +0000] [82] [INFO] Application startup complete.
[2026-03-29 22:17:23 +0000] [86] [INFO] Booting worker with pid: 86
[2026-03-29 22:17:23 +0000] [87] [INFO] Booting worker with pid: 87
[2026-03-29 22:17:23 +0000] [84] [INFO] Started server process [84]
[2026-03-29 22:17:23 +0000] [84] [INFO] Waiting for application startup.
[2026-03-29 22:17:23 +0000] [84] [INFO] Application startup complete.
[2026-03-29 22:17:23 +0000] [90] [INFO] Booting worker with pid: 90
[2026-03-29 22:17:23 +0000] [91] [INFO] Booting worker with pid: 91
[2026-03-29 22:17:24 +0000] [87] [INFO] Started server process [87]
[2026-03-29 22:17:24 +0000] [87] [INFO] Waiting for application startup.
[2026-03-29 22:17:24 +0000] [87] [INFO] Application startup complete.
[2026-03-29 22:17:24 +0000] [86] [INFO] Started server process [86]
[2026-03-29 22:17:24 +0000] [86] [INFO] Waiting for application startup.
[2026-03-29 22:17:24 +0000] [86] [INFO] Application startup complete.
[2026-03-29 22:17:24 +0000] [95] [INFO] Booting worker with pid: 95
[2026-03-29 22:17:24 +0000] [91] [INFO] Started server process [91]
[2026-03-29 22:17:24 +0000] [91] [INFO] Waiting for application startup.
[2026-03-29 22:17:24 +0000] [91] [INFO] Application startup complete.
[2026-03-29 22:17:24 +0000] [90] [INFO] Started server process [90]
[2026-03-29 22:17:24 +0000] [90] [INFO] Waiting for application startup.
[2026-03-29 22:17:24 +0000] [90] [INFO] Application startup complete.
[2026-03-29 22:17:24 +0000] [96] [INFO] Booting worker with pid: 96
[2026-03-29 22:17:24 +0000] [98] [INFO] Booting worker with pid: 98
[2026-03-29 22:17:24 +0000] [95] [INFO] Started server process [95]
[2026-03-29 22:17:24 +0000] [95] [INFO] Waiting for application startup.
[2026-03-29 22:17:24 +0000] [95] [INFO] Application startup complete.
[2026-03-29 22:17:24 +0000] [96] [INFO] Started server process [96]
[2026-03-29 22:17:24 +0000] [96] [INFO] Waiting for application startup.
[2026-03-29 22:17:24 +0000] [96] [INFO] Application startup complete.
[2026-03-29 22:17:24 +0000] [100] [INFO] Booting worker with pid: 100
[2026-03-29 22:17:24 +0000] [102] [INFO] Booting worker with pid: 102
[2026-03-29 22:17:24 +0000] [98] [INFO] Started server process [98]
[2026-03-29 22:17:24 +0000] [98] [INFO] Waiting for application startup.
[2026-03-29 22:17:24 +0000] [98] [INFO] Application startup complete.
[2026-03-29 22:17:24 +0000] [100] [INFO] Started server process [100]
[2026-03-29 22:17:24 +0000] [100] [INFO] Waiting for application startup.
[2026-03-29 22:17:24 +0000] [100] [INFO] Application startup complete.
[2026-03-29 22:17:24 +0000] [104] [INFO] Booting worker with pid: 104
[2026-03-29 22:17:24 +0000] [106] [INFO] Booting worker with pid: 106
[2026-03-29 22:17:24 +0000] [102] [INFO] Started server process [102]
[2026-03-29 22:17:24 +0000] [102] [INFO] Waiting for application startup.
[2026-03-29 22:17:24 +0000] [102] [INFO] Application startup complete.
[2026-03-29 22:17:24 +0000] [107] [INFO] Booting worker with pid: 107
[2026-03-29 22:17:24 +0000] [104] [INFO] Started server process [104]
[2026-03-29 22:17:24 +0000] [104] [INFO] Waiting for application startup.
[2026-03-29 22:17:24 +0000] [104] [INFO] Application startup complete.
[2026-03-29 22:17:24 +0000] [110] [INFO] Booting worker with pid: 110
[2026-03-29 22:17:24 +0000] [106] [INFO] Started server process [106]
[2026-03-29 22:17:24 +0000] [106] [INFO] Waiting for application startup.
[2026-03-29 22:17:24 +0000] [106] [INFO] Application startup complete.
[2026-03-29 22:17:24 +0000] [111] [INFO] Booting worker with pid: 111
[2026-03-29 22:17:24 +0000] [107] [INFO] Started server process [107]
[2026-03-29 22:17:24 +0000] [107] [INFO] Waiting for application startup.
[2026-03-29 22:17:24 +0000] [107] [INFO] Application startup complete.
[2026-03-29 22:17:24 +0000] [110] [INFO] Started server process [110]
[2026-03-29 22:17:24 +0000] [110] [INFO] Waiting for application startup.
[2026-03-29 22:17:24 +0000] [110] [INFO] Application startup complete.
[2026-03-29 22:17:24 +0000] [114] [INFO] Booting worker with pid: 114
[2026-03-29 22:17:24 +0000] [116] [INFO] Booting worker with pid: 116
[2026-03-29 22:17:24 +0000] [117] [INFO] Booting worker with pid: 117
[2026-03-29 22:17:24 +0000] [111] [INFO] Started server process [111]
[2026-03-29 22:17:24 +0000] [111] [INFO] Waiting for application startup.
[2026-03-29 22:17:24 +0000] [111] [INFO] Application startup complete.
[2026-03-29 22:17:24 +0000] [118] [INFO] Booting worker with pid: 118
[2026-03-29 22:17:24 +0000] [114] [INFO] Started server process [114]
[2026-03-29 22:17:24 +0000] [114] [INFO] Waiting for application startup.
[2026-03-29 22:17:24 +0000] [114] [INFO] Application startup complete.
[2026-03-29 22:17:24 +0000] [116] [INFO] Started server process [116]
[2026-03-29 22:17:24 +0000] [116] [INFO] Waiting for application startup.
[2026-03-29 22:17:24 +0000] [116] [INFO] Application startup complete.
[2026-03-29 22:17:24 +0000] [122] [INFO] Booting worker with pid: 122
[2026-03-29 22:17:24 +0000] [117] [INFO] Started server process [117]
[2026-03-29 22:17:24 +0000] [117] [INFO] Waiting for application startup.
[2026-03-29 22:17:24 +0000] [117] [INFO] Application startup complete.
[2026-03-29 22:17:24 +0000] [123] [INFO] Booting worker with pid: 123
[2026-03-29 22:17:24 +0000] [124] [INFO] Booting worker with pid: 124
[2026-03-29 22:17:24 +0000] [126] [INFO] Booting worker with pid: 126
[2026-03-29 22:17:24 +0000] [118] [INFO] Started server process [118]
[2026-03-29 22:17:24 +0000] [118] [INFO] Waiting for application startup.
[2026-03-29 22:17:24 +0000] [118] [INFO] Application startup complete.
[2026-03-29 22:17:24 +0000] [122] [INFO] Started server process [122]
[2026-03-29 22:17:24 +0000] [122] [INFO] Waiting for application startup.
[2026-03-29 22:17:24 +0000] [122] [INFO] Application startup complete.
[2026-03-29 22:17:25 +0000] [123] [INFO] Started server process [123]
[2026-03-29 22:17:25 +0000] [123] [INFO] Waiting for application startup.
[2026-03-29 22:17:25 +0000] [123] [INFO] Application startup complete.
[2026-03-29 22:17:25 +0000] [129] [INFO] Booting worker with pid: 129
[2026-03-29 22:17:25 +0000] [124] [INFO] Started server process [124]
[2026-03-29 22:17:25 +0000] [124] [INFO] Waiting for application startup.
[2026-03-29 22:17:25 +0000] [124] [INFO] Application startup complete.
[2026-03-29 22:17:25 +0000] [126] [INFO] Started server process [126]
[2026-03-29 22:17:25 +0000] [126] [INFO] Waiting for application startup.
[2026-03-29 22:17:25 +0000] [132] [INFO] Booting worker with pid: 132
[2026-03-29 22:17:25 +0000] [126] [INFO] Application startup complete.
[2026-03-29 22:17:25 +0000] [133] [INFO] Booting worker with pid: 133
[2026-03-29 22:17:25 +0000] [135] [INFO] Booting worker with pid: 135
[2026-03-29 22:17:25 +0000] [129] [INFO] Started server process [129]
[2026-03-29 22:17:25 +0000] [129] [INFO] Waiting for application startup.
[2026-03-29 22:17:25 +0000] [129] [INFO] Application startup complete.
[2026-03-29 22:17:25 +0000] [136] [INFO] Booting worker with pid: 136
[2026-03-29 22:17:25 +0000] [138] [INFO] Booting worker with pid: 138
[2026-03-29 22:17:25 +0000] [132] [INFO] Started server process [132]
[2026-03-29 22:17:25 +0000] [132] [INFO] Waiting for application startup.
[2026-03-29 22:17:25 +0000] [132] [INFO] Application startup complete.
[2026-03-29 22:17:25 +0000] [133] [INFO] Started server process [133]
[2026-03-29 22:17:25 +0000] [133] [INFO] Waiting for application startup.
[2026-03-29 22:17:25 +0000] [133] [INFO] Application startup complete.
[2026-03-29 22:17:25 +0000] [140] [INFO] Booting worker with pid: 140
[2026-03-29 22:17:25 +0000] [136] [INFO] Started server process [136]
[2026-03-29 22:17:25 +0000] [136] [INFO] Waiting for application startup.
[2026-03-29 22:17:25 +0000] [136] [INFO] Application startup complete.
[2026-03-29 22:17:25 +0000] [135] [INFO] Started server process [135]
[2026-03-29 22:17:25 +0000] [135] [INFO] Waiting for application startup.
[2026-03-29 22:17:25 +0000] [135] [INFO] Application startup complete.
[2026-03-29 22:17:25 +0000] [138] [INFO] Started server process [138]
[2026-03-29 22:17:25 +0000] [138] [INFO] Waiting for application startup.
[2026-03-29 22:17:25 +0000] [138] [INFO] Application startup complete.
[2026-03-29 22:17:25 +0000] [144] [INFO] Booting worker with pid: 144
[2026-03-29 22:17:25 +0000] [145] [INFO] Booting worker with pid: 145
[2026-03-29 22:17:25 +0000] [140] [INFO] Started server process [140]
[2026-03-29 22:17:25 +0000] [140] [INFO] Waiting for application startup.
[2026-03-29 22:17:25 +0000] [140] [INFO] Application startup complete.
[2026-03-29 22:17:25 +0000] [147] [INFO] Booting worker with pid: 147
[2026-03-29 22:17:25 +0000] [148] [INFO] Booting worker with pid: 148
[2026-03-29 22:17:25 +0000] [149] [INFO] Booting worker with pid: 149
[2026-03-29 22:17:25 +0000] [151] [INFO] Booting worker with pid: 151
[2026-03-29 22:17:25 +0000] [144] [INFO] Started server process [144]
[2026-03-29 22:17:25 +0000] [144] [INFO] Waiting for application startup.
[2026-03-29 22:17:25 +0000] [144] [INFO] Application startup complete.
[2026-03-29 22:17:25 +0000] [153] [INFO] Booting worker with pid: 153
[2026-03-29 22:17:25 +0000] [145] [INFO] Started server process [145]
[2026-03-29 22:17:25 +0000] [145] [INFO] Waiting for application startup.
[2026-03-29 22:17:25 +0000] [145] [INFO] Application startup complete.
[2026-03-29 22:17:25 +0000] [154] [INFO] Booting worker with pid: 154
[2026-03-29 22:17:25 +0000] [158] [INFO] Booting worker with pid: 158
[2026-03-29 22:17:25 +0000] [147] [INFO] Started server process [147]
[2026-03-29 22:17:25 +0000] [147] [INFO] Waiting for application startup.
[2026-03-29 22:17:25 +0000] [147] [INFO] Application startup complete.
[2026-03-29 22:17:25 +0000] [149] [INFO] Started server process [149]
[2026-03-29 22:17:25 +0000] [149] [INFO] Waiting for application startup.
[2026-03-29 22:17:25 +0000] [149] [INFO] Application startup complete.
[2026-03-29 22:17:25 +0000] [148] [INFO] Started server process [148]
[2026-03-29 22:17:25 +0000] [148] [INFO] Waiting for application startup.
[2026-03-29 22:17:25 +0000] [148] [INFO] Application startup complete.
[2026-03-29 22:17:25 +0000] [151] [INFO] Started server process [151]
[2026-03-29 22:17:25 +0000] [151] [INFO] Waiting for application startup.
[2026-03-29 22:17:25 +0000] [151] [INFO] Application startup complete.
[2026-03-29 22:17:25 +0000] [160] [INFO] Booting worker with pid: 160
[2026-03-29 22:17:25 +0000] [154] [INFO] Started server process [154]
[2026-03-29 22:17:25 +0000] [154] [INFO] Waiting for application startup.
[2026-03-29 22:17:25 +0000] [154] [INFO] Application startup complete.
[2026-03-29 22:17:25 +0000] [153] [INFO] Started server process [153]
[2026-03-29 22:17:25 +0000] [153] [INFO] Waiting for application startup.
[2026-03-29 22:17:25 +0000] [153] [INFO] Application startup complete.
[2026-03-29 22:17:25 +0000] [158] [INFO] Started server process [158]
[2026-03-29 22:17:25 +0000] [158] [INFO] Waiting for application startup.
[2026-03-29 22:17:25 +0000] [158] [INFO] Application startup complete.
[2026-03-29 22:17:25 +0000] [164] [INFO] Booting worker with pid: 164
[2026-03-29 22:17:25 +0000] [166] [INFO] Booting worker with pid: 166
[2026-03-29 22:17:25 +0000] [160] [INFO] Started server process [160]
[2026-03-29 22:17:25 +0000] [160] [INFO] Waiting for application startup.
[2026-03-29 22:17:25 +0000] [160] [INFO] Application startup complete.
[2026-03-29 22:17:25 +0000] [164] [INFO] Started server process [164]
[2026-03-29 22:17:25 +0000] [164] [INFO] Waiting for application startup.
[2026-03-29 22:17:25 +0000] [164] [INFO] Application startup complete.
[2026-03-29 22:17:25 +0000] [168] [INFO] Booting worker with pid: 168
[2026-03-29 22:17:25 +0000] [170] [INFO] Booting worker with pid: 170
[2026-03-29 22:17:25 +0000] [166] [INFO] Started server process [166]
[2026-03-29 22:17:25 +0000] [166] [INFO] Waiting for application startup.
[2026-03-29 22:17:25 +0000] [166] [INFO] Application startup complete.
[2026-03-29 22:17:25 +0000] [171] [INFO] Booting worker with pid: 171
[2026-03-29 22:17:25 +0000] [168] [INFO] Started server process [168]
[2026-03-29 22:17:25 +0000] [168] [INFO] Waiting for application startup.
[2026-03-29 22:17:25 +0000] [168] [INFO] Application startup complete.
[2026-03-29 22:17:26 +0000] [170] [INFO] Started server process [170]
[2026-03-29 22:17:26 +0000] [170] [INFO] Waiting for application startup.
[2026-03-29 22:17:26 +0000] [170] [INFO] Application startup complete.
[2026-03-29 22:17:26 +0000] [174] [INFO] Booting worker with pid: 174
[2026-03-29 22:17:26 +0000] [171] [INFO] Started server process [171]
[2026-03-29 22:17:26 +0000] [171] [INFO] Waiting for application startup.
[2026-03-29 22:17:26 +0000] [171] [INFO] Application startup complete.
[2026-03-29 22:17:26 +0000] [176] [INFO] Booting worker with pid: 176
[2026-03-29 22:17:26 +0000] [174] [INFO] Started server process [174]
[2026-03-29 22:17:26 +0000] [174] [INFO] Waiting for application startup.
[2026-03-29 22:17:26 +0000] [174] [INFO] Application startup complete.
[2026-03-29 22:17:26 +0000] [178] [INFO] Booting worker with pid: 178
[2026-03-29 22:17:26 +0000] [179] [INFO] Booting worker with pid: 179
[2026-03-29 22:17:26 +0000] [181] [INFO] Booting worker with pid: 181
[2026-03-29 22:17:26 +0000] [176] [INFO] Started server process [176]
[2026-03-29 22:17:26 +0000] [176] [INFO] Waiting for application startup.
[2026-03-29 22:17:26 +0000] [176] [INFO] Application startup complete.
[2026-03-29 22:17:26 +0000] [179] [INFO] Started server process [179]
[2026-03-29 22:17:26 +0000] [179] [INFO] Waiting for application startup.
[2026-03-29 22:17:26 +0000] [179] [INFO] Application startup complete.
[2026-03-29 22:17:26 +0000] [178] [INFO] Started server process [178]
[2026-03-29 22:17:26 +0000] [178] [INFO] Waiting for application startup.
[2026-03-29 22:17:26 +0000] [178] [INFO] Application startup complete.
[2026-03-29 22:17:26 +0000] [184] [INFO] Booting worker with pid: 184
[2026-03-29 22:17:26 +0000] [186] [INFO] Booting worker with pid: 186
[2026-03-29 22:17:26 +0000] [181] [INFO] Started server process [181]
[2026-03-29 22:17:26 +0000] [181] [INFO] Waiting for application startup.
[2026-03-29 22:17:26 +0000] [181] [INFO] Application startup complete.
[2026-03-29 22:17:26 +0000] [187] [INFO] Booting worker with pid: 187
[2026-03-29 22:17:26 +0000] [184] [INFO] Started server process [184]
[2026-03-29 22:17:26 +0000] [184] [INFO] Waiting for application startup.
[2026-03-29 22:17:26 +0000] [184] [INFO] Application startup complete.
[2026-03-29 22:17:26 +0000] [190] [INFO] Booting worker with pid: 190
[2026-03-29 22:17:26 +0000] [186] [INFO] Started server process [186]
[2026-03-29 22:17:26 +0000] [186] [INFO] Waiting for application startup.
[2026-03-29 22:17:26 +0000] [186] [INFO] Application startup complete.
[2026-03-29 22:17:26 +0000] [187] [INFO] Started server process [187]
[2026-03-29 22:17:26 +0000] [187] [INFO] Waiting for application startup.
[2026-03-29 22:17:26 +0000] [187] [INFO] Application startup complete.
[2026-03-29 22:17:26 +0000] [192] [INFO] Booting worker with pid: 192
[2026-03-29 22:17:26 +0000] [190] [INFO] Started server process [190]
[2026-03-29 22:17:26 +0000] [190] [INFO] Waiting for application startup.
[2026-03-29 22:17:26 +0000] [190] [INFO] Application startup complete.
[2026-03-29 22:17:26 +0000] [194] [INFO] Booting worker with pid: 194
[2026-03-29 22:17:26 +0000] [192] [INFO] Started server process [192]
[2026-03-29 22:17:26 +0000] [192] [INFO] Waiting for application startup.
[2026-03-29 22:17:26 +0000] [192] [INFO] Application startup complete.
[2026-03-29 22:17:26 +0000] [196] [INFO] Booting worker with pid: 196
[2026-03-29 22:17:26 +0000] [194] [INFO] Started server process [194]
[2026-03-29 22:17:26 +0000] [194] [INFO] Waiting for application startup.
[2026-03-29 22:17:26 +0000] [194] [INFO] Application startup complete.
[2026-03-29 22:17:26 +0000] [198] [INFO] Booting worker with pid: 198
[2026-03-29 22:17:26 +0000] [199] [INFO] Booting worker with pid: 199
[2026-03-29 22:17:26 +0000] [196] [INFO] Started server process [196]
[2026-03-29 22:17:26 +0000] [196] [INFO] Waiting for application startup.
[2026-03-29 22:17:26 +0000] [196] [INFO] Application startup complete.
[2026-03-29 22:17:26 +0000] [201] [INFO] Booting worker with pid: 201
[2026-03-29 22:17:26 +0000] [204] [INFO] Booting worker with pid: 204
[2026-03-29 22:17:26 +0000] [199] [INFO] Started server process [199]
[2026-03-29 22:17:26 +0000] [199] [INFO] Waiting for application startup.
[2026-03-29 22:17:26 +0000] [199] [INFO] Application startup complete.
[2026-03-29 22:17:27 +0000] [198] [INFO] Started server process [198]
[2026-03-29 22:17:27 +0000] [198] [INFO] Waiting for application startup.
[2026-03-29 22:17:27 +0000] [198] [INFO] Application startup complete.
[2026-03-29 22:17:27 +0000] [205] [INFO] Booting worker with pid: 205
[2026-03-29 22:17:27 +0000] [201] [INFO] Started server process [201]
[2026-03-29 22:17:27 +0000] [201] [INFO] Waiting for application startup.
[2026-03-29 22:17:27 +0000] [201] [INFO] Application startup complete.
[2026-03-29 22:17:27 +0000] [208] [INFO] Booting worker with pid: 208
[2026-03-29 22:17:27 +0000] [204] [INFO] Started server process [204]
[2026-03-29 22:17:27 +0000] [204] [INFO] Waiting for application startup.
[2026-03-29 22:17:27 +0000] [204] [INFO] Application startup complete.
[2026-03-29 22:17:27 +0000] [209] [INFO] Booting worker with pid: 209
[2026-03-29 22:17:27 +0000] [205] [INFO] Started server process [205]
[2026-03-29 22:17:27 +0000] [205] [INFO] Waiting for application startup.
[2026-03-29 22:17:27 +0000] [205] [INFO] Application startup complete.
[2026-03-29 22:17:27 +0000] [211] [INFO] Booting worker with pid: 211
[2026-03-29 22:17:27 +0000] [213] [INFO] Booting worker with pid: 213
[2026-03-29 22:17:27 +0000] [208] [INFO] Started server process [208]
[2026-03-29 22:17:27 +0000] [208] [INFO] Waiting for application startup.
[2026-03-29 22:17:27 +0000] [208] [INFO] Application startup complete.
[2026-03-29 22:17:27 +0000] [209] [INFO] Started server process [209]
[2026-03-29 22:17:27 +0000] [209] [INFO] Waiting for application startup.
[2026-03-29 22:17:27 +0000] [209] [INFO] Application startup complete.
[2026-03-29 22:17:27 +0000] [217] [INFO] Booting worker with pid: 217
[2026-03-29 22:17:27 +0000] [211] [INFO] Started server process [211]
[2026-03-29 22:17:27 +0000] [211] [INFO] Waiting for application startup.
[2026-03-29 22:17:27 +0000] [211] [INFO] Application startup complete.
[2026-03-29 22:17:27 +0000] [213] [INFO] Started server process [213]
[2026-03-29 22:17:27 +0000] [213] [INFO] Waiting for application startup.
[2026-03-29 22:17:27 +0000] [213] [INFO] Application startup complete.
[2026-03-29 22:17:27 +0000] [218] [INFO] Booting worker with pid: 218
[2026-03-29 22:17:27 +0000] [219] [INFO] Booting worker with pid: 219
[2026-03-29 22:17:27 +0000] [217] [INFO] Started server process [217]
[2026-03-29 22:17:27 +0000] [217] [INFO] Waiting for application startup.
[2026-03-29 22:17:27 +0000] [217] [INFO] Application startup complete.
[2026-03-29 22:17:27 +0000] [222] [INFO] Booting worker with pid: 222
[2026-03-29 22:17:27 +0000] [218] [INFO] Started server process [218]
[2026-03-29 22:17:27 +0000] [218] [INFO] Waiting for application startup.
[2026-03-29 22:17:27 +0000] [218] [INFO] Application startup complete.
[2026-03-29 22:17:27 +0000] [219] [INFO] Started server process [219]
[2026-03-29 22:17:27 +0000] [219] [INFO] Waiting for application startup.
[2026-03-29 22:17:27 +0000] [219] [INFO] Application startup complete.
[2026-03-29 22:17:27 +0000] [224] [INFO] Booting worker with pid: 224
[2026-03-29 22:17:27 +0000] [222] [INFO] Started server process [222]
[2026-03-29 22:17:27 +0000] [222] [INFO] Waiting for application startup.
[2026-03-29 22:17:27 +0000] [222] [INFO] Application startup complete.
[2026-03-29 22:17:27 +0000] [226] [INFO] Booting worker with pid: 226
[2026-03-29 22:17:27 +0000] [227] [INFO] Booting worker with pid: 227
[2026-03-29 22:17:27 +0000] [224] [INFO] Started server process [224]
[2026-03-29 22:17:27 +0000] [224] [INFO] Waiting for application startup.
[2026-03-29 22:17:27 +0000] [224] [INFO] Application startup complete.
[2026-03-29 22:17:27 +0000] [226] [INFO] Started server process [226]
[2026-03-29 22:17:27 +0000] [226] [INFO] Waiting for application startup.
[2026-03-29 22:17:27 +0000] [226] [INFO] Application startup complete.
[2026-03-29 22:17:27 +0000] [230] [INFO] Booting worker with pid: 230
[2026-03-29 22:17:27 +0000] [227] [INFO] Started server process [227]
[2026-03-29 22:17:27 +0000] [227] [INFO] Waiting for application startup.
[2026-03-29 22:17:27 +0000] [227] [INFO] Application startup complete.
[2026-03-29 22:17:27 +0000] [232] [INFO] Booting worker with pid: 232
[2026-03-29 22:17:27 +0000] [234] [INFO] Booting worker with pid: 234
[2026-03-29 22:17:27 +0000] [230] [INFO] Started server process [230]
[2026-03-29 22:17:27 +0000] [230] [INFO] Waiting for application startup.
[2026-03-29 22:17:27 +0000] [230] [INFO] Application startup complete.
[2026-03-29 22:17:27 +0000] [235] [INFO] Booting worker with pid: 235
[2026-03-29 22:17:27 +0000] [232] [INFO] Started server process [232]
[2026-03-29 22:17:27 +0000] [232] [INFO] Waiting for application startup.
[2026-03-29 22:17:27 +0000] [232] [INFO] Application startup complete.
[2026-03-29 22:17:27 +0000] [234] [INFO] Started server process [234]
[2026-03-29 22:17:27 +0000] [234] [INFO] Waiting for application startup.
[2026-03-29 22:17:27 +0000] [234] [INFO] Application startup complete.
[2026-03-29 22:17:27 +0000] [235] [INFO] Started server process [235]
[2026-03-29 22:17:27 +0000] [235] [INFO] Waiting for application startup.
[2026-03-29 22:17:27 +0000] [235] [INFO] Application startup complete.
[2026-03-29 22:17:27 +0000] [239] [INFO] Booting worker with pid: 239
[2026-03-29 22:17:28 +0000] [240] [INFO] Booting worker with pid: 240
[2026-03-29 22:17:28 +0000] [241] [INFO] Booting worker with pid: 241
[2026-03-29 22:17:28 +0000] [243] [INFO] Booting worker with pid: 243
[2026-03-29 22:17:28 +0000] [239] [INFO] Started server process [239]
[2026-03-29 22:17:28 +0000] [239] [INFO] Waiting for application startup.
[2026-03-29 22:17:28 +0000] [239] [INFO] Application startup complete.
[2026-03-29 22:17:28 +0000] [244] [INFO] Booting worker with pid: 244
[2026-03-29 22:17:28 +0000] [246] [INFO] Booting worker with pid: 246
[2026-03-29 22:17:28 +0000] [240] [INFO] Started server process [240]
[2026-03-29 22:17:28 +0000] [240] [INFO] Waiting for application startup.
[2026-03-29 22:17:28 +0000] [240] [INFO] Application startup complete.
[2026-03-29 22:17:28 +0000] [241] [INFO] Started server process [241]
[2026-03-29 22:17:28 +0000] [241] [INFO] Waiting for application startup.
[2026-03-29 22:17:28 +0000] [241] [INFO] Application startup complete.
[2026-03-29 22:17:28 +0000] [243] [INFO] Started server process [243]
[2026-03-29 22:17:28 +0000] [243] [INFO] Waiting for application startup.
[2026-03-29 22:17:28 +0000] [243] [INFO] Application startup complete.
[2026-03-29 22:17:28 +0000] [244] [INFO] Started server process [244]
[2026-03-29 22:17:28 +0000] [244] [INFO] Waiting for application startup.
[2026-03-29 22:17:28 +0000] [244] [INFO] Application startup complete.
[2026-03-29 22:17:28 +0000] [250] [INFO] Booting worker with pid: 250
[2026-03-29 22:17:28 +0000] [246] [INFO] Started server process [246]
[2026-03-29 22:17:28 +0000] [246] [INFO] Waiting for application startup.
[2026-03-29 22:17:28 +0000] [246] [INFO] Application startup complete.
[2026-03-29 22:17:28 +0000] [253] [INFO] Booting worker with pid: 253
[2026-03-29 22:17:28 +0000] [254] [INFO] Booting worker with pid: 254
[2026-03-29 22:17:28 +0000] [250] [INFO] Started server process [250]
[2026-03-29 22:17:28 +0000] [250] [INFO] Waiting for application startup.
[2026-03-29 22:17:28 +0000] [250] [INFO] Application startup complete.
[2026-03-29 22:17:28 +0000] [253] [INFO] Started server process [253]
[2026-03-29 22:17:28 +0000] [253] [INFO] Waiting for application startup.
[2026-03-29 22:17:28 +0000] [253] [INFO] Application startup complete.
[2026-03-29 22:17:28 +0000] [254] [INFO] Started server process [254]
[2026-03-29 22:17:28 +0000] [254] [INFO] Waiting for application startup.
[2026-03-29 22:17:28 +0000] [254] [INFO] Application startup complete.
[2026-03-29 22:17:28 +0000] [257] [INFO] Booting worker with pid: 257
[2026-03-29 22:17:28 +0000] [258] [INFO] Booting worker with pid: 258
[2026-03-29 22:17:28 +0000] [257] [INFO] Started server process [257]
[2026-03-29 22:17:28 +0000] [257] [INFO] Waiting for application startup.
[2026-03-29 22:17:28 +0000] [257] [INFO] Application startup complete.
[2026-03-29 22:17:28 +0000] [261] [INFO] Booting worker with pid: 261
[2026-03-29 22:17:28 +0000] [262] [INFO] Booting worker with pid: 262
[2026-03-29 22:17:28 +0000] [258] [INFO] Started server process [258]
[2026-03-29 22:17:28 +0000] [258] [INFO] Waiting for application startup.
[2026-03-29 22:17:28 +0000] [258] [INFO] Application startup complete.
[2026-03-29 22:17:28 +0000] [261] [INFO] Started server process [261]
[2026-03-29 22:17:28 +0000] [261] [INFO] Waiting for application startup.
[2026-03-29 22:17:28 +0000] [261] [INFO] Application startup complete.
[2026-03-29 22:17:28 +0000] [262] [INFO] Started server process [262]
[2026-03-29 22:17:28 +0000] [262] [INFO] Waiting for application startup.
[2026-03-29 22:17:28 +0000] [262] [INFO] Application startup complete.
[2026-03-29 22:17:28 +0000] [265] [INFO] Booting worker with pid: 265
[2026-03-29 22:17:28 +0000] [266] [INFO] Booting worker with pid: 266
[2026-03-29 22:17:28 +0000] [265] [INFO] Started server process [265]
[2026-03-29 22:17:28 +0000] [265] [INFO] Waiting for application startup.
[2026-03-29 22:17:28 +0000] [265] [INFO] Application startup complete.
[2026-03-29 22:17:28 +0000] [268] [INFO] Booting worker with pid: 268
[2026-03-29 22:17:28 +0000] [266] [INFO] Started server process [266]
[2026-03-29 22:17:28 +0000] [266] [INFO] Waiting for application startup.
[2026-03-29 22:17:28 +0000] [266] [INFO] Application startup complete.
[2026-03-29 22:17:28 +0000] [270] [INFO] Booting worker with pid: 270
[2026-03-29 22:17:28 +0000] [268] [INFO] Started server process [268]
[2026-03-29 22:17:28 +0000] [268] [INFO] Waiting for application startup.
[2026-03-29 22:17:28 +0000] [268] [INFO] Application startup complete.
[2026-03-29 22:17:28 +0000] [270] [INFO] Started server process [270]
[2026-03-29 22:17:28 +0000] [270] [INFO] Waiting for application startup.
[2026-03-29 22:17:28 +0000] [270] [INFO] Application startup complete.
[2026-03-29 22:17:28 +0000] [273] [INFO] Booting worker with pid: 273
[2026-03-29 22:17:28 +0000] [274] [INFO] Booting worker with pid: 274
[2026-03-29 22:17:28 +0000] [273] [INFO] Started server process [273]
[2026-03-29 22:17:28 +0000] [273] [INFO] Waiting for application startup.
[2026-03-29 22:17:28 +0000] [273] [INFO] Application startup complete.
[2026-03-29 22:17:28 +0000] [277] [INFO] Booting worker with pid: 277
[2026-03-29 22:17:28 +0000] [278] [INFO] Booting worker with pid: 278
[2026-03-29 22:17:28 +0000] [274] [INFO] Started server process [274]
[2026-03-29 22:17:28 +0000] [274] [INFO] Waiting for application startup.
[2026-03-29 22:17:28 +0000] [274] [INFO] Application startup complete.
[2026-03-29 22:17:28 +0000] [281] [INFO] Booting worker with pid: 281
[2026-03-29 22:17:28 +0000] [277] [INFO] Started server process [277]
[2026-03-29 22:17:28 +0000] [277] [INFO] Waiting for application startup.
[2026-03-29 22:17:28 +0000] [277] [INFO] Application startup complete.
[2026-03-29 22:17:28 +0000] [278] [INFO] Started server process [278]
[2026-03-29 22:17:28 +0000] [278] [INFO] Waiting for application startup.
[2026-03-29 22:17:28 +0000] [278] [INFO] Application startup complete.
[2026-03-29 22:17:29 +0000] [282] [INFO] Booting worker with pid: 282
[2026-03-29 22:17:29 +0000] [281] [INFO] Started server process [281]
[2026-03-29 22:17:29 +0000] [281] [INFO] Waiting for application startup.
[2026-03-29 22:17:29 +0000] [281] [INFO] Application startup complete.
[2026-03-29 22:17:29 +0000] [285] [INFO] Booting worker with pid: 285
[2026-03-29 22:17:29 +0000] [282] [INFO] Started server process [282]
[2026-03-29 22:17:29 +0000] [282] [INFO] Waiting for application startup.
[2026-03-29 22:17:29 +0000] [282] [INFO] Application startup complete.
[2026-03-29 22:17:29 +0000] [287] [INFO] Booting worker with pid: 287
[2026-03-29 22:17:29 +0000] [285] [INFO] Started server process [285]
[2026-03-29 22:17:29 +0000] [285] [INFO] Waiting for application startup.
[2026-03-29 22:17:29 +0000] [285] [INFO] Application startup complete.
[2026-03-29 22:17:29 +0000] [288] [INFO] Booting worker with pid: 288
[2026-03-29 22:17:29 +0000] [287] [INFO] Started server process [287]
[2026-03-29 22:17:29 +0000] [287] [INFO] Waiting for application startup.
[2026-03-29 22:17:29 +0000] [287] [INFO] Application startup complete.
[2026-03-29 22:17:29 +0000] [291] [INFO] Booting worker with pid: 291
[2026-03-29 22:17:29 +0000] [288] [INFO] Started server process [288]
[2026-03-29 22:17:29 +0000] [288] [INFO] Waiting for application startup.
[2026-03-29 22:17:29 +0000] [288] [INFO] Application startup complete.
[2026-03-29 22:17:29 +0000] [292] [INFO] Booting worker with pid: 292
[2026-03-29 22:17:29 +0000] [291] [INFO] Started server process [291]
[2026-03-29 22:17:29 +0000] [291] [INFO] Waiting for application startup.
[2026-03-29 22:17:29 +0000] [291] [INFO] Application startup complete.
[2026-03-29 22:17:29 +0000] [295] [INFO] Booting worker with pid: 295
[2026-03-29 22:17:29 +0000] [292] [INFO] Started server process [292]
[2026-03-29 22:17:29 +0000] [292] [INFO] Waiting for application startup.
[2026-03-29 22:17:29 +0000] [292] [INFO] Application startup complete.
[2026-03-29 22:17:29 +0000] [296] [INFO] Booting worker with pid: 296
[2026-03-29 22:17:29 +0000] [295] [INFO] Started server process [295]
[2026-03-29 22:17:29 +0000] [295] [INFO] Waiting for application startup.
[2026-03-29 22:17:29 +0000] [295] [INFO] Application startup complete.
[2026-03-29 22:17:29 +0000] [296] [INFO] Started server process [296]
[2026-03-29 22:17:29 +0000] [296] [INFO] Waiting for application startup.
[2026-03-29 22:17:29 +0000] [296] [INFO] Application startup complete.
[2026-03-29 22:17:29 +0000] [299] [INFO] Booting worker with pid: 299
[2026-03-29 22:17:29 +0000] [299] [INFO] Started server process [299]
[2026-03-29 22:17:29 +0000] [299] [INFO] Waiting for application startup.
[2026-03-29 22:17:29 +0000] [299] [INFO] Application startup complete.
[2026-03-29 22:17:29 +0000] [301] [INFO] Booting worker with pid: 301
[2026-03-29 22:17:29 +0000] [302] [INFO] Booting worker with pid: 302
[2026-03-29 22:17:29 +0000] [304] [INFO] Booting worker with pid: 304
[2026-03-29 22:17:29 +0000] [301] [INFO] Started server process [301]
[2026-03-29 22:17:29 +0000] [301] [INFO] Waiting for application startup.
[2026-03-29 22:17:29 +0000] [301] [INFO] Application startup complete.
[2026-03-29 22:17:29 +0000] [302] [INFO] Started server process [302]
[2026-03-29 22:17:29 +0000] [302] [INFO] Waiting for application startup.
[2026-03-29 22:17:29 +0000] [302] [INFO] Application startup complete.
[2026-03-29 22:17:29 +0000] [304] [INFO] Started server process [304]
[2026-03-29 22:17:29 +0000] [304] [INFO] Waiting for application startup.
[2026-03-29 22:17:29 +0000] [304] [INFO] Application startup complete.
[2026-03-29 22:17:29 +0000] [307] [INFO] Booting worker with pid: 307
[2026-03-29 22:17:29 +0000] [308] [INFO] Booting worker with pid: 308
[2026-03-29 22:17:29 +0000] [307] [INFO] Started server process [307]
[2026-03-29 22:17:29 +0000] [307] [INFO] Waiting for application startup.
[2026-03-29 22:17:29 +0000] [307] [INFO] Application startup complete.
[2026-03-29 22:17:29 +0000] [311] [INFO] Booting worker with pid: 311
[2026-03-29 22:17:29 +0000] [308] [INFO] Started server process [308]
[2026-03-29 22:17:29 +0000] [308] [INFO] Waiting for application startup.
[2026-03-29 22:17:29 +0000] [308] [INFO] Application startup complete.
[2026-03-29 22:17:29 +0000] [312] [INFO] Booting worker with pid: 312
[2026-03-29 22:17:29 +0000] [313] [INFO] Booting worker with pid: 313
[2026-03-29 22:17:29 +0000] [315] [INFO] Booting worker with pid: 315
[2026-03-29 22:17:29 +0000] [311] [INFO] Started server process [311]
[2026-03-29 22:17:29 +0000] [311] [INFO] Waiting for application startup.
[2026-03-29 22:17:29 +0000] [311] [INFO] Application startup complete.
[2026-03-29 22:17:29 +0000] [316] [INFO] Booting worker with pid: 316
[2026-03-29 22:17:29 +0000] [312] [INFO] Started server process [312]
[2026-03-29 22:17:29 +0000] [312] [INFO] Waiting for application startup.
[2026-03-29 22:17:29 +0000] [312] [INFO] Application startup complete.
[2026-03-29 22:17:30 +0000] [313] [INFO] Started server process [313]
[2026-03-29 22:17:30 +0000] [313] [INFO] Waiting for application startup.
[2026-03-29 22:17:30 +0000] [313] [INFO] Application startup complete.
[2026-03-29 22:17:30 +0000] [315] [INFO] Started server process [315]
[2026-03-29 22:17:30 +0000] [315] [INFO] Waiting for application startup.
[2026-03-29 22:17:30 +0000] [315] [INFO] Application startup complete.
[2026-03-29 22:17:30 +0000] [316] [INFO] Started server process [316]
[2026-03-29 22:17:30 +0000] [316] [INFO] Waiting for application startup.
[2026-03-29 22:17:30 +0000] [316] [INFO] Application startup complete.
[2026-03-29 22:17:30 +0000] [321] [INFO] Booting worker with pid: 321
[2026-03-29 22:17:30 +0000] [323] [INFO] Booting worker with pid: 323
[2026-03-29 22:17:30 +0000] [321] [INFO] Started server process [321]
[2026-03-29 22:17:30 +0000] [321] [INFO] Waiting for application startup.
[2026-03-29 22:17:30 +0000] [321] [INFO] Application startup complete.
[2026-03-29 22:17:30 +0000] [323] [INFO] Started server process [323]
[2026-03-29 22:17:30 +0000] [323] [INFO] Waiting for application startup.
[2026-03-29 22:17:30 +0000] [323] [INFO] Application startup complete.
[2026-03-29 22:17:30 +0000] [325] [INFO] Booting worker with pid: 325
[2026-03-29 22:17:30 +0000] [325] [INFO] Started server process [325]
[2026-03-29 22:17:30 +0000] [325] [INFO] Waiting for application startup.
[2026-03-29 22:17:30 +0000] [325] [INFO] Application startup complete.
[2026-03-29 22:17:30 +0000] [327] [INFO] Booting worker with pid: 327
[2026-03-29 22:17:30 +0000] [328] [INFO] Booting worker with pid: 328
[2026-03-29 22:17:30 +0000] [329] [INFO] Booting worker with pid: 329
[2026-03-29 22:17:30 +0000] [331] [INFO] Booting worker with pid: 331
[2026-03-29 22:17:30 +0000] [327] [INFO] Started server process [327]
[2026-03-29 22:17:30 +0000] [327] [INFO] Waiting for application startup.
[2026-03-29 22:17:30 +0000] [327] [INFO] Application startup complete.
[2026-03-29 22:17:30 +0000] [329] [INFO] Started server process [329]
[2026-03-29 22:17:30 +0000] [329] [INFO] Waiting for application startup.
[2026-03-29 22:17:30 +0000] [329] [INFO] Application startup complete.
[2026-03-29 22:17:30 +0000] [331] [INFO] Started server process [331]
[2026-03-29 22:17:30 +0000] [331] [INFO] Waiting for application startup.
[2026-03-29 22:17:30 +0000] [331] [INFO] Application startup complete.
[2026-03-29 22:17:30 +0000] [335] [INFO] Booting worker with pid: 335
[2026-03-29 22:17:30 +0000] [336] [INFO] Booting worker with pid: 336
[2026-03-29 22:17:30 +0000] [328] [INFO] Started server process [328]
[2026-03-29 22:17:30 +0000] [328] [INFO] Waiting for application startup.
[2026-03-29 22:17:30 +0000] [328] [INFO] Application startup complete.
[2026-03-29 22:17:30 +0000] [337] [INFO] Booting worker with pid: 337
[2026-03-29 22:17:30 +0000] [335] [INFO] Started server process [335]
[2026-03-29 22:17:30 +0000] [335] [INFO] Waiting for application startup.
[2026-03-29 22:17:30 +0000] [335] [INFO] Application startup complete.
[2026-03-29 22:17:30 +0000] [340] [INFO] Booting worker with pid: 340
[2026-03-29 22:17:30 +0000] [336] [INFO] Started server process [336]
[2026-03-29 22:17:30 +0000] [336] [INFO] Waiting for application startup.
[2026-03-29 22:17:30 +0000] [336] [INFO] Application startup complete.
[2026-03-29 22:17:30 +0000] [342] [INFO] Booting worker with pid: 342
[2026-03-29 22:17:30 +0000] [337] [INFO] Started server process [337]
[2026-03-29 22:17:30 +0000] [337] [INFO] Waiting for application startup.
[2026-03-29 22:17:30 +0000] [337] [INFO] Application startup complete.
[2026-03-29 22:17:30 +0000] [340] [INFO] Started server process [340]
[2026-03-29 22:17:30 +0000] [340] [INFO] Waiting for application startup.
[2026-03-29 22:17:30 +0000] [340] [INFO] Application startup complete.
[2026-03-29 22:17:30 +0000] [342] [INFO] Started server process [342]
[2026-03-29 22:17:30 +0000] [342] [INFO] Waiting for application startup.
[2026-03-29 22:17:30 +0000] [342] [INFO] Application startup complete.
[2026-03-29 22:17:30 +0000] [345] [INFO] Booting worker with pid: 345
[2026-03-29 22:17:30 +0000] [345] [INFO] Started server process [345]
[2026-03-29 22:17:30 +0000] [345] [INFO] Waiting for application startup.
[2026-03-29 22:17:30 +0000] [345] [INFO] Application startup complete.
[2026-03-29 22:17:30 +0000] [347] [INFO] Booting worker with pid: 347
[2026-03-29 22:17:30 +0000] [348] [INFO] Booting worker with pid: 348
[2026-03-29 22:17:30 +0000] [347] [INFO] Started server process [347]
[2026-03-29 22:17:30 +0000] [347] [INFO] Waiting for application startup.
[2026-03-29 22:17:30 +0000] [347] [INFO] Application startup complete.
[2026-03-29 22:17:31 +0000] [350] [INFO] Booting worker with pid: 350
[2026-03-29 22:17:31 +0000] [348] [INFO] Started server process [348]
[2026-03-29 22:17:31 +0000] [348] [INFO] Waiting for application startup.
[2026-03-29 22:17:31 +0000] [348] [INFO] Application startup complete.
[2026-03-29 22:17:31 +0000] [352] [INFO] Booting worker with pid: 352
[2026-03-29 22:17:31 +0000] [353] [INFO] Booting worker with pid: 353
[2026-03-29 22:17:31 +0000] [354] [INFO] Booting worker with pid: 354
[2026-03-29 22:17:31 +0000] [350] [INFO] Started server process [350]
[2026-03-29 22:17:31 +0000] [350] [INFO] Waiting for application startup.
[2026-03-29 22:17:31 +0000] [350] [INFO] Application startup complete.
[2026-03-29 22:17:31 +0000] [356] [INFO] Booting worker with pid: 356
[2026-03-29 22:17:31 +0000] [357] [INFO] Booting worker with pid: 357
[2026-03-29 22:17:31 +0000] [359] [INFO] Booting worker with pid: 359
[2026-03-29 22:17:31 +0000] [352] [INFO] Started server process [352]
[2026-03-29 22:17:31 +0000] [352] [INFO] Waiting for application startup.
[2026-03-29 22:17:31 +0000] [352] [INFO] Application startup complete.
[2026-03-29 22:17:31 +0000] [361] [INFO] Booting worker with pid: 361
[2026-03-29 22:17:31 +0000] [357] [INFO] Started server process [357]
[2026-03-29 22:17:31 +0000] [357] [INFO] Waiting for application startup.
[2026-03-29 22:17:31 +0000] [357] [INFO] Application startup complete.
[2026-03-29 22:17:31 +0000] [362] [INFO] Booting worker with pid: 362
[2026-03-29 22:17:31 +0000] [363] [INFO] Booting worker with pid: 363
[2026-03-29 22:17:31 +0000] [361] [INFO] Started server process [361]
[2026-03-29 22:17:31 +0000] [361] [INFO] Waiting for application startup.
[2026-03-29 22:17:31 +0000] [361] [INFO] Application startup complete.
[2026-03-29 22:17:31 +0000] [359] [INFO] Started server process [359]
[2026-03-29 22:17:31 +0000] [359] [INFO] Waiting for application startup.
[2026-03-29 22:17:31 +0000] [359] [INFO] Application startup complete.
[2026-03-29 22:17:31 +0000] [353] [INFO] Started server process [353]
[2026-03-29 22:17:31 +0000] [353] [INFO] Waiting for application startup.
[2026-03-29 22:17:31 +0000] [353] [INFO] Application startup complete.
[2026-03-29 22:17:31 +0000] [363] [INFO] Started server process [363]
[2026-03-29 22:17:31 +0000] [363] [INFO] Waiting for application startup.
[2026-03-29 22:17:31 +0000] [363] [INFO] Application startup complete.
[2026-03-29 22:17:31 +0000] [370] [INFO] Booting worker with pid: 370
[2026-03-29 22:17:31 +0000] [354] [INFO] Started server process [354]
[2026-03-29 22:17:31 +0000] [354] [INFO] Waiting for application startup.
[2026-03-29 22:17:31 +0000] [354] [INFO] Application startup complete.
[2026-03-29 22:17:31 +0000] [356] [INFO] Started server process [356]
[2026-03-29 22:17:31 +0000] [356] [INFO] Waiting for application startup.
[2026-03-29 22:17:31 +0000] [356] [INFO] Application startup complete.
[2026-03-29 22:17:31 +0000] [371] [INFO] Booting worker with pid: 371
[2026-03-29 22:17:31 +0000] [373] [INFO] Booting worker with pid: 373
[2026-03-29 22:17:31 +0000] [362] [INFO] Started server process [362]
[2026-03-29 22:17:31 +0000] [362] [INFO] Waiting for application startup.
[2026-03-29 22:17:31 +0000] [362] [INFO] Application startup complete.
[2026-03-29 22:17:31 +0000] [374] [INFO] Booting worker with pid: 374
[2026-03-29 22:17:31 +0000] [376] [INFO] Booting worker with pid: 376
[2026-03-29 22:17:32 +0000] [370] [INFO] Started server process [370]
[2026-03-29 22:17:32 +0000] [370] [INFO] Waiting for application startup.
[2026-03-29 22:17:32 +0000] [377] [INFO] Booting worker with pid: 377
[2026-03-29 22:17:32 +0000] [370] [INFO] Application startup complete.
[2026-03-29 22:17:32 +0000] [376] [INFO] Started server process [376]
[2026-03-29 22:17:32 +0000] [376] [INFO] Waiting for application startup.
[2026-03-29 22:17:32 +0000] [376] [INFO] Application startup complete.
[2026-03-29 22:17:32 +0000] [381] [INFO] Booting worker with pid: 381
[2026-03-29 22:17:32 +0000] [374] [INFO] Started server process [374]
[2026-03-29 22:17:32 +0000] [374] [INFO] Waiting for application startup.
[2026-03-29 22:17:32 +0000] [374] [INFO] Application startup complete.
[2026-03-29 22:17:32 +0000] [373] [INFO] Started server process [373]
[2026-03-29 22:17:32 +0000] [373] [INFO] Waiting for application startup.
[2026-03-29 22:17:32 +0000] [373] [INFO] Application startup complete.
[2026-03-29 22:17:32 +0000] [371] [INFO] Started server process [371]
[2026-03-29 22:17:32 +0000] [371] [INFO] Waiting for application startup.
[2026-03-29 22:17:32 +0000] [371] [INFO] Application startup complete.
[2026-03-29 22:17:32 +0000] [383] [INFO] Booting worker with pid: 383
[2026-03-29 22:17:32 +0000] [381] [INFO] Started server process [381]
[2026-03-29 22:17:32 +0000] [381] [INFO] Waiting for application startup.
[2026-03-29 22:17:32 +0000] [381] [INFO] Application startup complete.
[2026-03-29 22:17:32 +0000] [386] [INFO] Booting worker with pid: 386
[2026-03-29 22:17:32 +0000] [387] [INFO] Booting worker with pid: 387
[2026-03-29 22:17:32 +0000] [388] [INFO] Booting worker with pid: 388
[2026-03-29 22:17:32 +0000] [377] [INFO] Started server process [377]
[2026-03-29 22:17:32 +0000] [377] [INFO] Waiting for application startup.
[2026-03-29 22:17:32 +0000] [377] [INFO] Application startup complete.
[2026-03-29 22:17:32 +0000] [389] [INFO] Booting worker with pid: 389
[2026-03-29 22:17:32 +0000] [387] [INFO] Started server process [387]
[2026-03-29 22:17:32 +0000] [387] [INFO] Waiting for application startup.
[2026-03-29 22:17:32 +0000] [387] [INFO] Application startup complete.
[2026-03-29 22:17:32 +0000] [392] [INFO] Booting worker with pid: 392
[2026-03-29 22:17:32 +0000] [388] [INFO] Started server process [388]
[2026-03-29 22:17:32 +0000] [388] [INFO] Waiting for application startup.
[2026-03-29 22:17:32 +0000] [388] [INFO] Application startup complete.
[2026-03-29 22:17:32 +0000] [389] [INFO] Started server process [389]
[2026-03-29 22:17:32 +0000] [389] [INFO] Waiting for application startup.
[2026-03-29 22:17:32 +0000] [389] [INFO] Application startup complete.
[2026-03-29 22:17:32 +0000] [394] [INFO] Booting worker with pid: 394
[2026-03-29 22:17:32 +0000] [392] [INFO] Started server process [392]
[2026-03-29 22:17:32 +0000] [392] [INFO] Waiting for application startup.
[2026-03-29 22:17:32 +0000] [392] [INFO] Application startup complete.
[2026-03-29 22:17:32 +0000] [396] [INFO] Booting worker with pid: 396
[2026-03-29 22:17:32 +0000] [399] [INFO] Booting worker with pid: 399
[2026-03-29 22:17:32 +0000] [396] [INFO] Started server process [396]
[2026-03-29 22:17:32 +0000] [396] [INFO] Waiting for application startup.
[2026-03-29 22:17:32 +0000] [396] [INFO] Application startup complete.
[2026-03-29 22:17:32 +0000] [383] [INFO] Started server process [383]
[2026-03-29 22:17:32 +0000] [383] [INFO] Waiting for application startup.
[2026-03-29 22:17:32 +0000] [383] [INFO] Application startup complete.
[2026-03-29 22:17:32 +0000] [400] [INFO] Booting worker with pid: 400
[2026-03-29 22:17:32 +0000] [394] [INFO] Started server process [394]
[2026-03-29 22:17:32 +0000] [394] [INFO] Waiting for application startup.
[2026-03-29 22:17:32 +0000] [394] [INFO] Application startup complete.
[2026-03-29 22:17:32 +0000] [399] [INFO] Started server process [399]
[2026-03-29 22:17:32 +0000] [399] [INFO] Waiting for application startup.
[2026-03-29 22:17:32 +0000] [399] [INFO] Application startup complete.
[2026-03-29 22:17:32 +0000] [403] [INFO] Booting worker with pid: 403
[2026-03-29 22:17:32 +0000] [406] [INFO] Booting worker with pid: 406
[2026-03-29 22:17:32 +0000] [403] [INFO] Started server process [403]
[2026-03-29 22:17:32 +0000] [403] [INFO] Waiting for application startup.
[2026-03-29 22:17:32 +0000] [403] [INFO] Application startup complete.
[2026-03-29 22:17:32 +0000] [400] [INFO] Started server process [400]
[2026-03-29 22:17:32 +0000] [400] [INFO] Waiting for application startup.
[2026-03-29 22:17:32 +0000] [400] [INFO] Application startup complete.
[2026-03-29 22:17:33 +0000] [407] [INFO] Booting worker with pid: 407
[2026-03-29 22:17:33 +0000] [408] [INFO] Booting worker with pid: 408
[2026-03-29 22:17:33 +0000] [386] [INFO] Started server process [386]
[2026-03-29 22:17:33 +0000] [386] [INFO] Waiting for application startup.
[2026-03-29 22:17:33 +0000] [386] [INFO] Application startup complete.
[2026-03-29 22:17:33 +0000] [413] [INFO] Booting worker with pid: 413
[2026-03-29 22:17:33 +0000] [407] [INFO] Started server process [407]
[2026-03-29 22:17:33 +0000] [407] [INFO] Waiting for application startup.
[2026-03-29 22:17:33 +0000] [407] [INFO] Application startup complete.
[2026-03-29 22:17:33 +0000] [406] [INFO] Started server process [406]
[2026-03-29 22:17:33 +0000] [406] [INFO] Waiting for application startup.
[2026-03-29 22:17:33 +0000] [406] [INFO] Application startup complete.
[2026-03-29 22:17:33 +0000] [408] [INFO] Started server process [408]
[2026-03-29 22:17:33 +0000] [408] [INFO] Waiting for application startup.
[2026-03-29 22:17:33 +0000] [408] [INFO] Application startup complete.
[2026-03-29 22:17:33 +0000] [414] [INFO] Booting worker with pid: 414
[2026-03-29 22:17:33 +0000] [415] [INFO] Booting worker with pid: 415
[2026-03-29 22:17:33 +0000] [416] [INFO] Booting worker with pid: 416
[2026-03-29 22:17:33 +0000] [413] [INFO] Started server process [413]
[2026-03-29 22:17:33 +0000] [413] [INFO] Waiting for application startup.
[2026-03-29 22:17:33 +0000] [413] [INFO] Application startup complete.
[2026-03-29 22:17:33 +0000] [414] [INFO] Started server process [414]
[2026-03-29 22:17:33 +0000] [414] [INFO] Waiting for application startup.
[2026-03-29 22:17:33 +0000] [414] [INFO] Application startup complete.
[2026-03-29 22:17:33 +0000] [415] [INFO] Started server process [415]
[2026-03-29 22:17:33 +0000] [415] [INFO] Waiting for application startup.
[2026-03-29 22:17:33 +0000] [415] [INFO] Application startup complete.
[2026-03-29 22:17:33 +0000] [420] [INFO] Booting worker with pid: 420
[2026-03-29 22:17:33 +0000] [416] [INFO] Started server process [416]
[2026-03-29 22:17:33 +0000] [416] [INFO] Waiting for application startup.
[2026-03-29 22:17:33 +0000] [416] [INFO] Application startup complete.
[2026-03-29 22:17:33 +0000] [422] [INFO] Booting worker with pid: 422
[2026-03-29 22:17:33 +0000] [423] [INFO] Booting worker with pid: 423
[2026-03-29 22:17:33 +0000] [424] [INFO] Booting worker with pid: 424
[2026-03-29 22:17:33 +0000] [422] [INFO] Started server process [422]
[2026-03-29 22:17:33 +0000] [422] [INFO] Waiting for application startup.
[2026-03-29 22:17:33 +0000] [422] [INFO] Application startup complete.
[2026-03-29 22:17:33 +0000] [423] [INFO] Started server process [423]
[2026-03-29 22:17:33 +0000] [423] [INFO] Waiting for application startup.
[2026-03-29 22:17:33 +0000] [423] [INFO] Application startup complete.
[2026-03-29 22:17:33 +0000] [427] [INFO] Booting worker with pid: 427
[2026-03-29 22:17:33 +0000] [429] [INFO] Booting worker with pid: 429
[2026-03-29 22:17:33 +0000] [424] [INFO] Started server process [424]
[2026-03-29 22:17:33 +0000] [424] [INFO] Waiting for application startup.
[2026-03-29 22:17:33 +0000] [424] [INFO] Application startup complete.
[2026-03-29 22:17:33 +0000] [427] [INFO] Started server process [427]
[2026-03-29 22:17:33 +0000] [427] [INFO] Waiting for application startup.
[2026-03-29 22:17:33 +0000] [427] [INFO] Application startup complete.
[2026-03-29 22:17:33 +0000] [431] [INFO] Booting worker with pid: 431
[2026-03-29 22:17:33 +0000] [429] [INFO] Started server process [429]
[2026-03-29 22:17:33 +0000] [429] [INFO] Waiting for application startup.
[2026-03-29 22:17:33 +0000] [429] [INFO] Application startup complete.
[2026-03-29 22:17:33 +0000] [433] [INFO] Booting worker with pid: 433
[2026-03-29 22:17:33 +0000] [420] [INFO] Started server process [420]
[2026-03-29 22:17:33 +0000] [420] [INFO] Waiting for application startup.
[2026-03-29 22:17:33 +0000] [420] [INFO] Application startup complete.
[2026-03-29 22:17:33 +0000] [435] [INFO] Booting worker with pid: 435
[2026-03-29 22:17:33 +0000] [436] [INFO] Booting worker with pid: 436
[2026-03-29 22:17:34 +0000] [437] [INFO] Booting worker with pid: 437
[2026-03-29 22:17:34 +0000] [438] [INFO] Booting worker with pid: 438
[2026-03-29 22:17:34 +0000] [437] [INFO] Started server process [437]
[2026-03-29 22:17:34 +0000] [437] [INFO] Waiting for application startup.
[2026-03-29 22:17:34 +0000] [437] [INFO] Application startup complete.
[2026-03-29 22:17:34 +0000] [441] [INFO] Booting worker with pid: 441
[2026-03-29 22:17:34 +0000] [442] [INFO] Booting worker with pid: 442
[2026-03-29 22:17:34 +0000] [436] [INFO] Started server process [436]
[2026-03-29 22:17:34 +0000] [436] [INFO] Waiting for application startup.
[2026-03-29 22:17:34 +0000] [436] [INFO] Application startup complete.
[2026-03-29 22:17:34 +0000] [438] [INFO] Started server process [438]
[2026-03-29 22:17:34 +0000] [438] [INFO] Waiting for application startup.
[2026-03-29 22:17:34 +0000] [438] [INFO] Application startup complete.
[2026-03-29 22:17:34 +0000] [446] [INFO] Booting worker with pid: 446
[2026-03-29 22:17:34 +0000] [431] [INFO] Started server process [431]
[2026-03-29 22:17:34 +0000] [431] [INFO] Waiting for application startup.
[2026-03-29 22:17:34 +0000] [431] [INFO] Application startup complete.
[2026-03-29 22:17:34 +0000] [435] [INFO] Started server process [435]
[2026-03-29 22:17:34 +0000] [435] [INFO] Waiting for application startup.
[2026-03-29 22:17:34 +0000] [435] [INFO] Application startup complete.
[2026-03-29 22:17:34 +0000] [433] [INFO] Started server process [433]
[2026-03-29 22:17:34 +0000] [433] [INFO] Waiting for application startup.
[2026-03-29 22:17:34 +0000] [433] [INFO] Application startup complete.
[2026-03-29 22:17:34 +0000] [442] [INFO] Started server process [442]
[2026-03-29 22:17:34 +0000] [442] [INFO] Waiting for application startup.
[2026-03-29 22:17:34 +0000] [442] [INFO] Application startup complete.
[2026-03-29 22:17:34 +0000] [449] [INFO] Booting worker with pid: 449
[2026-03-29 22:17:34 +0000] [450] [INFO] Booting worker with pid: 450
[2026-03-29 22:17:34 +0000] [446] [INFO] Started server process [446]
[2026-03-29 22:17:34 +0000] [446] [INFO] Waiting for application startup.
[2026-03-29 22:17:34 +0000] [446] [INFO] Application startup complete.
[2026-03-29 22:17:34 +0000] [452] [INFO] Booting worker with pid: 452
[2026-03-29 22:17:34 +0000] [454] [INFO] Booting worker with pid: 454
[2026-03-29 22:17:34 +0000] [441] [INFO] Started server process [441]
[2026-03-29 22:17:34 +0000] [441] [INFO] Waiting for application startup.
[2026-03-29 22:17:34 +0000] [441] [INFO] Application startup complete.
[2026-03-29 22:17:34 +0000] [455] [INFO] Booting worker with pid: 455
[2026-03-29 22:17:34 +0000] [450] [INFO] Started server process [450]
[2026-03-29 22:17:34 +0000] [450] [INFO] Waiting for application startup.
[2026-03-29 22:17:34 +0000] [450] [INFO] Application startup complete.
[2026-03-29 22:17:34 +0000] [452] [INFO] Started server process [452]
[2026-03-29 22:17:34 +0000] [452] [INFO] Waiting for application startup.
[2026-03-29 22:17:34 +0000] [452] [INFO] Application startup complete.
[2026-03-29 22:17:34 +0000] [458] [INFO] Booting worker with pid: 458
[2026-03-29 22:17:34 +0000] [455] [INFO] Started server process [455]
[2026-03-29 22:17:34 +0000] [455] [INFO] Waiting for application startup.
[2026-03-29 22:17:34 +0000] [455] [INFO] Application startup complete.
[2026-03-29 22:17:34 +0000] [454] [INFO] Started server process [454]
[2026-03-29 22:17:34 +0000] [454] [INFO] Waiting for application startup.
[2026-03-29 22:17:34 +0000] [454] [INFO] Application startup complete.
[2026-03-29 22:17:34 +0000] [461] [INFO] Booting worker with pid: 461
[2026-03-29 22:17:34 +0000] [463] [INFO] Booting worker with pid: 463
[2026-03-29 22:17:34 +0000] [461] [INFO] Started server process [461]
[2026-03-29 22:17:34 +0000] [461] [INFO] Waiting for application startup.
[2026-03-29 22:17:34 +0000] [461] [INFO] Application startup complete.
[2026-03-29 22:17:34 +0000] [465] [INFO] Booting worker with pid: 465
[2026-03-29 22:17:34 +0000] [449] [INFO] Started server process [449]
[2026-03-29 22:17:34 +0000] [449] [INFO] Waiting for application startup.
[2026-03-29 22:17:34 +0000] [449] [INFO] Application startup complete.
[2026-03-29 22:17:34 +0000] [466] [INFO] Booting worker with pid: 466
[2026-03-29 22:17:34 +0000] [467] [INFO] Booting worker with pid: 467
[2026-03-29 22:17:35 +0000] [469] [INFO] Booting worker with pid: 469
[2026-03-29 22:17:35 +0000] [467] [INFO] Started server process [467]
[2026-03-29 22:17:35 +0000] [467] [INFO] Waiting for application startup.
[2026-03-29 22:17:35 +0000] [467] [INFO] Application startup complete.
[2026-03-29 22:17:35 +0000] [471] [INFO] Booting worker with pid: 471
[2026-03-29 22:17:35 +0000] [472] [INFO] Booting worker with pid: 472
[2026-03-29 22:17:35 +0000] [469] [INFO] Started server process [469]
[2026-03-29 22:17:35 +0000] [469] [INFO] Waiting for application startup.
[2026-03-29 22:17:35 +0000] [469] [INFO] Application startup complete.
[2026-03-29 22:17:35 +0000] [458] [INFO] Started server process [458]
[2026-03-29 22:17:35 +0000] [458] [INFO] Waiting for application startup.
[2026-03-29 22:17:35 +0000] [458] [INFO] Application startup complete.
[2026-03-29 22:17:35 +0000] [466] [INFO] Started server process [466]
[2026-03-29 22:17:35 +0000] [466] [INFO] Waiting for application startup.
[2026-03-29 22:17:35 +0000] [466] [INFO] Application startup complete.
[2026-03-29 22:17:35 +0000] [463] [INFO] Started server process [463]
[2026-03-29 22:17:35 +0000] [463] [INFO] Waiting for application startup.
[2026-03-29 22:17:35 +0000] [463] [INFO] Application startup complete.
[2026-03-29 22:17:35 +0000] [477] [INFO] Booting worker with pid: 477
[2026-03-29 22:17:35 +0000] [465] [INFO] Started server process [465]
[2026-03-29 22:17:35 +0000] [465] [INFO] Waiting for application startup.
[2026-03-29 22:17:35 +0000] [465] [INFO] Application startup complete.
[2026-03-29 22:17:35 +0000] [471] [INFO] Started server process [471]
[2026-03-29 22:17:35 +0000] [471] [INFO] Waiting for application startup.
[2026-03-29 22:17:35 +0000] [471] [INFO] Application startup complete.
[2026-03-29 22:17:35 +0000] [472] [INFO] Started server process [472]
[2026-03-29 22:17:35 +0000] [472] [INFO] Waiting for application startup.
[2026-03-29 22:17:35 +0000] [472] [INFO] Application startup complete.
[2026-03-29 22:17:35 +0000] [480] [INFO] Booting worker with pid: 480
[2026-03-29 22:17:35 +0000] [477] [INFO] Started server process [477]
[2026-03-29 22:17:35 +0000] [477] [INFO] Waiting for application startup.
[2026-03-29 22:17:35 +0000] [477] [INFO] Application startup complete.
[2026-03-29 22:17:35 +0000] [483] [INFO] Booting worker with pid: 483
[2026-03-29 22:17:35 +0000] [480] [INFO] Started server process [480]
[2026-03-29 22:17:35 +0000] [480] [INFO] Waiting for application startup.
[2026-03-29 22:17:35 +0000] [480] [INFO] Application startup complete.
[2026-03-29 22:17:35 +0000] [484] [INFO] Booting worker with pid: 484
[2026-03-29 22:17:35 +0000] [483] [INFO] Started server process [483]
[2026-03-29 22:17:35 +0000] [483] [INFO] Waiting for application startup.
[2026-03-29 22:17:35 +0000] [483] [INFO] Application startup complete.
[2026-03-29 22:17:35 +0000] [486] [INFO] Booting worker with pid: 486
[2026-03-29 22:17:35 +0000] [487] [INFO] Booting worker with pid: 487
[2026-03-29 22:17:35 +0000] [488] [INFO] Booting worker with pid: 488
[2026-03-29 22:17:35 +0000] [484] [INFO] Started server process [484]
[2026-03-29 22:17:35 +0000] [484] [INFO] Waiting for application startup.
[2026-03-29 22:17:35 +0000] [484] [INFO] Application startup complete.
[2026-03-29 22:17:35 +0000] [490] [INFO] Booting worker with pid: 490
[2026-03-29 22:17:35 +0000] [492] [INFO] Booting worker with pid: 492
[2026-03-29 22:17:35 +0000] [486] [INFO] Started server process [486]
[2026-03-29 22:17:35 +0000] [486] [INFO] Waiting for application startup.
[2026-03-29 22:17:35 +0000] [486] [INFO] Application startup complete.
[2026-03-29 22:17:35 +0000] [487] [INFO] Started server process [487]
[2026-03-29 22:17:35 +0000] [487] [INFO] Waiting for application startup.
[2026-03-29 22:17:35 +0000] [487] [INFO] Application startup complete.
[2026-03-29 22:17:35 +0000] [488] [INFO] Started server process [488]
[2026-03-29 22:17:35 +0000] [488] [INFO] Waiting for application startup.
[2026-03-29 22:17:35 +0000] [488] [INFO] Application startup complete.
[2026-03-29 22:17:35 +0000] [495] [INFO] Booting worker with pid: 495
[2026-03-29 22:17:35 +0000] [490] [INFO] Started server process [490]
[2026-03-29 22:17:35 +0000] [490] [INFO] Waiting for application startup.
[2026-03-29 22:17:35 +0000] [490] [INFO] Application startup complete.
[2026-03-29 22:17:35 +0000] [492] [INFO] Started server process [492]
[2026-03-29 22:17:35 +0000] [492] [INFO] Waiting for application startup.
[2026-03-29 22:17:35 +0000] [492] [INFO] Application startup complete.
[2026-03-29 22:17:35 +0000] [495] [INFO] Started server process [495]
[2026-03-29 22:17:35 +0000] [495] [INFO] Waiting for application startup.
[2026-03-29 22:17:35 +0000] [495] [INFO] Application startup complete.
[2026-03-29 22:17:35 +0000] [499] [INFO] Booting worker with pid: 499
[2026-03-29 22:17:35 +0000] [500] [INFO] Booting worker with pid: 500
[2026-03-29 22:17:35 +0000] [501] [INFO] Booting worker with pid: 501
[2026-03-29 22:17:35 +0000] [499] [INFO] Started server process [499]
[2026-03-29 22:17:35 +0000] [499] [INFO] Waiting for application startup.
[2026-03-29 22:17:35 +0000] [499] [INFO] Application startup complete.
[2026-03-29 22:17:35 +0000] [503] [INFO] Booting worker with pid: 503
[2026-03-29 22:17:35 +0000] [500] [INFO] Started server process [500]
[2026-03-29 22:17:35 +0000] [500] [INFO] Waiting for application startup.
[2026-03-29 22:17:35 +0000] [500] [INFO] Application startup complete.
[2026-03-29 22:17:35 +0000] [501] [INFO] Started server process [501]
[2026-03-29 22:17:35 +0000] [501] [INFO] Waiting for application startup.
[2026-03-29 22:17:35 +0000] [501] [INFO] Application startup complete.
[2026-03-29 22:17:35 +0000] [506] [INFO] Booting worker with pid: 506
[2026-03-29 22:17:35 +0000] [503] [INFO] Started server process [503]
[2026-03-29 22:17:35 +0000] [503] [INFO] Waiting for application startup.
[2026-03-29 22:17:35 +0000] [503] [INFO] Application startup complete.
[2026-03-29 22:17:35 +0000] [508] [INFO] Booting worker with pid: 508
[2026-03-29 22:17:35 +0000] [506] [INFO] Started server process [506]
[2026-03-29 22:17:35 +0000] [506] [INFO] Waiting for application startup.
[2026-03-29 22:17:35 +0000] [506] [INFO] Application startup complete.
[2026-03-29 22:17:35 +0000] [511] [INFO] Booting worker with pid: 511
[2026-03-29 22:17:35 +0000] [508] [INFO] Started server process [508]
[2026-03-29 22:17:35 +0000] [508] [INFO] Waiting for application startup.
[2026-03-29 22:17:35 +0000] [508] [INFO] Application startup complete.
[2026-03-29 22:17:36 +0000] [513] [INFO] Booting worker with pid: 513
[2026-03-29 22:17:36 +0000] [511] [INFO] Started server process [511]
[2026-03-29 22:17:36 +0000] [511] [INFO] Waiting for application startup.
[2026-03-29 22:17:36 +0000] [511] [INFO] Application startup complete.
[2026-03-29 22:17:36 +0000] [515] [INFO] Booting worker with pid: 515
[2026-03-29 22:17:36 +0000] [513] [INFO] Started server process [513]
[2026-03-29 22:17:36 +0000] [513] [INFO] Waiting for application startup.
[2026-03-29 22:17:36 +0000] [513] [INFO] Application startup complete.
[2026-03-29 22:17:36 +0000] [516] [INFO] Booting worker with pid: 516
[2026-03-29 22:17:36 +0000] [515] [INFO] Started server process [515]
[2026-03-29 22:17:36 +0000] [515] [INFO] Waiting for application startup.
[2026-03-29 22:17:36 +0000] [515] [INFO] Application startup complete.
[2026-03-29 22:17:36 +0000] [516] [INFO] Started server process [516]
[2026-03-29 22:17:36 +0000] [516] [INFO] Waiting for application startup.
[2026-03-29 22:17:36 +0000] [516] [INFO] Application startup complete.
