[1] Puma starting in cluster mode...
[1] * Puma version: 7.2.0 ("On The Corner")
[1] * Ruby version: ruby 4.0.2 (2026-03-17 revision d3da9fec82) +YJIT +MN +PRISM [x86_64-linux]
[1] *  Min threads: 3
[1] *  Max threads: 3
[1] *  Environment: production
[1] *   Master PID: 1
[1] *      Workers: 128
[1] *     Restarts: (✔) hot (✖) phased (✖) refork
[1] * Preloading application
[1] * Listening on http://0.0.0.0:8080
[1] Use Ctrl-C to stop
[1] ! WARNING: Detected `RUBY_MN_THREADS=1`
[1] ! This setting is known to cause performance regressions with Puma.
[1] ! Consider disabling this environment variable: https://github.com/puma/puma/issues/3720
[1] - Worker 0 (PID: 8) booted in 0.34s, phase: 0
[1] - Worker 1 (PID: 12) booted in 0.34s, phase: 0
[1] - Worker 2 (PID: 16) booted in 0.34s, phase: 0
[1] - Worker 3 (PID: 20) booted in 0.33s, phase: 0
[1] - Worker 4 (PID: 24) booted in 0.33s, phase: 0
[1] - Worker 5 (PID: 29) booted in 0.33s, phase: 0
[1] - Worker 6 (PID: 34) booted in 0.33s, phase: 0
[1] - Worker 7 (PID: 39) booted in 0.32s, phase: 0
[1] - Worker 8 (PID: 44) booted in 0.32s, phase: 0
[1] - Worker 9 (PID: 50) booted in 0.32s, phase: 0
[1] - Worker 10 (PID: 57) booted in 0.32s, phase: 0
[1] - Worker 11 (PID: 62) booted in 0.31s, phase: 0
[1] - Worker 12 (PID: 69) booted in 0.31s, phase: 0
[1] - Worker 13 (PID: 75) booted in 0.31s, phase: 0
[1] - Worker 14 (PID: 83) booted in 0.3s, phase: 0
[1] - Worker 15 (PID: 88) booted in 0.3s, phase: 0
[1] - Worker 16 (PID: 94) booted in 0.3s, phase: 0
[1] - Worker 17 (PID: 100) booted in 0.3s, phase: 0
[1] - Worker 18 (PID: 105) booted in 0.3s, phase: 0
[1] - Worker 19 (PID: 112) booted in 0.3s, phase: 0
[1] - Worker 20 (PID: 118) booted in 0.29s, phase: 0
[1] - Worker 21 (PID: 124) booted in 0.29s, phase: 0
[1] - Worker 22 (PID: 128) booted in 0.29s, phase: 0
[1] - Worker 23 (PID: 134) booted in 0.29s, phase: 0
[1] - Worker 24 (PID: 141) booted in 0.28s, phase: 0
[1] - Worker 25 (PID: 148) booted in 0.28s, phase: 0
[1] - Worker 26 (PID: 154) booted in 0.28s, phase: 0
[1] - Worker 27 (PID: 160) booted in 0.27s, phase: 0
[1] - Worker 28 (PID: 166) booted in 0.27s, phase: 0
[1] - Worker 29 (PID: 173) booted in 0.27s, phase: 0
[1] - Worker 30 (PID: 181) booted in 0.27s, phase: 0
[1] - Worker 31 (PID: 186) booted in 0.26s, phase: 0
[1] - Worker 32 (PID: 191) booted in 0.26s, phase: 0
[1] - Worker 33 (PID: 197) booted in 0.26s, phase: 0
[1] - Worker 34 (PID: 202) booted in 0.26s, phase: 0
[1] - Worker 35 (PID: 208) booted in 0.25s, phase: 0
[1] - Worker 36 (PID: 212) booted in 0.25s, phase: 0
[1] - Worker 37 (PID: 218) booted in 0.25s, phase: 0
[1] - Worker 38 (PID: 223) booted in 0.25s, phase: 0
[1] - Worker 39 (PID: 228) booted in 0.25s, phase: 0
[1] - Worker 40 (PID: 234) booted in 0.24s, phase: 0
[1] - Worker 41 (PID: 240) booted in 0.24s, phase: 0
[1] - Worker 42 (PID: 246) booted in 0.24s, phase: 0
[1] - Worker 43 (PID: 252) booted in 0.24s, phase: 0
[1] - Worker 44 (PID: 258) booted in 0.24s, phase: 0
[1] - Worker 45 (PID: 264) booted in 0.23s, phase: 0
[1] - Worker 46 (PID: 270) booted in 0.23s, phase: 0
[1] - Worker 47 (PID: 276) booted in 0.23s, phase: 0
[1] - Worker 48 (PID: 282) booted in 0.23s, phase: 0
[1] - Worker 49 (PID: 288) booted in 0.22s, phase: 0
[1] - Worker 50 (PID: 294) booted in 0.22s, phase: 0
[1] - Worker 51 (PID: 300) booted in 0.22s, phase: 0
[1] - Worker 52 (PID: 306) booted in 0.22s, phase: 0
[1] - Worker 53 (PID: 312) booted in 0.22s, phase: 0
[1] - Worker 54 (PID: 318) booted in 0.21s, phase: 0
[1] - Worker 55 (PID: 325) booted in 0.21s, phase: 0
[1] - Worker 56 (PID: 331) booted in 0.21s, phase: 0
[1] - Worker 57 (PID: 338) booted in 0.21s, phase: 0
[1] - Worker 58 (PID: 344) booted in 0.2s, phase: 0
[1] - Worker 59 (PID: 350) booted in 0.2s, phase: 0
[1] - Worker 60 (PID: 356) booted in 0.2s, phase: 0
[1] - Worker 61 (PID: 362) booted in 0.2s, phase: 0
[1] - Worker 62 (PID: 368) booted in 0.19s, phase: 0
[1] - Worker 63 (PID: 374) booted in 0.19s, phase: 0
[1] - Worker 64 (PID: 381) booted in 0.19s, phase: 0
[1] - Worker 65 (PID: 388) booted in 0.18s, phase: 0
[1] - Worker 66 (PID: 394) booted in 0.18s, phase: 0
[1] - Worker 67 (PID: 400) booted in 0.18s, phase: 0
[1] - Worker 68 (PID: 405) booted in 0.18s, phase: 0
[1] - Worker 69 (PID: 411) booted in 0.18s, phase: 0
[1] - Worker 70 (PID: 417) booted in 0.17s, phase: 0
[1] - Worker 71 (PID: 423) booted in 0.17s, phase: 0
[1] - Worker 72 (PID: 428) booted in 0.17s, phase: 0
[1] - Worker 73 (PID: 434) booted in 0.17s, phase: 0
[1] - Worker 74 (PID: 439) booted in 0.16s, phase: 0
[1] - Worker 75 (PID: 444) booted in 0.16s, phase: 0
[1] - Worker 76 (PID: 450) booted in 0.16s, phase: 0
[1] - Worker 77 (PID: 456) booted in 0.16s, phase: 0
[1] - Worker 78 (PID: 463) booted in 0.16s, phase: 0
[1] - Worker 79 (PID: 468) booted in 0.15s, phase: 0
[1] - Worker 80 (PID: 475) booted in 0.15s, phase: 0
[1] - Worker 81 (PID: 480) booted in 0.15s, phase: 0
[1] - Worker 82 (PID: 487) booted in 0.15s, phase: 0
[1] - Worker 83 (PID: 492) booted in 0.15s, phase: 0
[1] - Worker 84 (PID: 498) booted in 0.14s, phase: 0
[1] - Worker 85 (PID: 504) booted in 0.14s, phase: 0
[1] - Worker 86 (PID: 510) booted in 0.14s, phase: 0
[1] - Worker 87 (PID: 517) booted in 0.14s, phase: 0
[1] - Worker 88 (PID: 522) booted in 0.14s, phase: 0
[1] - Worker 89 (PID: 528) booted in 0.14s, phase: 0
[1] - Worker 90 (PID: 534) booted in 0.14s, phase: 0
[1] - Worker 91 (PID: 540) booted in 0.14s, phase: 0
[1] - Worker 92 (PID: 546) booted in 0.13s, phase: 0
[1] - Worker 93 (PID: 552) booted in 0.13s, phase: 0
[1] - Worker 94 (PID: 559) booted in 0.13s, phase: 0
[1] - Worker 95 (PID: 564) booted in 0.13s, phase: 0
[1] - Worker 96 (PID: 570) booted in 0.13s, phase: 0
[1] - Worker 97 (PID: 576) booted in 0.12s, phase: 0
[1] - Worker 98 (PID: 583) booted in 0.12s, phase: 0
[1] - Worker 99 (PID: 589) booted in 0.12s, phase: 0
[1] - Worker 100 (PID: 596) booted in 0.12s, phase: 0
[1] - Worker 101 (PID: 603) booted in 0.12s, phase: 0
[1] - Worker 102 (PID: 609) booted in 0.11s, phase: 0
[1] - Worker 103 (PID: 615) booted in 0.11s, phase: 0
[1] - Worker 104 (PID: 621) booted in 0.11s, phase: 0
[1] - Worker 105 (PID: 626) booted in 0.11s, phase: 0
[1] - Worker 106 (PID: 633) booted in 0.1s, phase: 0
[1] - Worker 107 (PID: 638) booted in 0.1s, phase: 0
[1] - Worker 108 (PID: 644) booted in 0.1s, phase: 0
[1] - Worker 109 (PID: 650) booted in 0.1s, phase: 0
[1] - Worker 110 (PID: 655) booted in 0.1s, phase: 0
[1] - Worker 111 (PID: 660) booted in 0.09s, phase: 0
[1] - Worker 112 (PID: 667) booted in 0.09s, phase: 0
[1] - Worker 113 (PID: 672) booted in 0.09s, phase: 0
[1] - Worker 114 (PID: 679) booted in 0.09s, phase: 0
[1] - Worker 115 (PID: 684) booted in 0.08s, phase: 0
[1] - Worker 116 (PID: 690) booted in 0.08s, phase: 0
[1] - Worker 117 (PID: 697) booted in 0.08s, phase: 0
[1] - Worker 118 (PID: 703) booted in 0.08s, phase: 0
[1] - Worker 119 (PID: 707) booted in 0.08s, phase: 0
[1] - Worker 120 (PID: 713) booted in 0.07s, phase: 0
[1] - Worker 121 (PID: 720) booted in 0.07s, phase: 0
[1] - Worker 122 (PID: 726) booted in 0.07s, phase: 0
[1] - Worker 123 (PID: 732) booted in 0.07s, phase: 0
[1] - Worker 124 (PID: 738) booted in 0.06s, phase: 0
[1] - Worker 125 (PID: 744) booted in 0.06s, phase: 0
[1] - Worker 126 (PID: 751) booted in 0.06s, phase: 0
[1] - Worker 127 (PID: 757) booted in 0.06s, phase: 0
