[2026-03-29 21:31:32 +0000] [1] [INFO] Starting gunicorn 23.0.0
[2026-03-29 21:31:32 +0000] [1] [INFO] Listening at: http://0.0.0.0:8080 (1)
[2026-03-29 21:31:32 +0000] [1] [INFO] Using worker: uvicorn.workers.UvicornWorker
[2026-03-29 21:31:32 +0000] [7] [INFO] Booting worker with pid: 7
[2026-03-29 21:31:32 +0000] [8] [INFO] Booting worker with pid: 8
[2026-03-29 21:31:32 +0000] [9] [INFO] Booting worker with pid: 9
[2026-03-29 21:31:32 +0000] [10] [INFO] Booting worker with pid: 10
[2026-03-29 21:31:32 +0000] [11] [INFO] Booting worker with pid: 11
[2026-03-29 21:31:32 +0000] [12] [INFO] Booting worker with pid: 12
[2026-03-29 21:31:32 +0000] [13] [INFO] Booting worker with pid: 13
[2026-03-29 21:31:32 +0000] [14] [INFO] Booting worker with pid: 14
[2026-03-29 21:31:32 +0000] [15] [INFO] Booting worker with pid: 15
[2026-03-29 21:31:32 +0000] [16] [INFO] Booting worker with pid: 16
[2026-03-29 21:31:32 +0000] [7] [INFO] Started server process [7]
[2026-03-29 21:31:32 +0000] [7] [INFO] Waiting for application startup.
[2026-03-29 21:31:32 +0000] [7] [INFO] Application startup complete.
[2026-03-29 21:31:32 +0000] [8] [INFO] Started server process [8]
[2026-03-29 21:31:32 +0000] [8] [INFO] Waiting for application startup.
[2026-03-29 21:31:32 +0000] [8] [INFO] Application startup complete.
[2026-03-29 21:31:32 +0000] [19] [INFO] Booting worker with pid: 19
[2026-03-29 21:31:32 +0000] [9] [INFO] Started server process [9]
[2026-03-29 21:31:32 +0000] [9] [INFO] Waiting for application startup.
[2026-03-29 21:31:32 +0000] [9] [INFO] Application startup complete.
[2026-03-29 21:31:32 +0000] [10] [INFO] Started server process [10]
[2026-03-29 21:31:32 +0000] [10] [INFO] Waiting for application startup.
[2026-03-29 21:31:32 +0000] [10] [INFO] Application startup complete.
[2026-03-29 21:31:32 +0000] [23] [INFO] Booting worker with pid: 23
[2026-03-29 21:31:32 +0000] [11] [INFO] Started server process [11]
[2026-03-29 21:31:32 +0000] [11] [INFO] Waiting for application startup.
[2026-03-29 21:31:32 +0000] [11] [INFO] Application startup complete.
[2026-03-29 21:31:32 +0000] [12] [INFO] Started server process [12]
[2026-03-29 21:31:32 +0000] [12] [INFO] Waiting for application startup.
[2026-03-29 21:31:32 +0000] [12] [INFO] Application startup complete.
[2026-03-29 21:31:32 +0000] [13] [INFO] Started server process [13]
[2026-03-29 21:31:32 +0000] [13] [INFO] Waiting for application startup.
[2026-03-29 21:31:32 +0000] [13] [INFO] Application startup complete.
[2026-03-29 21:31:32 +0000] [26] [INFO] Booting worker with pid: 26
[2026-03-29 21:31:32 +0000] [14] [INFO] Started server process [14]
[2026-03-29 21:31:32 +0000] [14] [INFO] Waiting for application startup.
[2026-03-29 21:31:32 +0000] [14] [INFO] Application startup complete.
[2026-03-29 21:31:32 +0000] [29] [INFO] Booting worker with pid: 29
[2026-03-29 21:31:32 +0000] [31] [INFO] Booting worker with pid: 31
[2026-03-29 21:31:32 +0000] [15] [INFO] Started server process [15]
[2026-03-29 21:31:32 +0000] [15] [INFO] Waiting for application startup.
[2026-03-29 21:31:32 +0000] [15] [INFO] Application startup complete.
[2026-03-29 21:31:32 +0000] [16] [INFO] Started server process [16]
[2026-03-29 21:31:32 +0000] [16] [INFO] Waiting for application startup.
[2026-03-29 21:31:32 +0000] [16] [INFO] Application startup complete.
[2026-03-29 21:31:32 +0000] [32] [INFO] Booting worker with pid: 32
[2026-03-29 21:31:32 +0000] [19] [INFO] Started server process [19]
[2026-03-29 21:31:32 +0000] [19] [INFO] Waiting for application startup.
[2026-03-29 21:31:32 +0000] [19] [INFO] Application startup complete.
[2026-03-29 21:31:32 +0000] [35] [INFO] Booting worker with pid: 35
[2026-03-29 21:31:32 +0000] [23] [INFO] Started server process [23]
[2026-03-29 21:31:32 +0000] [23] [INFO] Waiting for application startup.
[2026-03-29 21:31:32 +0000] [23] [INFO] Application startup complete.
[2026-03-29 21:31:32 +0000] [37] [INFO] Booting worker with pid: 37
[2026-03-29 21:31:32 +0000] [26] [INFO] Started server process [26]
[2026-03-29 21:31:32 +0000] [26] [INFO] Waiting for application startup.
[2026-03-29 21:31:32 +0000] [26] [INFO] Application startup complete.
[2026-03-29 21:31:32 +0000] [29] [INFO] Started server process [29]
[2026-03-29 21:31:32 +0000] [29] [INFO] Waiting for application startup.
[2026-03-29 21:31:32 +0000] [29] [INFO] Application startup complete.
[2026-03-29 21:31:32 +0000] [31] [INFO] Started server process [31]
[2026-03-29 21:31:32 +0000] [31] [INFO] Waiting for application startup.
[2026-03-29 21:31:32 +0000] [31] [INFO] Application startup complete.
[2026-03-29 21:31:32 +0000] [40] [INFO] Booting worker with pid: 40
[2026-03-29 21:31:32 +0000] [41] [INFO] Booting worker with pid: 41
[2026-03-29 21:31:32 +0000] [43] [INFO] Booting worker with pid: 43
[2026-03-29 21:31:32 +0000] [32] [INFO] Started server process [32]
[2026-03-29 21:31:32 +0000] [32] [INFO] Waiting for application startup.
[2026-03-29 21:31:32 +0000] [32] [INFO] Application startup complete.
[2026-03-29 21:31:32 +0000] [44] [INFO] Booting worker with pid: 44
[2026-03-29 21:31:33 +0000] [35] [INFO] Started server process [35]
[2026-03-29 21:31:33 +0000] [35] [INFO] Waiting for application startup.
[2026-03-29 21:31:33 +0000] [35] [INFO] Application startup complete.
[2026-03-29 21:31:33 +0000] [46] [INFO] Booting worker with pid: 46
[2026-03-29 21:31:33 +0000] [47] [INFO] Booting worker with pid: 47
[2026-03-29 21:31:33 +0000] [37] [INFO] Started server process [37]
[2026-03-29 21:31:33 +0000] [37] [INFO] Waiting for application startup.
[2026-03-29 21:31:33 +0000] [37] [INFO] Application startup complete.
[2026-03-29 21:31:33 +0000] [49] [INFO] Booting worker with pid: 49
[2026-03-29 21:31:33 +0000] [51] [INFO] Booting worker with pid: 51
[2026-03-29 21:31:33 +0000] [40] [INFO] Started server process [40]
[2026-03-29 21:31:33 +0000] [40] [INFO] Waiting for application startup.
[2026-03-29 21:31:33 +0000] [40] [INFO] Application startup complete.
[2026-03-29 21:31:33 +0000] [41] [INFO] Started server process [41]
[2026-03-29 21:31:33 +0000] [41] [INFO] Waiting for application startup.
[2026-03-29 21:31:33 +0000] [41] [INFO] Application startup complete.
[2026-03-29 21:31:33 +0000] [54] [INFO] Booting worker with pid: 54
[2026-03-29 21:31:33 +0000] [43] [INFO] Started server process [43]
[2026-03-29 21:31:33 +0000] [43] [INFO] Waiting for application startup.
[2026-03-29 21:31:33 +0000] [43] [INFO] Application startup complete.
[2026-03-29 21:31:33 +0000] [44] [INFO] Started server process [44]
[2026-03-29 21:31:33 +0000] [44] [INFO] Waiting for application startup.
[2026-03-29 21:31:33 +0000] [44] [INFO] Application startup complete.
[2026-03-29 21:31:33 +0000] [56] [INFO] Booting worker with pid: 56
[2026-03-29 21:31:33 +0000] [57] [INFO] Booting worker with pid: 57
[2026-03-29 21:31:33 +0000] [46] [INFO] Started server process [46]
[2026-03-29 21:31:33 +0000] [46] [INFO] Waiting for application startup.
[2026-03-29 21:31:33 +0000] [46] [INFO] Application startup complete.
[2026-03-29 21:31:33 +0000] [47] [INFO] Started server process [47]
[2026-03-29 21:31:33 +0000] [47] [INFO] Waiting for application startup.
[2026-03-29 21:31:33 +0000] [47] [INFO] Application startup complete.
[2026-03-29 21:31:33 +0000] [60] [INFO] Booting worker with pid: 60
[2026-03-29 21:31:33 +0000] [49] [INFO] Started server process [49]
[2026-03-29 21:31:33 +0000] [49] [INFO] Waiting for application startup.
[2026-03-29 21:31:33 +0000] [49] [INFO] Application startup complete.
[2026-03-29 21:31:33 +0000] [62] [INFO] Booting worker with pid: 62
[2026-03-29 21:31:33 +0000] [51] [INFO] Started server process [51]
[2026-03-29 21:31:33 +0000] [51] [INFO] Waiting for application startup.
[2026-03-29 21:31:33 +0000] [51] [INFO] Application startup complete.
[2026-03-29 21:31:33 +0000] [54] [INFO] Started server process [54]
[2026-03-29 21:31:33 +0000] [54] [INFO] Waiting for application startup.
[2026-03-29 21:31:33 +0000] [54] [INFO] Application startup complete.
[2026-03-29 21:31:33 +0000] [65] [INFO] Booting worker with pid: 65
[2026-03-29 21:31:33 +0000] [67] [INFO] Booting worker with pid: 67
[2026-03-29 21:31:33 +0000] [56] [INFO] Started server process [56]
[2026-03-29 21:31:33 +0000] [56] [INFO] Waiting for application startup.
[2026-03-29 21:31:33 +0000] [56] [INFO] Application startup complete.
[2026-03-29 21:31:33 +0000] [57] [INFO] Started server process [57]
[2026-03-29 21:31:33 +0000] [57] [INFO] Waiting for application startup.
[2026-03-29 21:31:33 +0000] [57] [INFO] Application startup complete.
[2026-03-29 21:31:33 +0000] [69] [INFO] Booting worker with pid: 69
[2026-03-29 21:31:33 +0000] [70] [INFO] Booting worker with pid: 70
[2026-03-29 21:31:33 +0000] [72] [INFO] Booting worker with pid: 72
[2026-03-29 21:31:33 +0000] [60] [INFO] Started server process [60]
[2026-03-29 21:31:33 +0000] [60] [INFO] Waiting for application startup.
[2026-03-29 21:31:33 +0000] [60] [INFO] Application startup complete.
[2026-03-29 21:31:33 +0000] [62] [INFO] Started server process [62]
[2026-03-29 21:31:33 +0000] [74] [INFO] Booting worker with pid: 74
[2026-03-29 21:31:33 +0000] [62] [INFO] Waiting for application startup.
[2026-03-29 21:31:33 +0000] [62] [INFO] Application startup complete.
[2026-03-29 21:31:33 +0000] [75] [INFO] Booting worker with pid: 75
[2026-03-29 21:31:33 +0000] [77] [INFO] Booting worker with pid: 77
[2026-03-29 21:31:33 +0000] [65] [INFO] Started server process [65]
[2026-03-29 21:31:33 +0000] [65] [INFO] Waiting for application startup.
[2026-03-29 21:31:33 +0000] [65] [INFO] Application startup complete.
[2026-03-29 21:31:33 +0000] [78] [INFO] Booting worker with pid: 78
[2026-03-29 21:31:33 +0000] [79] [INFO] Booting worker with pid: 79
[2026-03-29 21:31:33 +0000] [81] [INFO] Booting worker with pid: 81
[2026-03-29 21:31:33 +0000] [67] [INFO] Started server process [67]
[2026-03-29 21:31:33 +0000] [67] [INFO] Waiting for application startup.
[2026-03-29 21:31:33 +0000] [67] [INFO] Application startup complete.
[2026-03-29 21:31:33 +0000] [82] [INFO] Booting worker with pid: 82
[2026-03-29 21:31:33 +0000] [84] [INFO] Booting worker with pid: 84
[2026-03-29 21:31:33 +0000] [69] [INFO] Started server process [69]
[2026-03-29 21:31:33 +0000] [69] [INFO] Waiting for application startup.
[2026-03-29 21:31:33 +0000] [69] [INFO] Application startup complete.
[2026-03-29 21:31:33 +0000] [86] [INFO] Booting worker with pid: 86
[2026-03-29 21:31:33 +0000] [70] [INFO] Started server process [70]
[2026-03-29 21:31:33 +0000] [70] [INFO] Waiting for application startup.
[2026-03-29 21:31:33 +0000] [70] [INFO] Application startup complete.
[2026-03-29 21:31:34 +0000] [72] [INFO] Started server process [72]
[2026-03-29 21:31:34 +0000] [72] [INFO] Waiting for application startup.
[2026-03-29 21:31:34 +0000] [72] [INFO] Application startup complete.
[2026-03-29 21:31:34 +0000] [88] [INFO] Booting worker with pid: 88
[2026-03-29 21:31:34 +0000] [89] [INFO] Booting worker with pid: 89
[2026-03-29 21:31:34 +0000] [90] [INFO] Booting worker with pid: 90
[2026-03-29 21:31:34 +0000] [91] [INFO] Booting worker with pid: 91
[2026-03-29 21:31:34 +0000] [75] [INFO] Started server process [75]
[2026-03-29 21:31:34 +0000] [75] [INFO] Waiting for application startup.
[2026-03-29 21:31:34 +0000] [75] [INFO] Application startup complete.
[2026-03-29 21:31:34 +0000] [74] [INFO] Started server process [74]
[2026-03-29 21:31:34 +0000] [74] [INFO] Waiting for application startup.
[2026-03-29 21:31:34 +0000] [74] [INFO] Application startup complete.
[2026-03-29 21:31:34 +0000] [94] [INFO] Booting worker with pid: 94
[2026-03-29 21:31:34 +0000] [78] [INFO] Started server process [78]
[2026-03-29 21:31:34 +0000] [78] [INFO] Waiting for application startup.
[2026-03-29 21:31:34 +0000] [78] [INFO] Application startup complete.
[2026-03-29 21:31:34 +0000] [79] [INFO] Started server process [79]
[2026-03-29 21:31:34 +0000] [79] [INFO] Waiting for application startup.
[2026-03-29 21:31:34 +0000] [79] [INFO] Application startup complete.
[2026-03-29 21:31:34 +0000] [77] [INFO] Started server process [77]
[2026-03-29 21:31:34 +0000] [77] [INFO] Waiting for application startup.
[2026-03-29 21:31:34 +0000] [77] [INFO] Application startup complete.
[2026-03-29 21:31:34 +0000] [81] [INFO] Started server process [81]
[2026-03-29 21:31:34 +0000] [81] [INFO] Waiting for application startup.
[2026-03-29 21:31:34 +0000] [81] [INFO] Application startup complete.
[2026-03-29 21:31:34 +0000] [99] [INFO] Booting worker with pid: 99
[2026-03-29 21:31:34 +0000] [82] [INFO] Started server process [82]
[2026-03-29 21:31:34 +0000] [82] [INFO] Waiting for application startup.
[2026-03-29 21:31:34 +0000] [82] [INFO] Application startup complete.
[2026-03-29 21:31:34 +0000] [84] [INFO] Started server process [84]
[2026-03-29 21:31:34 +0000] [84] [INFO] Waiting for application startup.
[2026-03-29 21:31:34 +0000] [84] [INFO] Application startup complete.
[2026-03-29 21:31:34 +0000] [102] [INFO] Booting worker with pid: 102
[2026-03-29 21:31:34 +0000] [86] [INFO] Started server process [86]
[2026-03-29 21:31:34 +0000] [86] [INFO] Waiting for application startup.
[2026-03-29 21:31:34 +0000] [86] [INFO] Application startup complete.
[2026-03-29 21:31:34 +0000] [106] [INFO] Booting worker with pid: 106
[2026-03-29 21:31:34 +0000] [88] [INFO] Started server process [88]
[2026-03-29 21:31:34 +0000] [88] [INFO] Waiting for application startup.
[2026-03-29 21:31:34 +0000] [88] [INFO] Application startup complete.
[2026-03-29 21:31:34 +0000] [89] [INFO] Started server process [89]
[2026-03-29 21:31:34 +0000] [89] [INFO] Waiting for application startup.
[2026-03-29 21:31:34 +0000] [89] [INFO] Application startup complete.
[2026-03-29 21:31:34 +0000] [90] [INFO] Started server process [90]
[2026-03-29 21:31:34 +0000] [90] [INFO] Waiting for application startup.
[2026-03-29 21:31:34 +0000] [90] [INFO] Application startup complete.
[2026-03-29 21:31:34 +0000] [109] [INFO] Booting worker with pid: 109
[2026-03-29 21:31:34 +0000] [91] [INFO] Started server process [91]
[2026-03-29 21:31:34 +0000] [91] [INFO] Waiting for application startup.
[2026-03-29 21:31:34 +0000] [91] [INFO] Application startup complete.
[2026-03-29 21:31:34 +0000] [110] [INFO] Booting worker with pid: 110
[2026-03-29 21:31:34 +0000] [94] [INFO] Started server process [94]
[2026-03-29 21:31:34 +0000] [94] [INFO] Waiting for application startup.
[2026-03-29 21:31:34 +0000] [94] [INFO] Application startup complete.
[2026-03-29 21:31:34 +0000] [112] [INFO] Booting worker with pid: 112
[2026-03-29 21:31:34 +0000] [113] [INFO] Booting worker with pid: 113
[2026-03-29 21:31:34 +0000] [115] [INFO] Booting worker with pid: 115
[2026-03-29 21:31:34 +0000] [99] [INFO] Started server process [99]
[2026-03-29 21:31:34 +0000] [99] [INFO] Waiting for application startup.
[2026-03-29 21:31:34 +0000] [99] [INFO] Application startup complete.
[2026-03-29 21:31:34 +0000] [116] [INFO] Booting worker with pid: 116
[2026-03-29 21:31:34 +0000] [118] [INFO] Booting worker with pid: 118
[2026-03-29 21:31:34 +0000] [102] [INFO] Started server process [102]
[2026-03-29 21:31:34 +0000] [102] [INFO] Waiting for application startup.
[2026-03-29 21:31:34 +0000] [102] [INFO] Application startup complete.
[2026-03-29 21:31:34 +0000] [119] [INFO] Booting worker with pid: 119
[2026-03-29 21:31:34 +0000] [106] [INFO] Started server process [106]
[2026-03-29 21:31:34 +0000] [106] [INFO] Waiting for application startup.
[2026-03-29 21:31:34 +0000] [106] [INFO] Application startup complete.
[2026-03-29 21:31:34 +0000] [121] [INFO] Booting worker with pid: 121
[2026-03-29 21:31:34 +0000] [109] [INFO] Started server process [109]
[2026-03-29 21:31:34 +0000] [109] [INFO] Waiting for application startup.
[2026-03-29 21:31:34 +0000] [109] [INFO] Application startup complete.
[2026-03-29 21:31:34 +0000] [110] [INFO] Started server process [110]
[2026-03-29 21:31:34 +0000] [110] [INFO] Waiting for application startup.
[2026-03-29 21:31:34 +0000] [110] [INFO] Application startup complete.
[2026-03-29 21:31:34 +0000] [124] [INFO] Booting worker with pid: 124
[2026-03-29 21:31:34 +0000] [125] [INFO] Booting worker with pid: 125
[2026-03-29 21:31:34 +0000] [112] [INFO] Started server process [112]
[2026-03-29 21:31:34 +0000] [112] [INFO] Waiting for application startup.
[2026-03-29 21:31:34 +0000] [112] [INFO] Application startup complete.
[2026-03-29 21:31:34 +0000] [127] [INFO] Booting worker with pid: 127
[2026-03-29 21:31:35 +0000] [113] [INFO] Started server process [113]
[2026-03-29 21:31:35 +0000] [113] [INFO] Waiting for application startup.
[2026-03-29 21:31:35 +0000] [113] [INFO] Application startup complete.
[2026-03-29 21:31:35 +0000] [115] [INFO] Started server process [115]
[2026-03-29 21:31:35 +0000] [115] [INFO] Waiting for application startup.
[2026-03-29 21:31:35 +0000] [115] [INFO] Application startup complete.
[2026-03-29 21:31:35 +0000] [116] [INFO] Started server process [116]
[2026-03-29 21:31:35 +0000] [116] [INFO] Waiting for application startup.
[2026-03-29 21:31:35 +0000] [116] [INFO] Application startup complete.
[2026-03-29 21:31:35 +0000] [132] [INFO] Booting worker with pid: 132
[2026-03-29 21:31:35 +0000] [118] [INFO] Started server process [118]
[2026-03-29 21:31:35 +0000] [118] [INFO] Waiting for application startup.
[2026-03-29 21:31:35 +0000] [118] [INFO] Application startup complete.
[2026-03-29 21:31:35 +0000] [119] [INFO] Started server process [119]
[2026-03-29 21:31:35 +0000] [119] [INFO] Waiting for application startup.
[2026-03-29 21:31:35 +0000] [119] [INFO] Application startup complete.
[2026-03-29 21:31:35 +0000] [134] [INFO] Booting worker with pid: 134
[2026-03-29 21:31:35 +0000] [135] [INFO] Booting worker with pid: 135
[2026-03-29 21:31:35 +0000] [136] [INFO] Booting worker with pid: 136
[2026-03-29 21:31:35 +0000] [137] [INFO] Booting worker with pid: 137
[2026-03-29 21:31:35 +0000] [139] [INFO] Booting worker with pid: 139
[2026-03-29 21:31:35 +0000] [121] [INFO] Started server process [121]
[2026-03-29 21:31:35 +0000] [121] [INFO] Waiting for application startup.
[2026-03-29 21:31:35 +0000] [121] [INFO] Application startup complete.
[2026-03-29 21:31:35 +0000] [140] [INFO] Booting worker with pid: 140
[2026-03-29 21:31:35 +0000] [127] [INFO] Started server process [127]
[2026-03-29 21:31:35 +0000] [127] [INFO] Waiting for application startup.
[2026-03-29 21:31:35 +0000] [127] [INFO] Application startup complete.
[2026-03-29 21:31:35 +0000] [124] [INFO] Started server process [124]
[2026-03-29 21:31:35 +0000] [124] [INFO] Waiting for application startup.
[2026-03-29 21:31:35 +0000] [124] [INFO] Application startup complete.
[2026-03-29 21:31:35 +0000] [144] [INFO] Booting worker with pid: 144
[2026-03-29 21:31:35 +0000] [125] [INFO] Started server process [125]
[2026-03-29 21:31:35 +0000] [125] [INFO] Waiting for application startup.
[2026-03-29 21:31:35 +0000] [125] [INFO] Application startup complete.
[2026-03-29 21:31:35 +0000] [146] [INFO] Booting worker with pid: 146
[2026-03-29 21:31:35 +0000] [132] [INFO] Started server process [132]
[2026-03-29 21:31:35 +0000] [132] [INFO] Waiting for application startup.
[2026-03-29 21:31:35 +0000] [132] [INFO] Application startup complete.
[2026-03-29 21:31:35 +0000] [147] [INFO] Booting worker with pid: 147
[2026-03-29 21:31:35 +0000] [149] [INFO] Booting worker with pid: 149
[2026-03-29 21:31:35 +0000] [134] [INFO] Started server process [134]
[2026-03-29 21:31:35 +0000] [134] [INFO] Waiting for application startup.
[2026-03-29 21:31:35 +0000] [134] [INFO] Application startup complete.
[2026-03-29 21:31:35 +0000] [150] [INFO] Booting worker with pid: 150
[2026-03-29 21:31:35 +0000] [135] [INFO] Started server process [135]
[2026-03-29 21:31:35 +0000] [135] [INFO] Waiting for application startup.
[2026-03-29 21:31:35 +0000] [135] [INFO] Application startup complete.
[2026-03-29 21:31:35 +0000] [136] [INFO] Started server process [136]
[2026-03-29 21:31:35 +0000] [136] [INFO] Waiting for application startup.
[2026-03-29 21:31:35 +0000] [136] [INFO] Application startup complete.
[2026-03-29 21:31:35 +0000] [155] [INFO] Booting worker with pid: 155
[2026-03-29 21:31:35 +0000] [137] [INFO] Started server process [137]
[2026-03-29 21:31:35 +0000] [137] [INFO] Waiting for application startup.
[2026-03-29 21:31:35 +0000] [137] [INFO] Application startup complete.
[2026-03-29 21:31:35 +0000] [139] [INFO] Started server process [139]
[2026-03-29 21:31:35 +0000] [139] [INFO] Waiting for application startup.
[2026-03-29 21:31:35 +0000] [139] [INFO] Application startup complete.
[2026-03-29 21:31:35 +0000] [156] [INFO] Booting worker with pid: 156
[2026-03-29 21:31:35 +0000] [144] [INFO] Started server process [144]
[2026-03-29 21:31:35 +0000] [144] [INFO] Waiting for application startup.
[2026-03-29 21:31:35 +0000] [144] [INFO] Application startup complete.
[2026-03-29 21:31:35 +0000] [159] [INFO] Booting worker with pid: 159
[2026-03-29 21:31:35 +0000] [140] [INFO] Started server process [140]
[2026-03-29 21:31:35 +0000] [140] [INFO] Waiting for application startup.
[2026-03-29 21:31:35 +0000] [140] [INFO] Application startup complete.
[2026-03-29 21:31:35 +0000] [160] [INFO] Booting worker with pid: 160
[2026-03-29 21:31:36 +0000] [146] [INFO] Started server process [146]
[2026-03-29 21:31:36 +0000] [146] [INFO] Waiting for application startup.
[2026-03-29 21:31:36 +0000] [146] [INFO] Application startup complete.
[2026-03-29 21:31:36 +0000] [162] [INFO] Booting worker with pid: 162
[2026-03-29 21:31:36 +0000] [163] [INFO] Booting worker with pid: 163
[2026-03-29 21:31:36 +0000] [147] [INFO] Started server process [147]
[2026-03-29 21:31:36 +0000] [147] [INFO] Waiting for application startup.
[2026-03-29 21:31:36 +0000] [147] [INFO] Application startup complete.
[2026-03-29 21:31:36 +0000] [165] [INFO] Booting worker with pid: 165
[2026-03-29 21:31:36 +0000] [167] [INFO] Booting worker with pid: 167
[2026-03-29 21:31:36 +0000] [149] [INFO] Started server process [149]
[2026-03-29 21:31:36 +0000] [149] [INFO] Waiting for application startup.
[2026-03-29 21:31:36 +0000] [149] [INFO] Application startup complete.
[2026-03-29 21:31:36 +0000] [169] [INFO] Booting worker with pid: 169
[2026-03-29 21:31:36 +0000] [150] [INFO] Started server process [150]
[2026-03-29 21:31:36 +0000] [150] [INFO] Waiting for application startup.
[2026-03-29 21:31:36 +0000] [150] [INFO] Application startup complete.
[2026-03-29 21:31:36 +0000] [155] [INFO] Started server process [155]
[2026-03-29 21:31:36 +0000] [155] [INFO] Waiting for application startup.
[2026-03-29 21:31:36 +0000] [155] [INFO] Application startup complete.
[2026-03-29 21:31:36 +0000] [172] [INFO] Booting worker with pid: 172
[2026-03-29 21:31:36 +0000] [156] [INFO] Started server process [156]
[2026-03-29 21:31:36 +0000] [156] [INFO] Waiting for application startup.
[2026-03-29 21:31:36 +0000] [156] [INFO] Application startup complete.
[2026-03-29 21:31:36 +0000] [174] [INFO] Booting worker with pid: 174
[2026-03-29 21:31:36 +0000] [159] [INFO] Started server process [159]
[2026-03-29 21:31:36 +0000] [159] [INFO] Waiting for application startup.
[2026-03-29 21:31:36 +0000] [159] [INFO] Application startup complete.
[2026-03-29 21:31:36 +0000] [175] [INFO] Booting worker with pid: 175
[2026-03-29 21:31:36 +0000] [177] [INFO] Booting worker with pid: 177
[2026-03-29 21:31:36 +0000] [160] [INFO] Started server process [160]
[2026-03-29 21:31:36 +0000] [160] [INFO] Waiting for application startup.
[2026-03-29 21:31:36 +0000] [160] [INFO] Application startup complete.
[2026-03-29 21:31:36 +0000] [178] [INFO] Booting worker with pid: 178
[2026-03-29 21:31:36 +0000] [165] [INFO] Started server process [165]
[2026-03-29 21:31:36 +0000] [165] [INFO] Waiting for application startup.
[2026-03-29 21:31:36 +0000] [165] [INFO] Application startup complete.
[2026-03-29 21:31:36 +0000] [162] [INFO] Started server process [162]
[2026-03-29 21:31:36 +0000] [162] [INFO] Waiting for application startup.
[2026-03-29 21:31:36 +0000] [162] [INFO] Application startup complete.
[2026-03-29 21:31:36 +0000] [182] [INFO] Booting worker with pid: 182
[2026-03-29 21:31:36 +0000] [163] [INFO] Started server process [163]
[2026-03-29 21:31:36 +0000] [163] [INFO] Waiting for application startup.
[2026-03-29 21:31:36 +0000] [163] [INFO] Application startup complete.
[2026-03-29 21:31:36 +0000] [183] [INFO] Booting worker with pid: 183
[2026-03-29 21:31:36 +0000] [185] [INFO] Booting worker with pid: 185
[2026-03-29 21:31:36 +0000] [186] [INFO] Booting worker with pid: 186
[2026-03-29 21:31:36 +0000] [167] [INFO] Started server process [167]
[2026-03-29 21:31:36 +0000] [167] [INFO] Waiting for application startup.
[2026-03-29 21:31:36 +0000] [167] [INFO] Application startup complete.
[2026-03-29 21:31:36 +0000] [187] [INFO] Booting worker with pid: 187
[2026-03-29 21:31:36 +0000] [169] [INFO] Started server process [169]
[2026-03-29 21:31:36 +0000] [169] [INFO] Waiting for application startup.
[2026-03-29 21:31:36 +0000] [169] [INFO] Application startup complete.
[2026-03-29 21:31:36 +0000] [190] [INFO] Booting worker with pid: 190
[2026-03-29 21:31:36 +0000] [172] [INFO] Started server process [172]
[2026-03-29 21:31:36 +0000] [172] [INFO] Waiting for application startup.
[2026-03-29 21:31:36 +0000] [172] [INFO] Application startup complete.
[2026-03-29 21:31:36 +0000] [192] [INFO] Booting worker with pid: 192
[2026-03-29 21:31:36 +0000] [174] [INFO] Started server process [174]
[2026-03-29 21:31:36 +0000] [174] [INFO] Waiting for application startup.
[2026-03-29 21:31:36 +0000] [174] [INFO] Application startup complete.
[2026-03-29 21:31:37 +0000] [177] [INFO] Started server process [177]
[2026-03-29 21:31:37 +0000] [177] [INFO] Waiting for application startup.
[2026-03-29 21:31:37 +0000] [177] [INFO] Application startup complete.
[2026-03-29 21:31:37 +0000] [195] [INFO] Booting worker with pid: 195
[2026-03-29 21:31:37 +0000] [178] [INFO] Started server process [178]
[2026-03-29 21:31:37 +0000] [178] [INFO] Waiting for application startup.
[2026-03-29 21:31:37 +0000] [178] [INFO] Application startup complete.
[2026-03-29 21:31:37 +0000] [196] [INFO] Booting worker with pid: 196
[2026-03-29 21:31:37 +0000] [197] [INFO] Booting worker with pid: 197
[2026-03-29 21:31:37 +0000] [201] [INFO] Booting worker with pid: 201
[2026-03-29 21:31:37 +0000] [182] [INFO] Started server process [182]
[2026-03-29 21:31:37 +0000] [182] [INFO] Waiting for application startup.
[2026-03-29 21:31:37 +0000] [182] [INFO] Application startup complete.
[2026-03-29 21:31:37 +0000] [175] [INFO] Started server process [175]
[2026-03-29 21:31:37 +0000] [175] [INFO] Waiting for application startup.
[2026-03-29 21:31:37 +0000] [175] [INFO] Application startup complete.
[2026-03-29 21:31:37 +0000] [183] [INFO] Started server process [183]
[2026-03-29 21:31:37 +0000] [183] [INFO] Waiting for application startup.
[2026-03-29 21:31:37 +0000] [183] [INFO] Application startup complete.
[2026-03-29 21:31:37 +0000] [202] [INFO] Booting worker with pid: 202
[2026-03-29 21:31:37 +0000] [203] [INFO] Booting worker with pid: 203
[2026-03-29 21:31:37 +0000] [185] [INFO] Started server process [185]
[2026-03-29 21:31:37 +0000] [185] [INFO] Waiting for application startup.
[2026-03-29 21:31:37 +0000] [185] [INFO] Application startup complete.
[2026-03-29 21:31:37 +0000] [186] [INFO] Started server process [186]
[2026-03-29 21:31:37 +0000] [186] [INFO] Waiting for application startup.
[2026-03-29 21:31:37 +0000] [186] [INFO] Application startup complete.
[2026-03-29 21:31:37 +0000] [206] [INFO] Booting worker with pid: 206
[2026-03-29 21:31:37 +0000] [208] [INFO] Booting worker with pid: 208
[2026-03-29 21:31:37 +0000] [187] [INFO] Started server process [187]
[2026-03-29 21:31:37 +0000] [187] [INFO] Waiting for application startup.
[2026-03-29 21:31:37 +0000] [187] [INFO] Application startup complete.
[2026-03-29 21:31:37 +0000] [209] [INFO] Booting worker with pid: 209
[2026-03-29 21:31:37 +0000] [211] [INFO] Booting worker with pid: 211
[2026-03-29 21:31:37 +0000] [190] [INFO] Started server process [190]
[2026-03-29 21:31:37 +0000] [190] [INFO] Waiting for application startup.
[2026-03-29 21:31:37 +0000] [190] [INFO] Application startup complete.
[2026-03-29 21:31:37 +0000] [196] [INFO] Started server process [196]
[2026-03-29 21:31:37 +0000] [196] [INFO] Waiting for application startup.
[2026-03-29 21:31:37 +0000] [196] [INFO] Application startup complete.
[2026-03-29 21:31:37 +0000] [192] [INFO] Started server process [192]
[2026-03-29 21:31:37 +0000] [192] [INFO] Waiting for application startup.
[2026-03-29 21:31:37 +0000] [192] [INFO] Application startup complete.
[2026-03-29 21:31:37 +0000] [195] [INFO] Started server process [195]
[2026-03-29 21:31:37 +0000] [195] [INFO] Waiting for application startup.
[2026-03-29 21:31:37 +0000] [195] [INFO] Application startup complete.
[2026-03-29 21:31:37 +0000] [216] [INFO] Booting worker with pid: 216
[2026-03-29 21:31:37 +0000] [197] [INFO] Started server process [197]
[2026-03-29 21:31:37 +0000] [197] [INFO] Waiting for application startup.
[2026-03-29 21:31:37 +0000] [197] [INFO] Application startup complete.
[2026-03-29 21:31:37 +0000] [218] [INFO] Booting worker with pid: 218
[2026-03-29 21:31:37 +0000] [203] [INFO] Started server process [203]
[2026-03-29 21:31:37 +0000] [203] [INFO] Waiting for application startup.
[2026-03-29 21:31:37 +0000] [203] [INFO] Application startup complete.
[2026-03-29 21:31:37 +0000] [220] [INFO] Booting worker with pid: 220
[2026-03-29 21:31:37 +0000] [201] [INFO] Started server process [201]
[2026-03-29 21:31:37 +0000] [201] [INFO] Waiting for application startup.
[2026-03-29 21:31:37 +0000] [201] [INFO] Application startup complete.
[2026-03-29 21:31:37 +0000] [202] [INFO] Started server process [202]
[2026-03-29 21:31:37 +0000] [202] [INFO] Waiting for application startup.
[2026-03-29 21:31:37 +0000] [202] [INFO] Application startup complete.
[2026-03-29 21:31:37 +0000] [222] [INFO] Booting worker with pid: 222
[2026-03-29 21:31:37 +0000] [223] [INFO] Booting worker with pid: 223
[2026-03-29 21:31:37 +0000] [224] [INFO] Booting worker with pid: 224
[2026-03-29 21:31:37 +0000] [226] [INFO] Booting worker with pid: 226
[2026-03-29 21:31:37 +0000] [208] [INFO] Started server process [208]
[2026-03-29 21:31:37 +0000] [208] [INFO] Waiting for application startup.
[2026-03-29 21:31:37 +0000] [208] [INFO] Application startup complete.
[2026-03-29 21:31:38 +0000] [227] [INFO] Booting worker with pid: 227
[2026-03-29 21:31:38 +0000] [209] [INFO] Started server process [209]
[2026-03-29 21:31:38 +0000] [209] [INFO] Waiting for application startup.
[2026-03-29 21:31:38 +0000] [209] [INFO] Application startup complete.
[2026-03-29 21:31:38 +0000] [206] [INFO] Started server process [206]
[2026-03-29 21:31:38 +0000] [206] [INFO] Waiting for application startup.
[2026-03-29 21:31:38 +0000] [206] [INFO] Application startup complete.
[2026-03-29 21:31:38 +0000] [211] [INFO] Started server process [211]
[2026-03-29 21:31:38 +0000] [211] [INFO] Waiting for application startup.
[2026-03-29 21:31:38 +0000] [211] [INFO] Application startup complete.
[2026-03-29 21:31:38 +0000] [231] [INFO] Booting worker with pid: 231
[2026-03-29 21:31:38 +0000] [218] [INFO] Started server process [218]
[2026-03-29 21:31:38 +0000] [218] [INFO] Waiting for application startup.
[2026-03-29 21:31:38 +0000] [218] [INFO] Application startup complete.
[2026-03-29 21:31:38 +0000] [216] [INFO] Started server process [216]
[2026-03-29 21:31:38 +0000] [216] [INFO] Waiting for application startup.
[2026-03-29 21:31:38 +0000] [216] [INFO] Application startup complete.
[2026-03-29 21:31:38 +0000] [220] [INFO] Started server process [220]
[2026-03-29 21:31:38 +0000] [220] [INFO] Waiting for application startup.
[2026-03-29 21:31:38 +0000] [220] [INFO] Application startup complete.
[2026-03-29 21:31:38 +0000] [236] [INFO] Booting worker with pid: 236
[2026-03-29 21:31:38 +0000] [222] [INFO] Started server process [222]
[2026-03-29 21:31:38 +0000] [222] [INFO] Waiting for application startup.
[2026-03-29 21:31:38 +0000] [222] [INFO] Application startup complete.
[2026-03-29 21:31:38 +0000] [237] [INFO] Booting worker with pid: 237
[2026-03-29 21:31:38 +0000] [239] [INFO] Booting worker with pid: 239
[2026-03-29 21:31:38 +0000] [224] [INFO] Started server process [224]
[2026-03-29 21:31:38 +0000] [224] [INFO] Waiting for application startup.
[2026-03-29 21:31:38 +0000] [224] [INFO] Application startup complete.
[2026-03-29 21:31:38 +0000] [223] [INFO] Started server process [223]
[2026-03-29 21:31:38 +0000] [223] [INFO] Waiting for application startup.
[2026-03-29 21:31:38 +0000] [223] [INFO] Application startup complete.
[2026-03-29 21:31:38 +0000] [226] [INFO] Started server process [226]
[2026-03-29 21:31:38 +0000] [226] [INFO] Waiting for application startup.
[2026-03-29 21:31:38 +0000] [226] [INFO] Application startup complete.
[2026-03-29 21:31:38 +0000] [227] [INFO] Started server process [227]
[2026-03-29 21:31:38 +0000] [227] [INFO] Waiting for application startup.
[2026-03-29 21:31:38 +0000] [227] [INFO] Application startup complete.
[2026-03-29 21:31:38 +0000] [243] [INFO] Booting worker with pid: 243
[2026-03-29 21:31:38 +0000] [231] [INFO] Started server process [231]
[2026-03-29 21:31:38 +0000] [231] [INFO] Waiting for application startup.
[2026-03-29 21:31:38 +0000] [231] [INFO] Application startup complete.
[2026-03-29 21:31:38 +0000] [245] [INFO] Booting worker with pid: 245
[2026-03-29 21:31:38 +0000] [246] [INFO] Booting worker with pid: 246
[2026-03-29 21:31:38 +0000] [248] [INFO] Booting worker with pid: 248
[2026-03-29 21:31:38 +0000] [236] [INFO] Started server process [236]
[2026-03-29 21:31:38 +0000] [236] [INFO] Waiting for application startup.
[2026-03-29 21:31:38 +0000] [236] [INFO] Application startup complete.
[2026-03-29 21:31:38 +0000] [237] [INFO] Started server process [237]
[2026-03-29 21:31:38 +0000] [237] [INFO] Waiting for application startup.
[2026-03-29 21:31:38 +0000] [237] [INFO] Application startup complete.
[2026-03-29 21:31:38 +0000] [239] [INFO] Started server process [239]
[2026-03-29 21:31:38 +0000] [239] [INFO] Waiting for application startup.
[2026-03-29 21:31:38 +0000] [239] [INFO] Application startup complete.
[2026-03-29 21:31:38 +0000] [251] [INFO] Booting worker with pid: 251
[2026-03-29 21:31:38 +0000] [243] [INFO] Started server process [243]
[2026-03-29 21:31:38 +0000] [243] [INFO] Waiting for application startup.
[2026-03-29 21:31:38 +0000] [243] [INFO] Application startup complete.
[2026-03-29 21:31:38 +0000] [245] [INFO] Started server process [245]
[2026-03-29 21:31:38 +0000] [245] [INFO] Waiting for application startup.
[2026-03-29 21:31:38 +0000] [245] [INFO] Application startup complete.
[2026-03-29 21:31:38 +0000] [254] [INFO] Booting worker with pid: 254
[2026-03-29 21:31:38 +0000] [256] [INFO] Booting worker with pid: 256
[2026-03-29 21:31:38 +0000] [246] [INFO] Started server process [246]
[2026-03-29 21:31:38 +0000] [246] [INFO] Waiting for application startup.
[2026-03-29 21:31:38 +0000] [246] [INFO] Application startup complete.
[2026-03-29 21:31:38 +0000] [258] [INFO] Booting worker with pid: 258
[2026-03-29 21:31:38 +0000] [248] [INFO] Started server process [248]
[2026-03-29 21:31:38 +0000] [248] [INFO] Waiting for application startup.
[2026-03-29 21:31:38 +0000] [248] [INFO] Application startup complete.
[2026-03-29 21:31:38 +0000] [259] [INFO] Booting worker with pid: 259
[2026-03-29 21:31:38 +0000] [260] [INFO] Booting worker with pid: 260
[2026-03-29 21:31:38 +0000] [251] [INFO] Started server process [251]
[2026-03-29 21:31:38 +0000] [251] [INFO] Waiting for application startup.
[2026-03-29 21:31:38 +0000] [251] [INFO] Application startup complete.
[2026-03-29 21:31:38 +0000] [262] [INFO] Booting worker with pid: 262
[2026-03-29 21:31:38 +0000] [263] [INFO] Booting worker with pid: 263
[2026-03-29 21:31:38 +0000] [254] [INFO] Started server process [254]
[2026-03-29 21:31:38 +0000] [254] [INFO] Waiting for application startup.
[2026-03-29 21:31:38 +0000] [254] [INFO] Application startup complete.
[2026-03-29 21:31:38 +0000] [265] [INFO] Booting worker with pid: 265
[2026-03-29 21:31:38 +0000] [256] [INFO] Started server process [256]
[2026-03-29 21:31:38 +0000] [256] [INFO] Waiting for application startup.
[2026-03-29 21:31:38 +0000] [256] [INFO] Application startup complete.
[2026-03-29 21:31:39 +0000] [258] [INFO] Started server process [258]
[2026-03-29 21:31:39 +0000] [258] [INFO] Waiting for application startup.
[2026-03-29 21:31:39 +0000] [258] [INFO] Application startup complete.
[2026-03-29 21:31:39 +0000] [259] [INFO] Started server process [259]
[2026-03-29 21:31:39 +0000] [259] [INFO] Waiting for application startup.
[2026-03-29 21:31:39 +0000] [259] [INFO] Application startup complete.
[2026-03-29 21:31:39 +0000] [269] [INFO] Booting worker with pid: 269
[2026-03-29 21:31:39 +0000] [260] [INFO] Started server process [260]
[2026-03-29 21:31:39 +0000] [260] [INFO] Waiting for application startup.
[2026-03-29 21:31:39 +0000] [260] [INFO] Application startup complete.
[2026-03-29 21:31:39 +0000] [271] [INFO] Booting worker with pid: 271
[2026-03-29 21:31:39 +0000] [262] [INFO] Started server process [262]
[2026-03-29 21:31:39 +0000] [262] [INFO] Waiting for application startup.
[2026-03-29 21:31:39 +0000] [262] [INFO] Application startup complete.
[2026-03-29 21:31:39 +0000] [263] [INFO] Started server process [263]
[2026-03-29 21:31:39 +0000] [263] [INFO] Waiting for application startup.
[2026-03-29 21:31:39 +0000] [263] [INFO] Application startup complete.
[2026-03-29 21:31:39 +0000] [274] [INFO] Booting worker with pid: 274
[2026-03-29 21:31:39 +0000] [265] [INFO] Started server process [265]
[2026-03-29 21:31:39 +0000] [265] [INFO] Waiting for application startup.
[2026-03-29 21:31:39 +0000] [265] [INFO] Application startup complete.
[2026-03-29 21:31:39 +0000] [276] [INFO] Booting worker with pid: 276
[2026-03-29 21:31:39 +0000] [269] [INFO] Started server process [269]
[2026-03-29 21:31:39 +0000] [269] [INFO] Waiting for application startup.
[2026-03-29 21:31:39 +0000] [269] [INFO] Application startup complete.
[2026-03-29 21:31:39 +0000] [278] [INFO] Booting worker with pid: 278
[2026-03-29 21:31:39 +0000] [280] [INFO] Booting worker with pid: 280
[2026-03-29 21:31:39 +0000] [271] [INFO] Started server process [271]
[2026-03-29 21:31:39 +0000] [271] [INFO] Waiting for application startup.
[2026-03-29 21:31:39 +0000] [271] [INFO] Application startup complete.
[2026-03-29 21:31:39 +0000] [282] [INFO] Booting worker with pid: 282
[2026-03-29 21:31:39 +0000] [274] [INFO] Started server process [274]
[2026-03-29 21:31:39 +0000] [274] [INFO] Waiting for application startup.
[2026-03-29 21:31:39 +0000] [274] [INFO] Application startup complete.
[2026-03-29 21:31:39 +0000] [283] [INFO] Booting worker with pid: 283
[2026-03-29 21:31:39 +0000] [276] [INFO] Started server process [276]
[2026-03-29 21:31:39 +0000] [276] [INFO] Waiting for application startup.
[2026-03-29 21:31:39 +0000] [276] [INFO] Application startup complete.
[2026-03-29 21:31:39 +0000] [286] [INFO] Booting worker with pid: 286
[2026-03-29 21:31:39 +0000] [278] [INFO] Started server process [278]
[2026-03-29 21:31:39 +0000] [278] [INFO] Waiting for application startup.
[2026-03-29 21:31:39 +0000] [278] [INFO] Application startup complete.
[2026-03-29 21:31:39 +0000] [280] [INFO] Started server process [280]
[2026-03-29 21:31:39 +0000] [280] [INFO] Waiting for application startup.
[2026-03-29 21:31:39 +0000] [280] [INFO] Application startup complete.
[2026-03-29 21:31:39 +0000] [289] [INFO] Booting worker with pid: 289
[2026-03-29 21:31:39 +0000] [282] [INFO] Started server process [282]
[2026-03-29 21:31:39 +0000] [282] [INFO] Waiting for application startup.
[2026-03-29 21:31:39 +0000] [282] [INFO] Application startup complete.
[2026-03-29 21:31:39 +0000] [290] [INFO] Booting worker with pid: 290
[2026-03-29 21:31:39 +0000] [291] [INFO] Booting worker with pid: 291
[2026-03-29 21:31:39 +0000] [283] [INFO] Started server process [283]
[2026-03-29 21:31:39 +0000] [283] [INFO] Waiting for application startup.
[2026-03-29 21:31:39 +0000] [283] [INFO] Application startup complete.
[2026-03-29 21:31:39 +0000] [293] [INFO] Booting worker with pid: 293
[2026-03-29 21:31:39 +0000] [294] [INFO] Booting worker with pid: 294
[2026-03-29 21:31:39 +0000] [286] [INFO] Started server process [286]
[2026-03-29 21:31:39 +0000] [286] [INFO] Waiting for application startup.
[2026-03-29 21:31:39 +0000] [286] [INFO] Application startup complete.
[2026-03-29 21:31:39 +0000] [296] [INFO] Booting worker with pid: 296
[2026-03-29 21:31:39 +0000] [289] [INFO] Started server process [289]
[2026-03-29 21:31:39 +0000] [289] [INFO] Waiting for application startup.
[2026-03-29 21:31:39 +0000] [289] [INFO] Application startup complete.
[2026-03-29 21:31:40 +0000] [300] [INFO] Booting worker with pid: 300
[2026-03-29 21:31:40 +0000] [301] [INFO] Booting worker with pid: 301
[2026-03-29 21:31:40 +0000] [291] [INFO] Started server process [291]
[2026-03-29 21:31:40 +0000] [291] [INFO] Waiting for application startup.
[2026-03-29 21:31:40 +0000] [291] [INFO] Application startup complete.
[2026-03-29 21:31:40 +0000] [290] [INFO] Started server process [290]
[2026-03-29 21:31:40 +0000] [290] [INFO] Waiting for application startup.
[2026-03-29 21:31:40 +0000] [290] [INFO] Application startup complete.
[2026-03-29 21:31:40 +0000] [302] [INFO] Booting worker with pid: 302
[2026-03-29 21:31:40 +0000] [293] [INFO] Started server process [293]
[2026-03-29 21:31:40 +0000] [293] [INFO] Waiting for application startup.
[2026-03-29 21:31:40 +0000] [293] [INFO] Application startup complete.
[2026-03-29 21:31:40 +0000] [294] [INFO] Started server process [294]
[2026-03-29 21:31:40 +0000] [294] [INFO] Waiting for application startup.
[2026-03-29 21:31:40 +0000] [294] [INFO] Application startup complete.
[2026-03-29 21:31:40 +0000] [305] [INFO] Booting worker with pid: 305
[2026-03-29 21:31:40 +0000] [306] [INFO] Booting worker with pid: 306
[2026-03-29 21:31:40 +0000] [296] [INFO] Started server process [296]
[2026-03-29 21:31:40 +0000] [296] [INFO] Waiting for application startup.
[2026-03-29 21:31:40 +0000] [296] [INFO] Application startup complete.
[2026-03-29 21:31:40 +0000] [300] [INFO] Started server process [300]
[2026-03-29 21:31:40 +0000] [300] [INFO] Waiting for application startup.
[2026-03-29 21:31:40 +0000] [300] [INFO] Application startup complete.
[2026-03-29 21:31:40 +0000] [310] [INFO] Booting worker with pid: 310
[2026-03-29 21:31:40 +0000] [301] [INFO] Started server process [301]
[2026-03-29 21:31:40 +0000] [301] [INFO] Waiting for application startup.
[2026-03-29 21:31:40 +0000] [301] [INFO] Application startup complete.
[2026-03-29 21:31:40 +0000] [311] [INFO] Booting worker with pid: 311
[2026-03-29 21:31:40 +0000] [302] [INFO] Started server process [302]
[2026-03-29 21:31:40 +0000] [302] [INFO] Waiting for application startup.
[2026-03-29 21:31:40 +0000] [302] [INFO] Application startup complete.
[2026-03-29 21:31:40 +0000] [305] [INFO] Started server process [305]
[2026-03-29 21:31:40 +0000] [305] [INFO] Waiting for application startup.
[2026-03-29 21:31:40 +0000] [305] [INFO] Application startup complete.
[2026-03-29 21:31:40 +0000] [314] [INFO] Booting worker with pid: 314
[2026-03-29 21:31:40 +0000] [316] [INFO] Booting worker with pid: 316
[2026-03-29 21:31:40 +0000] [306] [INFO] Started server process [306]
[2026-03-29 21:31:40 +0000] [306] [INFO] Waiting for application startup.
[2026-03-29 21:31:40 +0000] [306] [INFO] Application startup complete.
[2026-03-29 21:31:40 +0000] [317] [INFO] Booting worker with pid: 317
[2026-03-29 21:31:40 +0000] [318] [INFO] Booting worker with pid: 318
[2026-03-29 21:31:40 +0000] [320] [INFO] Booting worker with pid: 320
[2026-03-29 21:31:40 +0000] [310] [INFO] Started server process [310]
[2026-03-29 21:31:40 +0000] [310] [INFO] Waiting for application startup.
[2026-03-29 21:31:40 +0000] [310] [INFO] Application startup complete.
[2026-03-29 21:31:40 +0000] [321] [INFO] Booting worker with pid: 321
[2026-03-29 21:31:40 +0000] [322] [INFO] Booting worker with pid: 322
[2026-03-29 21:31:40 +0000] [311] [INFO] Started server process [311]
[2026-03-29 21:31:40 +0000] [311] [INFO] Waiting for application startup.
[2026-03-29 21:31:40 +0000] [311] [INFO] Application startup complete.
[2026-03-29 21:31:40 +0000] [324] [INFO] Booting worker with pid: 324
[2026-03-29 21:31:41 +0000] [316] [INFO] Started server process [316]
[2026-03-29 21:31:41 +0000] [316] [INFO] Waiting for application startup.
[2026-03-29 21:31:41 +0000] [316] [INFO] Application startup complete.
[2026-03-29 21:31:41 +0000] [327] [INFO] Booting worker with pid: 327
[2026-03-29 21:31:41 +0000] [314] [INFO] Started server process [314]
[2026-03-29 21:31:41 +0000] [314] [INFO] Waiting for application startup.
[2026-03-29 21:31:41 +0000] [314] [INFO] Application startup complete.
[2026-03-29 21:31:41 +0000] [317] [INFO] Started server process [317]
[2026-03-29 21:31:41 +0000] [317] [INFO] Waiting for application startup.
[2026-03-29 21:31:41 +0000] [317] [INFO] Application startup complete.
[2026-03-29 21:31:41 +0000] [329] [INFO] Booting worker with pid: 329
[2026-03-29 21:31:41 +0000] [330] [INFO] Booting worker with pid: 330
[2026-03-29 21:31:41 +0000] [320] [INFO] Started server process [320]
[2026-03-29 21:31:41 +0000] [320] [INFO] Waiting for application startup.
[2026-03-29 21:31:41 +0000] [320] [INFO] Application startup complete.
[2026-03-29 21:31:41 +0000] [332] [INFO] Booting worker with pid: 332
[2026-03-29 21:31:41 +0000] [333] [INFO] Booting worker with pid: 333
[2026-03-29 21:31:41 +0000] [334] [INFO] Booting worker with pid: 334
[2026-03-29 21:31:41 +0000] [324] [INFO] Started server process [324]
[2026-03-29 21:31:41 +0000] [324] [INFO] Waiting for application startup.
[2026-03-29 21:31:41 +0000] [324] [INFO] Application startup complete.
[2026-03-29 21:31:41 +0000] [336] [INFO] Booting worker with pid: 336
[2026-03-29 21:31:41 +0000] [321] [INFO] Started server process [321]
[2026-03-29 21:31:41 +0000] [321] [INFO] Waiting for application startup.
[2026-03-29 21:31:41 +0000] [321] [INFO] Application startup complete.
[2026-03-29 21:31:41 +0000] [338] [INFO] Booting worker with pid: 338
[2026-03-29 21:31:41 +0000] [318] [INFO] Started server process [318]
[2026-03-29 21:31:41 +0000] [318] [INFO] Waiting for application startup.
[2026-03-29 21:31:41 +0000] [318] [INFO] Application startup complete.
[2026-03-29 21:31:41 +0000] [340] [INFO] Booting worker with pid: 340
[2026-03-29 21:31:41 +0000] [330] [INFO] Started server process [330]
[2026-03-29 21:31:41 +0000] [330] [INFO] Waiting for application startup.
[2026-03-29 21:31:41 +0000] [330] [INFO] Application startup complete.
[2026-03-29 21:31:41 +0000] [342] [INFO] Booting worker with pid: 342
[2026-03-29 21:31:41 +0000] [344] [INFO] Booting worker with pid: 344
[2026-03-29 21:31:41 +0000] [327] [INFO] Started server process [327]
[2026-03-29 21:31:41 +0000] [327] [INFO] Waiting for application startup.
[2026-03-29 21:31:41 +0000] [327] [INFO] Application startup complete.
[2026-03-29 21:31:41 +0000] [333] [INFO] Started server process [333]
[2026-03-29 21:31:41 +0000] [333] [INFO] Waiting for application startup.
[2026-03-29 21:31:41 +0000] [333] [INFO] Application startup complete.
[2026-03-29 21:31:41 +0000] [329] [INFO] Started server process [329]
[2026-03-29 21:31:41 +0000] [329] [INFO] Waiting for application startup.
[2026-03-29 21:31:41 +0000] [329] [INFO] Application startup complete.
[2026-03-29 21:31:41 +0000] [322] [INFO] Started server process [322]
[2026-03-29 21:31:41 +0000] [322] [INFO] Waiting for application startup.
[2026-03-29 21:31:41 +0000] [322] [INFO] Application startup complete.
[2026-03-29 21:31:41 +0000] [348] [INFO] Booting worker with pid: 348
[2026-03-29 21:31:41 +0000] [349] [INFO] Booting worker with pid: 349
[2026-03-29 21:31:41 +0000] [334] [INFO] Started server process [334]
[2026-03-29 21:31:41 +0000] [334] [INFO] Waiting for application startup.
[2026-03-29 21:31:41 +0000] [334] [INFO] Application startup complete.
[2026-03-29 21:31:41 +0000] [351] [INFO] Booting worker with pid: 351
[2026-03-29 21:31:41 +0000] [354] [INFO] Booting worker with pid: 354
[2026-03-29 21:31:41 +0000] [336] [INFO] Started server process [336]
[2026-03-29 21:31:41 +0000] [336] [INFO] Waiting for application startup.
[2026-03-29 21:31:41 +0000] [336] [INFO] Application startup complete.
[2026-03-29 21:31:41 +0000] [355] [INFO] Booting worker with pid: 355
[2026-03-29 21:31:41 +0000] [332] [INFO] Started server process [332]
[2026-03-29 21:31:41 +0000] [332] [INFO] Waiting for application startup.
[2026-03-29 21:31:41 +0000] [332] [INFO] Application startup complete.
[2026-03-29 21:31:42 +0000] [338] [INFO] Started server process [338]
[2026-03-29 21:31:42 +0000] [338] [INFO] Waiting for application startup.
[2026-03-29 21:31:42 +0000] [338] [INFO] Application startup complete.
[2026-03-29 21:31:42 +0000] [357] [INFO] Booting worker with pid: 357
[2026-03-29 21:31:42 +0000] [358] [INFO] Booting worker with pid: 358
[2026-03-29 21:31:42 +0000] [340] [INFO] Started server process [340]
[2026-03-29 21:31:42 +0000] [340] [INFO] Waiting for application startup.
[2026-03-29 21:31:42 +0000] [340] [INFO] Application startup complete.
[2026-03-29 21:31:42 +0000] [361] [INFO] Booting worker with pid: 361
[2026-03-29 21:31:42 +0000] [342] [INFO] Started server process [342]
[2026-03-29 21:31:42 +0000] [342] [INFO] Waiting for application startup.
[2026-03-29 21:31:42 +0000] [342] [INFO] Application startup complete.
[2026-03-29 21:31:42 +0000] [362] [INFO] Booting worker with pid: 362
[2026-03-29 21:31:42 +0000] [363] [INFO] Booting worker with pid: 363
[2026-03-29 21:31:42 +0000] [344] [INFO] Started server process [344]
[2026-03-29 21:31:42 +0000] [344] [INFO] Waiting for application startup.
[2026-03-29 21:31:42 +0000] [344] [INFO] Application startup complete.
[2026-03-29 21:31:42 +0000] [365] [INFO] Booting worker with pid: 365
[2026-03-29 21:31:42 +0000] [367] [INFO] Booting worker with pid: 367
[2026-03-29 21:31:42 +0000] [349] [INFO] Started server process [349]
[2026-03-29 21:31:42 +0000] [349] [INFO] Waiting for application startup.
[2026-03-29 21:31:42 +0000] [349] [INFO] Application startup complete.
[2026-03-29 21:31:42 +0000] [355] [INFO] Started server process [355]
[2026-03-29 21:31:42 +0000] [355] [INFO] Waiting for application startup.
[2026-03-29 21:31:42 +0000] [355] [INFO] Application startup complete.
[2026-03-29 21:31:42 +0000] [370] [INFO] Booting worker with pid: 370
[2026-03-29 21:31:42 +0000] [354] [INFO] Started server process [354]
[2026-03-29 21:31:42 +0000] [354] [INFO] Waiting for application startup.
[2026-03-29 21:31:42 +0000] [354] [INFO] Application startup complete.
[2026-03-29 21:31:42 +0000] [348] [INFO] Started server process [348]
[2026-03-29 21:31:42 +0000] [348] [INFO] Waiting for application startup.
[2026-03-29 21:31:42 +0000] [348] [INFO] Application startup complete.
[2026-03-29 21:31:42 +0000] [351] [INFO] Started server process [351]
[2026-03-29 21:31:42 +0000] [351] [INFO] Waiting for application startup.
[2026-03-29 21:31:42 +0000] [351] [INFO] Application startup complete.
[2026-03-29 21:31:42 +0000] [373] [INFO] Booting worker with pid: 373
[2026-03-29 21:31:42 +0000] [374] [INFO] Booting worker with pid: 374
[2026-03-29 21:31:42 +0000] [375] [INFO] Booting worker with pid: 375
[2026-03-29 21:31:42 +0000] [358] [INFO] Started server process [358]
[2026-03-29 21:31:42 +0000] [358] [INFO] Waiting for application startup.
[2026-03-29 21:31:42 +0000] [358] [INFO] Application startup complete.
[2026-03-29 21:31:42 +0000] [377] [INFO] Booting worker with pid: 377
[2026-03-29 21:31:42 +0000] [378] [INFO] Booting worker with pid: 378
[2026-03-29 21:31:42 +0000] [379] [INFO] Booting worker with pid: 379
[2026-03-29 21:31:42 +0000] [363] [INFO] Started server process [363]
[2026-03-29 21:31:42 +0000] [363] [INFO] Waiting for application startup.
[2026-03-29 21:31:42 +0000] [363] [INFO] Application startup complete.
[2026-03-29 21:31:42 +0000] [381] [INFO] Booting worker with pid: 381
[2026-03-29 21:31:42 +0000] [362] [INFO] Started server process [362]
[2026-03-29 21:31:42 +0000] [362] [INFO] Waiting for application startup.
[2026-03-29 21:31:42 +0000] [362] [INFO] Application startup complete.
[2026-03-29 21:31:42 +0000] [384] [INFO] Booting worker with pid: 384
[2026-03-29 21:31:42 +0000] [361] [INFO] Started server process [361]
[2026-03-29 21:31:42 +0000] [361] [INFO] Waiting for application startup.
[2026-03-29 21:31:42 +0000] [361] [INFO] Application startup complete.
[2026-03-29 21:31:42 +0000] [374] [INFO] Started server process [374]
[2026-03-29 21:31:42 +0000] [374] [INFO] Waiting for application startup.
[2026-03-29 21:31:42 +0000] [374] [INFO] Application startup complete.
[2026-03-29 21:31:42 +0000] [367] [INFO] Started server process [367]
[2026-03-29 21:31:42 +0000] [367] [INFO] Waiting for application startup.
[2026-03-29 21:31:42 +0000] [367] [INFO] Application startup complete.
[2026-03-29 21:31:42 +0000] [388] [INFO] Booting worker with pid: 388
[2026-03-29 21:31:42 +0000] [357] [INFO] Started server process [357]
[2026-03-29 21:31:42 +0000] [357] [INFO] Waiting for application startup.
[2026-03-29 21:31:42 +0000] [357] [INFO] Application startup complete.
[2026-03-29 21:31:42 +0000] [365] [INFO] Started server process [365]
[2026-03-29 21:31:42 +0000] [365] [INFO] Waiting for application startup.
[2026-03-29 21:31:42 +0000] [365] [INFO] Application startup complete.
[2026-03-29 21:31:43 +0000] [370] [INFO] Started server process [370]
[2026-03-29 21:31:43 +0000] [370] [INFO] Waiting for application startup.
[2026-03-29 21:31:43 +0000] [370] [INFO] Application startup complete.
[2026-03-29 21:31:43 +0000] [391] [INFO] Booting worker with pid: 391
[2026-03-29 21:31:43 +0000] [393] [INFO] Booting worker with pid: 393
[2026-03-29 21:31:43 +0000] [377] [INFO] Started server process [377]
[2026-03-29 21:31:43 +0000] [377] [INFO] Waiting for application startup.
[2026-03-29 21:31:43 +0000] [377] [INFO] Application startup complete.
[2026-03-29 21:31:43 +0000] [394] [INFO] Booting worker with pid: 394
[2026-03-29 21:31:43 +0000] [396] [INFO] Booting worker with pid: 396
[2026-03-29 21:31:43 +0000] [375] [INFO] Started server process [375]
[2026-03-29 21:31:43 +0000] [375] [INFO] Waiting for application startup.
[2026-03-29 21:31:43 +0000] [375] [INFO] Application startup complete.
[2026-03-29 21:31:43 +0000] [373] [INFO] Started server process [373]
[2026-03-29 21:31:43 +0000] [373] [INFO] Waiting for application startup.
[2026-03-29 21:31:43 +0000] [373] [INFO] Application startup complete.
[2026-03-29 21:31:43 +0000] [398] [INFO] Booting worker with pid: 398
[2026-03-29 21:31:43 +0000] [400] [INFO] Booting worker with pid: 400
[2026-03-29 21:31:43 +0000] [384] [INFO] Started server process [384]
[2026-03-29 21:31:43 +0000] [384] [INFO] Waiting for application startup.
[2026-03-29 21:31:43 +0000] [384] [INFO] Application startup complete.
[2026-03-29 21:31:43 +0000] [402] [INFO] Booting worker with pid: 402
[2026-03-29 21:31:43 +0000] [379] [INFO] Started server process [379]
[2026-03-29 21:31:43 +0000] [379] [INFO] Waiting for application startup.
[2026-03-29 21:31:43 +0000] [379] [INFO] Application startup complete.
[2026-03-29 21:31:43 +0000] [403] [INFO] Booting worker with pid: 403
[2026-03-29 21:31:43 +0000] [381] [INFO] Started server process [381]
[2026-03-29 21:31:43 +0000] [381] [INFO] Waiting for application startup.
[2026-03-29 21:31:43 +0000] [381] [INFO] Application startup complete.
[2026-03-29 21:31:43 +0000] [405] [INFO] Booting worker with pid: 405
[2026-03-29 21:31:43 +0000] [407] [INFO] Booting worker with pid: 407
[2026-03-29 21:31:43 +0000] [378] [INFO] Started server process [378]
[2026-03-29 21:31:43 +0000] [378] [INFO] Waiting for application startup.
[2026-03-29 21:31:43 +0000] [378] [INFO] Application startup complete.
[2026-03-29 21:31:43 +0000] [408] [INFO] Booting worker with pid: 408
[2026-03-29 21:31:43 +0000] [409] [INFO] Booting worker with pid: 409
[2026-03-29 21:31:43 +0000] [396] [INFO] Started server process [396]
[2026-03-29 21:31:43 +0000] [396] [INFO] Waiting for application startup.
[2026-03-29 21:31:43 +0000] [396] [INFO] Application startup complete.
[2026-03-29 21:31:43 +0000] [411] [INFO] Booting worker with pid: 411
[2026-03-29 21:31:43 +0000] [412] [INFO] Booting worker with pid: 412
[2026-03-29 21:31:43 +0000] [388] [INFO] Started server process [388]
[2026-03-29 21:31:43 +0000] [388] [INFO] Waiting for application startup.
[2026-03-29 21:31:43 +0000] [388] [INFO] Application startup complete.
[2026-03-29 21:31:43 +0000] [414] [INFO] Booting worker with pid: 414
[2026-03-29 21:31:43 +0000] [394] [INFO] Started server process [394]
[2026-03-29 21:31:43 +0000] [394] [INFO] Waiting for application startup.
[2026-03-29 21:31:43 +0000] [394] [INFO] Application startup complete.
[2026-03-29 21:31:43 +0000] [416] [INFO] Booting worker with pid: 416
[2026-03-29 21:31:43 +0000] [393] [INFO] Started server process [393]
[2026-03-29 21:31:43 +0000] [393] [INFO] Waiting for application startup.
[2026-03-29 21:31:43 +0000] [393] [INFO] Application startup complete.
[2026-03-29 21:31:43 +0000] [403] [INFO] Started server process [403]
[2026-03-29 21:31:43 +0000] [403] [INFO] Waiting for application startup.
[2026-03-29 21:31:43 +0000] [403] [INFO] Application startup complete.
[2026-03-29 21:31:43 +0000] [398] [INFO] Started server process [398]
[2026-03-29 21:31:43 +0000] [398] [INFO] Waiting for application startup.
[2026-03-29 21:31:43 +0000] [398] [INFO] Application startup complete.
[2026-03-29 21:31:43 +0000] [421] [INFO] Booting worker with pid: 421
[2026-03-29 21:31:43 +0000] [400] [INFO] Started server process [400]
[2026-03-29 21:31:43 +0000] [400] [INFO] Waiting for application startup.
[2026-03-29 21:31:43 +0000] [400] [INFO] Application startup complete.
[2026-03-29 21:31:43 +0000] [422] [INFO] Booting worker with pid: 422
[2026-03-29 21:31:43 +0000] [408] [INFO] Started server process [408]
[2026-03-29 21:31:43 +0000] [408] [INFO] Waiting for application startup.
[2026-03-29 21:31:43 +0000] [408] [INFO] Application startup complete.
[2026-03-29 21:31:43 +0000] [391] [INFO] Started server process [391]
[2026-03-29 21:31:43 +0000] [391] [INFO] Waiting for application startup.
[2026-03-29 21:31:43 +0000] [402] [INFO] Started server process [402]
[2026-03-29 21:31:43 +0000] [391] [INFO] Application startup complete.
[2026-03-29 21:31:43 +0000] [402] [INFO] Waiting for application startup.
[2026-03-29 21:31:43 +0000] [402] [INFO] Application startup complete.
[2026-03-29 21:31:43 +0000] [426] [INFO] Booting worker with pid: 426
[2026-03-29 21:31:44 +0000] [407] [INFO] Started server process [407]
[2026-03-29 21:31:44 +0000] [407] [INFO] Waiting for application startup.
[2026-03-29 21:31:44 +0000] [407] [INFO] Application startup complete.
[2026-03-29 21:31:44 +0000] [405] [INFO] Started server process [405]
[2026-03-29 21:31:44 +0000] [405] [INFO] Waiting for application startup.
[2026-03-29 21:31:44 +0000] [405] [INFO] Application startup complete.
[2026-03-29 21:31:44 +0000] [430] [INFO] Booting worker with pid: 430
[2026-03-29 21:31:44 +0000] [409] [INFO] Started server process [409]
[2026-03-29 21:31:44 +0000] [409] [INFO] Waiting for application startup.
[2026-03-29 21:31:44 +0000] [409] [INFO] Application startup complete.
[2026-03-29 21:31:44 +0000] [431] [INFO] Booting worker with pid: 431
[2026-03-29 21:31:44 +0000] [411] [INFO] Started server process [411]
[2026-03-29 21:31:44 +0000] [411] [INFO] Waiting for application startup.
[2026-03-29 21:31:44 +0000] [411] [INFO] Application startup complete.
[2026-03-29 21:31:44 +0000] [433] [INFO] Booting worker with pid: 433
[2026-03-29 21:31:44 +0000] [412] [INFO] Started server process [412]
[2026-03-29 21:31:44 +0000] [412] [INFO] Waiting for application startup.
[2026-03-29 21:31:44 +0000] [412] [INFO] Application startup complete.
[2026-03-29 21:31:44 +0000] [435] [INFO] Booting worker with pid: 435
[2026-03-29 21:31:44 +0000] [421] [INFO] Started server process [421]
[2026-03-29 21:31:44 +0000] [421] [INFO] Waiting for application startup.
[2026-03-29 21:31:44 +0000] [421] [INFO] Application startup complete.
[2026-03-29 21:31:44 +0000] [438] [INFO] Booting worker with pid: 438
[2026-03-29 21:31:44 +0000] [414] [INFO] Started server process [414]
[2026-03-29 21:31:44 +0000] [414] [INFO] Waiting for application startup.
[2026-03-29 21:31:44 +0000] [414] [INFO] Application startup complete.
[2026-03-29 21:31:44 +0000] [422] [INFO] Started server process [422]
[2026-03-29 21:31:44 +0000] [422] [INFO] Waiting for application startup.
[2026-03-29 21:31:44 +0000] [422] [INFO] Application startup complete.
[2026-03-29 21:31:44 +0000] [440] [INFO] Booting worker with pid: 440
[2026-03-29 21:31:44 +0000] [416] [INFO] Started server process [416]
[2026-03-29 21:31:44 +0000] [416] [INFO] Waiting for application startup.
[2026-03-29 21:31:44 +0000] [416] [INFO] Application startup complete.
[2026-03-29 21:31:44 +0000] [426] [INFO] Started server process [426]
[2026-03-29 21:31:44 +0000] [426] [INFO] Waiting for application startup.
[2026-03-29 21:31:44 +0000] [426] [INFO] Application startup complete.
[2026-03-29 21:31:44 +0000] [430] [INFO] Started server process [430]
[2026-03-29 21:31:44 +0000] [430] [INFO] Waiting for application startup.
[2026-03-29 21:31:44 +0000] [430] [INFO] Application startup complete.
[2026-03-29 21:31:44 +0000] [444] [INFO] Booting worker with pid: 444
[2026-03-29 21:31:44 +0000] [445] [INFO] Booting worker with pid: 445
[2026-03-29 21:31:44 +0000] [446] [INFO] Booting worker with pid: 446
[2026-03-29 21:31:44 +0000] [431] [INFO] Started server process [431]
[2026-03-29 21:31:44 +0000] [431] [INFO] Waiting for application startup.
[2026-03-29 21:31:44 +0000] [431] [INFO] Application startup complete.
[2026-03-29 21:31:44 +0000] [449] [INFO] Booting worker with pid: 449
[2026-03-29 21:31:44 +0000] [433] [INFO] Started server process [433]
[2026-03-29 21:31:44 +0000] [433] [INFO] Waiting for application startup.
[2026-03-29 21:31:44 +0000] [433] [INFO] Application startup complete.
[2026-03-29 21:31:44 +0000] [450] [INFO] Booting worker with pid: 450
[2026-03-29 21:31:44 +0000] [435] [INFO] Started server process [435]
[2026-03-29 21:31:44 +0000] [435] [INFO] Waiting for application startup.
[2026-03-29 21:31:44 +0000] [435] [INFO] Application startup complete.
[2026-03-29 21:31:44 +0000] [452] [INFO] Booting worker with pid: 452
[2026-03-29 21:31:44 +0000] [453] [INFO] Booting worker with pid: 453
[2026-03-29 21:31:44 +0000] [440] [INFO] Started server process [440]
[2026-03-29 21:31:44 +0000] [440] [INFO] Waiting for application startup.
[2026-03-29 21:31:44 +0000] [440] [INFO] Application startup complete.
[2026-03-29 21:31:44 +0000] [455] [INFO] Booting worker with pid: 455
[2026-03-29 21:31:44 +0000] [444] [INFO] Started server process [444]
[2026-03-29 21:31:44 +0000] [444] [INFO] Waiting for application startup.
[2026-03-29 21:31:44 +0000] [444] [INFO] Application startup complete.
[2026-03-29 21:31:44 +0000] [458] [INFO] Booting worker with pid: 458
[2026-03-29 21:31:44 +0000] [438] [INFO] Started server process [438]
[2026-03-29 21:31:44 +0000] [438] [INFO] Waiting for application startup.
[2026-03-29 21:31:44 +0000] [438] [INFO] Application startup complete.
[2026-03-29 21:31:44 +0000] [445] [INFO] Started server process [445]
[2026-03-29 21:31:44 +0000] [445] [INFO] Waiting for application startup.
[2026-03-29 21:31:44 +0000] [445] [INFO] Application startup complete.
[2026-03-29 21:31:44 +0000] [460] [INFO] Booting worker with pid: 460
[2026-03-29 21:31:44 +0000] [449] [INFO] Started server process [449]
[2026-03-29 21:31:44 +0000] [449] [INFO] Waiting for application startup.
[2026-03-29 21:31:44 +0000] [449] [INFO] Application startup complete.
[2026-03-29 21:31:45 +0000] [446] [INFO] Started server process [446]
[2026-03-29 21:31:45 +0000] [446] [INFO] Waiting for application startup.
[2026-03-29 21:31:45 +0000] [446] [INFO] Application startup complete.
[2026-03-29 21:31:45 +0000] [463] [INFO] Booting worker with pid: 463
[2026-03-29 21:31:45 +0000] [452] [INFO] Started server process [452]
[2026-03-29 21:31:45 +0000] [452] [INFO] Waiting for application startup.
[2026-03-29 21:31:45 +0000] [452] [INFO] Application startup complete.
[2026-03-29 21:31:45 +0000] [450] [INFO] Started server process [450]
[2026-03-29 21:31:45 +0000] [450] [INFO] Waiting for application startup.
[2026-03-29 21:31:45 +0000] [450] [INFO] Application startup complete.
[2026-03-29 21:31:45 +0000] [466] [INFO] Booting worker with pid: 466
[2026-03-29 21:31:45 +0000] [467] [INFO] Booting worker with pid: 467
[2026-03-29 21:31:45 +0000] [468] [INFO] Booting worker with pid: 468
[2026-03-29 21:31:45 +0000] [469] [INFO] Booting worker with pid: 469
[2026-03-29 21:31:45 +0000] [455] [INFO] Started server process [455]
[2026-03-29 21:31:45 +0000] [455] [INFO] Waiting for application startup.
[2026-03-29 21:31:45 +0000] [455] [INFO] Application startup complete.
[2026-03-29 21:31:45 +0000] [472] [INFO] Booting worker with pid: 472
[2026-03-29 21:31:45 +0000] [460] [INFO] Started server process [460]
[2026-03-29 21:31:45 +0000] [460] [INFO] Waiting for application startup.
[2026-03-29 21:31:45 +0000] [460] [INFO] Application startup complete.
[2026-03-29 21:31:45 +0000] [453] [INFO] Started server process [453]
[2026-03-29 21:31:45 +0000] [453] [INFO] Waiting for application startup.
[2026-03-29 21:31:45 +0000] [453] [INFO] Application startup complete.
[2026-03-29 21:31:45 +0000] [458] [INFO] Started server process [458]
[2026-03-29 21:31:45 +0000] [458] [INFO] Waiting for application startup.
[2026-03-29 21:31:45 +0000] [458] [INFO] Application startup complete.
[2026-03-29 21:31:45 +0000] [463] [INFO] Started server process [463]
[2026-03-29 21:31:45 +0000] [463] [INFO] Waiting for application startup.
[2026-03-29 21:31:45 +0000] [463] [INFO] Application startup complete.
[2026-03-29 21:31:45 +0000] [476] [INFO] Booting worker with pid: 476
[2026-03-29 21:31:45 +0000] [466] [INFO] Started server process [466]
[2026-03-29 21:31:45 +0000] [466] [INFO] Waiting for application startup.
[2026-03-29 21:31:45 +0000] [466] [INFO] Application startup complete.
[2026-03-29 21:31:45 +0000] [478] [INFO] Booting worker with pid: 478
[2026-03-29 21:31:45 +0000] [479] [INFO] Booting worker with pid: 479
[2026-03-29 21:31:45 +0000] [482] [INFO] Booting worker with pid: 482
[2026-03-29 21:31:45 +0000] [467] [INFO] Started server process [467]
[2026-03-29 21:31:45 +0000] [467] [INFO] Waiting for application startup.
[2026-03-29 21:31:45 +0000] [467] [INFO] Application startup complete.
[2026-03-29 21:31:45 +0000] [468] [INFO] Started server process [468]
[2026-03-29 21:31:45 +0000] [468] [INFO] Waiting for application startup.
[2026-03-29 21:31:45 +0000] [468] [INFO] Application startup complete.
[2026-03-29 21:31:45 +0000] [469] [INFO] Started server process [469]
[2026-03-29 21:31:45 +0000] [469] [INFO] Waiting for application startup.
[2026-03-29 21:31:45 +0000] [469] [INFO] Application startup complete.
[2026-03-29 21:31:45 +0000] [472] [INFO] Started server process [472]
[2026-03-29 21:31:45 +0000] [472] [INFO] Waiting for application startup.
[2026-03-29 21:31:45 +0000] [472] [INFO] Application startup complete.
[2026-03-29 21:31:45 +0000] [485] [INFO] Booting worker with pid: 485
[2026-03-29 21:31:45 +0000] [476] [INFO] Started server process [476]
[2026-03-29 21:31:45 +0000] [476] [INFO] Waiting for application startup.
[2026-03-29 21:31:45 +0000] [476] [INFO] Application startup complete.
[2026-03-29 21:31:45 +0000] [487] [INFO] Booting worker with pid: 487
[2026-03-29 21:31:45 +0000] [478] [INFO] Started server process [478]
[2026-03-29 21:31:45 +0000] [478] [INFO] Waiting for application startup.
[2026-03-29 21:31:45 +0000] [478] [INFO] Application startup complete.
[2026-03-29 21:31:45 +0000] [479] [INFO] Started server process [479]
[2026-03-29 21:31:45 +0000] [479] [INFO] Waiting for application startup.
[2026-03-29 21:31:45 +0000] [479] [INFO] Application startup complete.
[2026-03-29 21:31:45 +0000] [482] [INFO] Started server process [482]
[2026-03-29 21:31:45 +0000] [482] [INFO] Waiting for application startup.
[2026-03-29 21:31:45 +0000] [482] [INFO] Application startup complete.
[2026-03-29 21:31:45 +0000] [491] [INFO] Booting worker with pid: 491
[2026-03-29 21:31:45 +0000] [492] [INFO] Booting worker with pid: 492
[2026-03-29 21:31:45 +0000] [485] [INFO] Started server process [485]
[2026-03-29 21:31:45 +0000] [485] [INFO] Waiting for application startup.
[2026-03-29 21:31:45 +0000] [485] [INFO] Application startup complete.
[2026-03-29 21:31:45 +0000] [494] [INFO] Booting worker with pid: 494
[2026-03-29 21:31:46 +0000] [496] [INFO] Booting worker with pid: 496
[2026-03-29 21:31:46 +0000] [487] [INFO] Started server process [487]
[2026-03-29 21:31:46 +0000] [487] [INFO] Waiting for application startup.
[2026-03-29 21:31:46 +0000] [487] [INFO] Application startup complete.
[2026-03-29 21:31:46 +0000] [498] [INFO] Booting worker with pid: 498
[2026-03-29 21:31:46 +0000] [491] [INFO] Started server process [491]
[2026-03-29 21:31:46 +0000] [491] [INFO] Waiting for application startup.
[2026-03-29 21:31:46 +0000] [491] [INFO] Application startup complete.
[2026-03-29 21:31:46 +0000] [492] [INFO] Started server process [492]
[2026-03-29 21:31:46 +0000] [492] [INFO] Waiting for application startup.
[2026-03-29 21:31:46 +0000] [492] [INFO] Application startup complete.
[2026-03-29 21:31:46 +0000] [500] [INFO] Booting worker with pid: 500
[2026-03-29 21:31:46 +0000] [494] [INFO] Started server process [494]
[2026-03-29 21:31:46 +0000] [494] [INFO] Waiting for application startup.
[2026-03-29 21:31:46 +0000] [494] [INFO] Application startup complete.
[2026-03-29 21:31:46 +0000] [502] [INFO] Booting worker with pid: 502
[2026-03-29 21:31:46 +0000] [496] [INFO] Started server process [496]
[2026-03-29 21:31:46 +0000] [496] [INFO] Waiting for application startup.
[2026-03-29 21:31:46 +0000] [496] [INFO] Application startup complete.
[2026-03-29 21:31:46 +0000] [504] [INFO] Booting worker with pid: 504
[2026-03-29 21:31:46 +0000] [498] [INFO] Started server process [498]
[2026-03-29 21:31:46 +0000] [498] [INFO] Waiting for application startup.
[2026-03-29 21:31:46 +0000] [498] [INFO] Application startup complete.
[2026-03-29 21:31:46 +0000] [506] [INFO] Booting worker with pid: 506
[2026-03-29 21:31:46 +0000] [500] [INFO] Started server process [500]
[2026-03-29 21:31:46 +0000] [500] [INFO] Waiting for application startup.
[2026-03-29 21:31:46 +0000] [500] [INFO] Application startup complete.
[2026-03-29 21:31:46 +0000] [508] [INFO] Booting worker with pid: 508
[2026-03-29 21:31:46 +0000] [509] [INFO] Booting worker with pid: 509
[2026-03-29 21:31:46 +0000] [502] [INFO] Started server process [502]
[2026-03-29 21:31:46 +0000] [502] [INFO] Waiting for application startup.
[2026-03-29 21:31:46 +0000] [502] [INFO] Application startup complete.
[2026-03-29 21:31:46 +0000] [512] [INFO] Booting worker with pid: 512
[2026-03-29 21:31:46 +0000] [504] [INFO] Started server process [504]
[2026-03-29 21:31:46 +0000] [504] [INFO] Waiting for application startup.
[2026-03-29 21:31:46 +0000] [504] [INFO] Application startup complete.
[2026-03-29 21:31:46 +0000] [506] [INFO] Started server process [506]
[2026-03-29 21:31:46 +0000] [506] [INFO] Waiting for application startup.
[2026-03-29 21:31:46 +0000] [506] [INFO] Application startup complete.
[2026-03-29 21:31:46 +0000] [514] [INFO] Booting worker with pid: 514
[2026-03-29 21:31:46 +0000] [508] [INFO] Started server process [508]
[2026-03-29 21:31:46 +0000] [508] [INFO] Waiting for application startup.
[2026-03-29 21:31:46 +0000] [508] [INFO] Application startup complete.
[2026-03-29 21:31:46 +0000] [509] [INFO] Started server process [509]
[2026-03-29 21:31:46 +0000] [509] [INFO] Waiting for application startup.
[2026-03-29 21:31:46 +0000] [509] [INFO] Application startup complete.
[2026-03-29 21:31:46 +0000] [512] [INFO] Started server process [512]
[2026-03-29 21:31:46 +0000] [512] [INFO] Waiting for application startup.
[2026-03-29 21:31:46 +0000] [512] [INFO] Application startup complete.
[2026-03-29 21:31:46 +0000] [514] [INFO] Started server process [514]
[2026-03-29 21:31:46 +0000] [514] [INFO] Waiting for application startup.
[2026-03-29 21:31:46 +0000] [514] [INFO] Application startup complete.
