[2026-03-29 22:16:57 +0000] [1] [INFO] Starting gunicorn 23.0.0
[2026-03-29 22:16:57 +0000] [1] [INFO] Listening at: http://0.0.0.0:8080 (1)
[2026-03-29 22:16:57 +0000] [1] [INFO] Using worker: uvicorn.workers.UvicornWorker
[2026-03-29 22:16:57 +0000] [7] [INFO] Booting worker with pid: 7
[2026-03-29 22:16:57 +0000] [8] [INFO] Booting worker with pid: 8
[2026-03-29 22:16:57 +0000] [9] [INFO] Booting worker with pid: 9
[2026-03-29 22:16:57 +0000] [7] [INFO] Started server process [7]
[2026-03-29 22:16:57 +0000] [7] [INFO] Waiting for application startup.
[2026-03-29 22:16:57 +0000] [7] [INFO] Application startup complete.
[2026-03-29 22:16:57 +0000] [13] [INFO] Booting worker with pid: 13
[2026-03-29 22:16:57 +0000] [8] [INFO] Started server process [8]
[2026-03-29 22:16:57 +0000] [8] [INFO] Waiting for application startup.
[2026-03-29 22:16:57 +0000] [8] [INFO] Application startup complete.
[2026-03-29 22:16:57 +0000] [9] [INFO] Started server process [9]
[2026-03-29 22:16:57 +0000] [9] [INFO] Waiting for application startup.
[2026-03-29 22:16:57 +0000] [9] [INFO] Application startup complete.
[2026-03-29 22:16:57 +0000] [14] [INFO] Booting worker with pid: 14
[2026-03-29 22:16:57 +0000] [15] [INFO] Booting worker with pid: 15
[2026-03-29 22:16:57 +0000] [16] [INFO] Booting worker with pid: 16
[2026-03-29 22:16:57 +0000] [13] [INFO] Started server process [13]
[2026-03-29 22:16:57 +0000] [13] [INFO] Waiting for application startup.
[2026-03-29 22:16:57 +0000] [13] [INFO] Application startup complete.
[2026-03-29 22:16:57 +0000] [14] [INFO] Started server process [14]
[2026-03-29 22:16:57 +0000] [14] [INFO] Waiting for application startup.
[2026-03-29 22:16:57 +0000] [14] [INFO] Application startup complete.
[2026-03-29 22:16:57 +0000] [15] [INFO] Started server process [15]
[2026-03-29 22:16:57 +0000] [15] [INFO] Waiting for application startup.
[2026-03-29 22:16:57 +0000] [15] [INFO] Application startup complete.
[2026-03-29 22:16:57 +0000] [21] [INFO] Booting worker with pid: 21
[2026-03-29 22:16:57 +0000] [16] [INFO] Started server process [16]
[2026-03-29 22:16:57 +0000] [16] [INFO] Waiting for application startup.
[2026-03-29 22:16:57 +0000] [16] [INFO] Application startup complete.
[2026-03-29 22:16:57 +0000] [21] [INFO] Started server process [21]
[2026-03-29 22:16:57 +0000] [21] [INFO] Waiting for application startup.
[2026-03-29 22:16:57 +0000] [21] [INFO] Application startup complete.
[2026-03-29 22:16:57 +0000] [23] [INFO] Booting worker with pid: 23
[2026-03-29 22:16:58 +0000] [23] [INFO] Started server process [23]
[2026-03-29 22:16:58 +0000] [23] [INFO] Waiting for application startup.
[2026-03-29 22:16:58 +0000] [23] [INFO] Application startup complete.
[2026-03-29 22:16:58 +0000] [25] [INFO] Booting worker with pid: 25
[2026-03-29 22:16:58 +0000] [27] [INFO] Booting worker with pid: 27
[2026-03-29 22:16:58 +0000] [25] [INFO] Started server process [25]
[2026-03-29 22:16:58 +0000] [25] [INFO] Waiting for application startup.
[2026-03-29 22:16:58 +0000] [25] [INFO] Application startup complete.
[2026-03-29 22:16:58 +0000] [28] [INFO] Booting worker with pid: 28
[2026-03-29 22:16:58 +0000] [27] [INFO] Started server process [27]
[2026-03-29 22:16:58 +0000] [27] [INFO] Waiting for application startup.
[2026-03-29 22:16:58 +0000] [27] [INFO] Application startup complete.
[2026-03-29 22:16:58 +0000] [31] [INFO] Booting worker with pid: 31
[2026-03-29 22:16:58 +0000] [28] [INFO] Started server process [28]
[2026-03-29 22:16:58 +0000] [28] [INFO] Waiting for application startup.
[2026-03-29 22:16:58 +0000] [28] [INFO] Application startup complete.
[2026-03-29 22:16:58 +0000] [31] [INFO] Started server process [31]
[2026-03-29 22:16:58 +0000] [31] [INFO] Waiting for application startup.
[2026-03-29 22:16:58 +0000] [31] [INFO] Application startup complete.
[2026-03-29 22:16:58 +0000] [33] [INFO] Booting worker with pid: 33
[2026-03-29 22:16:58 +0000] [33] [INFO] Started server process [33]
[2026-03-29 22:16:58 +0000] [33] [INFO] Waiting for application startup.
[2026-03-29 22:16:58 +0000] [33] [INFO] Application startup complete.
[2026-03-29 22:16:58 +0000] [35] [INFO] Booting worker with pid: 35
[2026-03-29 22:16:58 +0000] [36] [INFO] Booting worker with pid: 36
[2026-03-29 22:16:58 +0000] [37] [INFO] Booting worker with pid: 37
[2026-03-29 22:16:58 +0000] [38] [INFO] Booting worker with pid: 38
[2026-03-29 22:16:58 +0000] [35] [INFO] Started server process [35]
[2026-03-29 22:16:58 +0000] [35] [INFO] Waiting for application startup.
[2026-03-29 22:16:58 +0000] [35] [INFO] Application startup complete.
[2026-03-29 22:16:58 +0000] [36] [INFO] Started server process [36]
[2026-03-29 22:16:58 +0000] [36] [INFO] Waiting for application startup.
[2026-03-29 22:16:58 +0000] [36] [INFO] Application startup complete.
[2026-03-29 22:16:58 +0000] [37] [INFO] Started server process [37]
[2026-03-29 22:16:58 +0000] [37] [INFO] Waiting for application startup.
[2026-03-29 22:16:58 +0000] [37] [INFO] Application startup complete.
[2026-03-29 22:16:58 +0000] [38] [INFO] Started server process [38]
[2026-03-29 22:16:58 +0000] [38] [INFO] Waiting for application startup.
[2026-03-29 22:16:58 +0000] [38] [INFO] Application startup complete.
[2026-03-29 22:16:58 +0000] [43] [INFO] Booting worker with pid: 43
[2026-03-29 22:16:58 +0000] [45] [INFO] Booting worker with pid: 45
[2026-03-29 22:16:58 +0000] [43] [INFO] Started server process [43]
[2026-03-29 22:16:58 +0000] [43] [INFO] Waiting for application startup.
[2026-03-29 22:16:58 +0000] [43] [INFO] Application startup complete.
[2026-03-29 22:16:58 +0000] [46] [INFO] Booting worker with pid: 46
[2026-03-29 22:16:58 +0000] [48] [INFO] Booting worker with pid: 48
[2026-03-29 22:16:58 +0000] [45] [INFO] Started server process [45]
[2026-03-29 22:16:58 +0000] [45] [INFO] Waiting for application startup.
[2026-03-29 22:16:58 +0000] [45] [INFO] Application startup complete.
[2026-03-29 22:16:58 +0000] [46] [INFO] Started server process [46]
[2026-03-29 22:16:58 +0000] [46] [INFO] Waiting for application startup.
[2026-03-29 22:16:58 +0000] [46] [INFO] Application startup complete.
[2026-03-29 22:16:58 +0000] [50] [INFO] Booting worker with pid: 50
[2026-03-29 22:16:58 +0000] [48] [INFO] Started server process [48]
[2026-03-29 22:16:58 +0000] [48] [INFO] Waiting for application startup.
[2026-03-29 22:16:58 +0000] [48] [INFO] Application startup complete.
[2026-03-29 22:16:58 +0000] [52] [INFO] Booting worker with pid: 52
[2026-03-29 22:16:58 +0000] [50] [INFO] Started server process [50]
[2026-03-29 22:16:58 +0000] [50] [INFO] Waiting for application startup.
[2026-03-29 22:16:58 +0000] [50] [INFO] Application startup complete.
[2026-03-29 22:16:59 +0000] [55] [INFO] Booting worker with pid: 55
[2026-03-29 22:16:59 +0000] [52] [INFO] Started server process [52]
[2026-03-29 22:16:59 +0000] [52] [INFO] Waiting for application startup.
[2026-03-29 22:16:59 +0000] [52] [INFO] Application startup complete.
[2026-03-29 22:16:59 +0000] [56] [INFO] Booting worker with pid: 56
[2026-03-29 22:16:59 +0000] [55] [INFO] Started server process [55]
[2026-03-29 22:16:59 +0000] [55] [INFO] Waiting for application startup.
[2026-03-29 22:16:59 +0000] [55] [INFO] Application startup complete.
[2026-03-29 22:16:59 +0000] [58] [INFO] Booting worker with pid: 58
[2026-03-29 22:16:59 +0000] [56] [INFO] Started server process [56]
[2026-03-29 22:16:59 +0000] [56] [INFO] Waiting for application startup.
[2026-03-29 22:16:59 +0000] [56] [INFO] Application startup complete.
[2026-03-29 22:16:59 +0000] [60] [INFO] Booting worker with pid: 60
[2026-03-29 22:16:59 +0000] [58] [INFO] Started server process [58]
[2026-03-29 22:16:59 +0000] [58] [INFO] Waiting for application startup.
[2026-03-29 22:16:59 +0000] [58] [INFO] Application startup complete.
[2026-03-29 22:16:59 +0000] [62] [INFO] Booting worker with pid: 62
[2026-03-29 22:16:59 +0000] [60] [INFO] Started server process [60]
[2026-03-29 22:16:59 +0000] [60] [INFO] Waiting for application startup.
[2026-03-29 22:16:59 +0000] [60] [INFO] Application startup complete.
[2026-03-29 22:16:59 +0000] [62] [INFO] Started server process [62]
[2026-03-29 22:16:59 +0000] [62] [INFO] Waiting for application startup.
[2026-03-29 22:16:59 +0000] [62] [INFO] Application startup complete.
[2026-03-29 22:16:59 +0000] [65] [INFO] Booting worker with pid: 65
[2026-03-29 22:16:59 +0000] [66] [INFO] Booting worker with pid: 66
[2026-03-29 22:16:59 +0000] [67] [INFO] Booting worker with pid: 67
[2026-03-29 22:16:59 +0000] [68] [INFO] Booting worker with pid: 68
[2026-03-29 22:16:59 +0000] [65] [INFO] Started server process [65]
[2026-03-29 22:16:59 +0000] [65] [INFO] Waiting for application startup.
[2026-03-29 22:16:59 +0000] [65] [INFO] Application startup complete.
[2026-03-29 22:16:59 +0000] [66] [INFO] Started server process [66]
[2026-03-29 22:16:59 +0000] [66] [INFO] Waiting for application startup.
[2026-03-29 22:16:59 +0000] [66] [INFO] Application startup complete.
[2026-03-29 22:16:59 +0000] [67] [INFO] Started server process [67]
[2026-03-29 22:16:59 +0000] [67] [INFO] Waiting for application startup.
[2026-03-29 22:16:59 +0000] [67] [INFO] Application startup complete.
[2026-03-29 22:16:59 +0000] [73] [INFO] Booting worker with pid: 73
[2026-03-29 22:16:59 +0000] [68] [INFO] Started server process [68]
[2026-03-29 22:16:59 +0000] [68] [INFO] Waiting for application startup.
[2026-03-29 22:16:59 +0000] [68] [INFO] Application startup complete.
[2026-03-29 22:16:59 +0000] [74] [INFO] Booting worker with pid: 74
[2026-03-29 22:16:59 +0000] [73] [INFO] Started server process [73]
[2026-03-29 22:16:59 +0000] [73] [INFO] Waiting for application startup.
[2026-03-29 22:16:59 +0000] [73] [INFO] Application startup complete.
[2026-03-29 22:16:59 +0000] [76] [INFO] Booting worker with pid: 76
[2026-03-29 22:16:59 +0000] [78] [INFO] Booting worker with pid: 78
[2026-03-29 22:16:59 +0000] [74] [INFO] Started server process [74]
[2026-03-29 22:16:59 +0000] [74] [INFO] Waiting for application startup.
[2026-03-29 22:16:59 +0000] [74] [INFO] Application startup complete.
[2026-03-29 22:16:59 +0000] [76] [INFO] Started server process [76]
[2026-03-29 22:16:59 +0000] [76] [INFO] Waiting for application startup.
[2026-03-29 22:16:59 +0000] [76] [INFO] Application startup complete.
[2026-03-29 22:16:59 +0000] [80] [INFO] Booting worker with pid: 80
[2026-03-29 22:16:59 +0000] [81] [INFO] Booting worker with pid: 81
[2026-03-29 22:16:59 +0000] [78] [INFO] Started server process [78]
[2026-03-29 22:16:59 +0000] [78] [INFO] Waiting for application startup.
[2026-03-29 22:16:59 +0000] [78] [INFO] Application startup complete.
[2026-03-29 22:16:59 +0000] [80] [INFO] Started server process [80]
[2026-03-29 22:16:59 +0000] [80] [INFO] Waiting for application startup.
[2026-03-29 22:16:59 +0000] [80] [INFO] Application startup complete.
[2026-03-29 22:16:59 +0000] [81] [INFO] Started server process [81]
[2026-03-29 22:16:59 +0000] [81] [INFO] Waiting for application startup.
[2026-03-29 22:16:59 +0000] [81] [INFO] Application startup complete.
[2026-03-29 22:16:59 +0000] [85] [INFO] Booting worker with pid: 85
[2026-03-29 22:16:59 +0000] [86] [INFO] Booting worker with pid: 86
[2026-03-29 22:16:59 +0000] [85] [INFO] Started server process [85]
[2026-03-29 22:16:59 +0000] [85] [INFO] Waiting for application startup.
[2026-03-29 22:16:59 +0000] [85] [INFO] Application startup complete.
[2026-03-29 22:16:59 +0000] [88] [INFO] Booting worker with pid: 88
[2026-03-29 22:16:59 +0000] [86] [INFO] Started server process [86]
[2026-03-29 22:16:59 +0000] [86] [INFO] Waiting for application startup.
[2026-03-29 22:16:59 +0000] [86] [INFO] Application startup complete.
[2026-03-29 22:17:00 +0000] [90] [INFO] Booting worker with pid: 90
[2026-03-29 22:17:00 +0000] [88] [INFO] Started server process [88]
[2026-03-29 22:17:00 +0000] [88] [INFO] Waiting for application startup.
[2026-03-29 22:17:00 +0000] [88] [INFO] Application startup complete.
[2026-03-29 22:17:00 +0000] [92] [INFO] Booting worker with pid: 92
[2026-03-29 22:17:00 +0000] [93] [INFO] Booting worker with pid: 93
[2026-03-29 22:17:00 +0000] [90] [INFO] Started server process [90]
[2026-03-29 22:17:00 +0000] [90] [INFO] Waiting for application startup.
[2026-03-29 22:17:00 +0000] [90] [INFO] Application startup complete.
[2026-03-29 22:17:00 +0000] [95] [INFO] Booting worker with pid: 95
[2026-03-29 22:17:00 +0000] [92] [INFO] Started server process [92]
[2026-03-29 22:17:00 +0000] [92] [INFO] Waiting for application startup.
[2026-03-29 22:17:00 +0000] [92] [INFO] Application startup complete.
[2026-03-29 22:17:00 +0000] [97] [INFO] Booting worker with pid: 97
[2026-03-29 22:17:00 +0000] [98] [INFO] Booting worker with pid: 98
[2026-03-29 22:17:00 +0000] [93] [INFO] Started server process [93]
[2026-03-29 22:17:00 +0000] [93] [INFO] Waiting for application startup.
[2026-03-29 22:17:00 +0000] [93] [INFO] Application startup complete.
[2026-03-29 22:17:00 +0000] [100] [INFO] Booting worker with pid: 100
[2026-03-29 22:17:00 +0000] [101] [INFO] Booting worker with pid: 101
[2026-03-29 22:17:00 +0000] [95] [INFO] Started server process [95]
[2026-03-29 22:17:00 +0000] [95] [INFO] Waiting for application startup.
[2026-03-29 22:17:00 +0000] [95] [INFO] Application startup complete.
[2026-03-29 22:17:00 +0000] [98] [INFO] Started server process [98]
[2026-03-29 22:17:00 +0000] [98] [INFO] Waiting for application startup.
[2026-03-29 22:17:00 +0000] [98] [INFO] Application startup complete.
[2026-03-29 22:17:00 +0000] [105] [INFO] Booting worker with pid: 105
[2026-03-29 22:17:00 +0000] [97] [INFO] Started server process [97]
[2026-03-29 22:17:00 +0000] [97] [INFO] Waiting for application startup.
[2026-03-29 22:17:00 +0000] [97] [INFO] Application startup complete.
[2026-03-29 22:17:00 +0000] [100] [INFO] Started server process [100]
[2026-03-29 22:17:00 +0000] [100] [INFO] Waiting for application startup.
[2026-03-29 22:17:00 +0000] [100] [INFO] Application startup complete.
[2026-03-29 22:17:00 +0000] [101] [INFO] Started server process [101]
[2026-03-29 22:17:00 +0000] [101] [INFO] Waiting for application startup.
[2026-03-29 22:17:00 +0000] [101] [INFO] Application startup complete.
[2026-03-29 22:17:00 +0000] [108] [INFO] Booting worker with pid: 108
[2026-03-29 22:17:00 +0000] [109] [INFO] Booting worker with pid: 109
[2026-03-29 22:17:00 +0000] [105] [INFO] Started server process [105]
[2026-03-29 22:17:00 +0000] [105] [INFO] Waiting for application startup.
[2026-03-29 22:17:00 +0000] [105] [INFO] Application startup complete.
[2026-03-29 22:17:00 +0000] [111] [INFO] Booting worker with pid: 111
[2026-03-29 22:17:00 +0000] [112] [INFO] Booting worker with pid: 112
[2026-03-29 22:17:00 +0000] [115] [INFO] Booting worker with pid: 115
[2026-03-29 22:17:00 +0000] [108] [INFO] Started server process [108]
[2026-03-29 22:17:00 +0000] [108] [INFO] Waiting for application startup.
[2026-03-29 22:17:00 +0000] [108] [INFO] Application startup complete.
[2026-03-29 22:17:00 +0000] [109] [INFO] Started server process [109]
[2026-03-29 22:17:00 +0000] [109] [INFO] Waiting for application startup.
[2026-03-29 22:17:00 +0000] [109] [INFO] Application startup complete.
[2026-03-29 22:17:00 +0000] [117] [INFO] Booting worker with pid: 117
[2026-03-29 22:17:00 +0000] [111] [INFO] Started server process [111]
[2026-03-29 22:17:00 +0000] [111] [INFO] Waiting for application startup.
[2026-03-29 22:17:00 +0000] [111] [INFO] Application startup complete.
[2026-03-29 22:17:00 +0000] [112] [INFO] Started server process [112]
[2026-03-29 22:17:00 +0000] [112] [INFO] Waiting for application startup.
[2026-03-29 22:17:00 +0000] [112] [INFO] Application startup complete.
[2026-03-29 22:17:00 +0000] [115] [INFO] Started server process [115]
[2026-03-29 22:17:00 +0000] [115] [INFO] Waiting for application startup.
[2026-03-29 22:17:00 +0000] [115] [INFO] Application startup complete.
[2026-03-29 22:17:00 +0000] [120] [INFO] Booting worker with pid: 120
[2026-03-29 22:17:00 +0000] [117] [INFO] Started server process [117]
[2026-03-29 22:17:00 +0000] [117] [INFO] Waiting for application startup.
[2026-03-29 22:17:00 +0000] [117] [INFO] Application startup complete.
[2026-03-29 22:17:00 +0000] [122] [INFO] Booting worker with pid: 122
[2026-03-29 22:17:00 +0000] [124] [INFO] Booting worker with pid: 124
[2026-03-29 22:17:00 +0000] [120] [INFO] Started server process [120]
[2026-03-29 22:17:00 +0000] [120] [INFO] Waiting for application startup.
[2026-03-29 22:17:00 +0000] [120] [INFO] Application startup complete.
[2026-03-29 22:17:00 +0000] [125] [INFO] Booting worker with pid: 125
[2026-03-29 22:17:00 +0000] [127] [INFO] Booting worker with pid: 127
[2026-03-29 22:17:00 +0000] [122] [INFO] Started server process [122]
[2026-03-29 22:17:00 +0000] [122] [INFO] Waiting for application startup.
[2026-03-29 22:17:00 +0000] [122] [INFO] Application startup complete.
[2026-03-29 22:17:00 +0000] [128] [INFO] Booting worker with pid: 128
[2026-03-29 22:17:00 +0000] [124] [INFO] Started server process [124]
[2026-03-29 22:17:00 +0000] [124] [INFO] Waiting for application startup.
[2026-03-29 22:17:00 +0000] [124] [INFO] Application startup complete.
[2026-03-29 22:17:00 +0000] [131] [INFO] Booting worker with pid: 131
[2026-03-29 22:17:00 +0000] [125] [INFO] Started server process [125]
[2026-03-29 22:17:00 +0000] [125] [INFO] Waiting for application startup.
[2026-03-29 22:17:00 +0000] [125] [INFO] Application startup complete.
[2026-03-29 22:17:00 +0000] [132] [INFO] Booting worker with pid: 132
[2026-03-29 22:17:00 +0000] [127] [INFO] Started server process [127]
[2026-03-29 22:17:00 +0000] [127] [INFO] Waiting for application startup.
[2026-03-29 22:17:00 +0000] [127] [INFO] Application startup complete.
[2026-03-29 22:17:00 +0000] [135] [INFO] Booting worker with pid: 135
[2026-03-29 22:17:00 +0000] [136] [INFO] Booting worker with pid: 136
[2026-03-29 22:17:00 +0000] [128] [INFO] Started server process [128]
[2026-03-29 22:17:00 +0000] [128] [INFO] Waiting for application startup.
[2026-03-29 22:17:00 +0000] [128] [INFO] Application startup complete.
[2026-03-29 22:17:01 +0000] [137] [INFO] Booting worker with pid: 137
[2026-03-29 22:17:01 +0000] [131] [INFO] Started server process [131]
[2026-03-29 22:17:01 +0000] [131] [INFO] Waiting for application startup.
[2026-03-29 22:17:01 +0000] [131] [INFO] Application startup complete.
[2026-03-29 22:17:01 +0000] [141] [INFO] Booting worker with pid: 141
[2026-03-29 22:17:01 +0000] [132] [INFO] Started server process [132]
[2026-03-29 22:17:01 +0000] [132] [INFO] Waiting for application startup.
[2026-03-29 22:17:01 +0000] [132] [INFO] Application startup complete.
[2026-03-29 22:17:01 +0000] [136] [INFO] Started server process [136]
[2026-03-29 22:17:01 +0000] [136] [INFO] Waiting for application startup.
[2026-03-29 22:17:01 +0000] [136] [INFO] Application startup complete.
[2026-03-29 22:17:01 +0000] [135] [INFO] Started server process [135]
[2026-03-29 22:17:01 +0000] [135] [INFO] Waiting for application startup.
[2026-03-29 22:17:01 +0000] [135] [INFO] Application startup complete.
[2026-03-29 22:17:01 +0000] [143] [INFO] Booting worker with pid: 143
[2026-03-29 22:17:01 +0000] [144] [INFO] Booting worker with pid: 144
[2026-03-29 22:17:01 +0000] [137] [INFO] Started server process [137]
[2026-03-29 22:17:01 +0000] [137] [INFO] Waiting for application startup.
[2026-03-29 22:17:01 +0000] [137] [INFO] Application startup complete.
[2026-03-29 22:17:01 +0000] [147] [INFO] Booting worker with pid: 147
[2026-03-29 22:17:01 +0000] [141] [INFO] Started server process [141]
[2026-03-29 22:17:01 +0000] [141] [INFO] Waiting for application startup.
[2026-03-29 22:17:01 +0000] [141] [INFO] Application startup complete.
[2026-03-29 22:17:01 +0000] [149] [INFO] Booting worker with pid: 149
[2026-03-29 22:17:01 +0000] [143] [INFO] Started server process [143]
[2026-03-29 22:17:01 +0000] [143] [INFO] Waiting for application startup.
[2026-03-29 22:17:01 +0000] [143] [INFO] Application startup complete.
[2026-03-29 22:17:01 +0000] [144] [INFO] Started server process [144]
[2026-03-29 22:17:01 +0000] [144] [INFO] Waiting for application startup.
[2026-03-29 22:17:01 +0000] [144] [INFO] Application startup complete.
[2026-03-29 22:17:01 +0000] [147] [INFO] Started server process [147]
[2026-03-29 22:17:01 +0000] [147] [INFO] Waiting for application startup.
[2026-03-29 22:17:01 +0000] [147] [INFO] Application startup complete.
[2026-03-29 22:17:01 +0000] [152] [INFO] Booting worker with pid: 152
[2026-03-29 22:17:01 +0000] [149] [INFO] Started server process [149]
[2026-03-29 22:17:01 +0000] [149] [INFO] Waiting for application startup.
[2026-03-29 22:17:01 +0000] [149] [INFO] Application startup complete.
[2026-03-29 22:17:01 +0000] [154] [INFO] Booting worker with pid: 154
[2026-03-29 22:17:01 +0000] [152] [INFO] Started server process [152]
[2026-03-29 22:17:01 +0000] [152] [INFO] Waiting for application startup.
[2026-03-29 22:17:01 +0000] [152] [INFO] Application startup complete.
[2026-03-29 22:17:01 +0000] [156] [INFO] Booting worker with pid: 156
[2026-03-29 22:17:01 +0000] [154] [INFO] Started server process [154]
[2026-03-29 22:17:01 +0000] [154] [INFO] Waiting for application startup.
[2026-03-29 22:17:01 +0000] [154] [INFO] Application startup complete.
[2026-03-29 22:17:01 +0000] [158] [INFO] Booting worker with pid: 158
[2026-03-29 22:17:01 +0000] [160] [INFO] Booting worker with pid: 160
[2026-03-29 22:17:01 +0000] [156] [INFO] Started server process [156]
[2026-03-29 22:17:01 +0000] [156] [INFO] Waiting for application startup.
[2026-03-29 22:17:01 +0000] [156] [INFO] Application startup complete.
[2026-03-29 22:17:01 +0000] [158] [INFO] Started server process [158]
[2026-03-29 22:17:01 +0000] [158] [INFO] Waiting for application startup.
[2026-03-29 22:17:01 +0000] [158] [INFO] Application startup complete.
[2026-03-29 22:17:01 +0000] [162] [INFO] Booting worker with pid: 162
[2026-03-29 22:17:01 +0000] [163] [INFO] Booting worker with pid: 163
[2026-03-29 22:17:01 +0000] [160] [INFO] Started server process [160]
[2026-03-29 22:17:01 +0000] [160] [INFO] Waiting for application startup.
[2026-03-29 22:17:01 +0000] [160] [INFO] Application startup complete.
[2026-03-29 22:17:01 +0000] [165] [INFO] Booting worker with pid: 165
[2026-03-29 22:17:01 +0000] [162] [INFO] Started server process [162]
[2026-03-29 22:17:01 +0000] [162] [INFO] Waiting for application startup.
[2026-03-29 22:17:01 +0000] [162] [INFO] Application startup complete.
[2026-03-29 22:17:01 +0000] [163] [INFO] Started server process [163]
[2026-03-29 22:17:01 +0000] [163] [INFO] Waiting for application startup.
[2026-03-29 22:17:01 +0000] [163] [INFO] Application startup complete.
[2026-03-29 22:17:01 +0000] [168] [INFO] Booting worker with pid: 168
[2026-03-29 22:17:01 +0000] [170] [INFO] Booting worker with pid: 170
[2026-03-29 22:17:01 +0000] [165] [INFO] Started server process [165]
[2026-03-29 22:17:01 +0000] [165] [INFO] Waiting for application startup.
[2026-03-29 22:17:01 +0000] [165] [INFO] Application startup complete.
[2026-03-29 22:17:01 +0000] [171] [INFO] Booting worker with pid: 171
[2026-03-29 22:17:01 +0000] [172] [INFO] Booting worker with pid: 172
[2026-03-29 22:17:02 +0000] [174] [INFO] Booting worker with pid: 174
[2026-03-29 22:17:02 +0000] [168] [INFO] Started server process [168]
[2026-03-29 22:17:02 +0000] [168] [INFO] Waiting for application startup.
[2026-03-29 22:17:02 +0000] [168] [INFO] Application startup complete.
[2026-03-29 22:17:02 +0000] [170] [INFO] Started server process [170]
[2026-03-29 22:17:02 +0000] [170] [INFO] Waiting for application startup.
[2026-03-29 22:17:02 +0000] [170] [INFO] Application startup complete.
[2026-03-29 22:17:02 +0000] [171] [INFO] Started server process [171]
[2026-03-29 22:17:02 +0000] [171] [INFO] Waiting for application startup.
[2026-03-29 22:17:02 +0000] [171] [INFO] Application startup complete.
[2026-03-29 22:17:02 +0000] [172] [INFO] Started server process [172]
[2026-03-29 22:17:02 +0000] [172] [INFO] Waiting for application startup.
[2026-03-29 22:17:02 +0000] [172] [INFO] Application startup complete.
[2026-03-29 22:17:02 +0000] [178] [INFO] Booting worker with pid: 178
[2026-03-29 22:17:02 +0000] [179] [INFO] Booting worker with pid: 179
[2026-03-29 22:17:02 +0000] [180] [INFO] Booting worker with pid: 180
[2026-03-29 22:17:02 +0000] [174] [INFO] Started server process [174]
[2026-03-29 22:17:02 +0000] [174] [INFO] Waiting for application startup.
[2026-03-29 22:17:02 +0000] [174] [INFO] Application startup complete.
[2026-03-29 22:17:02 +0000] [182] [INFO] Booting worker with pid: 182
[2026-03-29 22:17:02 +0000] [184] [INFO] Booting worker with pid: 184
[2026-03-29 22:17:02 +0000] [179] [INFO] Started server process [179]
[2026-03-29 22:17:02 +0000] [179] [INFO] Waiting for application startup.
[2026-03-29 22:17:02 +0000] [179] [INFO] Application startup complete.
[2026-03-29 22:17:02 +0000] [185] [INFO] Booting worker with pid: 185
[2026-03-29 22:17:02 +0000] [187] [INFO] Booting worker with pid: 187
[2026-03-29 22:17:02 +0000] [178] [INFO] Started server process [178]
[2026-03-29 22:17:02 +0000] [178] [INFO] Waiting for application startup.
[2026-03-29 22:17:02 +0000] [178] [INFO] Application startup complete.
[2026-03-29 22:17:02 +0000] [189] [INFO] Booting worker with pid: 189
[2026-03-29 22:17:02 +0000] [180] [INFO] Started server process [180]
[2026-03-29 22:17:02 +0000] [180] [INFO] Waiting for application startup.
[2026-03-29 22:17:02 +0000] [180] [INFO] Application startup complete.
[2026-03-29 22:17:02 +0000] [190] [INFO] Booting worker with pid: 190
[2026-03-29 22:17:02 +0000] [191] [INFO] Booting worker with pid: 191
[2026-03-29 22:17:02 +0000] [184] [INFO] Started server process [184]
[2026-03-29 22:17:02 +0000] [184] [INFO] Waiting for application startup.
[2026-03-29 22:17:02 +0000] [184] [INFO] Application startup complete.
[2026-03-29 22:17:02 +0000] [187] [INFO] Started server process [187]
[2026-03-29 22:17:02 +0000] [187] [INFO] Waiting for application startup.
[2026-03-29 22:17:02 +0000] [187] [INFO] Application startup complete.
[2026-03-29 22:17:02 +0000] [189] [INFO] Started server process [189]
[2026-03-29 22:17:02 +0000] [189] [INFO] Waiting for application startup.
[2026-03-29 22:17:02 +0000] [189] [INFO] Application startup complete.
[2026-03-29 22:17:02 +0000] [182] [INFO] Started server process [182]
[2026-03-29 22:17:02 +0000] [182] [INFO] Waiting for application startup.
[2026-03-29 22:17:02 +0000] [182] [INFO] Application startup complete.
[2026-03-29 22:17:02 +0000] [196] [INFO] Booting worker with pid: 196
[2026-03-29 22:17:02 +0000] [190] [INFO] Started server process [190]
[2026-03-29 22:17:02 +0000] [190] [INFO] Waiting for application startup.
[2026-03-29 22:17:02 +0000] [190] [INFO] Application startup complete.
[2026-03-29 22:17:02 +0000] [185] [INFO] Started server process [185]
[2026-03-29 22:17:02 +0000] [185] [INFO] Waiting for application startup.
[2026-03-29 22:17:02 +0000] [185] [INFO] Application startup complete.
[2026-03-29 22:17:02 +0000] [191] [INFO] Started server process [191]
[2026-03-29 22:17:02 +0000] [191] [INFO] Waiting for application startup.
[2026-03-29 22:17:02 +0000] [191] [INFO] Application startup complete.
[2026-03-29 22:17:02 +0000] [200] [INFO] Booting worker with pid: 200
[2026-03-29 22:17:02 +0000] [201] [INFO] Booting worker with pid: 201
[2026-03-29 22:17:02 +0000] [202] [INFO] Booting worker with pid: 202
[2026-03-29 22:17:02 +0000] [196] [INFO] Started server process [196]
[2026-03-29 22:17:02 +0000] [196] [INFO] Waiting for application startup.
[2026-03-29 22:17:02 +0000] [196] [INFO] Application startup complete.
[2026-03-29 22:17:02 +0000] [205] [INFO] Booting worker with pid: 205
[2026-03-29 22:17:02 +0000] [201] [INFO] Started server process [201]
[2026-03-29 22:17:02 +0000] [201] [INFO] Waiting for application startup.
[2026-03-29 22:17:02 +0000] [201] [INFO] Application startup complete.
[2026-03-29 22:17:02 +0000] [207] [INFO] Booting worker with pid: 207
[2026-03-29 22:17:02 +0000] [200] [INFO] Started server process [200]
[2026-03-29 22:17:02 +0000] [200] [INFO] Waiting for application startup.
[2026-03-29 22:17:02 +0000] [200] [INFO] Application startup complete.
[2026-03-29 22:17:02 +0000] [208] [INFO] Booting worker with pid: 208
[2026-03-29 22:17:03 +0000] [202] [INFO] Started server process [202]
[2026-03-29 22:17:03 +0000] [202] [INFO] Waiting for application startup.
[2026-03-29 22:17:03 +0000] [202] [INFO] Application startup complete.
[2026-03-29 22:17:03 +0000] [205] [INFO] Started server process [205]
[2026-03-29 22:17:03 +0000] [205] [INFO] Waiting for application startup.
[2026-03-29 22:17:03 +0000] [205] [INFO] Application startup complete.
[2026-03-29 22:17:03 +0000] [212] [INFO] Booting worker with pid: 212
[2026-03-29 22:17:03 +0000] [207] [INFO] Started server process [207]
[2026-03-29 22:17:03 +0000] [207] [INFO] Waiting for application startup.
[2026-03-29 22:17:03 +0000] [207] [INFO] Application startup complete.
[2026-03-29 22:17:03 +0000] [213] [INFO] Booting worker with pid: 213
[2026-03-29 22:17:03 +0000] [214] [INFO] Booting worker with pid: 214
[2026-03-29 22:17:03 +0000] [208] [INFO] Started server process [208]
[2026-03-29 22:17:03 +0000] [208] [INFO] Waiting for application startup.
[2026-03-29 22:17:03 +0000] [208] [INFO] Application startup complete.
[2026-03-29 22:17:03 +0000] [216] [INFO] Booting worker with pid: 216
[2026-03-29 22:17:03 +0000] [217] [INFO] Booting worker with pid: 217
[2026-03-29 22:17:03 +0000] [219] [INFO] Booting worker with pid: 219
[2026-03-29 22:17:03 +0000] [213] [INFO] Started server process [213]
[2026-03-29 22:17:03 +0000] [213] [INFO] Waiting for application startup.
[2026-03-29 22:17:03 +0000] [213] [INFO] Application startup complete.
[2026-03-29 22:17:03 +0000] [214] [INFO] Started server process [214]
[2026-03-29 22:17:03 +0000] [214] [INFO] Waiting for application startup.
[2026-03-29 22:17:03 +0000] [214] [INFO] Application startup complete.
[2026-03-29 22:17:03 +0000] [221] [INFO] Booting worker with pid: 221
[2026-03-29 22:17:03 +0000] [216] [INFO] Started server process [216]
[2026-03-29 22:17:03 +0000] [216] [INFO] Waiting for application startup.
[2026-03-29 22:17:03 +0000] [216] [INFO] Application startup complete.
[2026-03-29 22:17:03 +0000] [224] [INFO] Booting worker with pid: 224
[2026-03-29 22:17:03 +0000] [212] [INFO] Started server process [212]
[2026-03-29 22:17:03 +0000] [212] [INFO] Waiting for application startup.
[2026-03-29 22:17:03 +0000] [212] [INFO] Application startup complete.
[2026-03-29 22:17:03 +0000] [226] [INFO] Booting worker with pid: 226
[2026-03-29 22:17:03 +0000] [217] [INFO] Started server process [217]
[2026-03-29 22:17:03 +0000] [217] [INFO] Waiting for application startup.
[2026-03-29 22:17:03 +0000] [217] [INFO] Application startup complete.
[2026-03-29 22:17:03 +0000] [219] [INFO] Started server process [219]
[2026-03-29 22:17:03 +0000] [219] [INFO] Waiting for application startup.
[2026-03-29 22:17:03 +0000] [219] [INFO] Application startup complete.
[2026-03-29 22:17:03 +0000] [221] [INFO] Started server process [221]
[2026-03-29 22:17:03 +0000] [221] [INFO] Waiting for application startup.
[2026-03-29 22:17:03 +0000] [221] [INFO] Application startup complete.
[2026-03-29 22:17:03 +0000] [231] [INFO] Booting worker with pid: 231
[2026-03-29 22:17:03 +0000] [224] [INFO] Started server process [224]
[2026-03-29 22:17:03 +0000] [224] [INFO] Waiting for application startup.
[2026-03-29 22:17:03 +0000] [224] [INFO] Application startup complete.
[2026-03-29 22:17:03 +0000] [226] [INFO] Started server process [226]
[2026-03-29 22:17:03 +0000] [226] [INFO] Waiting for application startup.
[2026-03-29 22:17:03 +0000] [226] [INFO] Application startup complete.
[2026-03-29 22:17:03 +0000] [232] [INFO] Booting worker with pid: 232
[2026-03-29 22:17:03 +0000] [231] [INFO] Started server process [231]
[2026-03-29 22:17:03 +0000] [231] [INFO] Waiting for application startup.
[2026-03-29 22:17:03 +0000] [231] [INFO] Application startup complete.
[2026-03-29 22:17:03 +0000] [234] [INFO] Booting worker with pid: 234
[2026-03-29 22:17:03 +0000] [232] [INFO] Started server process [232]
[2026-03-29 22:17:03 +0000] [232] [INFO] Waiting for application startup.
[2026-03-29 22:17:03 +0000] [232] [INFO] Application startup complete.
[2026-03-29 22:17:03 +0000] [237] [INFO] Booting worker with pid: 237
[2026-03-29 22:17:03 +0000] [234] [INFO] Started server process [234]
[2026-03-29 22:17:03 +0000] [234] [INFO] Waiting for application startup.
[2026-03-29 22:17:03 +0000] [234] [INFO] Application startup complete.
[2026-03-29 22:17:03 +0000] [237] [INFO] Started server process [237]
[2026-03-29 22:17:03 +0000] [237] [INFO] Waiting for application startup.
[2026-03-29 22:17:03 +0000] [237] [INFO] Application startup complete.
[2026-03-29 22:17:03 +0000] [239] [INFO] Booting worker with pid: 239
[2026-03-29 22:17:03 +0000] [240] [INFO] Booting worker with pid: 240
[2026-03-29 22:17:03 +0000] [239] [INFO] Started server process [239]
[2026-03-29 22:17:03 +0000] [239] [INFO] Waiting for application startup.
[2026-03-29 22:17:03 +0000] [239] [INFO] Application startup complete.
[2026-03-29 22:17:03 +0000] [242] [INFO] Booting worker with pid: 242
[2026-03-29 22:17:03 +0000] [240] [INFO] Started server process [240]
[2026-03-29 22:17:03 +0000] [240] [INFO] Waiting for application startup.
[2026-03-29 22:17:03 +0000] [240] [INFO] Application startup complete.
[2026-03-29 22:17:03 +0000] [244] [INFO] Booting worker with pid: 244
[2026-03-29 22:17:03 +0000] [242] [INFO] Started server process [242]
[2026-03-29 22:17:03 +0000] [242] [INFO] Waiting for application startup.
[2026-03-29 22:17:03 +0000] [242] [INFO] Application startup complete.
[2026-03-29 22:17:03 +0000] [247] [INFO] Booting worker with pid: 247
[2026-03-29 22:17:03 +0000] [244] [INFO] Started server process [244]
[2026-03-29 22:17:03 +0000] [244] [INFO] Waiting for application startup.
[2026-03-29 22:17:03 +0000] [244] [INFO] Application startup complete.
[2026-03-29 22:17:04 +0000] [248] [INFO] Booting worker with pid: 248
[2026-03-29 22:17:04 +0000] [250] [INFO] Booting worker with pid: 250
[2026-03-29 22:17:04 +0000] [247] [INFO] Started server process [247]
[2026-03-29 22:17:04 +0000] [247] [INFO] Waiting for application startup.
[2026-03-29 22:17:04 +0000] [247] [INFO] Application startup complete.
[2026-03-29 22:17:04 +0000] [251] [INFO] Booting worker with pid: 251
[2026-03-29 22:17:04 +0000] [248] [INFO] Started server process [248]
[2026-03-29 22:17:04 +0000] [248] [INFO] Waiting for application startup.
[2026-03-29 22:17:04 +0000] [248] [INFO] Application startup complete.
[2026-03-29 22:17:04 +0000] [253] [INFO] Booting worker with pid: 253
[2026-03-29 22:17:04 +0000] [250] [INFO] Started server process [250]
[2026-03-29 22:17:04 +0000] [250] [INFO] Waiting for application startup.
[2026-03-29 22:17:04 +0000] [250] [INFO] Application startup complete.
[2026-03-29 22:17:04 +0000] [251] [INFO] Started server process [251]
[2026-03-29 22:17:04 +0000] [251] [INFO] Waiting for application startup.
[2026-03-29 22:17:04 +0000] [251] [INFO] Application startup complete.
[2026-03-29 22:17:04 +0000] [257] [INFO] Booting worker with pid: 257
[2026-03-29 22:17:04 +0000] [253] [INFO] Started server process [253]
[2026-03-29 22:17:04 +0000] [253] [INFO] Waiting for application startup.
[2026-03-29 22:17:04 +0000] [253] [INFO] Application startup complete.
[2026-03-29 22:17:04 +0000] [258] [INFO] Booting worker with pid: 258
[2026-03-29 22:17:04 +0000] [257] [INFO] Started server process [257]
[2026-03-29 22:17:04 +0000] [257] [INFO] Waiting for application startup.
[2026-03-29 22:17:04 +0000] [257] [INFO] Application startup complete.
[2026-03-29 22:17:04 +0000] [258] [INFO] Started server process [258]
[2026-03-29 22:17:04 +0000] [258] [INFO] Waiting for application startup.
[2026-03-29 22:17:04 +0000] [258] [INFO] Application startup complete.
[2026-03-29 22:17:04 +0000] [261] [INFO] Booting worker with pid: 261
[2026-03-29 22:17:04 +0000] [262] [INFO] Booting worker with pid: 262
[2026-03-29 22:17:04 +0000] [264] [INFO] Booting worker with pid: 264
[2026-03-29 22:17:04 +0000] [261] [INFO] Started server process [261]
[2026-03-29 22:17:04 +0000] [261] [INFO] Waiting for application startup.
[2026-03-29 22:17:04 +0000] [261] [INFO] Application startup complete.
[2026-03-29 22:17:04 +0000] [265] [INFO] Booting worker with pid: 265
[2026-03-29 22:17:04 +0000] [262] [INFO] Started server process [262]
[2026-03-29 22:17:04 +0000] [262] [INFO] Waiting for application startup.
[2026-03-29 22:17:04 +0000] [262] [INFO] Application startup complete.
[2026-03-29 22:17:04 +0000] [264] [INFO] Started server process [264]
[2026-03-29 22:17:04 +0000] [264] [INFO] Waiting for application startup.
[2026-03-29 22:17:04 +0000] [264] [INFO] Application startup complete.
[2026-03-29 22:17:04 +0000] [265] [INFO] Started server process [265]
[2026-03-29 22:17:04 +0000] [265] [INFO] Waiting for application startup.
[2026-03-29 22:17:04 +0000] [265] [INFO] Application startup complete.
[2026-03-29 22:17:04 +0000] [269] [INFO] Booting worker with pid: 269
[2026-03-29 22:17:04 +0000] [270] [INFO] Booting worker with pid: 270
[2026-03-29 22:17:04 +0000] [269] [INFO] Started server process [269]
[2026-03-29 22:17:04 +0000] [269] [INFO] Waiting for application startup.
[2026-03-29 22:17:04 +0000] [269] [INFO] Application startup complete.
[2026-03-29 22:17:04 +0000] [272] [INFO] Booting worker with pid: 272
[2026-03-29 22:17:04 +0000] [270] [INFO] Started server process [270]
[2026-03-29 22:17:04 +0000] [270] [INFO] Waiting for application startup.
[2026-03-29 22:17:04 +0000] [270] [INFO] Application startup complete.
[2026-03-29 22:17:04 +0000] [272] [INFO] Started server process [272]
[2026-03-29 22:17:04 +0000] [272] [INFO] Waiting for application startup.
[2026-03-29 22:17:04 +0000] [272] [INFO] Application startup complete.
[2026-03-29 22:17:04 +0000] [275] [INFO] Booting worker with pid: 275
[2026-03-29 22:17:04 +0000] [276] [INFO] Booting worker with pid: 276
[2026-03-29 22:17:04 +0000] [275] [INFO] Started server process [275]
[2026-03-29 22:17:04 +0000] [275] [INFO] Waiting for application startup.
[2026-03-29 22:17:04 +0000] [275] [INFO] Application startup complete.
[2026-03-29 22:17:04 +0000] [279] [INFO] Booting worker with pid: 279
[2026-03-29 22:17:04 +0000] [276] [INFO] Started server process [276]
[2026-03-29 22:17:04 +0000] [276] [INFO] Waiting for application startup.
[2026-03-29 22:17:04 +0000] [276] [INFO] Application startup complete.
[2026-03-29 22:17:04 +0000] [280] [INFO] Booting worker with pid: 280
[2026-03-29 22:17:04 +0000] [281] [INFO] Booting worker with pid: 281
[2026-03-29 22:17:04 +0000] [279] [INFO] Started server process [279]
[2026-03-29 22:17:04 +0000] [279] [INFO] Waiting for application startup.
[2026-03-29 22:17:04 +0000] [279] [INFO] Application startup complete.
[2026-03-29 22:17:04 +0000] [280] [INFO] Started server process [280]
[2026-03-29 22:17:04 +0000] [280] [INFO] Waiting for application startup.
[2026-03-29 22:17:04 +0000] [280] [INFO] Application startup complete.
[2026-03-29 22:17:04 +0000] [285] [INFO] Booting worker with pid: 285
[2026-03-29 22:17:04 +0000] [281] [INFO] Started server process [281]
[2026-03-29 22:17:04 +0000] [281] [INFO] Waiting for application startup.
[2026-03-29 22:17:04 +0000] [281] [INFO] Application startup complete.
[2026-03-29 22:17:04 +0000] [287] [INFO] Booting worker with pid: 287
[2026-03-29 22:17:04 +0000] [285] [INFO] Started server process [285]
[2026-03-29 22:17:04 +0000] [285] [INFO] Waiting for application startup.
[2026-03-29 22:17:04 +0000] [285] [INFO] Application startup complete.
[2026-03-29 22:17:05 +0000] [288] [INFO] Booting worker with pid: 288
[2026-03-29 22:17:05 +0000] [287] [INFO] Started server process [287]
[2026-03-29 22:17:05 +0000] [287] [INFO] Waiting for application startup.
[2026-03-29 22:17:05 +0000] [287] [INFO] Application startup complete.
[2026-03-29 22:17:05 +0000] [290] [INFO] Booting worker with pid: 290
[2026-03-29 22:17:05 +0000] [291] [INFO] Booting worker with pid: 291
[2026-03-29 22:17:05 +0000] [293] [INFO] Booting worker with pid: 293
[2026-03-29 22:17:05 +0000] [288] [INFO] Started server process [288]
[2026-03-29 22:17:05 +0000] [288] [INFO] Waiting for application startup.
[2026-03-29 22:17:05 +0000] [288] [INFO] Application startup complete.
[2026-03-29 22:17:05 +0000] [290] [INFO] Started server process [290]
[2026-03-29 22:17:05 +0000] [290] [INFO] Waiting for application startup.
[2026-03-29 22:17:05 +0000] [290] [INFO] Application startup complete.
[2026-03-29 22:17:05 +0000] [291] [INFO] Started server process [291]
[2026-03-29 22:17:05 +0000] [291] [INFO] Waiting for application startup.
[2026-03-29 22:17:05 +0000] [291] [INFO] Application startup complete.
[2026-03-29 22:17:05 +0000] [296] [INFO] Booting worker with pid: 296
[2026-03-29 22:17:05 +0000] [293] [INFO] Started server process [293]
[2026-03-29 22:17:05 +0000] [293] [INFO] Waiting for application startup.
[2026-03-29 22:17:05 +0000] [293] [INFO] Application startup complete.
[2026-03-29 22:17:05 +0000] [298] [INFO] Booting worker with pid: 298
[2026-03-29 22:17:05 +0000] [299] [INFO] Booting worker with pid: 299
[2026-03-29 22:17:05 +0000] [296] [INFO] Started server process [296]
[2026-03-29 22:17:05 +0000] [296] [INFO] Waiting for application startup.
[2026-03-29 22:17:05 +0000] [296] [INFO] Application startup complete.
[2026-03-29 22:17:05 +0000] [298] [INFO] Started server process [298]
[2026-03-29 22:17:05 +0000] [298] [INFO] Waiting for application startup.
[2026-03-29 22:17:05 +0000] [298] [INFO] Application startup complete.
[2026-03-29 22:17:05 +0000] [303] [INFO] Booting worker with pid: 303
[2026-03-29 22:17:05 +0000] [299] [INFO] Started server process [299]
[2026-03-29 22:17:05 +0000] [299] [INFO] Waiting for application startup.
[2026-03-29 22:17:05 +0000] [299] [INFO] Application startup complete.
[2026-03-29 22:17:05 +0000] [304] [INFO] Booting worker with pid: 304
[2026-03-29 22:17:05 +0000] [303] [INFO] Started server process [303]
[2026-03-29 22:17:05 +0000] [303] [INFO] Waiting for application startup.
[2026-03-29 22:17:05 +0000] [303] [INFO] Application startup complete.
[2026-03-29 22:17:05 +0000] [304] [INFO] Started server process [304]
[2026-03-29 22:17:05 +0000] [304] [INFO] Waiting for application startup.
[2026-03-29 22:17:05 +0000] [304] [INFO] Application startup complete.
[2026-03-29 22:17:05 +0000] [307] [INFO] Booting worker with pid: 307
[2026-03-29 22:17:05 +0000] [308] [INFO] Booting worker with pid: 308
[2026-03-29 22:17:05 +0000] [307] [INFO] Started server process [307]
[2026-03-29 22:17:05 +0000] [307] [INFO] Waiting for application startup.
[2026-03-29 22:17:05 +0000] [307] [INFO] Application startup complete.
[2026-03-29 22:17:05 +0000] [310] [INFO] Booting worker with pid: 310
[2026-03-29 22:17:05 +0000] [308] [INFO] Started server process [308]
[2026-03-29 22:17:05 +0000] [308] [INFO] Waiting for application startup.
[2026-03-29 22:17:05 +0000] [308] [INFO] Application startup complete.
[2026-03-29 22:17:05 +0000] [310] [INFO] Started server process [310]
[2026-03-29 22:17:05 +0000] [310] [INFO] Waiting for application startup.
[2026-03-29 22:17:05 +0000] [310] [INFO] Application startup complete.
[2026-03-29 22:17:05 +0000] [313] [INFO] Booting worker with pid: 313
[2026-03-29 22:17:05 +0000] [314] [INFO] Booting worker with pid: 314
[2026-03-29 22:17:05 +0000] [313] [INFO] Started server process [313]
[2026-03-29 22:17:05 +0000] [313] [INFO] Waiting for application startup.
[2026-03-29 22:17:05 +0000] [313] [INFO] Application startup complete.
[2026-03-29 22:17:05 +0000] [314] [INFO] Started server process [314]
[2026-03-29 22:17:05 +0000] [314] [INFO] Waiting for application startup.
[2026-03-29 22:17:05 +0000] [314] [INFO] Application startup complete.
[2026-03-29 22:17:05 +0000] [317] [INFO] Booting worker with pid: 317
[2026-03-29 22:17:05 +0000] [318] [INFO] Booting worker with pid: 318
[2026-03-29 22:17:05 +0000] [317] [INFO] Started server process [317]
[2026-03-29 22:17:05 +0000] [317] [INFO] Waiting for application startup.
[2026-03-29 22:17:05 +0000] [317] [INFO] Application startup complete.
[2026-03-29 22:17:05 +0000] [320] [INFO] Booting worker with pid: 320
[2026-03-29 22:17:05 +0000] [318] [INFO] Started server process [318]
[2026-03-29 22:17:05 +0000] [318] [INFO] Waiting for application startup.
[2026-03-29 22:17:05 +0000] [318] [INFO] Application startup complete.
[2026-03-29 22:17:05 +0000] [322] [INFO] Booting worker with pid: 322
[2026-03-29 22:17:06 +0000] [324] [INFO] Booting worker with pid: 324
[2026-03-29 22:17:06 +0000] [320] [INFO] Started server process [320]
[2026-03-29 22:17:06 +0000] [320] [INFO] Waiting for application startup.
[2026-03-29 22:17:06 +0000] [320] [INFO] Application startup complete.
[2026-03-29 22:17:06 +0000] [322] [INFO] Started server process [322]
[2026-03-29 22:17:06 +0000] [322] [INFO] Waiting for application startup.
[2026-03-29 22:17:06 +0000] [322] [INFO] Application startup complete.
[2026-03-29 22:17:06 +0000] [326] [INFO] Booting worker with pid: 326
[2026-03-29 22:17:06 +0000] [327] [INFO] Booting worker with pid: 327
[2026-03-29 22:17:06 +0000] [328] [INFO] Booting worker with pid: 328
[2026-03-29 22:17:06 +0000] [326] [INFO] Started server process [326]
[2026-03-29 22:17:06 +0000] [326] [INFO] Waiting for application startup.
[2026-03-29 22:17:06 +0000] [326] [INFO] Application startup complete.
[2026-03-29 22:17:06 +0000] [327] [INFO] Started server process [327]
[2026-03-29 22:17:06 +0000] [327] [INFO] Waiting for application startup.
[2026-03-29 22:17:06 +0000] [327] [INFO] Application startup complete.
[2026-03-29 22:17:06 +0000] [332] [INFO] Booting worker with pid: 332
[2026-03-29 22:17:06 +0000] [334] [INFO] Booting worker with pid: 334
[2026-03-29 22:17:06 +0000] [328] [INFO] Started server process [328]
[2026-03-29 22:17:06 +0000] [328] [INFO] Waiting for application startup.
[2026-03-29 22:17:06 +0000] [328] [INFO] Application startup complete.
[2026-03-29 22:17:06 +0000] [324] [INFO] Started server process [324]
[2026-03-29 22:17:06 +0000] [324] [INFO] Waiting for application startup.
[2026-03-29 22:17:06 +0000] [324] [INFO] Application startup complete.
[2026-03-29 22:17:06 +0000] [335] [INFO] Booting worker with pid: 335
[2026-03-29 22:17:06 +0000] [332] [INFO] Started server process [332]
[2026-03-29 22:17:06 +0000] [332] [INFO] Waiting for application startup.
[2026-03-29 22:17:06 +0000] [332] [INFO] Application startup complete.
[2026-03-29 22:17:06 +0000] [337] [INFO] Booting worker with pid: 337
[2026-03-29 22:17:06 +0000] [339] [INFO] Booting worker with pid: 339
[2026-03-29 22:17:06 +0000] [337] [INFO] Started server process [337]
[2026-03-29 22:17:06 +0000] [337] [INFO] Waiting for application startup.
[2026-03-29 22:17:06 +0000] [337] [INFO] Application startup complete.
[2026-03-29 22:17:06 +0000] [335] [INFO] Started server process [335]
[2026-03-29 22:17:06 +0000] [335] [INFO] Waiting for application startup.
[2026-03-29 22:17:06 +0000] [335] [INFO] Application startup complete.
[2026-03-29 22:17:06 +0000] [341] [INFO] Booting worker with pid: 341
[2026-03-29 22:17:06 +0000] [342] [INFO] Booting worker with pid: 342
[2026-03-29 22:17:06 +0000] [334] [INFO] Started server process [334]
[2026-03-29 22:17:06 +0000] [334] [INFO] Waiting for application startup.
[2026-03-29 22:17:06 +0000] [334] [INFO] Application startup complete.
[2026-03-29 22:17:06 +0000] [344] [INFO] Booting worker with pid: 344
[2026-03-29 22:17:06 +0000] [347] [INFO] Booting worker with pid: 347
[2026-03-29 22:17:06 +0000] [342] [INFO] Started server process [342]
[2026-03-29 22:17:06 +0000] [342] [INFO] Waiting for application startup.
[2026-03-29 22:17:06 +0000] [342] [INFO] Application startup complete.
[2026-03-29 22:17:06 +0000] [339] [INFO] Started server process [339]
[2026-03-29 22:17:06 +0000] [339] [INFO] Waiting for application startup.
[2026-03-29 22:17:06 +0000] [339] [INFO] Application startup complete.
[2026-03-29 22:17:06 +0000] [344] [INFO] Started server process [344]
[2026-03-29 22:17:06 +0000] [344] [INFO] Waiting for application startup.
[2026-03-29 22:17:06 +0000] [344] [INFO] Application startup complete.
[2026-03-29 22:17:06 +0000] [349] [INFO] Booting worker with pid: 349
[2026-03-29 22:17:06 +0000] [352] [INFO] Booting worker with pid: 352
[2026-03-29 22:17:06 +0000] [347] [INFO] Started server process [347]
[2026-03-29 22:17:06 +0000] [347] [INFO] Waiting for application startup.
[2026-03-29 22:17:06 +0000] [347] [INFO] Application startup complete.
[2026-03-29 22:17:06 +0000] [349] [INFO] Started server process [349]
[2026-03-29 22:17:06 +0000] [349] [INFO] Waiting for application startup.
[2026-03-29 22:17:06 +0000] [349] [INFO] Application startup complete.
[2026-03-29 22:17:06 +0000] [354] [INFO] Booting worker with pid: 354
[2026-03-29 22:17:06 +0000] [341] [INFO] Started server process [341]
[2026-03-29 22:17:06 +0000] [341] [INFO] Waiting for application startup.
[2026-03-29 22:17:06 +0000] [341] [INFO] Application startup complete.
[2026-03-29 22:17:06 +0000] [356] [INFO] Booting worker with pid: 356
[2026-03-29 22:17:07 +0000] [352] [INFO] Started server process [352]
[2026-03-29 22:17:07 +0000] [352] [INFO] Waiting for application startup.
[2026-03-29 22:17:07 +0000] [352] [INFO] Application startup complete.
[2026-03-29 22:17:07 +0000] [358] [INFO] Booting worker with pid: 358
[2026-03-29 22:17:07 +0000] [354] [INFO] Started server process [354]
[2026-03-29 22:17:07 +0000] [354] [INFO] Waiting for application startup.
[2026-03-29 22:17:07 +0000] [354] [INFO] Application startup complete.
[2026-03-29 22:17:07 +0000] [356] [INFO] Started server process [356]
[2026-03-29 22:17:07 +0000] [356] [INFO] Waiting for application startup.
[2026-03-29 22:17:07 +0000] [356] [INFO] Application startup complete.
[2026-03-29 22:17:07 +0000] [358] [INFO] Started server process [358]
[2026-03-29 22:17:07 +0000] [358] [INFO] Waiting for application startup.
[2026-03-29 22:17:07 +0000] [358] [INFO] Application startup complete.
[2026-03-29 22:17:07 +0000] [361] [INFO] Booting worker with pid: 361
[2026-03-29 22:17:07 +0000] [362] [INFO] Booting worker with pid: 362
[2026-03-29 22:17:07 +0000] [361] [INFO] Started server process [361]
[2026-03-29 22:17:07 +0000] [361] [INFO] Waiting for application startup.
[2026-03-29 22:17:07 +0000] [361] [INFO] Application startup complete.
[2026-03-29 22:17:07 +0000] [365] [INFO] Booting worker with pid: 365
[2026-03-29 22:17:07 +0000] [362] [INFO] Started server process [362]
[2026-03-29 22:17:07 +0000] [362] [INFO] Waiting for application startup.
[2026-03-29 22:17:07 +0000] [362] [INFO] Application startup complete.
[2026-03-29 22:17:07 +0000] [366] [INFO] Booting worker with pid: 366
[2026-03-29 22:17:07 +0000] [367] [INFO] Booting worker with pid: 367
[2026-03-29 22:17:07 +0000] [368] [INFO] Booting worker with pid: 368
[2026-03-29 22:17:07 +0000] [365] [INFO] Started server process [365]
[2026-03-29 22:17:07 +0000] [365] [INFO] Waiting for application startup.
[2026-03-29 22:17:07 +0000] [365] [INFO] Application startup complete.
[2026-03-29 22:17:07 +0000] [366] [INFO] Started server process [366]
[2026-03-29 22:17:07 +0000] [366] [INFO] Waiting for application startup.
[2026-03-29 22:17:07 +0000] [366] [INFO] Application startup complete.
[2026-03-29 22:17:07 +0000] [372] [INFO] Booting worker with pid: 372
[2026-03-29 22:17:07 +0000] [368] [INFO] Started server process [368]
[2026-03-29 22:17:07 +0000] [368] [INFO] Waiting for application startup.
[2026-03-29 22:17:07 +0000] [368] [INFO] Application startup complete.
[2026-03-29 22:17:07 +0000] [367] [INFO] Started server process [367]
[2026-03-29 22:17:07 +0000] [367] [INFO] Waiting for application startup.
[2026-03-29 22:17:07 +0000] [367] [INFO] Application startup complete.
[2026-03-29 22:17:07 +0000] [374] [INFO] Booting worker with pid: 374
[2026-03-29 22:17:07 +0000] [372] [INFO] Started server process [372]
[2026-03-29 22:17:07 +0000] [372] [INFO] Waiting for application startup.
[2026-03-29 22:17:07 +0000] [372] [INFO] Application startup complete.
[2026-03-29 22:17:07 +0000] [376] [INFO] Booting worker with pid: 376
[2026-03-29 22:17:07 +0000] [374] [INFO] Started server process [374]
[2026-03-29 22:17:07 +0000] [374] [INFO] Waiting for application startup.
[2026-03-29 22:17:07 +0000] [374] [INFO] Application startup complete.
[2026-03-29 22:17:07 +0000] [378] [INFO] Booting worker with pid: 378
[2026-03-29 22:17:07 +0000] [376] [INFO] Started server process [376]
[2026-03-29 22:17:07 +0000] [376] [INFO] Waiting for application startup.
[2026-03-29 22:17:07 +0000] [376] [INFO] Application startup complete.
[2026-03-29 22:17:07 +0000] [381] [INFO] Booting worker with pid: 381
[2026-03-29 22:17:07 +0000] [378] [INFO] Started server process [378]
[2026-03-29 22:17:07 +0000] [378] [INFO] Waiting for application startup.
[2026-03-29 22:17:07 +0000] [378] [INFO] Application startup complete.
[2026-03-29 22:17:08 +0000] [382] [INFO] Booting worker with pid: 382
[2026-03-29 22:17:08 +0000] [381] [INFO] Started server process [381]
[2026-03-29 22:17:08 +0000] [381] [INFO] Waiting for application startup.
[2026-03-29 22:17:08 +0000] [381] [INFO] Application startup complete.
[2026-03-29 22:17:08 +0000] [384] [INFO] Booting worker with pid: 384
[2026-03-29 22:17:08 +0000] [382] [INFO] Started server process [382]
[2026-03-29 22:17:08 +0000] [382] [INFO] Waiting for application startup.
[2026-03-29 22:17:08 +0000] [382] [INFO] Application startup complete.
[2026-03-29 22:17:08 +0000] [387] [INFO] Booting worker with pid: 387
[2026-03-29 22:17:08 +0000] [384] [INFO] Started server process [384]
[2026-03-29 22:17:08 +0000] [384] [INFO] Waiting for application startup.
[2026-03-29 22:17:08 +0000] [384] [INFO] Application startup complete.
[2026-03-29 22:17:08 +0000] [389] [INFO] Booting worker with pid: 389
[2026-03-29 22:17:08 +0000] [387] [INFO] Started server process [387]
[2026-03-29 22:17:08 +0000] [387] [INFO] Waiting for application startup.
[2026-03-29 22:17:08 +0000] [387] [INFO] Application startup complete.
[2026-03-29 22:17:08 +0000] [390] [INFO] Booting worker with pid: 390
[2026-03-29 22:17:08 +0000] [391] [INFO] Booting worker with pid: 391
[2026-03-29 22:17:08 +0000] [392] [INFO] Booting worker with pid: 392
[2026-03-29 22:17:08 +0000] [393] [INFO] Booting worker with pid: 393
[2026-03-29 22:17:08 +0000] [394] [INFO] Booting worker with pid: 394
[2026-03-29 22:17:08 +0000] [396] [INFO] Booting worker with pid: 396
[2026-03-29 22:17:08 +0000] [399] [INFO] Booting worker with pid: 399
[2026-03-29 22:17:08 +0000] [393] [INFO] Started server process [393]
[2026-03-29 22:17:08 +0000] [393] [INFO] Waiting for application startup.
[2026-03-29 22:17:08 +0000] [393] [INFO] Application startup complete.
[2026-03-29 22:17:08 +0000] [394] [INFO] Started server process [394]
[2026-03-29 22:17:08 +0000] [394] [INFO] Waiting for application startup.
[2026-03-29 22:17:08 +0000] [394] [INFO] Application startup complete.
[2026-03-29 22:17:08 +0000] [390] [INFO] Started server process [390]
[2026-03-29 22:17:08 +0000] [390] [INFO] Waiting for application startup.
[2026-03-29 22:17:08 +0000] [390] [INFO] Application startup complete.
[2026-03-29 22:17:08 +0000] [391] [INFO] Started server process [391]
[2026-03-29 22:17:08 +0000] [391] [INFO] Waiting for application startup.
[2026-03-29 22:17:08 +0000] [391] [INFO] Application startup complete.
[2026-03-29 22:17:08 +0000] [402] [INFO] Booting worker with pid: 402
[2026-03-29 22:17:08 +0000] [399] [INFO] Started server process [399]
[2026-03-29 22:17:08 +0000] [399] [INFO] Waiting for application startup.
[2026-03-29 22:17:08 +0000] [399] [INFO] Application startup complete.
[2026-03-29 22:17:08 +0000] [389] [INFO] Started server process [389]
[2026-03-29 22:17:08 +0000] [389] [INFO] Waiting for application startup.
[2026-03-29 22:17:08 +0000] [389] [INFO] Application startup complete.
[2026-03-29 22:17:08 +0000] [392] [INFO] Started server process [392]
[2026-03-29 22:17:08 +0000] [392] [INFO] Waiting for application startup.
[2026-03-29 22:17:08 +0000] [392] [INFO] Application startup complete.
[2026-03-29 22:17:08 +0000] [406] [INFO] Booting worker with pid: 406
[2026-03-29 22:17:08 +0000] [396] [INFO] Started server process [396]
[2026-03-29 22:17:08 +0000] [396] [INFO] Waiting for application startup.
[2026-03-29 22:17:08 +0000] [396] [INFO] Application startup complete.
[2026-03-29 22:17:08 +0000] [402] [INFO] Started server process [402]
[2026-03-29 22:17:08 +0000] [402] [INFO] Waiting for application startup.
[2026-03-29 22:17:08 +0000] [402] [INFO] Application startup complete.
[2026-03-29 22:17:08 +0000] [408] [INFO] Booting worker with pid: 408
[2026-03-29 22:17:08 +0000] [409] [INFO] Booting worker with pid: 409
[2026-03-29 22:17:08 +0000] [410] [INFO] Booting worker with pid: 410
[2026-03-29 22:17:08 +0000] [406] [INFO] Started server process [406]
[2026-03-29 22:17:08 +0000] [406] [INFO] Waiting for application startup.
[2026-03-29 22:17:08 +0000] [406] [INFO] Application startup complete.
[2026-03-29 22:17:08 +0000] [412] [INFO] Booting worker with pid: 412
[2026-03-29 22:17:09 +0000] [413] [INFO] Booting worker with pid: 413
[2026-03-29 22:17:09 +0000] [414] [INFO] Booting worker with pid: 414
[2026-03-29 22:17:09 +0000] [412] [INFO] Started server process [412]
[2026-03-29 22:17:09 +0000] [412] [INFO] Waiting for application startup.
[2026-03-29 22:17:09 +0000] [412] [INFO] Application startup complete.
[2026-03-29 22:17:09 +0000] [416] [INFO] Booting worker with pid: 416
[2026-03-29 22:17:09 +0000] [417] [INFO] Booting worker with pid: 417
[2026-03-29 22:17:09 +0000] [418] [INFO] Booting worker with pid: 418
[2026-03-29 22:17:09 +0000] [421] [INFO] Booting worker with pid: 421
[2026-03-29 22:17:09 +0000] [414] [INFO] Started server process [414]
[2026-03-29 22:17:09 +0000] [414] [INFO] Waiting for application startup.
[2026-03-29 22:17:09 +0000] [414] [INFO] Application startup complete.
[2026-03-29 22:17:09 +0000] [422] [INFO] Booting worker with pid: 422
[2026-03-29 22:17:09 +0000] [423] [INFO] Booting worker with pid: 423
[2026-03-29 22:17:09 +0000] [413] [INFO] Started server process [413]
[2026-03-29 22:17:09 +0000] [413] [INFO] Waiting for application startup.
[2026-03-29 22:17:09 +0000] [413] [INFO] Application startup complete.
[2026-03-29 22:17:09 +0000] [424] [INFO] Booting worker with pid: 424
[2026-03-29 22:17:09 +0000] [416] [INFO] Started server process [416]
[2026-03-29 22:17:09 +0000] [416] [INFO] Waiting for application startup.
[2026-03-29 22:17:09 +0000] [416] [INFO] Application startup complete.
[2026-03-29 22:17:09 +0000] [418] [INFO] Started server process [418]
[2026-03-29 22:17:09 +0000] [418] [INFO] Waiting for application startup.
[2026-03-29 22:17:09 +0000] [418] [INFO] Application startup complete.
[2026-03-29 22:17:09 +0000] [430] [INFO] Booting worker with pid: 430
[2026-03-29 22:17:09 +0000] [431] [INFO] Booting worker with pid: 431
[2026-03-29 22:17:09 +0000] [408] [INFO] Started server process [408]
[2026-03-29 22:17:09 +0000] [408] [INFO] Waiting for application startup.
[2026-03-29 22:17:09 +0000] [408] [INFO] Application startup complete.
[2026-03-29 22:17:09 +0000] [409] [INFO] Started server process [409]
[2026-03-29 22:17:09 +0000] [409] [INFO] Waiting for application startup.
[2026-03-29 22:17:09 +0000] [409] [INFO] Application startup complete.
[2026-03-29 22:17:09 +0000] [433] [INFO] Booting worker with pid: 433
[2026-03-29 22:17:09 +0000] [417] [INFO] Started server process [417]
[2026-03-29 22:17:09 +0000] [417] [INFO] Waiting for application startup.
[2026-03-29 22:17:09 +0000] [417] [INFO] Application startup complete.
[2026-03-29 22:17:09 +0000] [434] [INFO] Booting worker with pid: 434
[2026-03-29 22:17:09 +0000] [437] [INFO] Booting worker with pid: 437
[2026-03-29 22:17:09 +0000] [421] [INFO] Started server process [421]
[2026-03-29 22:17:09 +0000] [421] [INFO] Waiting for application startup.
[2026-03-29 22:17:09 +0000] [421] [INFO] Application startup complete.
[2026-03-29 22:17:09 +0000] [410] [INFO] Started server process [410]
[2026-03-29 22:17:09 +0000] [410] [INFO] Waiting for application startup.
[2026-03-29 22:17:09 +0000] [410] [INFO] Application startup complete.
[2026-03-29 22:17:09 +0000] [424] [INFO] Started server process [424]
[2026-03-29 22:17:09 +0000] [424] [INFO] Waiting for application startup.
[2026-03-29 22:17:09 +0000] [424] [INFO] Application startup complete.
[2026-03-29 22:17:09 +0000] [423] [INFO] Started server process [423]
[2026-03-29 22:17:09 +0000] [423] [INFO] Waiting for application startup.
[2026-03-29 22:17:09 +0000] [423] [INFO] Application startup complete.
[2026-03-29 22:17:09 +0000] [442] [INFO] Booting worker with pid: 442
[2026-03-29 22:17:09 +0000] [433] [INFO] Started server process [433]
[2026-03-29 22:17:09 +0000] [433] [INFO] Waiting for application startup.
[2026-03-29 22:17:09 +0000] [433] [INFO] Application startup complete.
[2026-03-29 22:17:09 +0000] [434] [INFO] Started server process [434]
[2026-03-29 22:17:09 +0000] [434] [INFO] Waiting for application startup.
[2026-03-29 22:17:09 +0000] [434] [INFO] Application startup complete.
[2026-03-29 22:17:09 +0000] [443] [INFO] Booting worker with pid: 443
[2026-03-29 22:17:09 +0000] [422] [INFO] Started server process [422]
[2026-03-29 22:17:09 +0000] [422] [INFO] Waiting for application startup.
[2026-03-29 22:17:09 +0000] [422] [INFO] Application startup complete.
[2026-03-29 22:17:09 +0000] [446] [INFO] Booting worker with pid: 446
[2026-03-29 22:17:09 +0000] [442] [INFO] Started server process [442]
[2026-03-29 22:17:09 +0000] [442] [INFO] Waiting for application startup.
[2026-03-29 22:17:09 +0000] [442] [INFO] Application startup complete.
[2026-03-29 22:17:09 +0000] [447] [INFO] Booting worker with pid: 447
[2026-03-29 22:17:09 +0000] [443] [INFO] Started server process [443]
[2026-03-29 22:17:09 +0000] [443] [INFO] Waiting for application startup.
[2026-03-29 22:17:09 +0000] [443] [INFO] Application startup complete.
[2026-03-29 22:17:09 +0000] [430] [INFO] Started server process [430]
[2026-03-29 22:17:09 +0000] [430] [INFO] Waiting for application startup.
[2026-03-29 22:17:09 +0000] [430] [INFO] Application startup complete.
[2026-03-29 22:17:09 +0000] [450] [INFO] Booting worker with pid: 450
[2026-03-29 22:17:09 +0000] [451] [INFO] Booting worker with pid: 451
[2026-03-29 22:17:09 +0000] [431] [INFO] Started server process [431]
[2026-03-29 22:17:09 +0000] [431] [INFO] Waiting for application startup.
[2026-03-29 22:17:09 +0000] [431] [INFO] Application startup complete.
[2026-03-29 22:17:09 +0000] [452] [INFO] Booting worker with pid: 452
[2026-03-29 22:17:09 +0000] [453] [INFO] Booting worker with pid: 453
[2026-03-29 22:17:10 +0000] [447] [INFO] Started server process [447]
[2026-03-29 22:17:10 +0000] [447] [INFO] Waiting for application startup.
[2026-03-29 22:17:10 +0000] [447] [INFO] Application startup complete.
[2026-03-29 22:17:10 +0000] [451] [INFO] Started server process [451]
[2026-03-29 22:17:10 +0000] [451] [INFO] Waiting for application startup.
[2026-03-29 22:17:10 +0000] [451] [INFO] Application startup complete.
[2026-03-29 22:17:10 +0000] [457] [INFO] Booting worker with pid: 457
[2026-03-29 22:17:10 +0000] [437] [INFO] Started server process [437]
[2026-03-29 22:17:10 +0000] [437] [INFO] Waiting for application startup.
[2026-03-29 22:17:10 +0000] [437] [INFO] Application startup complete.
[2026-03-29 22:17:10 +0000] [450] [INFO] Started server process [450]
[2026-03-29 22:17:10 +0000] [450] [INFO] Waiting for application startup.
[2026-03-29 22:17:10 +0000] [450] [INFO] Application startup complete.
[2026-03-29 22:17:10 +0000] [459] [INFO] Booting worker with pid: 459
[2026-03-29 22:17:10 +0000] [446] [INFO] Started server process [446]
[2026-03-29 22:17:10 +0000] [446] [INFO] Waiting for application startup.
[2026-03-29 22:17:10 +0000] [446] [INFO] Application startup complete.
[2026-03-29 22:17:10 +0000] [461] [INFO] Booting worker with pid: 461
[2026-03-29 22:17:10 +0000] [463] [INFO] Booting worker with pid: 463
[2026-03-29 22:17:10 +0000] [457] [INFO] Started server process [457]
[2026-03-29 22:17:10 +0000] [457] [INFO] Waiting for application startup.
[2026-03-29 22:17:10 +0000] [457] [INFO] Application startup complete.
[2026-03-29 22:17:10 +0000] [465] [INFO] Booting worker with pid: 465
[2026-03-29 22:17:10 +0000] [452] [INFO] Started server process [452]
[2026-03-29 22:17:10 +0000] [452] [INFO] Waiting for application startup.
[2026-03-29 22:17:10 +0000] [452] [INFO] Application startup complete.
[2026-03-29 22:17:10 +0000] [466] [INFO] Booting worker with pid: 466
[2026-03-29 22:17:10 +0000] [468] [INFO] Booting worker with pid: 468
[2026-03-29 22:17:10 +0000] [463] [INFO] Started server process [463]
[2026-03-29 22:17:10 +0000] [463] [INFO] Waiting for application startup.
[2026-03-29 22:17:10 +0000] [463] [INFO] Application startup complete.
[2026-03-29 22:17:10 +0000] [453] [INFO] Started server process [453]
[2026-03-29 22:17:10 +0000] [453] [INFO] Waiting for application startup.
[2026-03-29 22:17:10 +0000] [453] [INFO] Application startup complete.
[2026-03-29 22:17:10 +0000] [466] [INFO] Started server process [466]
[2026-03-29 22:17:10 +0000] [466] [INFO] Waiting for application startup.
[2026-03-29 22:17:10 +0000] [466] [INFO] Application startup complete.
[2026-03-29 22:17:10 +0000] [471] [INFO] Booting worker with pid: 471
[2026-03-29 22:17:10 +0000] [472] [INFO] Booting worker with pid: 472
[2026-03-29 22:17:10 +0000] [474] [INFO] Booting worker with pid: 474
[2026-03-29 22:17:10 +0000] [476] [INFO] Booting worker with pid: 476
[2026-03-29 22:17:10 +0000] [461] [INFO] Started server process [461]
[2026-03-29 22:17:10 +0000] [461] [INFO] Waiting for application startup.
[2026-03-29 22:17:10 +0000] [461] [INFO] Application startup complete.
[2026-03-29 22:17:10 +0000] [459] [INFO] Started server process [459]
[2026-03-29 22:17:10 +0000] [459] [INFO] Waiting for application startup.
[2026-03-29 22:17:10 +0000] [459] [INFO] Application startup complete.
[2026-03-29 22:17:10 +0000] [477] [INFO] Booting worker with pid: 477
[2026-03-29 22:17:10 +0000] [476] [INFO] Started server process [476]
[2026-03-29 22:17:10 +0000] [476] [INFO] Waiting for application startup.
[2026-03-29 22:17:10 +0000] [476] [INFO] Application startup complete.
[2026-03-29 22:17:10 +0000] [468] [INFO] Started server process [468]
[2026-03-29 22:17:10 +0000] [468] [INFO] Waiting for application startup.
[2026-03-29 22:17:10 +0000] [468] [INFO] Application startup complete.
[2026-03-29 22:17:10 +0000] [465] [INFO] Started server process [465]
[2026-03-29 22:17:10 +0000] [465] [INFO] Waiting for application startup.
[2026-03-29 22:17:10 +0000] [465] [INFO] Application startup complete.
[2026-03-29 22:17:10 +0000] [472] [INFO] Started server process [472]
[2026-03-29 22:17:10 +0000] [472] [INFO] Waiting for application startup.
[2026-03-29 22:17:10 +0000] [472] [INFO] Application startup complete.
[2026-03-29 22:17:10 +0000] [483] [INFO] Booting worker with pid: 483
[2026-03-29 22:17:10 +0000] [485] [INFO] Booting worker with pid: 485
[2026-03-29 22:17:10 +0000] [471] [INFO] Started server process [471]
[2026-03-29 22:17:10 +0000] [471] [INFO] Waiting for application startup.
[2026-03-29 22:17:10 +0000] [471] [INFO] Application startup complete.
[2026-03-29 22:17:10 +0000] [474] [INFO] Started server process [474]
[2026-03-29 22:17:10 +0000] [474] [INFO] Waiting for application startup.
[2026-03-29 22:17:10 +0000] [474] [INFO] Application startup complete.
[2026-03-29 22:17:10 +0000] [477] [INFO] Started server process [477]
[2026-03-29 22:17:10 +0000] [477] [INFO] Waiting for application startup.
[2026-03-29 22:17:10 +0000] [477] [INFO] Application startup complete.
[2026-03-29 22:17:10 +0000] [488] [INFO] Booting worker with pid: 488
[2026-03-29 22:17:10 +0000] [483] [INFO] Started server process [483]
[2026-03-29 22:17:10 +0000] [483] [INFO] Waiting for application startup.
[2026-03-29 22:17:10 +0000] [483] [INFO] Application startup complete.
[2026-03-29 22:17:10 +0000] [485] [INFO] Started server process [485]
[2026-03-29 22:17:10 +0000] [485] [INFO] Waiting for application startup.
[2026-03-29 22:17:10 +0000] [485] [INFO] Application startup complete.
[2026-03-29 22:17:10 +0000] [490] [INFO] Booting worker with pid: 490
[2026-03-29 22:17:10 +0000] [488] [INFO] Started server process [488]
[2026-03-29 22:17:10 +0000] [488] [INFO] Waiting for application startup.
[2026-03-29 22:17:10 +0000] [488] [INFO] Application startup complete.
[2026-03-29 22:17:11 +0000] [493] [INFO] Booting worker with pid: 493
[2026-03-29 22:17:11 +0000] [490] [INFO] Started server process [490]
[2026-03-29 22:17:11 +0000] [490] [INFO] Waiting for application startup.
[2026-03-29 22:17:11 +0000] [490] [INFO] Application startup complete.
[2026-03-29 22:17:11 +0000] [495] [INFO] Booting worker with pid: 495
[2026-03-29 22:17:11 +0000] [493] [INFO] Started server process [493]
[2026-03-29 22:17:11 +0000] [493] [INFO] Waiting for application startup.
[2026-03-29 22:17:11 +0000] [493] [INFO] Application startup complete.
[2026-03-29 22:17:11 +0000] [497] [INFO] Booting worker with pid: 497
[2026-03-29 22:17:11 +0000] [495] [INFO] Started server process [495]
[2026-03-29 22:17:11 +0000] [495] [INFO] Waiting for application startup.
[2026-03-29 22:17:11 +0000] [495] [INFO] Application startup complete.
[2026-03-29 22:17:11 +0000] [499] [INFO] Booting worker with pid: 499
[2026-03-29 22:17:11 +0000] [497] [INFO] Started server process [497]
[2026-03-29 22:17:11 +0000] [497] [INFO] Waiting for application startup.
[2026-03-29 22:17:11 +0000] [497] [INFO] Application startup complete.
[2026-03-29 22:17:11 +0000] [499] [INFO] Started server process [499]
[2026-03-29 22:17:11 +0000] [499] [INFO] Waiting for application startup.
[2026-03-29 22:17:11 +0000] [499] [INFO] Application startup complete.
[2026-03-29 22:17:11 +0000] [501] [INFO] Booting worker with pid: 501
[2026-03-29 22:17:11 +0000] [502] [INFO] Booting worker with pid: 502
[2026-03-29 22:17:11 +0000] [501] [INFO] Started server process [501]
[2026-03-29 22:17:11 +0000] [501] [INFO] Waiting for application startup.
[2026-03-29 22:17:11 +0000] [501] [INFO] Application startup complete.
[2026-03-29 22:17:11 +0000] [502] [INFO] Started server process [502]
[2026-03-29 22:17:11 +0000] [502] [INFO] Waiting for application startup.
[2026-03-29 22:17:11 +0000] [502] [INFO] Application startup complete.
[2026-03-29 22:17:11 +0000] [505] [INFO] Booting worker with pid: 505
[2026-03-29 22:17:11 +0000] [507] [INFO] Booting worker with pid: 507
[2026-03-29 22:17:11 +0000] [505] [INFO] Started server process [505]
[2026-03-29 22:17:11 +0000] [505] [INFO] Waiting for application startup.
[2026-03-29 22:17:11 +0000] [505] [INFO] Application startup complete.
[2026-03-29 22:17:11 +0000] [508] [INFO] Booting worker with pid: 508
[2026-03-29 22:17:11 +0000] [509] [INFO] Booting worker with pid: 509
[2026-03-29 22:17:11 +0000] [510] [INFO] Booting worker with pid: 510
[2026-03-29 22:17:11 +0000] [512] [INFO] Booting worker with pid: 512
[2026-03-29 22:17:11 +0000] [513] [INFO] Booting worker with pid: 513
[2026-03-29 22:17:11 +0000] [507] [INFO] Started server process [507]
[2026-03-29 22:17:11 +0000] [507] [INFO] Waiting for application startup.
[2026-03-29 22:17:11 +0000] [507] [INFO] Application startup complete.
[2026-03-29 22:17:11 +0000] [508] [INFO] Started server process [508]
[2026-03-29 22:17:11 +0000] [508] [INFO] Waiting for application startup.
[2026-03-29 22:17:11 +0000] [508] [INFO] Application startup complete.
[2026-03-29 22:17:11 +0000] [509] [INFO] Started server process [509]
[2026-03-29 22:17:11 +0000] [509] [INFO] Waiting for application startup.
[2026-03-29 22:17:11 +0000] [509] [INFO] Application startup complete.
[2026-03-29 22:17:11 +0000] [510] [INFO] Started server process [510]
[2026-03-29 22:17:11 +0000] [510] [INFO] Waiting for application startup.
[2026-03-29 22:17:11 +0000] [510] [INFO] Application startup complete.
[2026-03-29 22:17:11 +0000] [512] [INFO] Started server process [512]
[2026-03-29 22:17:11 +0000] [512] [INFO] Waiting for application startup.
[2026-03-29 22:17:11 +0000] [512] [INFO] Application startup complete.
[2026-03-29 22:17:11 +0000] [513] [INFO] Started server process [513]
[2026-03-29 22:17:11 +0000] [513] [INFO] Waiting for application startup.
[2026-03-29 22:17:11 +0000] [513] [INFO] Application startup complete.
